[ 2017-03-31T08:14:08+08:00 ] ::1 /coalball/Home/Index/add
INFO: [ app_begin ] --START--
INFO: Run Behavior\ReadHtmlCacheBehavior [ RunTime:0.001188s ]
INFO: [ app_begin ] --END-- [ RunTime:0.001907s ]
ERR: 非法操作:add

[ 2017-03-31T08:14:08+08:00 ] ::1 /coalball/Home/Index/add
ERR: 非法操作:add

[ 2017-03-31T08:15:35+08:00 ] ::1 /coalball/Home/Index/add
ERR: 非法操作:add

[ 2017-03-31T08:15:42+08:00 ] ::1 /coalball/Home/Index/add
ERR: 非法操作:add

[ 2017-03-31T08:15:42+08:00 ] ::1 /coalball/Home/Index/add
INFO: [ app_begin ] --START--
INFO: Run Behavior\ReadHtmlCacheBehavior [ RunTime:0.001179s ]
INFO: [ app_begin ] --END-- [ RunTime:0.001639s ]
ERR: 非法操作:add

[ 2017-03-31T08:16:19+08:00 ] ::1 /coalball/Home/Index/add
INFO: [ app_begin ] --START--
INFO: Run Behavior\ReadHtmlCacheBehavior [ RunTime:0.000702s ]
INFO: [ app_begin ] --END-- [ RunTime:0.001363s ]
ERR: 非法操作:add

[ 2017-03-31T08:16:19+08:00 ] ::1 /coalball/Home/Index/add
ERR: 非法操作:add

[ 2017-03-31T08:17:49+08:00 ] ::1 /coalball/Home/Index/add
ERR: 非法操作:add

[ 2017-03-31T08:19:03+08:00 ] ::1 /coalball/Home/Index/add
ERR: 非法操作:add

[ 2017-03-31T08:21:12+08:00 ] ::1 /coalball/Home/Index/add
ERR: 非法操作:add

[ 2017-03-31T22:05:11+08:00 ] ::1 /coalball/index.php
INFO: [ app_begin ] --START--
INFO: Run Behavior\ReadHtmlCacheBehavior [ RunTime:0.002497s ]
INFO: [ app_begin ] --END-- [ RunTime:0.003444s ]
SQL: SHOW COLUMNS FROM `cl_xq` [ RunTime:0.0228s ]
SQL: SELECT * FROM `cl_xq` ORDER BY id desc  [ RunTime:0.0007s ]
SQL: SHOW COLUMNS FROM `cl_client` [ RunTime:0.0074s ]
NOTIC: [8] Use of undefined constant headimg - assumed 'headimg' D:\wojiu\xiangmu\wamp\www\coalball\Application\Home\Controller\IndexController.class.php 第 14 行.
NOTIC: [8] Use of undefined constant uid - assumed 'uid' D:\wojiu\xiangmu\wamp\www\coalball\Application\Home\Controller\IndexController.class.php 第 14 行.
SQL: SELECT `uid`,`username` FROM `cl_client`  [ RunTime:0.0003s ]
INFO: [ view_parse ] --START--
INFO: [ template_filter ] --START--
INFO: Run Behavior\ContentReplaceBehavior [ RunTime:0.000114s ]
INFO: [ template_filter ] --END-- [ RunTime:0.000221s ]
NOTIC: [8] Undefined variable: xqinfo D:\wojiu\xiangmu\wamp\www\coalball\Application\Runtime\Cache\Home\f324508a16a2d221eb71b92d9fd560ca.php 第 123 行.
NOTIC: [8] Undefined variable: water D:\wojiu\xiangmu\wamp\www\coalball\Application\Runtime\Cache\Home\f324508a16a2d221eb71b92d9fd560ca.php 第 138 行.
NOTIC: [8] Undefined variable: water D:\wojiu\xiangmu\wamp\www\coalball\Application\Runtime\Cache\Home\f324508a16a2d221eb71b92d9fd560ca.php 第 149 行.
NOTIC: [8] Undefined variable: water D:\wojiu\xiangmu\wamp\www\coalball\Application\Runtime\Cache\Home\f324508a16a2d221eb71b92d9fd560ca.php 第 160 行.
NOTIC: [8] Undefined variable: water D:\wojiu\xiangmu\wamp\www\coalball\Application\Runtime\Cache\Home\f324508a16a2d221eb71b92d9fd560ca.php 第 171 行.
NOTIC: [8] Undefined variable: water D:\wojiu\xiangmu\wamp\www\coalball\Application\Runtime\Cache\Home\f324508a16a2d221eb71b92d9fd560ca.php 第 182 行.
NOTIC: [8] Use of undefined constant headimg - assumed 'headimg' D:\wojiu\xiangmu\wamp\www\coalball\Application\Runtime\Cache\Home\f324508a16a2d221eb71b92d9fd560ca.php 第 202 行.
NOTIC: [8] Undefined index: headimg D:\wojiu\xiangmu\wamp\www\coalball\Application\Runtime\Cache\Home\f324508a16a2d221eb71b92d9fd560ca.php 第 202 行.
INFO: Run Behavior\ParseTemplateBehavior [ RunTime:0.075551s ]
INFO: [ view_parse ] --END-- [ RunTime:0.075655s ]
INFO: [ view_filter ] --START--
INFO: Run Behavior\WriteHtmlCacheBehavior [ RunTime:0.000570s ]
INFO: [ view_filter ] --END-- [ RunTime:0.000654s ]
INFO: [ app_end ] --START--
INFO: Run Behavior\ShowPageTraceBehavior [ RunTime:0.001121s ]
INFO: [ app_end ] --END-- [ RunTime:0.001292s ]

[ 2017-03-31T22:05:35+08:00 ] ::1 /coalball/Home/Index/index
INFO: [ app_begin ] --START--
INFO: Run Behavior\ReadHtmlCacheBehavior [ RunTime:0.001063s ]
INFO: [ app_begin ] --END-- [ RunTime:0.001508s ]
SQL: SHOW COLUMNS FROM `cl_xq` [ RunTime:0.0102s ]
SQL: SELECT * FROM `cl_xq` ORDER BY id desc  [ RunTime:0.0005s ]
SQL: SHOW COLUMNS FROM `cl_client` [ RunTime:0.0052s ]
NOTIC: [8] Use of undefined constant headimg - assumed 'headimg' D:\wojiu\xiangmu\wamp\www\coalball\Application\Home\Controller\IndexController.class.php 第 14 行.
NOTIC: [8] Use of undefined constant uid - assumed 'uid' D:\wojiu\xiangmu\wamp\www\coalball\Application\Home\Controller\IndexController.class.php 第 14 行.
SQL: SELECT `uid`,`username` FROM `cl_client`  [ RunTime:0.0002s ]
INFO: [ view_parse ] --START--
INFO: [ template_filter ] --START--
INFO: Run Behavior\ContentReplaceBehavior [ RunTime:0.000123s ]
INFO: [ template_filter ] --END-- [ RunTime:0.000220s ]
NOTIC: [8] Undefined variable: xqinfo D:\wojiu\xiangmu\wamp\www\coalball\Application\Runtime\Cache\Home\f324508a16a2d221eb71b92d9fd560ca.php 第 123 行.
NOTIC: [8] Undefined variable: water D:\wojiu\xiangmu\wamp\www\coalball\Application\Runtime\Cache\Home\f324508a16a2d221eb71b92d9fd560ca.php 第 138 行.
NOTIC: [8] Undefined variable: water D:\wojiu\xiangmu\wamp\www\coalball\Application\Runtime\Cache\Home\f324508a16a2d221eb71b92d9fd560ca.php 第 149 行.
NOTIC: [8] Undefined variable: water D:\wojiu\xiangmu\wamp\www\coalball\Application\Runtime\Cache\Home\f324508a16a2d221eb71b92d9fd560ca.php 第 160 行.
NOTIC: [8] Undefined variable: water D:\wojiu\xiangmu\wamp\www\coalball\Application\Runtime\Cache\Home\f324508a16a2d221eb71b92d9fd560ca.php 第 171 行.
NOTIC: [8] Undefined variable: water D:\wojiu\xiangmu\wamp\www\coalball\Application\Runtime\Cache\Home\f324508a16a2d221eb71b92d9fd560ca.php 第 182 行.
NOTIC: [8] Use of undefined constant headimg - assumed 'headimg' D:\wojiu\xiangmu\wamp\www\coalball\Application\Runtime\Cache\Home\f324508a16a2d221eb71b92d9fd560ca.php 第 202 行.
NOTIC: [8] Undefined index: headimg D:\wojiu\xiangmu\wamp\www\coalball\Application\Runtime\Cache\Home\f324508a16a2d221eb71b92d9fd560ca.php 第 202 行.
INFO: Run Behavior\ParseTemplateBehavior [ RunTime:0.074645s ]
INFO: [ view_parse ] --END-- [ RunTime:0.074737s ]
INFO: [ view_filter ] --START--
INFO: Run Behavior\WriteHtmlCacheBehavior [ RunTime:0.000903s ]
INFO: [ view_filter ] --END-- [ RunTime:0.001023s ]
INFO: [ app_end ] --START--
INFO: Run Behavior\ShowPageTraceBehavior [ RunTime:0.003857s ]
INFO: [ app_end ] --END-- [ RunTime:0.004171s ]

[ 2017-03-31T22:06:32+08:00 ] ::1 /coalball/Home/Index/index
INFO: [ app_begin ] --START--
INFO: Run Behavior\ReadHtmlCacheBehavior [ RunTime:0.001004s ]
INFO: [ app_begin ] --END-- [ RunTime:0.001732s ]
SQL: SHOW COLUMNS FROM `cl_xq` [ RunTime:0.0097s ]
SQL: SELECT * FROM `cl_xq` ORDER BY id desc  [ RunTime:0.0008s ]
SQL: SHOW COLUMNS FROM `cl_client` [ RunTime:0.0153s ]
NOTIC: [8] Use of undefined constant headimg - assumed 'headimg' D:\wojiu\xiangmu\wamp\www\coalball\Application\Home\Controller\IndexController.class.php 第 14 行.
NOTIC: [8] Use of undefined constant uid - assumed 'uid' D:\wojiu\xiangmu\wamp\www\coalball\Application\Home\Controller\IndexController.class.php 第 14 行.
SQL: SELECT `uid`,`username` FROM `cl_client`  [ RunTime:0.0004s ]
INFO: [ view_parse ] --START--
INFO: [ template_filter ] --START--
INFO: Run Behavior\ContentReplaceBehavior [ RunTime:0.000212s ]
INFO: [ template_filter ] --END-- [ RunTime:0.000392s ]
NOTIC: [8] Undefined variable: xqinfo D:\wojiu\xiangmu\wamp\www\coalball\Application\Runtime\Cache\Home\f324508a16a2d221eb71b92d9fd560ca.php 第 123 行.
NOTIC: [8] Undefined variable: water D:\wojiu\xiangmu\wamp\www\coalball\Application\Runtime\Cache\Home\f324508a16a2d221eb71b92d9fd560ca.php 第 138 行.
NOTIC: [8] Undefined variable: water D:\wojiu\xiangmu\wamp\www\coalball\Application\Runtime\Cache\Home\f324508a16a2d221eb71b92d9fd560ca.php 第 149 行.
NOTIC: [8] Undefined variable: water D:\wojiu\xiangmu\wamp\www\coalball\Application\Runtime\Cache\Home\f324508a16a2d221eb71b92d9fd560ca.php 第 160 行.
NOTIC: [8] Undefined variable: water D:\wojiu\xiangmu\wamp\www\coalball\Application\Runtime\Cache\Home\f324508a16a2d221eb71b92d9fd560ca.php 第 171 行.
NOTIC: [8] Undefined variable: water D:\wojiu\xiangmu\wamp\www\coalball\Application\Runtime\Cache\Home\f324508a16a2d221eb71b92d9fd560ca.php 第 182 行.
NOTIC: [8] Use of undefined constant headimg - assumed 'headimg' D:\wojiu\xiangmu\wamp\www\coalball\Application\Runtime\Cache\Home\f324508a16a2d221eb71b92d9fd560ca.php 第 202 行.
NOTIC: [8] Undefined index: headimg D:\wojiu\xiangmu\wamp\www\coalball\Application\Runtime\Cache\Home\f324508a16a2d221eb71b92d9fd560ca.php 第 202 行.
INFO: Run Behavior\ParseTemplateBehavior [ RunTime:0.105314s ]
INFO: [ view_parse ] --END-- [ RunTime:0.105455s ]
INFO: [ view_filter ] --START--
INFO: Run Behavior\WriteHtmlCacheBehavior [ RunTime:0.000645s ]
INFO: [ view_filter ] --END-- [ RunTime:0.000733s ]
INFO: [ app_end ] --START--
INFO: Run Behavior\ShowPageTraceBehavior [ RunTime:0.003267s ]
INFO: [ app_end ] --END-- [ RunTime:0.003441s ]

[ 2017-03-31T22:07:45+08:00 ] ::1 /coalball/index.php
ERR: 非法操作:index

[ 2017-03-31T22:07:53+08:00 ] ::1 /coalball/index.php
ERR: 非法操作:index

[ 2017-03-31T22:08:03+08:00 ] ::1 /coalball/Home/Index/index
INFO: [ app_begin ] --START--
INFO: Run Behavior\ReadHtmlCacheBehavior [ RunTime:0.001744s ]
INFO: [ app_begin ] --END-- [ RunTime:0.002604s ]
SQL: SHOW COLUMNS FROM `cl_xq` [ RunTime:0.0065s ]
SQL: SELECT * FROM `cl_xq` ORDER BY id desc  [ RunTime:0.0007s ]
SQL: SHOW COLUMNS FROM `cl_client` [ RunTime:0.0057s ]
NOTIC: [8] Use of undefined constant headimg - assumed 'headimg' D:\wojiu\xiangmu\wamp\www\coalball\Application\Home\Controller\IndexController.class.php 第 14 行.
NOTIC: [8] Use of undefined constant uid - assumed 'uid' D:\wojiu\xiangmu\wamp\www\coalball\Application\Home\Controller\IndexController.class.php 第 14 行.
SQL: SELECT `uid`,`username` FROM `cl_client`  [ RunTime:0.0003s ]
INFO: [ view_parse ] --START--
INFO: [ template_filter ] --START--
INFO: Run Behavior\ContentReplaceBehavior [ RunTime:0.000131s ]
INFO: [ template_filter ] --END-- [ RunTime:0.000240s ]
NOTIC: [8] Undefined variable: xqinfo D:\wojiu\xiangmu\wamp\www\coalball\Application\Runtime\Cache\Home\f324508a16a2d221eb71b92d9fd560ca.php 第 123 行.
NOTIC: [8] Undefined variable: water D:\wojiu\xiangmu\wamp\www\coalball\Application\Runtime\Cache\Home\f324508a16a2d221eb71b92d9fd560ca.php 第 138 行.
NOTIC: [8] Undefined variable: water D:\wojiu\xiangmu\wamp\www\coalball\Application\Runtime\Cache\Home\f324508a16a2d221eb71b92d9fd560ca.php 第 149 行.
NOTIC: [8] Undefined variable: water D:\wojiu\xiangmu\wamp\www\coalball\Application\Runtime\Cache\Home\f324508a16a2d221eb71b92d9fd560ca.php 第 160 行.
NOTIC: [8] Undefined variable: water D:\wojiu\xiangmu\wamp\www\coalball\Application\Runtime\Cache\Home\f324508a16a2d221eb71b92d9fd560ca.php 第 171 行.
NOTIC: [8] Undefined variable: water D:\wojiu\xiangmu\wamp\www\coalball\Application\Runtime\Cache\Home\f324508a16a2d221eb71b92d9fd560ca.php 第 182 行.
NOTIC: [8] Use of undefined constant headimg - assumed 'headimg' D:\wojiu\xiangmu\wamp\www\coalball\Application\Runtime\Cache\Home\f324508a16a2d221eb71b92d9fd560ca.php 第 202 行.
NOTIC: [8] Undefined index: headimg D:\wojiu\xiangmu\wamp\www\coalball\Application\Runtime\Cache\Home\f324508a16a2d221eb71b92d9fd560ca.php 第 202 行.
INFO: Run Behavior\ParseTemplateBehavior [ RunTime:0.082173s ]
INFO: [ view_parse ] --END-- [ RunTime:0.082319s ]
INFO: [ view_filter ] --START--
INFO: Run Behavior\WriteHtmlCacheBehavior [ RunTime:0.000852s ]
INFO: [ view_filter ] --END-- [ RunTime:0.000941s ]
INFO: [ app_end ] --START--
INFO: Run Behavior\ShowPageTraceBehavior [ RunTime:0.002798s ]
INFO: [ app_end ] --END-- [ RunTime:0.002946s ]

[ 2017-03-31T22:08:35+08:00 ] ::1 /coalball/Home/Index/test
INFO: [ app_begin ] --START--
INFO: Run Behavior\ReadHtmlCacheBehavior [ RunTime:0.001236s ]
INFO: [ app_begin ] --END-- [ RunTime:0.003139s ]
SQL: SHOW COLUMNS FROM `cl_xq` [ RunTime:0.0153s ]
SQL: SELECT * FROM `cl_xq` ORDER BY id desc  [ RunTime:0.0005s ]

[ 2017-03-31T22:08:40+08:00 ] ::1 /coalball/Home/Index/test
INFO: [ app_begin ] --START--
INFO: Run Behavior\ReadHtmlCacheBehavior [ RunTime:0.001100s ]
INFO: [ app_begin ] --END-- [ RunTime:0.001811s ]
SQL: SHOW COLUMNS FROM `cl_xq` [ RunTime:0.0144s ]
SQL: SELECT * FROM `cl_xq` ORDER BY id desc  [ RunTime:0.0005s ]

[ 2017-03-31T22:08:41+08:00 ] ::1 /coalball/Home/Index/test
INFO: [ app_begin ] --START--
INFO: Run Behavior\ReadHtmlCacheBehavior [ RunTime:0.000674s ]
INFO: [ app_begin ] --END-- [ RunTime:0.001163s ]
SQL: SHOW COLUMNS FROM `cl_xq` [ RunTime:0.0141s ]
SQL: SELECT * FROM `cl_xq` ORDER BY id desc  [ RunTime:0.0005s ]

[ 2017-03-31T22:09:08+08:00 ] ::1 /coalball/Home/Index/test
INFO: [ app_begin ] --START--
INFO: Run Behavior\ReadHtmlCacheBehavior [ RunTime:0.001126s ]
INFO: [ app_begin ] --END-- [ RunTime:0.001891s ]
SQL: SHOW COLUMNS FROM `cl_xq` [ RunTime:0.1532s ]
SQL: SELECT * FROM `cl_xq` ORDER BY id desc  [ RunTime:0.0005s ]

[ 2017-03-31T22:11:47+08:00 ] ::1 /coalball/Home/Index/test
INFO: [ app_begin ] --START--
INFO: Run Behavior\ReadHtmlCacheBehavior [ RunTime:0.003612s ]
INFO: [ app_begin ] --END-- [ RunTime:0.004532s ]
SQL: SHOW COLUMNS FROM `cl_xq` [ RunTime:0.0131s ]
SQL: SELECT * FROM `cl_xq` ORDER BY id desc  [ RunTime:0.0005s ]
INFO: [ app_end ] --START--
INFO: Run Behavior\ShowPageTraceBehavior [ RunTime:0.001581s ]
INFO: [ app_end ] --END-- [ RunTime:0.001725s ]

[ 2017-03-31T22:12:00+08:00 ] ::1 /coalball/Home/Index/test
INFO: [ app_begin ] --START--
INFO: Run Behavior\ReadHtmlCacheBehavior [ RunTime:0.001192s ]
INFO: [ app_begin ] --END-- [ RunTime:0.001987s ]
SQL: SHOW COLUMNS FROM `cl_xq` [ RunTime:0.0369s ]
SQL: SELECT * FROM `cl_xq` ORDER BY id desc  [ RunTime:0.0019s ]
INFO: [ app_end ] --START--
INFO: Run Behavior\ShowPageTraceBehavior [ RunTime:0.001106s ]
INFO: [ app_end ] --END-- [ RunTime:0.001250s ]

[ 2017-03-31T22:13:06+08:00 ] ::1 /coalball/Home/Index/test
INFO: [ app_begin ] --START--
INFO: Run Behavior\ReadHtmlCacheBehavior [ RunTime:0.000945s ]
INFO: [ app_begin ] --END-- [ RunTime:0.001464s ]
SQL: SHOW COLUMNS FROM `cl_xq` [ RunTime:0.0080s ]
SQL: SELECT * FROM `cl_xq` ORDER BY id desc  [ RunTime:0.0005s ]

[ 2017-03-31T22:13:37+08:00 ] ::1 /coalball/Home/Index/test
INFO: [ app_begin ] --START--
INFO: Run Behavior\ReadHtmlCacheBehavior [ RunTime:0.001009s ]
INFO: [ app_begin ] --END-- [ RunTime:0.001502s ]
SQL: SHOW COLUMNS FROM `cl_xq` [ RunTime:0.0149s ]
SQL: SELECT * FROM `cl_xq` ORDER BY id desc  [ RunTime:0.0007s ]

[ 2017-03-31T22:14:14+08:00 ] ::1 /coalball/Home/Index/test
INFO: [ app_begin ] --START--
INFO: Run Behavior\ReadHtmlCacheBehavior [ RunTime:0.001443s ]
INFO: [ app_begin ] --END-- [ RunTime:0.002045s ]
SQL: SHOW COLUMNS FROM `cl_xq` [ RunTime:0.0089s ]
SQL: SELECT * FROM `cl_xq` ORDER BY id desc  [ RunTime:0.0006s ]

[ 2017-03-31T22:15:31+08:00 ] ::1 /coalball/Home/Index/index
INFO: [ app_begin ] --START--
INFO: Run Behavior\ReadHtmlCacheBehavior [ RunTime:0.001009s ]
INFO: [ app_begin ] --END-- [ RunTime:0.001779s ]
SQL: SHOW COLUMNS FROM `cl_xq` [ RunTime:0.0143s ]
SQL: SELECT * FROM `cl_xq` ORDER BY id desc  [ RunTime:0.0006s ]
SQL: SHOW COLUMNS FROM `cl_client` [ RunTime:0.0091s ]
NOTIC: [8] Use of undefined constant headimg - assumed 'headimg' D:\wojiu\xiangmu\wamp\www\coalball\Application\Home\Controller\IndexController.class.php 第 16 行.
NOTIC: [8] Use of undefined constant uid - assumed 'uid' D:\wojiu\xiangmu\wamp\www\coalball\Application\Home\Controller\IndexController.class.php 第 16 行.
SQL: SELECT `uid`,`username` FROM `cl_client`  [ RunTime:0.0003s ]
INFO: [ view_parse ] --START--
INFO: [ template_filter ] --START--
INFO: Run Behavior\ContentReplaceBehavior [ RunTime:0.000139s ]
INFO: [ template_filter ] --END-- [ RunTime:0.000263s ]
NOTIC: [8] Undefined variable: xqinfo D:\wojiu\xiangmu\wamp\www\coalball\Application\Runtime\Cache\Home\f324508a16a2d221eb71b92d9fd560ca.php 第 123 行.
NOTIC: [8] Undefined variable: water D:\wojiu\xiangmu\wamp\www\coalball\Application\Runtime\Cache\Home\f324508a16a2d221eb71b92d9fd560ca.php 第 138 行.
NOTIC: [8] Undefined variable: water D:\wojiu\xiangmu\wamp\www\coalball\Application\Runtime\Cache\Home\f324508a16a2d221eb71b92d9fd560ca.php 第 149 行.
NOTIC: [8] Undefined variable: water D:\wojiu\xiangmu\wamp\www\coalball\Application\Runtime\Cache\Home\f324508a16a2d221eb71b92d9fd560ca.php 第 160 行.
NOTIC: [8] Undefined variable: water D:\wojiu\xiangmu\wamp\www\coalball\Application\Runtime\Cache\Home\f324508a16a2d221eb71b92d9fd560ca.php 第 171 行.
NOTIC: [8] Undefined variable: water D:\wojiu\xiangmu\wamp\www\coalball\Application\Runtime\Cache\Home\f324508a16a2d221eb71b92d9fd560ca.php 第 182 行.
NOTIC: [8] Use of undefined constant headimg - assumed 'headimg' D:\wojiu\xiangmu\wamp\www\coalball\Application\Runtime\Cache\Home\f324508a16a2d221eb71b92d9fd560ca.php 第 202 行.
NOTIC: [8] Undefined index: headimg D:\wojiu\xiangmu\wamp\www\coalball\Application\Runtime\Cache\Home\f324508a16a2d221eb71b92d9fd560ca.php 第 202 行.
INFO: Run Behavior\ParseTemplateBehavior [ RunTime:0.070102s ]
INFO: [ view_parse ] --END-- [ RunTime:0.070239s ]
INFO: [ view_filter ] --START--
INFO: Run Behavior\WriteHtmlCacheBehavior [ RunTime:0.000825s ]
INFO: [ view_filter ] --END-- [ RunTime:0.000943s ]
NOTIC: [2] Cannot modify header information - headers already sent by (output started at D:\wojiu\xiangmu\wamp\www\coalball\Application\Home\Controller\IndexController.class.php:9) D:\wojiu\xiangmu\wamp\www\coalball\ThinkPHP\Library\Think\View.class.php 第 91 行.
NOTIC: [2] Cannot modify header information - headers already sent by (output started at D:\wojiu\xiangmu\wamp\www\coalball\Application\Home\Controller\IndexController.class.php:9) D:\wojiu\xiangmu\wamp\www\coalball\ThinkPHP\Library\Think\View.class.php 第 92 行.
NOTIC: [2] Cannot modify header information - headers already sent by (output started at D:\wojiu\xiangmu\wamp\www\coalball\Application\Home\Controller\IndexController.class.php:9) D:\wojiu\xiangmu\wamp\www\coalball\ThinkPHP\Library\Think\View.class.php 第 93 行.
INFO: [ app_end ] --START--
INFO: Run Behavior\ShowPageTraceBehavior [ RunTime:0.001913s ]
INFO: [ app_end ] --END-- [ RunTime:0.002119s ]

[ 2017-03-31T22:16:07+08:00 ] ::1 /coalball/Home/Index/index
INFO: [ app_begin ] --START--
INFO: Run Behavior\ReadHtmlCacheBehavior [ RunTime:0.001210s ]
INFO: [ app_begin ] --END-- [ RunTime:0.001920s ]
SQL: SHOW COLUMNS FROM `cl_xq` [ RunTime:0.0073s ]
SQL: SELECT * FROM `cl_xq` ORDER BY id desc  [ RunTime:0.0008s ]
SQL: SHOW COLUMNS FROM `cl_client` [ RunTime:0.0055s ]
NOTIC: [8] Use of undefined constant headimg - assumed 'headimg' D:\wojiu\xiangmu\wamp\www\coalball\Application\Home\Controller\IndexController.class.php 第 16 行.
NOTIC: [8] Use of undefined constant uid - assumed 'uid' D:\wojiu\xiangmu\wamp\www\coalball\Application\Home\Controller\IndexController.class.php 第 16 行.
SQL: SELECT `uid`,`username` FROM `cl_client`  [ RunTime:0.0002s ]
INFO: [ view_parse ] --START--
INFO: [ template_filter ] --START--
INFO: Run Behavior\ContentReplaceBehavior [ RunTime:0.000110s ]
INFO: [ template_filter ] --END-- [ RunTime:0.000210s ]
NOTIC: [8] Undefined variable: xqinfo D:\wojiu\xiangmu\wamp\www\coalball\Application\Runtime\Cache\Home\f324508a16a2d221eb71b92d9fd560ca.php 第 123 行.
NOTIC: [8] Undefined variable: water D:\wojiu\xiangmu\wamp\www\coalball\Application\Runtime\Cache\Home\f324508a16a2d221eb71b92d9fd560ca.php 第 138 行.
NOTIC: [8] Undefined variable: water D:\wojiu\xiangmu\wamp\www\coalball\Application\Runtime\Cache\Home\f324508a16a2d221eb71b92d9fd560ca.php 第 149 行.
NOTIC: [8] Undefined variable: water D:\wojiu\xiangmu\wamp\www\coalball\Application\Runtime\Cache\Home\f324508a16a2d221eb71b92d9fd560ca.php 第 160 行.
NOTIC: [8] Undefined variable: water D:\wojiu\xiangmu\wamp\www\coalball\Application\Runtime\Cache\Home\f324508a16a2d221eb71b92d9fd560ca.php 第 171 行.
NOTIC: [8] Undefined variable: water D:\wojiu\xiangmu\wamp\www\coalball\Application\Runtime\Cache\Home\f324508a16a2d221eb71b92d9fd560ca.php 第 182 行.
NOTIC: [8] Use of undefined constant headimg - assumed 'headimg' D:\wojiu\xiangmu\wamp\www\coalball\Application\Runtime\Cache\Home\f324508a16a2d221eb71b92d9fd560ca.php 第 202 行.
NOTIC: [8] Undefined index: headimg D:\wojiu\xiangmu\wamp\www\coalball\Application\Runtime\Cache\Home\f324508a16a2d221eb71b92d9fd560ca.php 第 202 行.
INFO: Run Behavior\ParseTemplateBehavior [ RunTime:0.079613s ]
INFO: [ view_parse ] --END-- [ RunTime:0.079708s ]
INFO: [ view_filter ] --START--
INFO: Run Behavior\WriteHtmlCacheBehavior [ RunTime:0.000895s ]
INFO: [ view_filter ] --END-- [ RunTime:0.000980s ]
INFO: [ app_end ] --START--
INFO: Run Behavior\ShowPageTraceBehavior [ RunTime:0.002871s ]
INFO: [ app_end ] --END-- [ RunTime:0.003028s ]

[ 2017-03-31T22:17:00+08:00 ] ::1 /coalball/Home/Index/test
INFO: [ app_begin ] --START--
INFO: Run Behavior\ReadHtmlCacheBehavior [ RunTime:0.001266s ]
INFO: [ app_begin ] --END-- [ RunTime:0.002029s ]
SQL: SHOW COLUMNS FROM `cl_xq` [ RunTime:0.0265s ]
SQL: SELECT * FROM `cl_xq` ORDER BY id desc  [ RunTime:0.0007s ]

[ 2017-03-31T22:17:37+08:00 ] ::1 /coalball/Home/Index/test
INFO: [ app_begin ] --START--
INFO: Run Behavior\ReadHtmlCacheBehavior [ RunTime:0.000879s ]
INFO: [ app_begin ] --END-- [ RunTime:0.001372s ]
SQL: SHOW COLUMNS FROM `cl_xq` [ RunTime:0.0123s ]
SQL: SELECT * FROM `cl_xq` ORDER BY id desc  [ RunTime:0.0005s ]

[ 2017-03-31T22:18:55+08:00 ] ::1 /coalball/Home/Index/test
INFO: [ app_begin ] --START--
INFO: Run Behavior\ReadHtmlCacheBehavior [ RunTime:0.001180s ]
INFO: [ app_begin ] --END-- [ RunTime:0.002082s ]
SQL: SHOW COLUMNS FROM `cl_xq` [ RunTime:0.0127s ]
SQL: SELECT * FROM `cl_xq` ORDER BY id desc  [ RunTime:0.0008s ]
INFO: [ app_end ] --START--
INFO: Run Behavior\ShowPageTraceBehavior [ RunTime:0.001462s ]
INFO: [ app_end ] --END-- [ RunTime:0.001610s ]

[ 2017-03-31T22:18:56+08:00 ] ::1 /coalball/Home/Index/test
INFO: [ app_begin ] --START--
INFO: Run Behavior\ReadHtmlCacheBehavior [ RunTime:0.001221s ]
INFO: [ app_begin ] --END-- [ RunTime:0.002632s ]
SQL: SHOW COLUMNS FROM `cl_xq` [ RunTime:0.0117s ]
SQL: SELECT * FROM `cl_xq` ORDER BY id desc  [ RunTime:0.0005s ]
INFO: [ app_end ] --START--
INFO: Run Behavior\ShowPageTraceBehavior [ RunTime:0.001224s ]
INFO: [ app_end ] --END-- [ RunTime:0.001367s ]

[ 2017-03-31T22:18:57+08:00 ] ::1 /coalball/Home/Index/test
INFO: [ app_begin ] --START--
INFO: Run Behavior\ReadHtmlCacheBehavior [ RunTime:0.001077s ]
INFO: [ app_begin ] --END-- [ RunTime:0.001799s ]
SQL: SHOW COLUMNS FROM `cl_xq` [ RunTime:0.0124s ]
SQL: SELECT * FROM `cl_xq` ORDER BY id desc  [ RunTime:0.0009s ]
INFO: [ app_end ] --START--
INFO: Run Behavior\ShowPageTraceBehavior [ RunTime:0.001485s ]
INFO: [ app_end ] --END-- [ RunTime:0.001675s ]

[ 2017-03-31T22:19:36+08:00 ] ::1 /coalball/Home/Index/test
INFO: [ app_begin ] --START--
INFO: Run Behavior\ReadHtmlCacheBehavior [ RunTime:0.000912s ]
INFO: [ app_begin ] --END-- [ RunTime:0.001618s ]
SQL: SHOW COLUMNS FROM `cl_xq` [ RunTime:0.0155s ]
SQL: SELECT * FROM `cl_xq` ORDER BY id desc  [ RunTime:0.0007s ]
INFO: [ app_end ] --START--
INFO: Run Behavior\ShowPageTraceBehavior [ RunTime:0.001493s ]
INFO: [ app_end ] --END-- [ RunTime:0.001651s ]

[ 2017-03-31T22:20:52+08:00 ] ::1 /coalball/Home/Index/test
INFO: [ app_begin ] --START--
INFO: Run Behavior\ReadHtmlCacheBehavior [ RunTime:0.001424s ]
INFO: [ app_begin ] --END-- [ RunTime:0.003678s ]
SQL: SHOW COLUMNS FROM `cl_xq` [ RunTime:0.0544s ]
SQL: SELECT * FROM `cl_xq` ORDER BY id desc  [ RunTime:0.0006s ]
INFO: [ app_end ] --START--
INFO: Run Behavior\ShowPageTraceBehavior [ RunTime:0.001099s ]
INFO: [ app_end ] --END-- [ RunTime:0.001196s ]

[ 2017-03-31T22:21:13+08:00 ] ::1 /coalball/Home/Index/test
INFO: [ app_begin ] --START--
INFO: Run Behavior\ReadHtmlCacheBehavior [ RunTime:0.000865s ]
INFO: [ app_begin ] --END-- [ RunTime:0.001645s ]
SQL: SHOW COLUMNS FROM `cl_xq` [ RunTime:0.0131s ]
SQL: SELECT * FROM `cl_xq` ORDER BY id desc  [ RunTime:0.0005s ]
INFO: [ app_end ] --START--
INFO: Run Behavior\ShowPageTraceBehavior [ RunTime:0.000988s ]
INFO: [ app_end ] --END-- [ RunTime:0.001090s ]

[ 2017-03-31T22:21:32+08:00 ] ::1 /coalball/Home/Index/test
INFO: [ app_begin ] --START--
INFO: Run Behavior\ReadHtmlCacheBehavior [ RunTime:0.003455s ]
INFO: [ app_begin ] --END-- [ RunTime:0.004264s ]
SQL: SHOW COLUMNS FROM `cl_xq` [ RunTime:0.0148s ]
SQL: SELECT * FROM `cl_xq` ORDER BY id desc  [ RunTime:0.0006s ]
INFO: [ app_end ] --START--
INFO: Run Behavior\ShowPageTraceBehavior [ RunTime:0.002402s ]
INFO: [ app_end ] --END-- [ RunTime:0.002595s ]

[ 2017-03-31T22:22:27+08:00 ] ::1 /coalball/Home/Index/test
INFO: [ app_begin ] --START--
INFO: Run Behavior\ReadHtmlCacheBehavior [ RunTime:0.001186s ]
INFO: [ app_begin ] --END-- [ RunTime:0.001984s ]
SQL: SHOW COLUMNS FROM `cl_xq` [ RunTime:0.0160s ]
SQL: SELECT * FROM `cl_xq` ORDER BY id desc  [ RunTime:0.0008s ]
INFO: [ app_end ] --START--
INFO: Run Behavior\ShowPageTraceBehavior [ RunTime:0.001210s ]
INFO: [ app_end ] --END-- [ RunTime:0.001315s ]

[ 2017-03-31T22:24:48+08:00 ] ::1 /coalball/Home/Index/test
INFO: [ app_begin ] --START--
INFO: Run Behavior\ReadHtmlCacheBehavior [ RunTime:0.001229s ]
INFO: [ app_begin ] --END-- [ RunTime:0.001939s ]
SQL: SHOW COLUMNS FROM `cl_xq` [ RunTime:0.0187s ]
SQL: SELECT * FROM `cl_xq` ORDER BY id desc  [ RunTime:0.0007s ]
INFO: [ app_end ] --START--
INFO: Run Behavior\ShowPageTraceBehavior [ RunTime:0.001699s ]
INFO: [ app_end ] --END-- [ RunTime:0.001893s ]

[ 2017-03-31T22:30:47+08:00 ] ::1 /coalball/Home/Index/test
INFO: [ app_begin ] --START--
INFO: Run Behavior\ReadHtmlCacheBehavior [ RunTime:0.002054s ]
INFO: [ app_begin ] --END-- [ RunTime:0.003335s ]
SQL: SHOW COLUMNS FROM `cl_xq` [ RunTime:0.0209s ]
SQL: SELECT * FROM `cl_xq` ORDER BY id desc  [ RunTime:0.0008s ]
INFO: [ app_end ] --START--
INFO: Run Behavior\ShowPageTraceBehavior [ RunTime:0.001165s ]
INFO: [ app_end ] --END-- [ RunTime:0.001299s ]

[ 2017-03-31T22:31:33+08:00 ] ::1 /coalball/Home/Index/test
INFO: [ app_begin ] --START--
INFO: Run Behavior\ReadHtmlCacheBehavior [ RunTime:0.001312s ]
INFO: [ app_begin ] --END-- [ RunTime:0.001876s ]
SQL: SHOW COLUMNS FROM `cl_xq` [ RunTime:0.0152s ]
SQL: SELECT * FROM `cl_xq` ORDER BY id desc  [ RunTime:0.0006s ]
INFO: [ app_end ] --START--
INFO: Run Behavior\ShowPageTraceBehavior [ RunTime:0.001943s ]
INFO: [ app_end ] --END-- [ RunTime:0.002093s ]

[ 2017-03-31T22:32:16+08:00 ] ::1 /coalball/Home/Index/test
INFO: [ app_begin ] --START--
INFO: Run Behavior\ReadHtmlCacheBehavior [ RunTime:0.000999s ]
INFO: [ app_begin ] --END-- [ RunTime:0.001685s ]
SQL: SHOW COLUMNS FROM `cl_xq` [ RunTime:0.0149s ]
SQL: SELECT * FROM `cl_xq` ORDER BY id desc  [ RunTime:0.0006s ]
INFO: [ app_end ] --START--
INFO: Run Behavior\ShowPageTraceBehavior [ RunTime:0.001479s ]
INFO: [ app_end ] --END-- [ RunTime:0.001662s ]

[ 2017-03-31T22:36:38+08:00 ] ::1 /coalball/Home/Index/test
INFO: [ app_begin ] --START--
INFO: Run Behavior\ReadHtmlCacheBehavior [ RunTime:0.001622s ]
INFO: [ app_begin ] --END-- [ RunTime:0.002437s ]
SQL: SHOW COLUMNS FROM `cl_xq` [ RunTime:0.0162s ]
SQL: SELECT * FROM `cl_xq` ORDER BY id desc  [ RunTime:0.0006s ]
INFO: [ app_end ] --START--
INFO: Run Behavior\ShowPageTraceBehavior [ RunTime:0.001539s ]
INFO: [ app_end ] --END-- [ RunTime:0.001659s ]

