[ 2017-05-16T10:46:56+08:00 ] ::1 /coalball/index.php
INFO: [ app_init ] --START--
INFO: Run Behavior\BuildLiteBehavior [ RunTime:0.000044s ]
INFO: [ app_init ] --END-- [ RunTime:0.069946s ]
INFO: [ app_begin ] --START--
INFO: Run Behavior\ReadHtmlCacheBehavior [ RunTime:0.121733s ]
INFO: [ app_begin ] --END-- [ RunTime:0.121885s ]
SQL: SHOW COLUMNS FROM `cl_client` [ RunTime:0.4802s ]
NOTIC: [8] Use of undefined constant headimg - assumed 'headimg' D:\wojiu\xiangmu\wamp\www\coalball\Application\Home\Controller\IndexController.class.php 第 11 行.
NOTIC: [8] Use of undefined constant uid - assumed 'uid' D:\wojiu\xiangmu\wamp\www\coalball\Application\Home\Controller\IndexController.class.php 第 11 行.
SQL: SELECT `uid`,`username` FROM `cl_client`  [ RunTime:0.0009s ]
INFO: [ view_parse ] --START--
INFO: [ template_filter ] --START--
INFO: Run Behavior\ContentReplaceBehavior [ RunTime:0.010140s ]
INFO: [ template_filter ] --END-- [ RunTime:0.010590s ]
NOTIC: [8] Undefined index: img D:\wojiu\xiangmu\wamp\www\coalball\Application\Runtime\Cache\Home\f324508a16a2d221eb71b92d9fd560ca.php 第 193 行.
NOTIC: [8] Undefined index: name D:\wojiu\xiangmu\wamp\www\coalball\Application\Runtime\Cache\Home\f324508a16a2d221eb71b92d9fd560ca.php 第 197 行.
INFO: Run Behavior\ParseTemplateBehavior [ RunTime:0.475029s ]
INFO: [ view_parse ] --END-- [ RunTime:0.475200s ]
INFO: [ view_filter ] --START--
INFO: Run Behavior\WriteHtmlCacheBehavior [ RunTime:0.145520s ]
INFO: [ view_filter ] --END-- [ RunTime:0.145710s ]
NOTIC: [8] Undefined variable: testJson D:\wojiu\xiangmu\wamp\www\coalball\Application\Home\Controller\IndexController.class.php 第 14 行.
INFO: [ app_end ] --START--
INFO: Run Behavior\ShowPageTraceBehavior [ RunTime:0.055544s ]
INFO: [ app_end ] --END-- [ RunTime:0.055876s ]

[ 2017-05-16T10:46:57+08:00 ] ::1 /coalball/Home/Index/test
INFO: [ app_init ] --START--
INFO: Run Behavior\BuildLiteBehavior [ RunTime:0.000060s ]
INFO: [ app_init ] --END-- [ RunTime:0.003769s ]
INFO: [ app_begin ] --START--
INFO: Run Behavior\ReadHtmlCacheBehavior [ RunTime:0.001245s ]
INFO: [ app_begin ] --END-- [ RunTime:0.001427s ]
SQL: SHOW COLUMNS FROM `cl_xq` [ RunTime:0.1155s ]
SQL: SELECT * FROM `cl_xq` ORDER BY id desc  [ RunTime:0.0396s ]
INFO: [ app_end ] --START--
INFO: Run Behavior\ShowPageTraceBehavior [ RunTime:0.002848s ]
INFO: [ app_end ] --END-- [ RunTime:0.003382s ]

