[ 2017-04-02T09:06:52+08:00 ] ::1 /coalball/Home/Index/test
INFO: [ app_begin ] --START--
INFO: Run Behavior\ReadHtmlCacheBehavior [ RunTime:0.002154s ]
INFO: [ app_begin ] --END-- [ RunTime:0.003929s ]
SQL: SHOW COLUMNS FROM `cl_xq` [ RunTime:0.1426s ]
SQL: SELECT * FROM `cl_xq` ORDER BY id desc  [ RunTime:0.0012s ]
INFO: [ app_end ] --START--
INFO: Run Behavior\ShowPageTraceBehavior [ RunTime:0.001153s ]
INFO: [ app_end ] --END-- [ RunTime:0.001352s ]

[ 2017-04-02T09:24:37+08:00 ] ::1 /coalball/Home/Index/test
INFO: [ app_begin ] --START--
INFO: Run Behavior\ReadHtmlCacheBehavior [ RunTime:0.001201s ]
INFO: [ app_begin ] --END-- [ RunTime:0.002066s ]
SQL: SHOW COLUMNS FROM `cl_xq` [ RunTime:0.0469s ]
SQL: SELECT * FROM `cl_xq` ORDER BY id desc  [ RunTime:0.0011s ]
INFO: [ app_end ] --START--
INFO: Run Behavior\ShowPageTraceBehavior [ RunTime:0.001747s ]
INFO: [ app_end ] --END-- [ RunTime:0.001978s ]

[ 2017-04-02T09:24:50+08:00 ] ::1 /coalball/Home/Index/test
INFO: [ app_begin ] --START--
INFO: Run Behavior\ReadHtmlCacheBehavior [ RunTime:0.000836s ]
INFO: [ app_begin ] --END-- [ RunTime:0.001592s ]
SQL: SHOW COLUMNS FROM `cl_xq` [ RunTime:0.0115s ]
SQL: SELECT * FROM `cl_xq` ORDER BY id desc  [ RunTime:0.0006s ]
INFO: [ app_end ] --START--
INFO: Run Behavior\ShowPageTraceBehavior [ RunTime:0.000934s ]
INFO: [ app_end ] --END-- [ RunTime:0.001041s ]

[ 2017-04-02T09:37:01+08:00 ] ::1 /coalball/Home/Index/test
INFO: [ app_begin ] --START--
INFO: Run Behavior\ReadHtmlCacheBehavior [ RunTime:0.001387s ]
INFO: [ app_begin ] --END-- [ RunTime:0.002577s ]
SQL: SHOW COLUMNS FROM `cl_xq` [ RunTime:0.0197s ]
SQL: SELECT * FROM `cl_xq` ORDER BY id desc  [ RunTime:0.0008s ]
INFO: [ app_end ] --START--
INFO: Run Behavior\ShowPageTraceBehavior [ RunTime:0.001184s ]
INFO: [ app_end ] --END-- [ RunTime:0.001366s ]

[ 2017-04-02T09:37:11+08:00 ] ::1 /coalball/Home/Index/test
INFO: [ app_begin ] --START--
INFO: Run Behavior\ReadHtmlCacheBehavior [ RunTime:0.000598s ]
INFO: [ app_begin ] --END-- [ RunTime:0.001123s ]
SQL: SHOW COLUMNS FROM `cl_xq` [ RunTime:0.0128s ]
SQL: SELECT * FROM `cl_xq` ORDER BY id desc  [ RunTime:0.0006s ]
INFO: [ app_end ] --START--
INFO: Run Behavior\ShowPageTraceBehavior [ RunTime:0.000969s ]
INFO: [ app_end ] --END-- [ RunTime:0.001125s ]

[ 2017-04-02T09:37:15+08:00 ] ::1 /coalball/Home/Index/test
INFO: [ app_begin ] --START--
INFO: Run Behavior\ReadHtmlCacheBehavior [ RunTime:0.001289s ]
INFO: [ app_begin ] --END-- [ RunTime:0.002654s ]
SQL: SHOW COLUMNS FROM `cl_xq` [ RunTime:0.0173s ]
SQL: SELECT * FROM `cl_xq` ORDER BY id desc  [ RunTime:0.0006s ]
INFO: [ app_end ] --START--
INFO: Run Behavior\ShowPageTraceBehavior [ RunTime:0.004429s ]
INFO: [ app_end ] --END-- [ RunTime:0.004639s ]

[ 2017-04-02T09:37:17+08:00 ] ::1 /coalball/Home/Index/test
INFO: [ app_begin ] --START--
INFO: Run Behavior\ReadHtmlCacheBehavior [ RunTime:0.001586s ]
INFO: [ app_begin ] --END-- [ RunTime:0.002803s ]
SQL: SHOW COLUMNS FROM `cl_xq` [ RunTime:0.0248s ]
SQL: SELECT * FROM `cl_xq` ORDER BY id desc  [ RunTime:0.0011s ]
INFO: [ app_end ] --START--
INFO: Run Behavior\ShowPageTraceBehavior [ RunTime:0.001322s ]
INFO: [ app_end ] --END-- [ RunTime:0.001480s ]

[ 2017-04-02T09:37:20+08:00 ] ::1 /coalball/Home/Index/test
INFO: [ app_begin ] --START--
INFO: Run Behavior\ReadHtmlCacheBehavior [ RunTime:0.000843s ]
INFO: [ app_begin ] --END-- [ RunTime:0.001679s ]
SQL: SHOW COLUMNS FROM `cl_xq` [ RunTime:0.0145s ]
SQL: SELECT * FROM `cl_xq` ORDER BY id desc  [ RunTime:0.0008s ]
INFO: [ app_end ] --START--
INFO: Run Behavior\ShowPageTraceBehavior [ RunTime:0.002700s ]
INFO: [ app_end ] --END-- [ RunTime:0.003059s ]

[ 2017-04-02T09:37:25+08:00 ] ::1 /coalball/Home/Index/test
INFO: [ app_begin ] --START--
INFO: Run Behavior\ReadHtmlCacheBehavior [ RunTime:0.000917s ]
INFO: [ app_begin ] --END-- [ RunTime:0.001791s ]
SQL: SHOW COLUMNS FROM `cl_xq` [ RunTime:0.0165s ]
SQL: SELECT * FROM `cl_xq` ORDER BY id desc  [ RunTime:0.0011s ]
INFO: [ app_end ] --START--
INFO: Run Behavior\ShowPageTraceBehavior [ RunTime:0.001593s ]
INFO: [ app_end ] --END-- [ RunTime:0.001813s ]

[ 2017-04-02T09:39:03+08:00 ] ::1 /coalball/Home/Index/test
INFO: [ app_begin ] --START--
INFO: Run Behavior\ReadHtmlCacheBehavior [ RunTime:0.000800s ]
INFO: [ app_begin ] --END-- [ RunTime:0.001537s ]
SQL: SHOW COLUMNS FROM `cl_xq` [ RunTime:0.0117s ]
SQL: SELECT * FROM `cl_xq` ORDER BY id desc  [ RunTime:0.0010s ]
INFO: [ app_end ] --START--
INFO: Run Behavior\ShowPageTraceBehavior [ RunTime:0.001356s ]
INFO: [ app_end ] --END-- [ RunTime:0.001551s ]

[ 2017-04-02T10:54:09+08:00 ] ::1 /coalball/Home/Index/test
INFO: [ app_begin ] --START--
INFO: Run Behavior\ReadHtmlCacheBehavior [ RunTime:0.000787s ]
INFO: [ app_begin ] --END-- [ RunTime:0.001903s ]
SQL: SHOW COLUMNS FROM `cl_xq` [ RunTime:0.0214s ]
SQL: SELECT * FROM `cl_xq` ORDER BY id desc  [ RunTime:0.0007s ]
INFO: [ app_end ] --START--
INFO: Run Behavior\ShowPageTraceBehavior [ RunTime:0.000957s ]
INFO: [ app_end ] --END-- [ RunTime:0.001104s ]

[ 2017-04-02T10:54:10+08:00 ] ::1 /coalball/Home/Index/test
INFO: [ app_begin ] --START--
INFO: Run Behavior\ReadHtmlCacheBehavior [ RunTime:0.000794s ]
INFO: [ app_begin ] --END-- [ RunTime:0.001539s ]
SQL: SHOW COLUMNS FROM `cl_xq` [ RunTime:0.0167s ]
SQL: SELECT * FROM `cl_xq` ORDER BY id desc  [ RunTime:0.0009s ]
INFO: [ app_end ] --START--
INFO: Run Behavior\ShowPageTraceBehavior [ RunTime:0.001153s ]
INFO: [ app_end ] --END-- [ RunTime:0.001312s ]

[ 2017-04-02T10:55:07+08:00 ] ::1 /coalball/Home/Index/test
INFO: [ app_begin ] --START--
INFO: Run Behavior\ReadHtmlCacheBehavior [ RunTime:0.001223s ]
INFO: [ app_begin ] --END-- [ RunTime:0.002036s ]
SQL: SHOW COLUMNS FROM `cl_xq` [ RunTime:0.0278s ]
SQL: SELECT * FROM `cl_xq` ORDER BY id desc  [ RunTime:0.0012s ]
INFO: [ app_end ] --START--
INFO: Run Behavior\ShowPageTraceBehavior [ RunTime:0.001269s ]
INFO: [ app_end ] --END-- [ RunTime:0.001478s ]

[ 2017-04-02T10:55:08+08:00 ] ::1 /coalball/Home/Index/test
INFO: [ app_begin ] --START--
INFO: Run Behavior\ReadHtmlCacheBehavior [ RunTime:0.000894s ]
INFO: [ app_begin ] --END-- [ RunTime:0.001715s ]
SQL: SHOW COLUMNS FROM `cl_xq` [ RunTime:0.0297s ]
SQL: SELECT * FROM `cl_xq` ORDER BY id desc  [ RunTime:0.0006s ]
INFO: [ app_end ] --START--
INFO: Run Behavior\ShowPageTraceBehavior [ RunTime:0.000694s ]
INFO: [ app_end ] --END-- [ RunTime:0.000798s ]

[ 2017-04-02T10:55:17+08:00 ] ::1 /coalball/Home/Index/test
INFO: [ app_begin ] --START--
INFO: Run Behavior\ReadHtmlCacheBehavior [ RunTime:0.000831s ]
INFO: [ app_begin ] --END-- [ RunTime:0.001592s ]
SQL: SHOW COLUMNS FROM `cl_xq` [ RunTime:0.0388s ]
SQL: SELECT * FROM `cl_xq` ORDER BY id desc  [ RunTime:0.0012s ]
INFO: [ app_end ] --START--
INFO: Run Behavior\ShowPageTraceBehavior [ RunTime:0.003738s ]
INFO: [ app_end ] --END-- [ RunTime:0.003966s ]

[ 2017-04-02T10:56:47+08:00 ] ::1 /coalball/Home/Index/test
INFO: [ app_begin ] --START--
INFO: Run Behavior\ReadHtmlCacheBehavior [ RunTime:0.000653s ]
INFO: [ app_begin ] --END-- [ RunTime:0.001178s ]
SQL: SHOW COLUMNS FROM `cl_xq` [ RunTime:0.0144s ]
SQL: SELECT * FROM `cl_xq` ORDER BY id desc  [ RunTime:0.0005s ]
INFO: [ app_end ] --START--
INFO: Run Behavior\ShowPageTraceBehavior [ RunTime:0.000953s ]
INFO: [ app_end ] --END-- [ RunTime:0.001066s ]

[ 2017-04-02T10:56:51+08:00 ] ::1 /coalball/Home/Index/test
INFO: [ app_begin ] --START--
INFO: Run Behavior\ReadHtmlCacheBehavior [ RunTime:0.000866s ]
INFO: [ app_begin ] --END-- [ RunTime:0.001584s ]
SQL: SHOW COLUMNS FROM `cl_xq` [ RunTime:0.0196s ]
SQL: SELECT * FROM `cl_xq` ORDER BY id desc  [ RunTime:0.0011s ]
INFO: [ app_end ] --START--
INFO: Run Behavior\ShowPageTraceBehavior [ RunTime:0.002193s ]
INFO: [ app_end ] --END-- [ RunTime:0.002609s ]

[ 2017-04-02T10:58:04+08:00 ] ::1 /coalball/Home/Index/test
INFO: [ app_begin ] --START--
INFO: Run Behavior\ReadHtmlCacheBehavior [ RunTime:0.000876s ]
INFO: [ app_begin ] --END-- [ RunTime:0.001596s ]
SQL: SHOW COLUMNS FROM `cl_xq` [ RunTime:0.0166s ]
SQL: SELECT * FROM `cl_xq` ORDER BY id desc  [ RunTime:0.0009s ]
INFO: [ app_end ] --START--
INFO: Run Behavior\ShowPageTraceBehavior [ RunTime:0.001305s ]
INFO: [ app_end ] --END-- [ RunTime:0.001489s ]

[ 2017-04-02T10:58:05+08:00 ] ::1 /coalball/Home/Index/test
INFO: [ app_begin ] --START--
INFO: Run Behavior\ReadHtmlCacheBehavior [ RunTime:0.001237s ]
INFO: [ app_begin ] --END-- [ RunTime:0.002157s ]
SQL: SHOW COLUMNS FROM `cl_xq` [ RunTime:0.0199s ]
SQL: SELECT * FROM `cl_xq` ORDER BY id desc  [ RunTime:0.0032s ]
INFO: [ app_end ] --START--
INFO: Run Behavior\ShowPageTraceBehavior [ RunTime:0.001758s ]
INFO: [ app_end ] --END-- [ RunTime:0.002007s ]

[ 2017-04-02T10:58:11+08:00 ] ::1 /coalball/Home/Index/test
INFO: [ app_begin ] --START--
INFO: Run Behavior\ReadHtmlCacheBehavior [ RunTime:0.001116s ]
INFO: [ app_begin ] --END-- [ RunTime:0.002229s ]
SQL: SHOW COLUMNS FROM `cl_xq` [ RunTime:0.0326s ]
SQL: SELECT * FROM `cl_xq` ORDER BY id desc  [ RunTime:0.0011s ]
INFO: [ app_end ] --START--
INFO: Run Behavior\ShowPageTraceBehavior [ RunTime:0.001798s ]
INFO: [ app_end ] --END-- [ RunTime:0.002037s ]

[ 2017-04-02T10:59:49+08:00 ] ::1 /coalball/Home/Index/test
INFO: [ app_begin ] --START--
INFO: Run Behavior\ReadHtmlCacheBehavior [ RunTime:0.000907s ]
INFO: [ app_begin ] --END-- [ RunTime:0.001427s ]
SQL: SHOW COLUMNS FROM `cl_xq` [ RunTime:0.0175s ]
SQL: SELECT * FROM `cl_xq` ORDER BY id desc  [ RunTime:0.0008s ]
INFO: [ app_end ] --START--
INFO: Run Behavior\ShowPageTraceBehavior [ RunTime:0.001482s ]
INFO: [ app_end ] --END-- [ RunTime:0.001686s ]

[ 2017-04-02T10:59:53+08:00 ] ::1 /coalball/Home/Index/test
INFO: [ app_begin ] --START--
INFO: Run Behavior\ReadHtmlCacheBehavior [ RunTime:0.001605s ]
INFO: [ app_begin ] --END-- [ RunTime:0.004006s ]
SQL: SHOW COLUMNS FROM `cl_xq` [ RunTime:0.0585s ]
SQL: SELECT * FROM `cl_xq` ORDER BY id desc  [ RunTime:0.0011s ]
INFO: [ app_end ] --START--
INFO: Run Behavior\ShowPageTraceBehavior [ RunTime:0.001593s ]
INFO: [ app_end ] --END-- [ RunTime:0.001819s ]

[ 2017-04-02T11:00:58+08:00 ] ::1 /coalball/Home/Index/test
INFO: [ app_begin ] --START--
INFO: Run Behavior\ReadHtmlCacheBehavior [ RunTime:0.000608s ]
INFO: [ app_begin ] --END-- [ RunTime:0.001319s ]
SQL: SHOW COLUMNS FROM `cl_xq` [ RunTime:0.0122s ]
SQL: SELECT * FROM `cl_xq` ORDER BY id desc  [ RunTime:0.0005s ]
INFO: [ app_end ] --START--
INFO: Run Behavior\ShowPageTraceBehavior [ RunTime:0.001370s ]
INFO: [ app_end ] --END-- [ RunTime:0.001534s ]

[ 2017-04-02T11:00:59+08:00 ] ::1 /coalball/Home/Index/test
INFO: [ app_begin ] --START--
INFO: Run Behavior\ReadHtmlCacheBehavior [ RunTime:0.002045s ]
INFO: [ app_begin ] --END-- [ RunTime:0.004089s ]
SQL: SHOW COLUMNS FROM `cl_xq` [ RunTime:0.0165s ]
SQL: SELECT * FROM `cl_xq` ORDER BY id desc  [ RunTime:0.0008s ]
INFO: [ app_end ] --START--
INFO: Run Behavior\ShowPageTraceBehavior [ RunTime:0.001537s ]
INFO: [ app_end ] --END-- [ RunTime:0.001756s ]

[ 2017-04-02T11:01:04+08:00 ] ::1 /coalball/Home/Index/test
INFO: [ app_begin ] --START--
INFO: Run Behavior\ReadHtmlCacheBehavior [ RunTime:0.001668s ]
INFO: [ app_begin ] --END-- [ RunTime:0.003387s ]
SQL: SHOW COLUMNS FROM `cl_xq` [ RunTime:0.0154s ]
SQL: SELECT * FROM `cl_xq` ORDER BY id desc  [ RunTime:0.0007s ]
INFO: [ app_end ] --START--
INFO: Run Behavior\ShowPageTraceBehavior [ RunTime:0.001212s ]
INFO: [ app_end ] --END-- [ RunTime:0.001373s ]

[ 2017-04-02T11:04:18+08:00 ] ::1 /coalball/Home/Index/test
INFO: [ app_begin ] --START--
INFO: Run Behavior\ReadHtmlCacheBehavior [ RunTime:0.001252s ]
INFO: [ app_begin ] --END-- [ RunTime:0.001941s ]
SQL: SHOW COLUMNS FROM `cl_xq` [ RunTime:0.0114s ]
SQL: SELECT * FROM `cl_xq` ORDER BY id desc  [ RunTime:0.0006s ]
INFO: [ app_end ] --START--
INFO: Run Behavior\ShowPageTraceBehavior [ RunTime:0.001481s ]
INFO: [ app_end ] --END-- [ RunTime:0.001654s ]

[ 2017-04-02T11:04:22+08:00 ] ::1 /coalball/Home/Index/test
INFO: [ app_begin ] --START--
INFO: Run Behavior\ReadHtmlCacheBehavior [ RunTime:0.000800s ]
INFO: [ app_begin ] --END-- [ RunTime:0.001462s ]
SQL: SHOW COLUMNS FROM `cl_xq` [ RunTime:0.0126s ]
SQL: SELECT * FROM `cl_xq` ORDER BY id desc  [ RunTime:0.0011s ]
INFO: [ app_end ] --START--
INFO: Run Behavior\ShowPageTraceBehavior [ RunTime:0.001963s ]
INFO: [ app_end ] --END-- [ RunTime:0.002286s ]

[ 2017-04-02T11:04:32+08:00 ] ::1 /coalball/Home/Index/test
INFO: [ app_begin ] --START--
INFO: Run Behavior\ReadHtmlCacheBehavior [ RunTime:0.001179s ]
INFO: [ app_begin ] --END-- [ RunTime:0.004381s ]
SQL: SHOW COLUMNS FROM `cl_xq` [ RunTime:0.0280s ]
SQL: SELECT * FROM `cl_xq` ORDER BY id desc  [ RunTime:0.0011s ]
INFO: [ app_end ] --START--
INFO: Run Behavior\ShowPageTraceBehavior [ RunTime:0.001380s ]
INFO: [ app_end ] --END-- [ RunTime:0.001578s ]

[ 2017-04-02T11:04:46+08:00 ] ::1 /coalball/Home/Index/test
INFO: [ app_begin ] --START--
INFO: Run Behavior\ReadHtmlCacheBehavior [ RunTime:0.001385s ]
INFO: [ app_begin ] --END-- [ RunTime:0.002387s ]
SQL: SHOW COLUMNS FROM `cl_xq` [ RunTime:0.0098s ]
SQL: SELECT * FROM `cl_xq` ORDER BY id desc  [ RunTime:0.0006s ]
INFO: [ app_end ] --START--
INFO: Run Behavior\ShowPageTraceBehavior [ RunTime:0.001214s ]
INFO: [ app_end ] --END-- [ RunTime:0.001413s ]

[ 2017-04-02T11:04:47+08:00 ] ::1 /coalball/Home/Index/test
INFO: [ app_begin ] --START--
INFO: Run Behavior\ReadHtmlCacheBehavior [ RunTime:0.000959s ]
INFO: [ app_begin ] --END-- [ RunTime:0.002455s ]
SQL: SHOW COLUMNS FROM `cl_xq` [ RunTime:0.0175s ]
SQL: SELECT * FROM `cl_xq` ORDER BY id desc  [ RunTime:0.0008s ]
INFO: [ app_end ] --START--
INFO: Run Behavior\ShowPageTraceBehavior [ RunTime:0.001241s ]
INFO: [ app_end ] --END-- [ RunTime:0.001432s ]

[ 2017-04-02T11:04:51+08:00 ] ::1 /coalball/Home/Index/test
INFO: [ app_begin ] --START--
INFO: Run Behavior\ReadHtmlCacheBehavior [ RunTime:0.001610s ]
INFO: [ app_begin ] --END-- [ RunTime:0.002834s ]
SQL: SHOW COLUMNS FROM `cl_xq` [ RunTime:0.0166s ]
SQL: SELECT * FROM `cl_xq` ORDER BY id desc  [ RunTime:0.0009s ]
INFO: [ app_end ] --START--
INFO: Run Behavior\ShowPageTraceBehavior [ RunTime:0.001240s ]
INFO: [ app_end ] --END-- [ RunTime:0.001430s ]

[ 2017-04-02T11:05:47+08:00 ] ::1 /coalball/Home/Index/test
INFO: [ app_begin ] --START--
INFO: Run Behavior\ReadHtmlCacheBehavior [ RunTime:0.000571s ]
INFO: [ app_begin ] --END-- [ RunTime:0.001093s ]
SQL: SHOW COLUMNS FROM `cl_xq` [ RunTime:0.0251s ]
SQL: SELECT * FROM `cl_xq` ORDER BY id desc  [ RunTime:0.0009s ]
INFO: [ app_end ] --START--
INFO: Run Behavior\ShowPageTraceBehavior [ RunTime:0.002100s ]
INFO: [ app_end ] --END-- [ RunTime:0.002340s ]

[ 2017-04-02T11:05:51+08:00 ] ::1 /coalball/Home/Index/test
INFO: [ app_begin ] --START--
INFO: Run Behavior\ReadHtmlCacheBehavior [ RunTime:0.001843s ]
INFO: [ app_begin ] --END-- [ RunTime:0.002600s ]
SQL: SHOW COLUMNS FROM `cl_xq` [ RunTime:0.0660s ]
SQL: SELECT * FROM `cl_xq` ORDER BY id desc  [ RunTime:0.0005s ]
INFO: [ app_end ] --START--
INFO: Run Behavior\ShowPageTraceBehavior [ RunTime:0.001857s ]
INFO: [ app_end ] --END-- [ RunTime:0.002198s ]

[ 2017-04-02T11:05:52+08:00 ] ::1 /coalball/Home/Index/test
INFO: [ app_begin ] --START--
INFO: Run Behavior\ReadHtmlCacheBehavior [ RunTime:0.000738s ]
INFO: [ app_begin ] --END-- [ RunTime:0.001344s ]
SQL: SHOW COLUMNS FROM `cl_xq` [ RunTime:0.0087s ]
SQL: SELECT * FROM `cl_xq` ORDER BY id desc  [ RunTime:0.0008s ]
INFO: [ app_end ] --START--
INFO: Run Behavior\ShowPageTraceBehavior [ RunTime:0.000998s ]
INFO: [ app_end ] --END-- [ RunTime:0.001147s ]

[ 2017-04-02T11:05:54+08:00 ] ::1 /coalball/Home/Index/test
INFO: [ app_begin ] --START--
INFO: Run Behavior\ReadHtmlCacheBehavior [ RunTime:0.000683s ]
INFO: [ app_begin ] --END-- [ RunTime:0.001380s ]
SQL: SHOW COLUMNS FROM `cl_xq` [ RunTime:0.0374s ]
SQL: SELECT * FROM `cl_xq` ORDER BY id desc  [ RunTime:0.0010s ]
INFO: [ app_end ] --START--
INFO: Run Behavior\ShowPageTraceBehavior [ RunTime:0.001758s ]
INFO: [ app_end ] --END-- [ RunTime:0.002024s ]

[ 2017-04-02T11:05:55+08:00 ] ::1 /coalball/Home/Index/test
INFO: [ app_begin ] --START--
INFO: Run Behavior\ReadHtmlCacheBehavior [ RunTime:0.000804s ]
INFO: [ app_begin ] --END-- [ RunTime:0.001556s ]
SQL: SHOW COLUMNS FROM `cl_xq` [ RunTime:0.0163s ]
SQL: SELECT * FROM `cl_xq` ORDER BY id desc  [ RunTime:0.0009s ]
INFO: [ app_end ] --START--
INFO: Run Behavior\ShowPageTraceBehavior [ RunTime:0.001756s ]
INFO: [ app_end ] --END-- [ RunTime:0.001990s ]

[ 2017-04-02T11:05:56+08:00 ] ::1 /coalball/Home/Index/test
INFO: [ app_begin ] --START--
INFO: Run Behavior\ReadHtmlCacheBehavior [ RunTime:0.002173s ]
INFO: [ app_begin ] --END-- [ RunTime:0.002946s ]
SQL: SHOW COLUMNS FROM `cl_xq` [ RunTime:0.0192s ]
SQL: SELECT * FROM `cl_xq` ORDER BY id desc  [ RunTime:0.0009s ]
INFO: [ app_end ] --START--
INFO: Run Behavior\ShowPageTraceBehavior [ RunTime:0.001684s ]
INFO: [ app_end ] --END-- [ RunTime:0.001990s ]

[ 2017-04-02T11:06:00+08:00 ] ::1 /coalball/Home/Index/test
INFO: [ app_begin ] --START--
INFO: Run Behavior\ReadHtmlCacheBehavior [ RunTime:0.000832s ]
INFO: [ app_begin ] --END-- [ RunTime:0.002248s ]
SQL: SHOW COLUMNS FROM `cl_xq` [ RunTime:0.0210s ]
SQL: SELECT * FROM `cl_xq` ORDER BY id desc  [ RunTime:0.0010s ]
INFO: [ app_end ] --START--
INFO: Run Behavior\ShowPageTraceBehavior [ RunTime:0.001490s ]
INFO: [ app_end ] --END-- [ RunTime:0.001707s ]

[ 2017-04-02T11:06:37+08:00 ] ::1 /coalball/Home/Index/test
INFO: [ app_begin ] --START--
INFO: Run Behavior\ReadHtmlCacheBehavior [ RunTime:0.000933s ]
INFO: [ app_begin ] --END-- [ RunTime:0.001736s ]
SQL: SHOW COLUMNS FROM `cl_xq` [ RunTime:0.0144s ]
SQL: SELECT * FROM `cl_xq` ORDER BY id desc  [ RunTime:0.0007s ]
INFO: [ app_end ] --START--
INFO: Run Behavior\ShowPageTraceBehavior [ RunTime:0.000919s ]
INFO: [ app_end ] --END-- [ RunTime:0.001041s ]

[ 2017-04-02T11:06:42+08:00 ] ::1 /coalball/Home/Index/test
INFO: [ app_begin ] --START--
INFO: Run Behavior\ReadHtmlCacheBehavior [ RunTime:0.000966s ]
INFO: [ app_begin ] --END-- [ RunTime:0.001704s ]
SQL: SHOW COLUMNS FROM `cl_xq` [ RunTime:0.0134s ]
SQL: SELECT * FROM `cl_xq` ORDER BY id desc  [ RunTime:0.0007s ]
INFO: [ app_end ] --START--
INFO: Run Behavior\ShowPageTraceBehavior [ RunTime:0.001657s ]
INFO: [ app_end ] --END-- [ RunTime:0.001899s ]

[ 2017-04-02T11:07:02+08:00 ] ::1 /coalball/Home/Index/test
INFO: [ app_begin ] --START--
INFO: Run Behavior\ReadHtmlCacheBehavior [ RunTime:0.001052s ]
INFO: [ app_begin ] --END-- [ RunTime:0.001874s ]
SQL: SHOW COLUMNS FROM `cl_xq` [ RunTime:0.0170s ]
SQL: SELECT * FROM `cl_xq` ORDER BY id desc  [ RunTime:0.0005s ]
INFO: [ app_end ] --START--
INFO: Run Behavior\ShowPageTraceBehavior [ RunTime:0.001602s ]
INFO: [ app_end ] --END-- [ RunTime:0.001776s ]

[ 2017-04-02T11:07:06+08:00 ] ::1 /coalball/Home/Index/test
INFO: [ app_begin ] --START--
INFO: Run Behavior\ReadHtmlCacheBehavior [ RunTime:0.002696s ]
INFO: [ app_begin ] --END-- [ RunTime:0.005387s ]
SQL: SHOW COLUMNS FROM `cl_xq` [ RunTime:0.0197s ]
SQL: SELECT * FROM `cl_xq` ORDER BY id desc  [ RunTime:0.0011s ]
INFO: [ app_end ] --START--
INFO: Run Behavior\ShowPageTraceBehavior [ RunTime:0.001418s ]
INFO: [ app_end ] --END-- [ RunTime:0.001614s ]

[ 2017-04-02T11:10:24+08:00 ] ::1 /coalball/Home/Index/test
INFO: [ app_begin ] --START--
INFO: Run Behavior\ReadHtmlCacheBehavior [ RunTime:0.000833s ]
INFO: [ app_begin ] --END-- [ RunTime:0.001681s ]
SQL: SHOW COLUMNS FROM `cl_xq` [ RunTime:0.0106s ]
SQL: SELECT * FROM `cl_xq` ORDER BY id desc  [ RunTime:0.0008s ]
INFO: [ app_end ] --START--
INFO: Run Behavior\ShowPageTraceBehavior [ RunTime:0.000966s ]
INFO: [ app_end ] --END-- [ RunTime:0.001116s ]

[ 2017-04-02T12:20:27+08:00 ] ::1 /coalball/Home/Index/test
INFO: [ app_begin ] --START--
INFO: Run Behavior\ReadHtmlCacheBehavior [ RunTime:0.001094s ]
INFO: [ app_begin ] --END-- [ RunTime:0.001909s ]
SQL: SHOW COLUMNS FROM `cl_xq` [ RunTime:0.0208s ]
SQL: SELECT * FROM `cl_xq` ORDER BY id desc  [ RunTime:0.0007s ]
INFO: [ app_end ] --START--
INFO: Run Behavior\ShowPageTraceBehavior [ RunTime:0.001446s ]
INFO: [ app_end ] --END-- [ RunTime:0.001605s ]

[ 2017-04-02T12:32:49+08:00 ] ::1 /coalball/Home/Index/test
INFO: [ app_begin ] --START--
INFO: Run Behavior\ReadHtmlCacheBehavior [ RunTime:0.001514s ]
INFO: [ app_begin ] --END-- [ RunTime:0.003441s ]
SQL: SHOW COLUMNS FROM `cl_xq` [ RunTime:0.0079s ]
SQL: SELECT * FROM `cl_xq` ORDER BY id desc  [ RunTime:0.0007s ]
INFO: [ app_end ] --START--
INFO: Run Behavior\ShowPageTraceBehavior [ RunTime:0.001915s ]
INFO: [ app_end ] --END-- [ RunTime:0.002090s ]

[ 2017-04-02T12:33:00+08:00 ] ::1 /coalball/Home/Index/test
INFO: [ app_begin ] --START--
INFO: Run Behavior\ReadHtmlCacheBehavior [ RunTime:0.006801s ]
INFO: [ app_begin ] --END-- [ RunTime:0.007932s ]
SQL: SHOW COLUMNS FROM `cl_xq` [ RunTime:0.0796s ]
SQL: SELECT * FROM `cl_xq` ORDER BY id desc  [ RunTime:0.0007s ]
INFO: [ app_end ] --START--
INFO: Run Behavior\ShowPageTraceBehavior [ RunTime:0.002708s ]
INFO: [ app_end ] --END-- [ RunTime:0.003005s ]

[ 2017-04-02T12:39:50+08:00 ] ::1 /coalball/Home/Index/test
INFO: [ app_begin ] --START--
INFO: Run Behavior\ReadHtmlCacheBehavior [ RunTime:0.001519s ]
INFO: [ app_begin ] --END-- [ RunTime:0.002067s ]
SQL: SHOW COLUMNS FROM `cl_xq` [ RunTime:0.0115s ]
SQL: SELECT * FROM `cl_xq` ORDER BY id desc  [ RunTime:0.0009s ]
INFO: [ app_end ] --START--
INFO: Run Behavior\ShowPageTraceBehavior [ RunTime:0.002012s ]
INFO: [ app_end ] --END-- [ RunTime:0.002212s ]

[ 2017-04-02T12:40:30+08:00 ] ::1 /coalball/Home/Index/test
INFO: [ app_begin ] --START--
INFO: Run Behavior\ReadHtmlCacheBehavior [ RunTime:0.001446s ]
INFO: [ app_begin ] --END-- [ RunTime:0.002420s ]
SQL: SHOW COLUMNS FROM `cl_xq` [ RunTime:0.0101s ]
SQL: SELECT * FROM `cl_xq` ORDER BY id desc  [ RunTime:0.0011s ]
INFO: [ app_end ] --START--
INFO: Run Behavior\ShowPageTraceBehavior [ RunTime:0.001387s ]
INFO: [ app_end ] --END-- [ RunTime:0.001576s ]

[ 2017-04-02T12:40:47+08:00 ] ::1 /coalball/Home/Index/test
INFO: [ app_begin ] --START--
INFO: Run Behavior\ReadHtmlCacheBehavior [ RunTime:0.001103s ]
INFO: [ app_begin ] --END-- [ RunTime:0.001764s ]
SQL: SHOW COLUMNS FROM `cl_xq` [ RunTime:0.0176s ]
SQL: SELECT * FROM `cl_xq` ORDER BY id desc  [ RunTime:0.0009s ]
INFO: [ app_end ] --START--
INFO: Run Behavior\ShowPageTraceBehavior [ RunTime:0.001866s ]
INFO: [ app_end ] --END-- [ RunTime:0.002094s ]

[ 2017-04-02T12:45:38+08:00 ] ::1 /coalball/Home/Index/test
INFO: [ app_begin ] --START--
INFO: Run Behavior\ReadHtmlCacheBehavior [ RunTime:0.001851s ]
INFO: [ app_begin ] --END-- [ RunTime:0.002798s ]
NOTIC: [2] include(Application/Home/Common/class.phpmailer.php): failed to open stream: No such file or directory D:\wojiu\xiangmu\wamp\www\coalball\Application\Home\Controller\IndexController.class.php 第 6 行.
NOTIC: [2] include(): Failed opening 'Application/Home/Common/class.phpmailer.php' for inclusion (include_path='.;C:\php\pear') D:\wojiu\xiangmu\wamp\www\coalball\Application\Home\Controller\IndexController.class.php 第 6 行.
SQL: SHOW COLUMNS FROM `cl_xq` [ RunTime:0.0134s ]
SQL: SELECT * FROM `cl_xq` ORDER BY id desc  [ RunTime:0.0009s ]
INFO: [ app_end ] --START--
INFO: Run Behavior\ShowPageTraceBehavior [ RunTime:0.002556s ]
INFO: [ app_end ] --END-- [ RunTime:0.002759s ]

[ 2017-04-02T12:45:45+08:00 ] ::1 /coalball/Home/Index/test
INFO: [ app_begin ] --START--
INFO: Run Behavior\ReadHtmlCacheBehavior [ RunTime:0.006891s ]
INFO: [ app_begin ] --END-- [ RunTime:0.008220s ]
NOTIC: [2] include(Application/Home/Common/class.phpmailer.php): failed to open stream: No such file or directory D:\wojiu\xiangmu\wamp\www\coalball\Application\Home\Controller\IndexController.class.php 第 6 行.
NOTIC: [2] include(): Failed opening 'Application/Home/Common/class.phpmailer.php' for inclusion (include_path='.;C:\php\pear') D:\wojiu\xiangmu\wamp\www\coalball\Application\Home\Controller\IndexController.class.php 第 6 行.
SQL: SHOW COLUMNS FROM `cl_xq` [ RunTime:0.0165s ]
SQL: SELECT * FROM `cl_xq` ORDER BY id desc  [ RunTime:0.0007s ]
INFO: [ app_end ] --START--
INFO: Run Behavior\ShowPageTraceBehavior [ RunTime:0.001453s ]
INFO: [ app_end ] --END-- [ RunTime:0.001568s ]

[ 2017-04-02T12:46:50+08:00 ] ::1 /coalball/Home/Index/test
INFO: [ app_begin ] --START--
INFO: Run Behavior\ReadHtmlCacheBehavior [ RunTime:0.002066s ]
INFO: [ app_begin ] --END-- [ RunTime:0.003435s ]
NOTIC: [2] include(Application/Home/Common/class.phpmailer.php): failed to open stream: No such file or directory D:\wojiu\xiangmu\wamp\www\coalball\Application\Home\Controller\IndexController.class.php 第 6 行.
NOTIC: [2] include(): Failed opening 'Application/Home/Common/class.phpmailer.php' for inclusion (include_path='.;C:\php\pear') D:\wojiu\xiangmu\wamp\www\coalball\Application\Home\Controller\IndexController.class.php 第 6 行.
SQL: SHOW COLUMNS FROM `cl_xq` [ RunTime:0.0191s ]
SQL: SELECT * FROM `cl_xq` ORDER BY id desc  [ RunTime:0.0009s ]
INFO: [ app_end ] --START--
INFO: Run Behavior\ShowPageTraceBehavior [ RunTime:0.002464s ]
INFO: [ app_end ] --END-- [ RunTime:0.002766s ]

[ 2017-04-02T12:46:55+08:00 ] ::1 /coalball/Home/Index/test
INFO: [ app_begin ] --START--
INFO: Run Behavior\ReadHtmlCacheBehavior [ RunTime:0.001479s ]
INFO: [ app_begin ] --END-- [ RunTime:0.002125s ]
NOTIC: [2] include(Application/Home/Common/class.phpmailer.php): failed to open stream: No such file or directory D:\wojiu\xiangmu\wamp\www\coalball\Application\Home\Controller\IndexController.class.php 第 6 行.
NOTIC: [2] include(): Failed opening 'Application/Home/Common/class.phpmailer.php' for inclusion (include_path='.;C:\php\pear') D:\wojiu\xiangmu\wamp\www\coalball\Application\Home\Controller\IndexController.class.php 第 6 行.
SQL: SHOW COLUMNS FROM `cl_xq` [ RunTime:0.0164s ]
SQL: SELECT * FROM `cl_xq` ORDER BY id desc  [ RunTime:0.0012s ]
INFO: [ app_end ] --START--
INFO: Run Behavior\ShowPageTraceBehavior [ RunTime:0.001313s ]
INFO: [ app_end ] --END-- [ RunTime:0.001433s ]

[ 2017-04-02T12:47:03+08:00 ] ::1 /coalball/Home/Index/test
INFO: [ app_begin ] --START--
INFO: Run Behavior\ReadHtmlCacheBehavior [ RunTime:0.001687s ]
INFO: [ app_begin ] --END-- [ RunTime:0.002583s ]
NOTIC: [2] include(Application/Home/Common/class.phpmailer.php): failed to open stream: No such file or directory D:\wojiu\xiangmu\wamp\www\coalball\Application\Home\Controller\IndexController.class.php 第 6 行.
NOTIC: [2] include(): Failed opening 'Application/Home/Common/class.phpmailer.php' for inclusion (include_path='.;C:\php\pear') D:\wojiu\xiangmu\wamp\www\coalball\Application\Home\Controller\IndexController.class.php 第 6 行.
SQL: SHOW COLUMNS FROM `cl_xq` [ RunTime:0.0153s ]
SQL: SELECT * FROM `cl_xq` ORDER BY id desc  [ RunTime:0.0007s ]
INFO: [ app_end ] --START--
INFO: Run Behavior\ShowPageTraceBehavior [ RunTime:0.002386s ]
INFO: [ app_end ] --END-- [ RunTime:0.002726s ]

[ 2017-04-02T12:47:35+08:00 ] ::1 /coalball/Home/Index/test
INFO: [ app_begin ] --START--
INFO: Run Behavior\ReadHtmlCacheBehavior [ RunTime:0.001074s ]
INFO: [ app_begin ] --END-- [ RunTime:0.001622s ]
NOTIC: [2] include(Application/Home/Common/class.phpmailer.php): failed to open stream: No such file or directory D:\wojiu\xiangmu\wamp\www\coalball\Application\Home\Controller\IndexController.class.php 第 6 行.
NOTIC: [2] include(): Failed opening 'Application/Home/Common/class.phpmailer.php' for inclusion (include_path='.;C:\php\pear') D:\wojiu\xiangmu\wamp\www\coalball\Application\Home\Controller\IndexController.class.php 第 6 行.
SQL: SHOW COLUMNS FROM `cl_xq` [ RunTime:0.0219s ]
SQL: SELECT * FROM `cl_xq` ORDER BY id desc  [ RunTime:0.0009s ]
INFO: [ app_end ] --START--
INFO: Run Behavior\ShowPageTraceBehavior [ RunTime:0.003647s ]
INFO: [ app_end ] --END-- [ RunTime:0.003887s ]

[ 2017-04-02T12:47:49+08:00 ] ::1 /coalball/Home/Index/test
INFO: [ app_begin ] --START--
INFO: Run Behavior\ReadHtmlCacheBehavior [ RunTime:0.001461s ]
INFO: [ app_begin ] --END-- [ RunTime:0.002353s ]
NOTIC: [2] include(Application/Home/Common/class.phpmailer.php): failed to open stream: No such file or directory D:\wojiu\xiangmu\wamp\www\coalball\Application\Home\Controller\IndexController.class.php 第 6 行.
NOTIC: [2] include(): Failed opening 'Application/Home/Common/class.phpmailer.php' for inclusion (include_path='.;C:\php\pear') D:\wojiu\xiangmu\wamp\www\coalball\Application\Home\Controller\IndexController.class.php 第 6 行.
SQL: SHOW COLUMNS FROM `cl_xq` [ RunTime:0.0128s ]
SQL: SELECT * FROM `cl_xq` ORDER BY id desc  [ RunTime:0.0009s ]
INFO: [ app_end ] --START--
INFO: Run Behavior\ShowPageTraceBehavior [ RunTime:0.001695s ]
INFO: [ app_end ] --END-- [ RunTime:0.001887s ]

[ 2017-04-02T12:47:56+08:00 ] ::1 /coalball/Home/Index/test
INFO: [ app_begin ] --START--
INFO: Run Behavior\ReadHtmlCacheBehavior [ RunTime:0.002119s ]
INFO: [ app_begin ] --END-- [ RunTime:0.003035s ]
NOTIC: [2] include(Application/Home/Common/class.phpmailer.php): failed to open stream: No such file or directory D:\wojiu\xiangmu\wamp\www\coalball\Application\Home\Controller\IndexController.class.php 第 6 行.
NOTIC: [2] include(): Failed opening 'Application/Home/Common/class.phpmailer.php' for inclusion (include_path='.;C:\php\pear') D:\wojiu\xiangmu\wamp\www\coalball\Application\Home\Controller\IndexController.class.php 第 6 行.
SQL: SHOW COLUMNS FROM `cl_xq` [ RunTime:0.0177s ]
SQL: SELECT * FROM `cl_xq` ORDER BY id desc  [ RunTime:0.0009s ]
INFO: [ app_end ] --START--
INFO: Run Behavior\ShowPageTraceBehavior [ RunTime:0.003351s ]
INFO: [ app_end ] --END-- [ RunTime:0.003869s ]

[ 2017-04-02T12:49:21+08:00 ] ::1 /coalball/Home/Index/test
INFO: [ app_begin ] --START--
INFO: Run Behavior\ReadHtmlCacheBehavior [ RunTime:0.001191s ]
INFO: [ app_begin ] --END-- [ RunTime:0.001841s ]
NOTIC: [2] include(Application/Home/Common/class.phpmailer.php): failed to open stream: No such file or directory D:\wojiu\xiangmu\wamp\www\coalball\Application\Home\Controller\IndexController.class.php 第 6 行.
NOTIC: [2] include(): Failed opening 'Application/Home/Common/class.phpmailer.php' for inclusion (include_path='.;C:\php\pear') D:\wojiu\xiangmu\wamp\www\coalball\Application\Home\Controller\IndexController.class.php 第 6 行.
SQL: SHOW COLUMNS FROM `cl_xq` [ RunTime:0.0134s ]
SQL: SELECT * FROM `cl_xq` ORDER BY id desc  [ RunTime:0.0007s ]
INFO: [ app_end ] --START--
INFO: Run Behavior\ShowPageTraceBehavior [ RunTime:0.001441s ]
INFO: [ app_end ] --END-- [ RunTime:0.001598s ]

[ 2017-04-02T12:49:31+08:00 ] ::1 /coalball/Home/Index/test
INFO: [ app_begin ] --START--
INFO: Run Behavior\ReadHtmlCacheBehavior [ RunTime:0.000757s ]
INFO: [ app_begin ] --END-- [ RunTime:0.001410s ]
NOTIC: [2] include(Application/Home/Common/class.phpmailer.php): failed to open stream: No such file or directory D:\wojiu\xiangmu\wamp\www\coalball\Application\Home\Controller\IndexController.class.php 第 6 行.
NOTIC: [2] include(): Failed opening 'Application/Home/Common/class.phpmailer.php' for inclusion (include_path='.;C:\php\pear') D:\wojiu\xiangmu\wamp\www\coalball\Application\Home\Controller\IndexController.class.php 第 6 行.
SQL: SHOW COLUMNS FROM `cl_xq` [ RunTime:0.0198s ]
SQL: SELECT * FROM `cl_xq` ORDER BY id desc  [ RunTime:0.0011s ]
INFO: [ app_end ] --START--
INFO: Run Behavior\ShowPageTraceBehavior [ RunTime:0.002983s ]
INFO: [ app_end ] --END-- [ RunTime:0.003273s ]

[ 2017-04-02T12:49:32+08:00 ] ::1 /coalball/Home/Index/test
INFO: [ app_begin ] --START--
INFO: Run Behavior\ReadHtmlCacheBehavior [ RunTime:0.001395s ]
INFO: [ app_begin ] --END-- [ RunTime:0.002026s ]
NOTIC: [2] include(Application/Home/Common/class.phpmailer.php): failed to open stream: No such file or directory D:\wojiu\xiangmu\wamp\www\coalball\Application\Home\Controller\IndexController.class.php 第 6 行.
NOTIC: [2] include(): Failed opening 'Application/Home/Common/class.phpmailer.php' for inclusion (include_path='.;C:\php\pear') D:\wojiu\xiangmu\wamp\www\coalball\Application\Home\Controller\IndexController.class.php 第 6 行.
SQL: SHOW COLUMNS FROM `cl_xq` [ RunTime:0.0190s ]
SQL: SELECT * FROM `cl_xq` ORDER BY id desc  [ RunTime:0.0014s ]
INFO: [ app_end ] --START--
INFO: Run Behavior\ShowPageTraceBehavior [ RunTime:0.001662s ]
INFO: [ app_end ] --END-- [ RunTime:0.001849s ]

[ 2017-04-02T12:49:36+08:00 ] ::1 /coalball/Home/Index/test
INFO: [ app_begin ] --START--
INFO: Run Behavior\ReadHtmlCacheBehavior [ RunTime:0.001773s ]
INFO: [ app_begin ] --END-- [ RunTime:0.002335s ]
NOTIC: [2] include(Application/Home/Common/class.phpmailer.php): failed to open stream: No such file or directory D:\wojiu\xiangmu\wamp\www\coalball\Application\Home\Controller\IndexController.class.php 第 6 行.
NOTIC: [2] include(): Failed opening 'Application/Home/Common/class.phpmailer.php' for inclusion (include_path='.;C:\php\pear') D:\wojiu\xiangmu\wamp\www\coalball\Application\Home\Controller\IndexController.class.php 第 6 行.
SQL: SHOW COLUMNS FROM `cl_xq` [ RunTime:0.0202s ]
SQL: SELECT * FROM `cl_xq` ORDER BY id desc  [ RunTime:0.0010s ]
INFO: [ app_end ] --START--
INFO: Run Behavior\ShowPageTraceBehavior [ RunTime:0.003516s ]
INFO: [ app_end ] --END-- [ RunTime:0.003918s ]

[ 2017-04-02T12:54:47+08:00 ] ::1 /coalball/Home/Index/test
INFO: [ app_begin ] --START--
INFO: Run Behavior\ReadHtmlCacheBehavior [ RunTime:0.000883s ]
INFO: [ app_begin ] --END-- [ RunTime:0.001385s ]
NOTIC: [2] include(Application/Home/Common/class.phpmailer.php): failed to open stream: No such file or directory D:\wojiu\xiangmu\wamp\www\coalball\Application\Home\Controller\IndexController.class.php 第 6 行.
NOTIC: [2] include(): Failed opening 'Application/Home/Common/class.phpmailer.php' for inclusion (include_path='.;C:\php\pear') D:\wojiu\xiangmu\wamp\www\coalball\Application\Home\Controller\IndexController.class.php 第 6 行.
SQL: SHOW COLUMNS FROM `cl_xq` [ RunTime:0.0127s ]
SQL: SELECT * FROM `cl_xq` ORDER BY id desc  [ RunTime:0.0006s ]
INFO: [ app_end ] --START--
INFO: Run Behavior\ShowPageTraceBehavior [ RunTime:0.001195s ]
INFO: [ app_end ] --END-- [ RunTime:0.001311s ]

[ 2017-04-02T12:54:51+08:00 ] ::1 /coalball/Home/Index/test
INFO: [ app_begin ] --START--
INFO: Run Behavior\ReadHtmlCacheBehavior [ RunTime:0.001882s ]
INFO: [ app_begin ] --END-- [ RunTime:0.002710s ]
NOTIC: [2] include(Application/Home/Common/class.phpmailer.php): failed to open stream: No such file or directory D:\wojiu\xiangmu\wamp\www\coalball\Application\Home\Controller\IndexController.class.php 第 6 行.
NOTIC: [2] include(): Failed opening 'Application/Home/Common/class.phpmailer.php' for inclusion (include_path='.;C:\php\pear') D:\wojiu\xiangmu\wamp\www\coalball\Application\Home\Controller\IndexController.class.php 第 6 行.
SQL: SHOW COLUMNS FROM `cl_xq` [ RunTime:0.0583s ]
SQL: SELECT * FROM `cl_xq` ORDER BY id desc  [ RunTime:0.0054s ]
INFO: [ app_end ] --START--
INFO: Run Behavior\ShowPageTraceBehavior [ RunTime:0.003158s ]
INFO: [ app_end ] --END-- [ RunTime:0.003558s ]

[ 2017-04-02T13:09:24+08:00 ] ::1 /coalball/Home/Index/test
INFO: [ app_begin ] --START--
INFO: Run Behavior\ReadHtmlCacheBehavior [ RunTime:0.001972s ]
INFO: [ app_begin ] --END-- [ RunTime:0.002683s ]
NOTIC: [2] include(Application/Home/Common/class.phpmailer.php): failed to open stream: No such file or directory D:\wojiu\xiangmu\wamp\www\coalball\Application\Home\Controller\IndexController.class.php 第 6 行.
NOTIC: [2] include(): Failed opening 'Application/Home/Common/class.phpmailer.php' for inclusion (include_path='.;C:\php\pear') D:\wojiu\xiangmu\wamp\www\coalball\Application\Home\Controller\IndexController.class.php 第 6 行.
SQL: SHOW COLUMNS FROM `cl_xq` [ RunTime:0.0113s ]
SQL: SELECT * FROM `cl_xq` ORDER BY id desc  [ RunTime:0.0007s ]
INFO: [ app_end ] --START--
INFO: Run Behavior\ShowPageTraceBehavior [ RunTime:0.002204s ]
INFO: [ app_end ] --END-- [ RunTime:0.002379s ]

[ 2017-04-02T13:11:25+08:00 ] ::1 /coalball/Home/Index/test
INFO: [ app_begin ] --START--
INFO: Run Behavior\ReadHtmlCacheBehavior [ RunTime:0.001087s ]
INFO: [ app_begin ] --END-- [ RunTime:0.001867s ]
NOTIC: [2] include(Application/Home/Common/class.phpmailer.php): failed to open stream: No such file or directory D:\wojiu\xiangmu\wamp\www\coalball\Application\Home\Controller\IndexController.class.php 第 6 行.
NOTIC: [2] include(): Failed opening 'Application/Home/Common/class.phpmailer.php' for inclusion (include_path='.;C:\php\pear') D:\wojiu\xiangmu\wamp\www\coalball\Application\Home\Controller\IndexController.class.php 第 6 行.
SQL: SHOW COLUMNS FROM `cl_xq` [ RunTime:0.0172s ]
SQL: SELECT * FROM `cl_xq` ORDER BY id desc  [ RunTime:0.0009s ]
INFO: [ app_end ] --START--
INFO: Run Behavior\ShowPageTraceBehavior [ RunTime:0.001743s ]
INFO: [ app_end ] --END-- [ RunTime:0.001921s ]

[ 2017-04-02T13:11:30+08:00 ] ::1 /coalball/Home/Index/test
INFO: [ app_begin ] --START--
INFO: Run Behavior\ReadHtmlCacheBehavior [ RunTime:0.001044s ]
INFO: [ app_begin ] --END-- [ RunTime:0.002103s ]
NOTIC: [2] include(Application/Home/Common/class.phpmailer.php): failed to open stream: No such file or directory D:\wojiu\xiangmu\wamp\www\coalball\Application\Home\Controller\IndexController.class.php 第 6 行.
NOTIC: [2] include(): Failed opening 'Application/Home/Common/class.phpmailer.php' for inclusion (include_path='.;C:\php\pear') D:\wojiu\xiangmu\wamp\www\coalball\Application\Home\Controller\IndexController.class.php 第 6 行.
SQL: SHOW COLUMNS FROM `cl_xq` [ RunTime:0.0109s ]
SQL: SELECT * FROM `cl_xq` ORDER BY id desc  [ RunTime:0.0008s ]
INFO: [ app_end ] --START--
INFO: Run Behavior\ShowPageTraceBehavior [ RunTime:0.002370s ]
INFO: [ app_end ] --END-- [ RunTime:0.002928s ]

[ 2017-04-02T13:11:57+08:00 ] ::1 /coalball/Home/Index/test
INFO: [ app_begin ] --START--
INFO: Run Behavior\ReadHtmlCacheBehavior [ RunTime:0.002541s ]
INFO: [ app_begin ] --END-- [ RunTime:0.003359s ]
NOTIC: [2] include(Application/Home/Common/PHPMailer/PHPMailerAutoloa.php): failed to open stream: No such file or directory D:\wojiu\xiangmu\wamp\www\coalball\Application\Home\Controller\IndexController.class.php 第 5 行.
NOTIC: [2] include(): Failed opening 'Application/Home/Common/PHPMailer/PHPMailerAutoloa.php' for inclusion (include_path='.;C:\php\pear') D:\wojiu\xiangmu\wamp\www\coalball\Application\Home\Controller\IndexController.class.php 第 5 行.
NOTIC: [2] include(Application/Home/Common/class.phpmaile.php): failed to open stream: No such file or directory D:\wojiu\xiangmu\wamp\www\coalball\Application\Home\Controller\IndexController.class.php 第 6 行.
NOTIC: [2] include(): Failed opening 'Application/Home/Common/class.phpmaile.php' for inclusion (include_path='.;C:\php\pear') D:\wojiu\xiangmu\wamp\www\coalball\Application\Home\Controller\IndexController.class.php 第 6 行.
SQL: SHOW COLUMNS FROM `cl_xq` [ RunTime:0.0192s ]
SQL: SELECT * FROM `cl_xq` ORDER BY id desc  [ RunTime:0.0005s ]
INFO: [ app_end ] --START--
INFO: Run Behavior\ShowPageTraceBehavior [ RunTime:0.000852s ]
INFO: [ app_end ] --END-- [ RunTime:0.000955s ]

[ 2017-04-02T13:11:58+08:00 ] ::1 /coalball/Home/Index/test
INFO: [ app_begin ] --START--
INFO: Run Behavior\ReadHtmlCacheBehavior [ RunTime:0.001545s ]
INFO: [ app_begin ] --END-- [ RunTime:0.002345s ]
NOTIC: [2] include(Application/Home/Common/PHPMailer/PHPMailerAutoloa.php): failed to open stream: No such file or directory D:\wojiu\xiangmu\wamp\www\coalball\Application\Home\Controller\IndexController.class.php 第 5 行.
NOTIC: [2] include(): Failed opening 'Application/Home/Common/PHPMailer/PHPMailerAutoloa.php' for inclusion (include_path='.;C:\php\pear') D:\wojiu\xiangmu\wamp\www\coalball\Application\Home\Controller\IndexController.class.php 第 5 行.
NOTIC: [2] include(Application/Home/Common/class.phpmaile.php): failed to open stream: No such file or directory D:\wojiu\xiangmu\wamp\www\coalball\Application\Home\Controller\IndexController.class.php 第 6 行.
NOTIC: [2] include(): Failed opening 'Application/Home/Common/class.phpmaile.php' for inclusion (include_path='.;C:\php\pear') D:\wojiu\xiangmu\wamp\www\coalball\Application\Home\Controller\IndexController.class.php 第 6 行.
SQL: SHOW COLUMNS FROM `cl_xq` [ RunTime:0.0155s ]
SQL: SELECT * FROM `cl_xq` ORDER BY id desc  [ RunTime:0.0008s ]
INFO: [ app_end ] --START--
INFO: Run Behavior\ShowPageTraceBehavior [ RunTime:0.002398s ]
INFO: [ app_end ] --END-- [ RunTime:0.002650s ]

[ 2017-04-02T13:14:52+08:00 ] ::1 /coalball/Home/Index/test
INFO: [ app_begin ] --START--
INFO: Run Behavior\ReadHtmlCacheBehavior [ RunTime:0.001770s ]
INFO: [ app_begin ] --END-- [ RunTime:0.002810s ]
NOTIC: [2] require(Application/Home/Common/class.phpmailer.php): failed to open stream: No such file or directory D:\wojiu\xiangmu\wamp\www\coalball\Application\Home\Controller\IndexController.class.php 第 8 行.

[ 2017-04-02T13:17:07+08:00 ] ::1 /coalball/Home/Index/test
INFO: [ app_begin ] --START--
INFO: Run Behavior\ReadHtmlCacheBehavior [ RunTime:0.001340s ]
INFO: [ app_begin ] --END-- [ RunTime:0.002340s ]
SQL: SHOW COLUMNS FROM `cl_xq` [ RunTime:0.0398s ]
SQL: SELECT * FROM `cl_xq` ORDER BY id desc  [ RunTime:0.0019s ]
INFO: [ app_end ] --START--
INFO: Run Behavior\ShowPageTraceBehavior [ RunTime:0.001035s ]
INFO: [ app_end ] --END-- [ RunTime:0.001159s ]

[ 2017-04-02T13:17:09+08:00 ] ::1 /coalball/Home/Index/test
INFO: [ app_begin ] --START--
INFO: Run Behavior\ReadHtmlCacheBehavior [ RunTime:0.002801s ]
INFO: [ app_begin ] --END-- [ RunTime:0.003916s ]
SQL: SHOW COLUMNS FROM `cl_xq` [ RunTime:0.0127s ]
SQL: SELECT * FROM `cl_xq` ORDER BY id desc  [ RunTime:0.0019s ]
INFO: [ app_end ] --START--
INFO: Run Behavior\ShowPageTraceBehavior [ RunTime:0.001864s ]
INFO: [ app_end ] --END-- [ RunTime:0.002068s ]

[ 2017-04-02T13:17:12+08:00 ] ::1 /coalball/Home/Index/test
INFO: [ app_begin ] --START--
INFO: Run Behavior\ReadHtmlCacheBehavior [ RunTime:0.001397s ]
INFO: [ app_begin ] --END-- [ RunTime:0.001980s ]
SQL: SHOW COLUMNS FROM `cl_xq` [ RunTime:0.0201s ]
SQL: SELECT * FROM `cl_xq` ORDER BY id desc  [ RunTime:0.0012s ]
INFO: [ app_end ] --START--
INFO: Run Behavior\ShowPageTraceBehavior [ RunTime:0.003702s ]
INFO: [ app_end ] --END-- [ RunTime:0.004102s ]

[ 2017-04-02T13:17:12+08:00 ] ::1 /coalball/Home/Index/test
INFO: [ app_begin ] --START--
INFO: Run Behavior\ReadHtmlCacheBehavior [ RunTime:0.001019s ]
INFO: [ app_begin ] --END-- [ RunTime:0.001549s ]
SQL: SHOW COLUMNS FROM `cl_xq` [ RunTime:0.0145s ]
SQL: SELECT * FROM `cl_xq` ORDER BY id desc  [ RunTime:0.0009s ]
INFO: [ app_end ] --START--
INFO: Run Behavior\ShowPageTraceBehavior [ RunTime:0.002110s ]
INFO: [ app_end ] --END-- [ RunTime:0.002307s ]

[ 2017-04-02T13:19:29+08:00 ] ::1 /coalball/Home/Index/test
INFO: [ app_begin ] --START--
INFO: Run Behavior\ReadHtmlCacheBehavior [ RunTime:0.001077s ]
INFO: [ app_begin ] --END-- [ RunTime:0.001658s ]
NOTIC: [2] include(coalball/Application/Home/Common/class.phpmailer.php): failed to open stream: No such file or directory D:\wojiu\xiangmu\wamp\www\coalball\Application\Home\Controller\IndexController.class.php 第 7 行.
NOTIC: [2] include(): Failed opening 'coalball/Application/Home/Common/class.phpmailer.php' for inclusion (include_path='.;C:\php\pear') D:\wojiu\xiangmu\wamp\www\coalball\Application\Home\Controller\IndexController.class.php 第 7 行.
SQL: SHOW COLUMNS FROM `cl_xq` [ RunTime:0.0177s ]
SQL: SELECT * FROM `cl_xq` ORDER BY id desc  [ RunTime:0.0008s ]
INFO: [ app_end ] --START--
INFO: Run Behavior\ShowPageTraceBehavior [ RunTime:0.003740s ]
INFO: [ app_end ] --END-- [ RunTime:0.003957s ]

[ 2017-04-02T13:19:31+08:00 ] ::1 /coalball/Home/Index/test
INFO: [ app_begin ] --START--
INFO: Run Behavior\ReadHtmlCacheBehavior [ RunTime:0.001193s ]
INFO: [ app_begin ] --END-- [ RunTime:0.001786s ]
NOTIC: [2] include(coalball/Application/Home/Common/class.phpmailer.php): failed to open stream: No such file or directory D:\wojiu\xiangmu\wamp\www\coalball\Application\Home\Controller\IndexController.class.php 第 7 行.
NOTIC: [2] include(): Failed opening 'coalball/Application/Home/Common/class.phpmailer.php' for inclusion (include_path='.;C:\php\pear') D:\wojiu\xiangmu\wamp\www\coalball\Application\Home\Controller\IndexController.class.php 第 7 行.
SQL: SHOW COLUMNS FROM `cl_xq` [ RunTime:0.0205s ]
SQL: SELECT * FROM `cl_xq` ORDER BY id desc  [ RunTime:0.0007s ]
INFO: [ app_end ] --START--
INFO: Run Behavior\ShowPageTraceBehavior [ RunTime:0.001954s ]
INFO: [ app_end ] --END-- [ RunTime:0.002152s ]

[ 2017-04-02T13:43:38+08:00 ] ::1 /coalball/Home/Index/test
INFO: [ app_begin ] --START--
INFO: Run Behavior\ReadHtmlCacheBehavior [ RunTime:0.002606s ]
INFO: [ app_begin ] --END-- [ RunTime:0.003521s ]
SQL: SHOW COLUMNS FROM `cl_xq` [ RunTime:0.0156s ]
SQL: SELECT * FROM `cl_xq` ORDER BY id desc  [ RunTime:0.0010s ]
INFO: [ app_end ] --START--
INFO: Run Behavior\ShowPageTraceBehavior [ RunTime:0.001541s ]
INFO: [ app_end ] --END-- [ RunTime:0.001803s ]

[ 2017-04-02T13:43:40+08:00 ] ::1 /coalball/Home/Index/test
INFO: [ app_begin ] --START--
INFO: Run Behavior\ReadHtmlCacheBehavior [ RunTime:0.000853s ]
INFO: [ app_begin ] --END-- [ RunTime:0.001580s ]
SQL: SHOW COLUMNS FROM `cl_xq` [ RunTime:0.0353s ]
SQL: SELECT * FROM `cl_xq` ORDER BY id desc  [ RunTime:0.0008s ]
INFO: [ app_end ] --START--
INFO: Run Behavior\ShowPageTraceBehavior [ RunTime:0.001430s ]
INFO: [ app_end ] --END-- [ RunTime:0.001621s ]

[ 2017-04-02T13:44:33+08:00 ] ::1 /coalball/Home/Index/test
INFO: [ app_begin ] --START--
INFO: Run Behavior\ReadHtmlCacheBehavior [ RunTime:0.002081s ]
INFO: [ app_begin ] --END-- [ RunTime:0.002755s ]
SQL: SHOW COLUMNS FROM `cl_xq` [ RunTime:0.0210s ]
SQL: SELECT * FROM `cl_xq` ORDER BY id desc  [ RunTime:0.0008s ]
INFO: [ app_end ] --START--
INFO: Run Behavior\ShowPageTraceBehavior [ RunTime:0.001341s ]
INFO: [ app_end ] --END-- [ RunTime:0.001533s ]

[ 2017-04-02T13:44:34+08:00 ] ::1 /coalball/Home/Index/test
INFO: [ app_begin ] --START--
INFO: Run Behavior\ReadHtmlCacheBehavior [ RunTime:0.000587s ]
INFO: [ app_begin ] --END-- [ RunTime:0.001177s ]
SQL: SHOW COLUMNS FROM `cl_xq` [ RunTime:0.0238s ]
SQL: SELECT * FROM `cl_xq` ORDER BY id desc  [ RunTime:0.0009s ]
INFO: [ app_end ] --START--
INFO: Run Behavior\ShowPageTraceBehavior [ RunTime:0.001292s ]
INFO: [ app_end ] --END-- [ RunTime:0.002422s ]

[ 2017-04-02T13:50:38+08:00 ] ::1 /coalball/Home/Index/test
INFO: [ app_begin ] --START--
INFO: Run Behavior\ReadHtmlCacheBehavior [ RunTime:0.000962s ]
INFO: [ app_begin ] --END-- [ RunTime:0.001879s ]
SQL: SHOW COLUMNS FROM `cl_xq` [ RunTime:0.0174s ]
SQL: SELECT * FROM `cl_xq` ORDER BY id desc  [ RunTime:0.0005s ]
INFO: [ app_end ] --START--
INFO: Run Behavior\ShowPageTraceBehavior [ RunTime:0.001979s ]
INFO: [ app_end ] --END-- [ RunTime:0.002464s ]

[ 2017-04-02T13:53:29+08:00 ] ::1 /coalball/Home/Index/test
INFO: [ app_begin ] --START--
INFO: Run Behavior\ReadHtmlCacheBehavior [ RunTime:0.000790s ]
INFO: [ app_begin ] --END-- [ RunTime:0.001293s ]
SQL: SHOW COLUMNS FROM `cl_xq` [ RunTime:0.0462s ]
SQL: SELECT * FROM `cl_xq` ORDER BY id desc  [ RunTime:0.0009s ]
INFO: [ app_end ] --START--
INFO: Run Behavior\ShowPageTraceBehavior [ RunTime:0.002614s ]
INFO: [ app_end ] --END-- [ RunTime:0.003016s ]

[ 2017-04-02T13:57:21+08:00 ] ::1 /coalball/Home/Index/test
INFO: [ app_begin ] --START--
INFO: Run Behavior\ReadHtmlCacheBehavior [ RunTime:0.000554s ]
INFO: [ app_begin ] --END-- [ RunTime:0.001047s ]
SQL: SHOW COLUMNS FROM `cl_xq` [ RunTime:0.0319s ]
SQL: SELECT * FROM `cl_xq` ORDER BY id desc  [ RunTime:0.0009s ]
INFO: [ app_end ] --START--
INFO: Run Behavior\ShowPageTraceBehavior [ RunTime:0.002417s ]
INFO: [ app_end ] --END-- [ RunTime:0.002757s ]

[ 2017-04-02T14:00:57+08:00 ] ::1 /coalball/Home/Index/test
INFO: [ app_begin ] --START--
INFO: Run Behavior\ReadHtmlCacheBehavior [ RunTime:0.000701s ]
INFO: [ app_begin ] --END-- [ RunTime:0.001348s ]
SQL: SHOW COLUMNS FROM `cl_xq` [ RunTime:0.0117s ]
SQL: SELECT * FROM `cl_xq` ORDER BY id desc  [ RunTime:0.0008s ]
INFO: [ app_end ] --START--
INFO: Run Behavior\ShowPageTraceBehavior [ RunTime:0.001036s ]
INFO: [ app_end ] --END-- [ RunTime:0.001153s ]

[ 2017-04-02T14:00:58+08:00 ] ::1 /coalball/Home/Index/test
INFO: [ app_begin ] --START--
INFO: Run Behavior\ReadHtmlCacheBehavior [ RunTime:0.001008s ]
INFO: [ app_begin ] --END-- [ RunTime:0.001733s ]
SQL: SHOW COLUMNS FROM `cl_xq` [ RunTime:0.0118s ]
SQL: SELECT * FROM `cl_xq` ORDER BY id desc  [ RunTime:0.0005s ]
INFO: [ app_end ] --START--
INFO: Run Behavior\ShowPageTraceBehavior [ RunTime:0.001078s ]
INFO: [ app_end ] --END-- [ RunTime:0.001203s ]

[ 2017-04-02T14:01:04+08:00 ] ::1 /coalball/Home/Index/test
INFO: [ app_begin ] --START--
INFO: Run Behavior\ReadHtmlCacheBehavior [ RunTime:0.000691s ]
INFO: [ app_begin ] --END-- [ RunTime:0.001210s ]
SQL: SHOW COLUMNS FROM `cl_xq` [ RunTime:0.0184s ]
SQL: SELECT * FROM `cl_xq` ORDER BY id desc  [ RunTime:0.0007s ]
INFO: [ app_end ] --START--
INFO: Run Behavior\ShowPageTraceBehavior [ RunTime:0.002196s ]
INFO: [ app_end ] --END-- [ RunTime:0.002418s ]

[ 2017-04-02T14:05:09+08:00 ] ::1 /coalball/Home/Index/test
INFO: [ app_begin ] --START--
INFO: Run Behavior\ReadHtmlCacheBehavior [ RunTime:0.001156s ]
INFO: [ app_begin ] --END-- [ RunTime:0.001710s ]
SQL: SHOW COLUMNS FROM `cl_xq` [ RunTime:0.0105s ]
SQL: SELECT * FROM `cl_xq` ORDER BY id desc  [ RunTime:0.0007s ]
INFO: [ app_end ] --START--
INFO: Run Behavior\ShowPageTraceBehavior [ RunTime:0.001382s ]
INFO: [ app_end ] --END-- [ RunTime:0.001539s ]

[ 2017-04-02T14:05:15+08:00 ] ::1 /coalball/Home/Index/test
INFO: [ app_begin ] --START--
INFO: Run Behavior\ReadHtmlCacheBehavior [ RunTime:0.001228s ]
INFO: [ app_begin ] --END-- [ RunTime:0.002308s ]
SQL: SHOW COLUMNS FROM `cl_xq` [ RunTime:0.1601s ]
SQL: SELECT * FROM `cl_xq` ORDER BY id desc  [ RunTime:0.0005s ]
INFO: [ app_end ] --START--
INFO: Run Behavior\ShowPageTraceBehavior [ RunTime:0.001074s ]
INFO: [ app_end ] --END-- [ RunTime:0.001197s ]

[ 2017-04-02T14:05:25+08:00 ] ::1 /coalball/Home/Index/test
INFO: [ app_begin ] --START--
INFO: Run Behavior\ReadHtmlCacheBehavior [ RunTime:0.001185s ]
INFO: [ app_begin ] --END-- [ RunTime:0.002323s ]
SQL: SHOW COLUMNS FROM `cl_xq` [ RunTime:0.0276s ]
SQL: SELECT * FROM `cl_xq` ORDER BY id desc  [ RunTime:0.0013s ]
INFO: [ app_end ] --START--
INFO: Run Behavior\ShowPageTraceBehavior [ RunTime:0.003953s ]
INFO: [ app_end ] --END-- [ RunTime:0.004211s ]

[ 2017-04-02T14:06:51+08:00 ] ::1 /coalball/Home/Index/test
INFO: [ app_begin ] --START--
INFO: Run Behavior\ReadHtmlCacheBehavior [ RunTime:0.001201s ]
INFO: [ app_begin ] --END-- [ RunTime:0.001894s ]
SQL: SHOW COLUMNS FROM `cl_xq` [ RunTime:0.0154s ]
SQL: SELECT * FROM `cl_xq` ORDER BY id desc  [ RunTime:0.0007s ]
INFO: [ app_end ] --START--
INFO: Run Behavior\ShowPageTraceBehavior [ RunTime:0.000952s ]
INFO: [ app_end ] --END-- [ RunTime:0.001059s ]

[ 2017-04-02T14:06:55+08:00 ] ::1 /coalball/Home/Index/test
INFO: [ app_begin ] --START--
INFO: Run Behavior\ReadHtmlCacheBehavior [ RunTime:0.001075s ]
INFO: [ app_begin ] --END-- [ RunTime:0.001886s ]
SQL: SHOW COLUMNS FROM `cl_xq` [ RunTime:0.0731s ]
SQL: SELECT * FROM `cl_xq` ORDER BY id desc  [ RunTime:0.0012s ]
INFO: [ app_end ] --START--
INFO: Run Behavior\ShowPageTraceBehavior [ RunTime:0.001617s ]
INFO: [ app_end ] --END-- [ RunTime:0.001798s ]

[ 2017-04-02T14:07:38+08:00 ] ::1 /coalball/Home/Index/test
INFO: [ app_begin ] --START--
INFO: Run Behavior\ReadHtmlCacheBehavior [ RunTime:0.002076s ]
INFO: [ app_begin ] --END-- [ RunTime:0.003361s ]
SQL: SHOW COLUMNS FROM `cl_xq` [ RunTime:0.0135s ]
SQL: SELECT * FROM `cl_xq` ORDER BY id desc  [ RunTime:0.0005s ]
INFO: [ app_end ] --START--
INFO: Run Behavior\ShowPageTraceBehavior [ RunTime:0.001404s ]
INFO: [ app_end ] --END-- [ RunTime:0.001584s ]

[ 2017-04-02T14:12:40+08:00 ] ::1 /coalball/Home/Index/test
INFO: [ app_begin ] --START--
INFO: Run Behavior\ReadHtmlCacheBehavior [ RunTime:0.001386s ]
INFO: [ app_begin ] --END-- [ RunTime:0.002125s ]
SQL: SHOW COLUMNS FROM `cl_xq` [ RunTime:0.0206s ]
SQL: SELECT * FROM `cl_xq` ORDER BY id desc  [ RunTime:0.0010s ]
INFO: [ app_end ] --START--
INFO: Run Behavior\ShowPageTraceBehavior [ RunTime:0.001295s ]
INFO: [ app_end ] --END-- [ RunTime:0.001475s ]

[ 2017-04-02T14:12:41+08:00 ] ::1 /coalball/Home/Index/test
INFO: [ app_begin ] --START--
INFO: Run Behavior\ReadHtmlCacheBehavior [ RunTime:0.000885s ]
INFO: [ app_begin ] --END-- [ RunTime:0.001921s ]
SQL: SHOW COLUMNS FROM `cl_xq` [ RunTime:0.0417s ]
SQL: SELECT * FROM `cl_xq` ORDER BY id desc  [ RunTime:0.0013s ]
INFO: [ app_end ] --START--
INFO: Run Behavior\ShowPageTraceBehavior [ RunTime:0.003481s ]
INFO: [ app_end ] --END-- [ RunTime:0.003686s ]

[ 2017-04-02T14:14:28+08:00 ] ::1 /coalball/Home/Index/test
INFO: [ app_begin ] --START--
INFO: Run Behavior\ReadHtmlCacheBehavior [ RunTime:0.001338s ]
INFO: [ app_begin ] --END-- [ RunTime:0.002226s ]
SQL: SHOW COLUMNS FROM `cl_xq` [ RunTime:0.0145s ]
SQL: SELECT * FROM `cl_xq` ORDER BY id desc  [ RunTime:0.0007s ]
INFO: [ app_end ] --START--
INFO: Run Behavior\ShowPageTraceBehavior [ RunTime:0.001467s ]
INFO: [ app_end ] --END-- [ RunTime:0.001657s ]

[ 2017-04-02T14:14:29+08:00 ] ::1 /coalball/Home/Index/test
INFO: [ app_begin ] --START--
INFO: Run Behavior\ReadHtmlCacheBehavior [ RunTime:0.000865s ]
INFO: [ app_begin ] --END-- [ RunTime:0.001686s ]
SQL: SHOW COLUMNS FROM `cl_xq` [ RunTime:0.0156s ]
SQL: SELECT * FROM `cl_xq` ORDER BY id desc  [ RunTime:0.0009s ]
INFO: [ app_end ] --START--
INFO: Run Behavior\ShowPageTraceBehavior [ RunTime:0.001398s ]
INFO: [ app_end ] --END-- [ RunTime:0.001606s ]

[ 2017-04-02T14:14:30+08:00 ] ::1 /coalball/Home/Index/test
INFO: [ app_begin ] --START--
INFO: Run Behavior\ReadHtmlCacheBehavior [ RunTime:0.002761s ]
INFO: [ app_begin ] --END-- [ RunTime:0.003448s ]
SQL: SHOW COLUMNS FROM `cl_xq` [ RunTime:0.0252s ]
SQL: SELECT * FROM `cl_xq` ORDER BY id desc  [ RunTime:0.0005s ]
INFO: [ app_end ] --START--
INFO: Run Behavior\ShowPageTraceBehavior [ RunTime:0.001737s ]
INFO: [ app_end ] --END-- [ RunTime:0.002013s ]

[ 2017-04-02T14:15:48+08:00 ] ::1 /coalball/Home/Index/test
INFO: [ app_begin ] --START--
INFO: Run Behavior\ReadHtmlCacheBehavior [ RunTime:0.000993s ]
INFO: [ app_begin ] --END-- [ RunTime:0.001545s ]
SQL: SHOW COLUMNS FROM `cl_xq` [ RunTime:0.0189s ]
SQL: SELECT * FROM `cl_xq` ORDER BY id desc  [ RunTime:0.0011s ]
INFO: [ app_end ] --START--
INFO: Run Behavior\ShowPageTraceBehavior [ RunTime:0.001516s ]
INFO: [ app_end ] --END-- [ RunTime:0.002455s ]

[ 2017-04-02T14:15:49+08:00 ] ::1 /coalball/Home/Index/test
INFO: [ app_begin ] --START--
INFO: Run Behavior\ReadHtmlCacheBehavior [ RunTime:0.001515s ]
INFO: [ app_begin ] --END-- [ RunTime:0.004005s ]
SQL: SHOW COLUMNS FROM `cl_xq` [ RunTime:0.0144s ]
SQL: SELECT * FROM `cl_xq` ORDER BY id desc  [ RunTime:0.0009s ]
INFO: [ app_end ] --START--
INFO: Run Behavior\ShowPageTraceBehavior [ RunTime:0.003316s ]
INFO: [ app_end ] --END-- [ RunTime:0.003530s ]

[ 2017-04-02T14:15:53+08:00 ] ::1 /coalball/Home/Index/test
INFO: [ app_begin ] --START--
INFO: Run Behavior\ReadHtmlCacheBehavior [ RunTime:0.001327s ]
INFO: [ app_begin ] --END-- [ RunTime:0.002481s ]
SQL: SHOW COLUMNS FROM `cl_xq` [ RunTime:0.0784s ]
SQL: SELECT * FROM `cl_xq` ORDER BY id desc  [ RunTime:0.0006s ]
INFO: [ app_end ] --START--
INFO: Run Behavior\ShowPageTraceBehavior [ RunTime:0.000978s ]
INFO: [ app_end ] --END-- [ RunTime:0.001090s ]

[ 2017-04-02T14:18:17+08:00 ] ::1 /coalball/Home/Index/test
INFO: [ app_begin ] --START--
INFO: Run Behavior\ReadHtmlCacheBehavior [ RunTime:0.000781s ]
INFO: [ app_begin ] --END-- [ RunTime:0.001271s ]
SQL: SHOW COLUMNS FROM `cl_xq` [ RunTime:0.0103s ]
SQL: SELECT * FROM `cl_xq` ORDER BY id desc  [ RunTime:0.0006s ]
INFO: [ app_end ] --START--
INFO: Run Behavior\ShowPageTraceBehavior [ RunTime:0.000958s ]
INFO: [ app_end ] --END-- [ RunTime:0.001056s ]

[ 2017-04-02T14:18:22+08:00 ] ::1 /coalball/Home/Index/test
INFO: [ app_begin ] --START--
INFO: Run Behavior\ReadHtmlCacheBehavior [ RunTime:0.001179s ]
INFO: [ app_begin ] --END-- [ RunTime:0.002912s ]
SQL: SHOW COLUMNS FROM `cl_xq` [ RunTime:0.0301s ]
SQL: SELECT * FROM `cl_xq` ORDER BY id desc  [ RunTime:0.0011s ]
INFO: [ app_end ] --START--
INFO: Run Behavior\ShowPageTraceBehavior [ RunTime:0.001446s ]
INFO: [ app_end ] --END-- [ RunTime:0.001610s ]

[ 2017-04-02T14:20:17+08:00 ] ::1 /coalball/Home/Index/test
INFO: [ app_begin ] --START--
INFO: Run Behavior\ReadHtmlCacheBehavior [ RunTime:0.000730s ]
INFO: [ app_begin ] --END-- [ RunTime:0.001246s ]
SQL: SHOW COLUMNS FROM `cl_xq` [ RunTime:0.0119s ]
SQL: SELECT * FROM `cl_xq` ORDER BY id desc  [ RunTime:0.0008s ]
INFO: [ app_end ] --START--
INFO: Run Behavior\ShowPageTraceBehavior [ RunTime:0.001218s ]
INFO: [ app_end ] --END-- [ RunTime:0.001356s ]

[ 2017-04-02T14:20:50+08:00 ] ::1 /coalball/Home/Index/test
INFO: [ app_begin ] --START--
INFO: Run Behavior\ReadHtmlCacheBehavior [ RunTime:0.001320s ]
INFO: [ app_begin ] --END-- [ RunTime:0.002231s ]
SQL: SHOW COLUMNS FROM `cl_xq` [ RunTime:0.0221s ]
SQL: SELECT * FROM `cl_xq` ORDER BY id desc  [ RunTime:0.0010s ]
INFO: [ app_end ] --START--
INFO: Run Behavior\ShowPageTraceBehavior [ RunTime:0.001763s ]
INFO: [ app_end ] --END-- [ RunTime:0.002019s ]

[ 2017-04-02T14:20:51+08:00 ] ::1 /coalball/Home/Index/test
INFO: [ app_begin ] --START--
INFO: Run Behavior\ReadHtmlCacheBehavior [ RunTime:0.000504s ]
INFO: [ app_begin ] --END-- [ RunTime:0.000974s ]
SQL: SHOW COLUMNS FROM `cl_xq` [ RunTime:0.0295s ]
SQL: SELECT * FROM `cl_xq` ORDER BY id desc  [ RunTime:0.0010s ]
INFO: [ app_end ] --START--
INFO: Run Behavior\ShowPageTraceBehavior [ RunTime:0.001902s ]
INFO: [ app_end ] --END-- [ RunTime:0.002203s ]

[ 2017-04-02T14:22:15+08:00 ] ::1 /coalball/Home/Index/test
INFO: [ app_begin ] --START--
INFO: Run Behavior\ReadHtmlCacheBehavior [ RunTime:0.001286s ]
INFO: [ app_begin ] --END-- [ RunTime:0.002095s ]
SQL: SHOW COLUMNS FROM `cl_xq` [ RunTime:0.0260s ]
SQL: SELECT * FROM `cl_xq` ORDER BY id desc  [ RunTime:0.0010s ]
INFO: [ app_end ] --START--
INFO: Run Behavior\ShowPageTraceBehavior [ RunTime:0.004289s ]
INFO: [ app_end ] --END-- [ RunTime:0.004528s ]

[ 2017-04-02T14:22:16+08:00 ] ::1 /coalball/Home/Index/test
INFO: [ app_begin ] --START--
INFO: Run Behavior\ReadHtmlCacheBehavior [ RunTime:0.000567s ]
INFO: [ app_begin ] --END-- [ RunTime:0.001148s ]
SQL: SHOW COLUMNS FROM `cl_xq` [ RunTime:0.0223s ]
SQL: SELECT * FROM `cl_xq` ORDER BY id desc  [ RunTime:0.0008s ]
INFO: [ app_end ] --START--
INFO: Run Behavior\ShowPageTraceBehavior [ RunTime:0.001534s ]
INFO: [ app_end ] --END-- [ RunTime:0.001731s ]

[ 2017-04-02T14:22:16+08:00 ] ::1 /coalball/Home/Index/test
INFO: [ app_begin ] --START--
INFO: Run Behavior\ReadHtmlCacheBehavior [ RunTime:0.000664s ]
INFO: [ app_begin ] --END-- [ RunTime:0.001499s ]
SQL: SHOW COLUMNS FROM `cl_xq` [ RunTime:0.0115s ]
SQL: SELECT * FROM `cl_xq` ORDER BY id desc  [ RunTime:0.0012s ]
INFO: [ app_end ] --START--
INFO: Run Behavior\ShowPageTraceBehavior [ RunTime:0.001710s ]
INFO: [ app_end ] --END-- [ RunTime:0.001920s ]

[ 2017-04-02T14:22:42+08:00 ] ::1 /coalball/Home/Index/test
INFO: [ app_begin ] --START--
INFO: Run Behavior\ReadHtmlCacheBehavior [ RunTime:0.001418s ]
INFO: [ app_begin ] --END-- [ RunTime:0.002202s ]
SQL: SHOW COLUMNS FROM `cl_xq` [ RunTime:0.0175s ]
SQL: SELECT * FROM `cl_xq` ORDER BY id desc  [ RunTime:0.0010s ]
INFO: [ app_end ] --START--
INFO: Run Behavior\ShowPageTraceBehavior [ RunTime:0.002555s ]
INFO: [ app_end ] --END-- [ RunTime:0.002744s ]

[ 2017-04-02T14:28:55+08:00 ] ::1 /coalball/Home/Index/test
INFO: [ app_begin ] --START--
INFO: Run Behavior\ReadHtmlCacheBehavior [ RunTime:0.001470s ]
INFO: [ app_begin ] --END-- [ RunTime:0.003648s ]
SQL: SHOW COLUMNS FROM `cl_xq` [ RunTime:0.0163s ]
SQL: SELECT * FROM `cl_xq` ORDER BY id desc  [ RunTime:0.0010s ]
INFO: [ app_end ] --START--
INFO: Run Behavior\ShowPageTraceBehavior [ RunTime:0.004178s ]
INFO: [ app_end ] --END-- [ RunTime:0.004420s ]

[ 2017-04-02T14:29:00+08:00 ] ::1 /coalball/Home/Index/test
INFO: [ app_begin ] --START--
INFO: Run Behavior\ReadHtmlCacheBehavior [ RunTime:0.002505s ]
INFO: [ app_begin ] --END-- [ RunTime:0.003561s ]
SQL: SHOW COLUMNS FROM `cl_xq` [ RunTime:0.0297s ]
SQL: SELECT * FROM `cl_xq` ORDER BY id desc  [ RunTime:0.0011s ]
INFO: [ app_end ] --START--
INFO: Run Behavior\ShowPageTraceBehavior [ RunTime:0.001859s ]
INFO: [ app_end ] --END-- [ RunTime:0.002079s ]

[ 2017-04-02T14:29:31+08:00 ] ::1 /coalball/Home/Index/test
INFO: [ app_begin ] --START--
INFO: Run Behavior\ReadHtmlCacheBehavior [ RunTime:0.000655s ]
INFO: [ app_begin ] --END-- [ RunTime:0.001244s ]
SQL: SHOW COLUMNS FROM `cl_xq` [ RunTime:0.0131s ]
SQL: SELECT * FROM `cl_xq` ORDER BY id desc  [ RunTime:0.0006s ]
INFO: [ app_end ] --START--
INFO: Run Behavior\ShowPageTraceBehavior [ RunTime:0.001661s ]
INFO: [ app_end ] --END-- [ RunTime:0.001817s ]

[ 2017-04-02T14:29:37+08:00 ] ::1 /coalball/Home/Index/test
INFO: [ app_begin ] --START--
INFO: Run Behavior\ReadHtmlCacheBehavior [ RunTime:0.000751s ]
INFO: [ app_begin ] --END-- [ RunTime:0.001586s ]
SQL: SHOW COLUMNS FROM `cl_xq` [ RunTime:0.0188s ]
SQL: SELECT * FROM `cl_xq` ORDER BY id desc  [ RunTime:0.0006s ]
INFO: [ app_end ] --START--
INFO: Run Behavior\ShowPageTraceBehavior [ RunTime:0.001535s ]
INFO: [ app_end ] --END-- [ RunTime:0.001726s ]

[ 2017-04-02T14:30:15+08:00 ] ::1 /coalball/Home/Index/test
INFO: [ app_begin ] --START--
INFO: Run Behavior\ReadHtmlCacheBehavior [ RunTime:0.002465s ]
INFO: [ app_begin ] --END-- [ RunTime:0.003665s ]
SQL: SHOW COLUMNS FROM `cl_xq` [ RunTime:0.0124s ]
SQL: SELECT * FROM `cl_xq` ORDER BY id desc  [ RunTime:0.0007s ]
INFO: [ app_end ] --START--
INFO: Run Behavior\ShowPageTraceBehavior [ RunTime:0.001538s ]
INFO: [ app_end ] --END-- [ RunTime:0.001718s ]

[ 2017-04-02T14:30:38+08:00 ] ::1 /coalball/Home/Index/test
INFO: [ app_begin ] --START--
INFO: Run Behavior\ReadHtmlCacheBehavior [ RunTime:0.000913s ]
INFO: [ app_begin ] --END-- [ RunTime:0.002657s ]
SQL: SHOW COLUMNS FROM `cl_xq` [ RunTime:0.0124s ]
SQL: SELECT * FROM `cl_xq` ORDER BY id desc  [ RunTime:0.0009s ]
INFO: [ app_end ] --START--
INFO: Run Behavior\ShowPageTraceBehavior [ RunTime:0.002382s ]
INFO: [ app_end ] --END-- [ RunTime:0.002689s ]

[ 2017-04-02T14:31:18+08:00 ] ::1 /coalball/Home/Index/test
INFO: [ app_begin ] --START--
INFO: Run Behavior\ReadHtmlCacheBehavior [ RunTime:0.000621s ]
INFO: [ app_begin ] --END-- [ RunTime:0.001271s ]
SQL: SHOW COLUMNS FROM `cl_xq` [ RunTime:0.0101s ]
SQL: SELECT * FROM `cl_xq` ORDER BY id desc  [ RunTime:0.0006s ]
INFO: [ app_end ] --START--
INFO: Run Behavior\ShowPageTraceBehavior [ RunTime:0.001135s ]
INFO: [ app_end ] --END-- [ RunTime:0.001245s ]

[ 2017-04-02T14:31:23+08:00 ] ::1 /coalball/Home/Index/test
INFO: [ app_begin ] --START--
INFO: Run Behavior\ReadHtmlCacheBehavior [ RunTime:0.000798s ]
INFO: [ app_begin ] --END-- [ RunTime:0.001551s ]
SQL: SHOW COLUMNS FROM `cl_xq` [ RunTime:0.0124s ]
SQL: SELECT * FROM `cl_xq` ORDER BY id desc  [ RunTime:0.0008s ]
INFO: [ app_end ] --START--
INFO: Run Behavior\ShowPageTraceBehavior [ RunTime:0.001920s ]
INFO: [ app_end ] --END-- [ RunTime:0.002359s ]

[ 2017-04-02T14:31:57+08:00 ] ::1 /coalball/Home/Index/test
INFO: [ app_begin ] --START--
INFO: Run Behavior\ReadHtmlCacheBehavior [ RunTime:0.000864s ]
INFO: [ app_begin ] --END-- [ RunTime:0.001402s ]
SQL: SHOW COLUMNS FROM `cl_xq` [ RunTime:0.0152s ]
SQL: SELECT * FROM `cl_xq` ORDER BY id desc  [ RunTime:0.0009s ]
INFO: [ app_end ] --START--
INFO: Run Behavior\ShowPageTraceBehavior [ RunTime:0.002358s ]
INFO: [ app_end ] --END-- [ RunTime:0.002580s ]

[ 2017-04-02T14:37:07+08:00 ] ::1 /coalball/Home/Index/test
INFO: [ app_begin ] --START--
INFO: Run Behavior\ReadHtmlCacheBehavior [ RunTime:0.003176s ]
INFO: [ app_begin ] --END-- [ RunTime:0.004015s ]
SQL: SHOW COLUMNS FROM `cl_xq` [ RunTime:0.0209s ]
SQL: SELECT * FROM `cl_xq` ORDER BY id desc  [ RunTime:0.0013s ]
INFO: [ app_end ] --START--
INFO: Run Behavior\ShowPageTraceBehavior [ RunTime:0.001962s ]
INFO: [ app_end ] --END-- [ RunTime:0.002117s ]

[ 2017-04-02T14:37:16+08:00 ] ::1 /coalball/Home/Index/test
INFO: [ app_begin ] --START--
INFO: Run Behavior\ReadHtmlCacheBehavior [ RunTime:0.001441s ]
INFO: [ app_begin ] --END-- [ RunTime:0.002240s ]
SQL: SHOW COLUMNS FROM `cl_xq` [ RunTime:0.0239s ]
SQL: SELECT * FROM `cl_xq` ORDER BY id desc  [ RunTime:0.0009s ]
INFO: [ app_end ] --START--
INFO: Run Behavior\ShowPageTraceBehavior [ RunTime:0.001639s ]
INFO: [ app_end ] --END-- [ RunTime:0.001909s ]

[ 2017-04-02T14:45:40+08:00 ] ::1 /coalball/Home/Index/test
INFO: [ app_begin ] --START--
INFO: Run Behavior\ReadHtmlCacheBehavior [ RunTime:0.002080s ]
INFO: [ app_begin ] --END-- [ RunTime:0.002917s ]
SQL: SHOW COLUMNS FROM `cl_xq` [ RunTime:0.0126s ]
SQL: SELECT * FROM `cl_xq` ORDER BY id desc  [ RunTime:0.0020s ]
INFO: [ app_end ] --START--
INFO: Run Behavior\ShowPageTraceBehavior [ RunTime:0.002954s ]
INFO: [ app_end ] --END-- [ RunTime:0.003208s ]

[ 2017-04-02T14:45:50+08:00 ] ::1 /coalball/Home/Index/test
INFO: [ app_begin ] --START--
INFO: Run Behavior\ReadHtmlCacheBehavior [ RunTime:0.004184s ]
INFO: [ app_begin ] --END-- [ RunTime:0.005237s ]
SQL: SHOW COLUMNS FROM `cl_xq` [ RunTime:0.0104s ]
SQL: SELECT * FROM `cl_xq` ORDER BY id desc  [ RunTime:0.0008s ]
INFO: [ app_end ] --START--
INFO: Run Behavior\ShowPageTraceBehavior [ RunTime:0.001800s ]
INFO: [ app_end ] --END-- [ RunTime:0.002021s ]

[ 2017-04-02T14:50:03+08:00 ] ::1 /coalball/Home/Index/test
INFO: [ app_begin ] --START--
INFO: Run Behavior\ReadHtmlCacheBehavior [ RunTime:0.001304s ]
INFO: [ app_begin ] --END-- [ RunTime:0.002124s ]
SQL: SHOW COLUMNS FROM `cl_xq` [ RunTime:0.0173s ]
SQL: SELECT * FROM `cl_xq` ORDER BY id desc  [ RunTime:0.0006s ]
INFO: [ app_end ] --START--
INFO: Run Behavior\ShowPageTraceBehavior [ RunTime:0.001983s ]
INFO: [ app_end ] --END-- [ RunTime:0.002201s ]

[ 2017-04-02T14:50:10+08:00 ] ::1 /coalball/Home/Index/test
INFO: [ app_begin ] --START--
INFO: Run Behavior\ReadHtmlCacheBehavior [ RunTime:0.001241s ]
INFO: [ app_begin ] --END-- [ RunTime:0.002050s ]
SQL: SHOW COLUMNS FROM `cl_xq` [ RunTime:0.0175s ]
SQL: SELECT * FROM `cl_xq` ORDER BY id desc  [ RunTime:0.0016s ]
INFO: [ app_end ] --START--
INFO: Run Behavior\ShowPageTraceBehavior [ RunTime:0.002740s ]
INFO: [ app_end ] --END-- [ RunTime:0.002889s ]

[ 2017-04-02T15:08:38+08:00 ] ::1 /coalball/Home/Index/test
INFO: [ app_begin ] --START--
INFO: Run Behavior\ReadHtmlCacheBehavior [ RunTime:0.001490s ]
INFO: [ app_begin ] --END-- [ RunTime:0.002396s ]
SQL: SHOW COLUMNS FROM `cl_xq` [ RunTime:0.0198s ]
SQL: SELECT * FROM `cl_xq` ORDER BY id desc  [ RunTime:0.0007s ]
INFO: [ app_end ] --START--
INFO: Run Behavior\ShowPageTraceBehavior [ RunTime:0.001108s ]
INFO: [ app_end ] --END-- [ RunTime:0.001239s ]

[ 2017-04-02T15:08:44+08:00 ] ::1 /coalball/Home/Index/test
INFO: [ app_begin ] --START--
INFO: Run Behavior\ReadHtmlCacheBehavior [ RunTime:0.005525s ]
INFO: [ app_begin ] --END-- [ RunTime:0.006622s ]
SQL: SHOW COLUMNS FROM `cl_xq` [ RunTime:0.0199s ]
SQL: SELECT * FROM `cl_xq` ORDER BY id desc  [ RunTime:0.0008s ]
INFO: [ app_end ] --START--
INFO: Run Behavior\ShowPageTraceBehavior [ RunTime:0.001706s ]
INFO: [ app_end ] --END-- [ RunTime:0.001857s ]

[ 2017-04-02T15:08:52+08:00 ] ::1 /coalball/Home/Index/login?email=865605793%40qq.com&password=123456789
ERR: 1064:You have an error in your SQL syntax; check the manual that corresponds to your MySQL server version for the right syntax to use near '@qq.comand password =123456789 )' at line 1
 [ SQL语句 ] : SELECT `id`,`password`,`status` FROM `cl_regusers` WHERE ( user_email =865605793@qq.comand password =123456789 ) 

[ 2017-04-02T15:12:44+08:00 ] ::1 /coalball/Home/Index/test
INFO: [ app_begin ] --START--
INFO: Run Behavior\ReadHtmlCacheBehavior [ RunTime:0.001522s ]
INFO: [ app_begin ] --END-- [ RunTime:0.002632s ]
SQL: SHOW COLUMNS FROM `cl_xq` [ RunTime:0.0132s ]
SQL: SELECT * FROM `cl_xq` ORDER BY id desc  [ RunTime:0.0013s ]
INFO: [ app_end ] --START--
INFO: Run Behavior\ShowPageTraceBehavior [ RunTime:0.003008s ]
INFO: [ app_end ] --END-- [ RunTime:0.003134s ]

[ 2017-04-02T15:12:46+08:00 ] ::1 /coalball/Home/Index/test
INFO: [ app_begin ] --START--
INFO: Run Behavior\ReadHtmlCacheBehavior [ RunTime:0.001415s ]
INFO: [ app_begin ] --END-- [ RunTime:0.002332s ]
SQL: SHOW COLUMNS FROM `cl_xq` [ RunTime:0.0519s ]
SQL: SELECT * FROM `cl_xq` ORDER BY id desc  [ RunTime:0.0013s ]
INFO: [ app_end ] --START--
INFO: Run Behavior\ShowPageTraceBehavior [ RunTime:0.001899s ]
INFO: [ app_end ] --END-- [ RunTime:0.002057s ]

[ 2017-04-02T15:12:49+08:00 ] ::1 /coalball/Home/Index/test
INFO: [ app_begin ] --START--
INFO: Run Behavior\ReadHtmlCacheBehavior [ RunTime:0.001522s ]
INFO: [ app_begin ] --END-- [ RunTime:0.002145s ]
SQL: SHOW COLUMNS FROM `cl_xq` [ RunTime:0.0166s ]
SQL: SELECT * FROM `cl_xq` ORDER BY id desc  [ RunTime:0.0012s ]
INFO: [ app_end ] --START--
INFO: Run Behavior\ShowPageTraceBehavior [ RunTime:0.002068s ]
INFO: [ app_end ] --END-- [ RunTime:0.002275s ]

[ 2017-04-02T15:12:53+08:00 ] ::1 /coalball/Home/Index/login?email=865605793%40qq.com&password=123456789
ERR: 1064:You have an error in your SQL syntax; check the manual that corresponds to your MySQL server version for the right syntax to use near '@qq.com AND password =123456789 )' at line 1
 [ SQL语句 ] : SELECT `id`,`password`,`status` FROM `cl_regusers` WHERE ( user_email =865605793@qq.com AND password =123456789 ) 

[ 2017-04-02T15:13:48+08:00 ] ::1 /coalball/Home/Index/test
INFO: [ app_begin ] --START--
INFO: Run Behavior\ReadHtmlCacheBehavior [ RunTime:0.001191s ]
INFO: [ app_begin ] --END-- [ RunTime:0.001758s ]
SQL: SHOW COLUMNS FROM `cl_xq` [ RunTime:0.0248s ]
SQL: SELECT * FROM `cl_xq` ORDER BY id desc  [ RunTime:0.0008s ]
INFO: [ app_end ] --START--
INFO: Run Behavior\ShowPageTraceBehavior [ RunTime:0.002136s ]
INFO: [ app_end ] --END-- [ RunTime:0.002373s ]

[ 2017-04-02T15:13:49+08:00 ] ::1 /coalball/Home/Index/test
INFO: [ app_begin ] --START--
INFO: Run Behavior\ReadHtmlCacheBehavior [ RunTime:0.001300s ]
INFO: [ app_begin ] --END-- [ RunTime:0.002059s ]
SQL: SHOW COLUMNS FROM `cl_xq` [ RunTime:0.0149s ]
SQL: SELECT * FROM `cl_xq` ORDER BY id desc  [ RunTime:0.0012s ]
INFO: [ app_end ] --START--
INFO: Run Behavior\ShowPageTraceBehavior [ RunTime:0.003793s ]
INFO: [ app_end ] --END-- [ RunTime:0.004221s ]

[ 2017-04-02T15:13:51+08:00 ] ::1 /coalball/Home/Index/test
INFO: [ app_begin ] --START--
INFO: Run Behavior\ReadHtmlCacheBehavior [ RunTime:0.001414s ]
INFO: [ app_begin ] --END-- [ RunTime:0.002182s ]
SQL: SHOW COLUMNS FROM `cl_xq` [ RunTime:0.0149s ]
SQL: SELECT * FROM `cl_xq` ORDER BY id desc  [ RunTime:0.0007s ]
INFO: [ app_end ] --START--
INFO: Run Behavior\ShowPageTraceBehavior [ RunTime:0.001580s ]
INFO: [ app_end ] --END-- [ RunTime:0.001760s ]

[ 2017-04-02T15:15:11+08:00 ] ::1 /coalball/Home/Index/login?email=865605793%40qq.com&password=123456789
ERR: 1064:You have an error in your SQL syntax; check the manual that corresponds to your MySQL server version for the right syntax to use near '@qq.com AND password =123456789 )' at line 1
 [ SQL语句 ] : SELECT * FROM `cl_regusers` WHERE ( user_email =865605793@qq.com AND password =123456789 ) 

[ 2017-04-02T15:15:44+08:00 ] ::1 /coalball/Home/Index/test
INFO: [ app_begin ] --START--
INFO: Run Behavior\ReadHtmlCacheBehavior [ RunTime:0.001075s ]
INFO: [ app_begin ] --END-- [ RunTime:0.001659s ]
SQL: SHOW COLUMNS FROM `cl_xq` [ RunTime:0.0233s ]
SQL: SELECT * FROM `cl_xq` ORDER BY id desc  [ RunTime:0.0009s ]
INFO: [ app_end ] --START--
INFO: Run Behavior\ShowPageTraceBehavior [ RunTime:0.001792s ]
INFO: [ app_end ] --END-- [ RunTime:0.001985s ]

[ 2017-04-02T15:15:45+08:00 ] ::1 /coalball/Home/Index/test
INFO: [ app_begin ] --START--
INFO: Run Behavior\ReadHtmlCacheBehavior [ RunTime:0.000891s ]
INFO: [ app_begin ] --END-- [ RunTime:0.001426s ]
SQL: SHOW COLUMNS FROM `cl_xq` [ RunTime:0.0101s ]
SQL: SELECT * FROM `cl_xq` ORDER BY id desc  [ RunTime:0.0008s ]
INFO: [ app_end ] --START--
INFO: Run Behavior\ShowPageTraceBehavior [ RunTime:0.003112s ]
INFO: [ app_end ] --END-- [ RunTime:0.004541s ]

[ 2017-04-02T15:15:47+08:00 ] ::1 /coalball/Home/Index/login?email=865605793%40qq.com&password=123456789
ERR: 1064:You have an error in your SQL syntax; check the manual that corresponds to your MySQL server version for the right syntax to use near '@qq.com )' at line 1
 [ SQL语句 ] : SELECT * FROM `cl_regusers` WHERE ( user_email =865605793@qq.com ) 

[ 2017-04-02T15:16:00+08:00 ] ::1 /coalball/Home/Index/test
INFO: [ app_begin ] --START--
INFO: Run Behavior\ReadHtmlCacheBehavior [ RunTime:0.002341s ]
INFO: [ app_begin ] --END-- [ RunTime:0.003192s ]
SQL: SHOW COLUMNS FROM `cl_xq` [ RunTime:0.0467s ]
SQL: SELECT * FROM `cl_xq` ORDER BY id desc  [ RunTime:0.0014s ]
INFO: [ app_end ] --START--
INFO: Run Behavior\ShowPageTraceBehavior [ RunTime:0.001717s ]
INFO: [ app_end ] --END-- [ RunTime:0.001945s ]

[ 2017-04-02T15:16:01+08:00 ] ::1 /coalball/Home/Index/test
INFO: [ app_begin ] --START--
INFO: Run Behavior\ReadHtmlCacheBehavior [ RunTime:0.003289s ]
INFO: [ app_begin ] --END-- [ RunTime:0.004110s ]
SQL: SHOW COLUMNS FROM `cl_xq` [ RunTime:0.0119s ]
SQL: SELECT * FROM `cl_xq` ORDER BY id desc  [ RunTime:0.0011s ]
INFO: [ app_end ] --START--
INFO: Run Behavior\ShowPageTraceBehavior [ RunTime:0.002085s ]
INFO: [ app_end ] --END-- [ RunTime:0.002293s ]

[ 2017-04-02T15:16:03+08:00 ] ::1 /coalball/Home/Index/login?email=865605793%40qq.com&password=123456789
ERR: 1064:You have an error in your SQL syntax; check the manual that corresponds to your MySQL server version for the right syntax to use near '@qq.com )' at line 1
 [ SQL语句 ] : SELECT * FROM `cl_regusers` WHERE ( user_email = 865605793@qq.com ) 

[ 2017-04-02T15:20:01+08:00 ] ::1 /coalball/Home/Index/test
INFO: [ app_begin ] --START--
INFO: Run Behavior\ReadHtmlCacheBehavior [ RunTime:0.001262s ]
INFO: [ app_begin ] --END-- [ RunTime:0.001882s ]
SQL: SHOW COLUMNS FROM `cl_xq` [ RunTime:0.0242s ]
SQL: SELECT * FROM `cl_xq` ORDER BY id desc  [ RunTime:0.0011s ]
INFO: [ app_end ] --START--
INFO: Run Behavior\ShowPageTraceBehavior [ RunTime:0.002199s ]
INFO: [ app_end ] --END-- [ RunTime:0.002450s ]

[ 2017-04-02T15:20:02+08:00 ] ::1 /coalball/Home/Index/test
INFO: [ app_begin ] --START--
INFO: Run Behavior\ReadHtmlCacheBehavior [ RunTime:0.001345s ]
INFO: [ app_begin ] --END-- [ RunTime:0.002163s ]
SQL: SHOW COLUMNS FROM `cl_xq` [ RunTime:0.0157s ]
SQL: SELECT * FROM `cl_xq` ORDER BY id desc  [ RunTime:0.0007s ]
INFO: [ app_end ] --START--
INFO: Run Behavior\ShowPageTraceBehavior [ RunTime:0.002358s ]
INFO: [ app_end ] --END-- [ RunTime:0.002591s ]

[ 2017-04-02T15:36:28+08:00 ] ::1 /coalball/Home/Index/test
INFO: [ app_begin ] --START--
INFO: Run Behavior\ReadHtmlCacheBehavior [ RunTime:0.001236s ]
INFO: [ app_begin ] --END-- [ RunTime:0.001864s ]
SQL: SHOW COLUMNS FROM `cl_xq` [ RunTime:0.0274s ]
SQL: SELECT * FROM `cl_xq` ORDER BY id desc  [ RunTime:0.0008s ]
INFO: [ app_end ] --START--
INFO: Run Behavior\ShowPageTraceBehavior [ RunTime:0.001986s ]
INFO: [ app_end ] --END-- [ RunTime:0.002135s ]

[ 2017-04-02T15:36:29+08:00 ] ::1 /coalball/Home/Index/test
INFO: [ app_begin ] --START--
INFO: Run Behavior\ReadHtmlCacheBehavior [ RunTime:0.001519s ]
INFO: [ app_begin ] --END-- [ RunTime:0.002492s ]
SQL: SHOW COLUMNS FROM `cl_xq` [ RunTime:0.0159s ]
SQL: SELECT * FROM `cl_xq` ORDER BY id desc  [ RunTime:0.0016s ]
INFO: [ app_end ] --START--
INFO: Run Behavior\ShowPageTraceBehavior [ RunTime:0.001962s ]
INFO: [ app_end ] --END-- [ RunTime:0.002209s ]

[ 2017-04-02T15:36:33+08:00 ] ::1 /coalball/Home/Index/test
INFO: [ app_begin ] --START--
INFO: Run Behavior\ReadHtmlCacheBehavior [ RunTime:0.002500s ]
INFO: [ app_begin ] --END-- [ RunTime:0.003324s ]
SQL: SHOW COLUMNS FROM `cl_xq` [ RunTime:0.0228s ]
SQL: SELECT * FROM `cl_xq` ORDER BY id desc  [ RunTime:0.0007s ]
INFO: [ app_end ] --START--
INFO: Run Behavior\ShowPageTraceBehavior [ RunTime:0.001834s ]
INFO: [ app_end ] --END-- [ RunTime:0.002036s ]

[ 2017-04-02T15:39:10+08:00 ] ::1 /coalball/Home/Index/test
INFO: [ app_begin ] --START--
INFO: Run Behavior\ReadHtmlCacheBehavior [ RunTime:0.001841s ]
INFO: [ app_begin ] --END-- [ RunTime:0.002601s ]
SQL: SHOW COLUMNS FROM `cl_xq` [ RunTime:0.0185s ]
SQL: SELECT * FROM `cl_xq` ORDER BY id desc  [ RunTime:0.0009s ]
INFO: [ app_end ] --START--
INFO: Run Behavior\ShowPageTraceBehavior [ RunTime:0.001440s ]
INFO: [ app_end ] --END-- [ RunTime:0.001612s ]

[ 2017-04-02T15:39:15+08:00 ] ::1 /coalball/Home/Index/test
INFO: [ app_begin ] --START--
INFO: Run Behavior\ReadHtmlCacheBehavior [ RunTime:0.001413s ]
INFO: [ app_begin ] --END-- [ RunTime:0.002312s ]
SQL: SHOW COLUMNS FROM `cl_xq` [ RunTime:0.0189s ]
SQL: SELECT * FROM `cl_xq` ORDER BY id desc  [ RunTime:0.0009s ]
INFO: [ app_end ] --START--
INFO: Run Behavior\ShowPageTraceBehavior [ RunTime:0.001700s ]
INFO: [ app_end ] --END-- [ RunTime:0.001893s ]

[ 2017-04-02T15:41:55+08:00 ] ::1 /coalball/Home/Index/test
INFO: [ app_begin ] --START--
INFO: Run Behavior\ReadHtmlCacheBehavior [ RunTime:0.002109s ]
INFO: [ app_begin ] --END-- [ RunTime:0.002941s ]
SQL: SHOW COLUMNS FROM `cl_xq` [ RunTime:0.0170s ]
SQL: SELECT * FROM `cl_xq` ORDER BY id desc  [ RunTime:0.0014s ]
INFO: [ app_end ] --START--
INFO: Run Behavior\ShowPageTraceBehavior [ RunTime:0.001448s ]
INFO: [ app_end ] --END-- [ RunTime:0.001567s ]

[ 2017-04-02T15:42:06+08:00 ] ::1 /coalball/Home/Index/test
INFO: [ app_begin ] --START--
INFO: Run Behavior\ReadHtmlCacheBehavior [ RunTime:0.001564s ]
INFO: [ app_begin ] --END-- [ RunTime:0.002497s ]
SQL: SHOW COLUMNS FROM `cl_xq` [ RunTime:0.0136s ]
SQL: SELECT * FROM `cl_xq` ORDER BY id desc  [ RunTime:0.0008s ]
INFO: [ app_end ] --START--
INFO: Run Behavior\ShowPageTraceBehavior [ RunTime:0.001622s ]
INFO: [ app_end ] --END-- [ RunTime:0.001813s ]

[ 2017-04-02T15:57:26+08:00 ] ::1 /coalball/Home/Index/test
INFO: [ app_begin ] --START--
INFO: Run Behavior\ReadHtmlCacheBehavior [ RunTime:0.001065s ]
INFO: [ app_begin ] --END-- [ RunTime:0.001859s ]
SQL: SHOW COLUMNS FROM `cl_xq` [ RunTime:0.0201s ]
SQL: SELECT * FROM `cl_xq` ORDER BY id desc  [ RunTime:0.0009s ]
INFO: [ app_end ] --START--
INFO: Run Behavior\ShowPageTraceBehavior [ RunTime:0.002817s ]
INFO: [ app_end ] --END-- [ RunTime:0.003027s ]

[ 2017-04-02T15:57:27+08:00 ] ::1 /coalball/Home/Index/test
INFO: [ app_begin ] --START--
INFO: Run Behavior\ReadHtmlCacheBehavior [ RunTime:0.003453s ]
INFO: [ app_begin ] --END-- [ RunTime:0.005038s ]
SQL: SHOW COLUMNS FROM `cl_xq` [ RunTime:0.0143s ]
SQL: SELECT * FROM `cl_xq` ORDER BY id desc  [ RunTime:0.0008s ]
INFO: [ app_end ] --START--
INFO: Run Behavior\ShowPageTraceBehavior [ RunTime:0.001621s ]
INFO: [ app_end ] --END-- [ RunTime:0.001803s ]

[ 2017-04-02T15:57:28+08:00 ] ::1 /coalball/Home/Index/test
INFO: [ app_begin ] --START--
INFO: Run Behavior\ReadHtmlCacheBehavior [ RunTime:0.002459s ]
INFO: [ app_begin ] --END-- [ RunTime:0.003353s ]
SQL: SHOW COLUMNS FROM `cl_xq` [ RunTime:0.0418s ]
SQL: SELECT * FROM `cl_xq` ORDER BY id desc  [ RunTime:0.0008s ]
INFO: [ app_end ] --START--
INFO: Run Behavior\ShowPageTraceBehavior [ RunTime:0.001716s ]
INFO: [ app_end ] --END-- [ RunTime:0.001908s ]

[ 2017-04-02T16:00:03+08:00 ] ::1 /coalball/Home/Index/test
INFO: [ app_begin ] --START--
INFO: Run Behavior\ReadHtmlCacheBehavior [ RunTime:0.000879s ]
INFO: [ app_begin ] --END-- [ RunTime:0.001457s ]
SQL: SHOW COLUMNS FROM `cl_xq` [ RunTime:0.0270s ]
SQL: SELECT * FROM `cl_xq` ORDER BY id desc  [ RunTime:0.0012s ]
INFO: [ app_end ] --START--
INFO: Run Behavior\ShowPageTraceBehavior [ RunTime:0.002038s ]
INFO: [ app_end ] --END-- [ RunTime:0.002269s ]

[ 2017-04-02T16:03:38+08:00 ] ::1 /coalball/Home/Index/test
INFO: [ app_begin ] --START--
INFO: Run Behavior\ReadHtmlCacheBehavior [ RunTime:0.000911s ]
INFO: [ app_begin ] --END-- [ RunTime:0.001506s ]
SQL: SHOW COLUMNS FROM `cl_xq` [ RunTime:0.0140s ]
SQL: SELECT * FROM `cl_xq` ORDER BY id desc  [ RunTime:0.0011s ]
INFO: [ app_end ] --START--
INFO: Run Behavior\ShowPageTraceBehavior [ RunTime:0.002273s ]
INFO: [ app_end ] --END-- [ RunTime:0.002524s ]

[ 2017-04-02T16:04:00+08:00 ] ::1 /coalball/Home/Index/test
INFO: [ app_begin ] --START--
INFO: Run Behavior\ReadHtmlCacheBehavior [ RunTime:0.001710s ]
INFO: [ app_begin ] --END-- [ RunTime:0.002907s ]
SQL: SHOW COLUMNS FROM `cl_xq` [ RunTime:0.1605s ]
SQL: SELECT * FROM `cl_xq` ORDER BY id desc  [ RunTime:0.0008s ]
INFO: [ app_end ] --START--
INFO: Run Behavior\ShowPageTraceBehavior [ RunTime:0.001589s ]
INFO: [ app_end ] --END-- [ RunTime:0.001775s ]

[ 2017-04-02T16:04:00+08:00 ] ::1 /coalball/Home/Index/test
INFO: [ app_begin ] --START--
INFO: Run Behavior\ReadHtmlCacheBehavior [ RunTime:0.002306s ]
INFO: [ app_begin ] --END-- [ RunTime:0.003281s ]
SQL: SHOW COLUMNS FROM `cl_xq` [ RunTime:0.0285s ]
SQL: SELECT * FROM `cl_xq` ORDER BY id desc  [ RunTime:0.0027s ]
INFO: [ app_end ] --START--
INFO: Run Behavior\ShowPageTraceBehavior [ RunTime:0.003890s ]
INFO: [ app_end ] --END-- [ RunTime:0.004751s ]

[ 2017-04-02T16:04:05+08:00 ] ::1 /coalball/Home/Index/test
INFO: [ app_begin ] --START--
INFO: Run Behavior\ReadHtmlCacheBehavior [ RunTime:0.001220s ]
INFO: [ app_begin ] --END-- [ RunTime:0.001997s ]
SQL: SHOW COLUMNS FROM `cl_xq` [ RunTime:0.0174s ]
SQL: SELECT * FROM `cl_xq` ORDER BY id desc  [ RunTime:0.0014s ]
INFO: [ app_end ] --START--
INFO: Run Behavior\ShowPageTraceBehavior [ RunTime:0.003099s ]
INFO: [ app_end ] --END-- [ RunTime:0.003494s ]

[ 2017-04-02T16:04:23+08:00 ] ::1 /coalball/Home/Index/test
INFO: [ app_begin ] --START--
INFO: Run Behavior\ReadHtmlCacheBehavior [ RunTime:0.001783s ]
INFO: [ app_begin ] --END-- [ RunTime:0.004776s ]
SQL: SHOW COLUMNS FROM `cl_xq` [ RunTime:0.0194s ]
SQL: SELECT * FROM `cl_xq` ORDER BY id desc  [ RunTime:0.0010s ]
INFO: [ app_end ] --START--
INFO: Run Behavior\ShowPageTraceBehavior [ RunTime:0.001930s ]
INFO: [ app_end ] --END-- [ RunTime:0.002147s ]

[ 2017-04-02T16:04:35+08:00 ] ::1 /coalball/Home/Index/test
INFO: [ app_begin ] --START--
INFO: Run Behavior\ReadHtmlCacheBehavior [ RunTime:0.001695s ]
INFO: [ app_begin ] --END-- [ RunTime:0.002628s ]
SQL: SHOW COLUMNS FROM `cl_xq` [ RunTime:0.0191s ]
SQL: SELECT * FROM `cl_xq` ORDER BY id desc  [ RunTime:0.0011s ]
INFO: [ app_end ] --START--
INFO: Run Behavior\ShowPageTraceBehavior [ RunTime:0.002420s ]
INFO: [ app_end ] --END-- [ RunTime:0.002684s ]

[ 2017-04-02T16:04:45+08:00 ] ::1 /coalball/Home/Index/test
INFO: [ app_begin ] --START--
INFO: Run Behavior\ReadHtmlCacheBehavior [ RunTime:0.003225s ]
INFO: [ app_begin ] --END-- [ RunTime:0.004118s ]
SQL: SHOW COLUMNS FROM `cl_xq` [ RunTime:0.0167s ]
SQL: SELECT * FROM `cl_xq` ORDER BY id desc  [ RunTime:0.0009s ]
INFO: [ app_end ] --START--
INFO: Run Behavior\ShowPageTraceBehavior [ RunTime:0.003098s ]
INFO: [ app_end ] --END-- [ RunTime:0.003424s ]

[ 2017-04-02T16:05:06+08:00 ] ::1 /coalball/Home/Index/test
INFO: [ app_begin ] --START--
INFO: Run Behavior\ReadHtmlCacheBehavior [ RunTime:0.003217s ]
INFO: [ app_begin ] --END-- [ RunTime:0.004366s ]
SQL: SHOW COLUMNS FROM `cl_xq` [ RunTime:0.0247s ]
SQL: SELECT * FROM `cl_xq` ORDER BY id desc  [ RunTime:0.0011s ]
INFO: [ app_end ] --START--
INFO: Run Behavior\ShowPageTraceBehavior [ RunTime:0.002565s ]
INFO: [ app_end ] --END-- [ RunTime:0.002843s ]

