[ 2017-05-14T00:59:23+08:00 ] ::1 /coalball/index.php
INFO: [ app_init ] --START--
INFO: Run Behavior\BuildLiteBehavior [ RunTime:0.000024s ]
INFO: [ app_init ] --END-- [ RunTime:0.000426s ]
INFO: [ app_begin ] --START--
INFO: Run Behavior\ReadHtmlCacheBehavior [ RunTime:0.074547s ]
INFO: [ app_begin ] --END-- [ RunTime:0.074705s ]
SQL: SHOW COLUMNS FROM `cl_client` [ RunTime:0.3364s ]
NOTIC: [8] Use of undefined constant headimg - assumed 'headimg' D:\wojiu\xiangmu\wamp\www\coalball\Application\Home\Controller\IndexController.class.php 第 11 行.
NOTIC: [8] Use of undefined constant uid - assumed 'uid' D:\wojiu\xiangmu\wamp\www\coalball\Application\Home\Controller\IndexController.class.php 第 11 行.
SQL: SELECT `uid`,`username` FROM `cl_client`  [ RunTime:0.0016s ]
INFO: [ view_parse ] --START--
INFO: [ template_filter ] --START--
INFO: Run Behavior\ContentReplaceBehavior [ RunTime:0.011933s ]
INFO: [ template_filter ] --END-- [ RunTime:0.012383s ]
NOTIC: [8] Undefined index: img D:\wojiu\xiangmu\wamp\www\coalball\Application\Runtime\Cache\Home\f324508a16a2d221eb71b92d9fd560ca.php 第 193 行.
NOTIC: [8] Undefined index: name D:\wojiu\xiangmu\wamp\www\coalball\Application\Runtime\Cache\Home\f324508a16a2d221eb71b92d9fd560ca.php 第 197 行.
INFO: Run Behavior\ParseTemplateBehavior [ RunTime:0.463186s ]
INFO: [ view_parse ] --END-- [ RunTime:0.463459s ]
INFO: [ view_filter ] --START--
INFO: Run Behavior\WriteHtmlCacheBehavior [ RunTime:0.044472s ]
INFO: [ view_filter ] --END-- [ RunTime:0.044697s ]
NOTIC: [8] Undefined variable: testJson D:\wojiu\xiangmu\wamp\www\coalball\Application\Home\Controller\IndexController.class.php 第 14 行.
INFO: [ app_end ] --START--
INFO: Run Behavior\ShowPageTraceBehavior [ RunTime:0.066325s ]
INFO: [ app_end ] --END-- [ RunTime:0.066527s ]

[ 2017-05-14T00:59:23+08:00 ] ::1 /coalball/Home/Index/test
INFO: [ app_init ] --START--
INFO: Run Behavior\BuildLiteBehavior [ RunTime:0.000044s ]
INFO: [ app_init ] --END-- [ RunTime:0.000888s ]
INFO: [ app_begin ] --START--
INFO: Run Behavior\ReadHtmlCacheBehavior [ RunTime:0.000964s ]
INFO: [ app_begin ] --END-- [ RunTime:0.001075s ]
SQL: SHOW COLUMNS FROM `cl_xq` [ RunTime:0.0543s ]
SQL: SELECT * FROM `cl_xq` ORDER BY id desc  [ RunTime:0.0114s ]
INFO: [ app_end ] --START--
INFO: Run Behavior\ShowPageTraceBehavior [ RunTime:0.001080s ]
INFO: [ app_end ] --END-- [ RunTime:0.001189s ]

[ 2017-05-14T10:02:41+08:00 ] ::1 /coalball/index.php
INFO: [ app_init ] --START--
INFO: Run Behavior\BuildLiteBehavior [ RunTime:0.000040s ]
INFO: [ app_init ] --END-- [ RunTime:0.048576s ]
INFO: [ app_begin ] --START--
INFO: Run Behavior\ReadHtmlCacheBehavior [ RunTime:0.035670s ]
INFO: [ app_begin ] --END-- [ RunTime:0.035856s ]
SQL: SHOW COLUMNS FROM `cl_client` [ RunTime:0.3574s ]
NOTIC: [8] Use of undefined constant headimg - assumed 'headimg' D:\wojiu\xiangmu\wamp\www\coalball\Application\Home\Controller\IndexController.class.php 第 11 行.
NOTIC: [8] Use of undefined constant uid - assumed 'uid' D:\wojiu\xiangmu\wamp\www\coalball\Application\Home\Controller\IndexController.class.php 第 11 行.
SQL: SELECT `uid`,`username` FROM `cl_client`  [ RunTime:0.0010s ]
INFO: [ view_parse ] --START--
INFO: [ template_filter ] --START--
INFO: Run Behavior\ContentReplaceBehavior [ RunTime:0.013507s ]
INFO: [ template_filter ] --END-- [ RunTime:0.013710s ]
NOTIC: [8] Undefined index: img D:\wojiu\xiangmu\wamp\www\coalball\Application\Runtime\Cache\Home\f324508a16a2d221eb71b92d9fd560ca.php 第 193 行.
NOTIC: [8] Undefined index: name D:\wojiu\xiangmu\wamp\www\coalball\Application\Runtime\Cache\Home\f324508a16a2d221eb71b92d9fd560ca.php 第 197 行.
INFO: Run Behavior\ParseTemplateBehavior [ RunTime:0.346653s ]
INFO: [ view_parse ] --END-- [ RunTime:0.346814s ]
INFO: [ view_filter ] --START--
INFO: Run Behavior\WriteHtmlCacheBehavior [ RunTime:0.044630s ]
INFO: [ view_filter ] --END-- [ RunTime:0.044827s ]
NOTIC: [8] Undefined variable: testJson D:\wojiu\xiangmu\wamp\www\coalball\Application\Home\Controller\IndexController.class.php 第 14 行.
INFO: [ app_end ] --START--
INFO: Run Behavior\ShowPageTraceBehavior [ RunTime:0.029871s ]
INFO: [ app_end ] --END-- [ RunTime:0.030085s ]

[ 2017-05-14T10:02:42+08:00 ] ::1 /coalball/Home/Index/test
INFO: [ app_init ] --START--
INFO: Run Behavior\BuildLiteBehavior [ RunTime:0.000047s ]
INFO: [ app_init ] --END-- [ RunTime:0.000829s ]
INFO: [ app_begin ] --START--
INFO: Run Behavior\ReadHtmlCacheBehavior [ RunTime:0.000963s ]
INFO: [ app_begin ] --END-- [ RunTime:0.001182s ]
SQL: SHOW COLUMNS FROM `cl_xq` [ RunTime:0.0830s ]
SQL: SELECT * FROM `cl_xq` ORDER BY id desc  [ RunTime:0.0190s ]
INFO: [ app_end ] --START--
INFO: Run Behavior\ShowPageTraceBehavior [ RunTime:0.001513s ]
INFO: [ app_end ] --END-- [ RunTime:0.001726s ]

