[ 2017-04-01T11:04:59+08:00 ] ::1 /coalball/Home/Index/test
INFO: [ app_begin ] --START--
INFO: Run Behavior\ReadHtmlCacheBehavior [ RunTime:0.002430s ]
INFO: [ app_begin ] --END-- [ RunTime:0.003126s ]
SQL: SHOW COLUMNS FROM `cl_xq` [ RunTime:0.0713s ]
SQL: SELECT * FROM `cl_xq` ORDER BY id desc  [ RunTime:0.0010s ]
INFO: [ app_end ] --START--
INFO: Run Behavior\ShowPageTraceBehavior [ RunTime:0.001556s ]
INFO: [ app_end ] --END-- [ RunTime:0.001768s ]

[ 2017-04-01T11:05:46+08:00 ] ::1 /coalball/Home/Index/test
INFO: [ app_begin ] --START--
INFO: Run Behavior\ReadHtmlCacheBehavior [ RunTime:0.002178s ]
INFO: [ app_begin ] --END-- [ RunTime:0.002902s ]
SQL: SHOW COLUMNS FROM `cl_xq` [ RunTime:0.0114s ]
SQL: SELECT * FROM `cl_xq` ORDER BY id desc  [ RunTime:0.0005s ]
INFO: [ app_end ] --START--
INFO: Run Behavior\ShowPageTraceBehavior [ RunTime:0.001020s ]
INFO: [ app_end ] --END-- [ RunTime:0.001149s ]

[ 2017-04-01T11:07:06+08:00 ] ::1 /coalball/Home/Index/test
INFO: [ app_begin ] --START--
INFO: Run Behavior\ReadHtmlCacheBehavior [ RunTime:0.000785s ]
INFO: [ app_begin ] --END-- [ RunTime:0.001276s ]
SQL: SHOW COLUMNS FROM `cl_xq` [ RunTime:0.0128s ]
SQL: SELECT * FROM `cl_xq` ORDER BY id desc  [ RunTime:0.0006s ]
INFO: [ app_end ] --START--
INFO: Run Behavior\ShowPageTraceBehavior [ RunTime:0.001540s ]
INFO: [ app_end ] --END-- [ RunTime:0.001735s ]

[ 2017-04-01T11:07:28+08:00 ] ::1 /coalball/Home/Index/test
INFO: [ app_begin ] --START--
INFO: Run Behavior\ReadHtmlCacheBehavior [ RunTime:0.001610s ]
INFO: [ app_begin ] --END-- [ RunTime:0.002430s ]
SQL: SHOW COLUMNS FROM `cl_xq` [ RunTime:0.0175s ]
SQL: SELECT * FROM `cl_xq` ORDER BY id desc  [ RunTime:0.0005s ]
INFO: [ app_end ] --START--
INFO: Run Behavior\ShowPageTraceBehavior [ RunTime:0.001254s ]
INFO: [ app_end ] --END-- [ RunTime:0.001403s ]

[ 2017-04-01T11:07:55+08:00 ] ::1 /coalball/Home/Index/test
INFO: [ app_begin ] --START--
INFO: Run Behavior\ReadHtmlCacheBehavior [ RunTime:0.001046s ]
INFO: [ app_begin ] --END-- [ RunTime:0.001812s ]
SQL: SHOW COLUMNS FROM `cl_xq` [ RunTime:0.0531s ]
SQL: SELECT * FROM `cl_xq` ORDER BY id desc  [ RunTime:0.0009s ]
INFO: [ app_end ] --START--
INFO: Run Behavior\ShowPageTraceBehavior [ RunTime:0.001753s ]
INFO: [ app_end ] --END-- [ RunTime:0.001985s ]

[ 2017-04-01T11:08:15+08:00 ] ::1 /coalball/Home/Index/test
INFO: [ app_begin ] --START--
INFO: Run Behavior\ReadHtmlCacheBehavior [ RunTime:0.001330s ]
INFO: [ app_begin ] --END-- [ RunTime:0.002336s ]
SQL: SHOW COLUMNS FROM `cl_xq` [ RunTime:0.0298s ]
SQL: SELECT * FROM `cl_xq` ORDER BY id desc  [ RunTime:0.0005s ]
INFO: [ app_end ] --START--
INFO: Run Behavior\ShowPageTraceBehavior [ RunTime:0.000941s ]
INFO: [ app_end ] --END-- [ RunTime:0.001033s ]

[ 2017-04-01T11:14:43+08:00 ] ::1 /coalball/Home/Index/test
INFO: [ app_begin ] --START--
INFO: Run Behavior\ReadHtmlCacheBehavior [ RunTime:0.001118s ]
INFO: [ app_begin ] --END-- [ RunTime:0.002277s ]
SQL: SHOW COLUMNS FROM `cl_xq` [ RunTime:0.0163s ]
SQL: SELECT * FROM `cl_xq` ORDER BY id desc  [ RunTime:0.0008s ]
INFO: [ app_end ] --START--
INFO: Run Behavior\ShowPageTraceBehavior [ RunTime:0.001766s ]
INFO: [ app_end ] --END-- [ RunTime:0.001975s ]

[ 2017-04-01T11:15:17+08:00 ] ::1 /coalball/Home/Index/test
INFO: [ app_begin ] --START--
INFO: Run Behavior\ReadHtmlCacheBehavior [ RunTime:0.001313s ]
INFO: [ app_begin ] --END-- [ RunTime:0.002277s ]
SQL: SHOW COLUMNS FROM `cl_xq` [ RunTime:0.0172s ]
SQL: SELECT * FROM `cl_xq` ORDER BY id desc  [ RunTime:0.0006s ]
INFO: [ app_end ] --START--
INFO: Run Behavior\ShowPageTraceBehavior [ RunTime:0.001644s ]
INFO: [ app_end ] --END-- [ RunTime:0.001820s ]

[ 2017-04-01T11:15:32+08:00 ] ::1 /coalball/Home/Index/test
INFO: [ app_begin ] --START--
INFO: Run Behavior\ReadHtmlCacheBehavior [ RunTime:0.001159s ]
INFO: [ app_begin ] --END-- [ RunTime:0.001936s ]
SQL: SHOW COLUMNS FROM `cl_xq` [ RunTime:0.0679s ]
SQL: SELECT * FROM `cl_xq` ORDER BY id desc  [ RunTime:0.0006s ]
INFO: [ app_end ] --START--
INFO: Run Behavior\ShowPageTraceBehavior [ RunTime:0.000935s ]
INFO: [ app_end ] --END-- [ RunTime:0.001028s ]

[ 2017-04-01T11:15:57+08:00 ] ::1 /coalball/Home/Index/test
INFO: [ app_begin ] --START--
INFO: Run Behavior\ReadHtmlCacheBehavior [ RunTime:0.001276s ]
INFO: [ app_begin ] --END-- [ RunTime:0.004078s ]
SQL: SHOW COLUMNS FROM `cl_xq` [ RunTime:0.0197s ]
SQL: SELECT * FROM `cl_xq` ORDER BY id desc  [ RunTime:0.0025s ]
INFO: [ app_end ] --START--
INFO: Run Behavior\ShowPageTraceBehavior [ RunTime:0.001002s ]
INFO: [ app_end ] --END-- [ RunTime:0.001110s ]

[ 2017-04-01T11:16:45+08:00 ] ::1 /coalball/Home/Index/test
INFO: [ app_begin ] --START--
INFO: Run Behavior\ReadHtmlCacheBehavior [ RunTime:0.001168s ]
INFO: [ app_begin ] --END-- [ RunTime:0.001876s ]
SQL: SHOW COLUMNS FROM `cl_xq` [ RunTime:0.0112s ]
SQL: SELECT * FROM `cl_xq` ORDER BY id desc  [ RunTime:0.0006s ]
INFO: [ app_end ] --START--
INFO: Run Behavior\ShowPageTraceBehavior [ RunTime:0.000991s ]
INFO: [ app_end ] --END-- [ RunTime:0.001090s ]

[ 2017-04-01T11:17:03+08:00 ] ::1 /coalball/Home/Index/test
INFO: [ app_begin ] --START--
INFO: Run Behavior\ReadHtmlCacheBehavior [ RunTime:0.001123s ]
INFO: [ app_begin ] --END-- [ RunTime:0.001759s ]
SQL: SHOW COLUMNS FROM `cl_xq` [ RunTime:0.0250s ]
SQL: SELECT * FROM `cl_xq` ORDER BY id desc  [ RunTime:0.0006s ]
INFO: [ app_end ] --START--
INFO: Run Behavior\ShowPageTraceBehavior [ RunTime:0.001020s ]
INFO: [ app_end ] --END-- [ RunTime:0.001141s ]

[ 2017-04-01T11:17:16+08:00 ] ::1 /coalball/Home/Index/test
INFO: [ app_begin ] --START--
INFO: Run Behavior\ReadHtmlCacheBehavior [ RunTime:0.000689s ]
INFO: [ app_begin ] --END-- [ RunTime:0.001177s ]
SQL: SHOW COLUMNS FROM `cl_xq` [ RunTime:0.0129s ]
SQL: SELECT * FROM `cl_xq` ORDER BY id desc  [ RunTime:0.0007s ]
INFO: [ app_end ] --START--
INFO: Run Behavior\ShowPageTraceBehavior [ RunTime:0.001002s ]
INFO: [ app_end ] --END-- [ RunTime:0.001114s ]

[ 2017-04-01T11:17:21+08:00 ] ::1 /coalball/Home/Index/test
INFO: [ app_begin ] --START--
INFO: Run Behavior\ReadHtmlCacheBehavior [ RunTime:0.000904s ]
INFO: [ app_begin ] --END-- [ RunTime:0.001476s ]
SQL: SHOW COLUMNS FROM `cl_xq` [ RunTime:0.0459s ]
SQL: SELECT * FROM `cl_xq` ORDER BY id desc  [ RunTime:0.0024s ]
INFO: [ app_end ] --START--
INFO: Run Behavior\ShowPageTraceBehavior [ RunTime:0.001508s ]
INFO: [ app_end ] --END-- [ RunTime:0.001814s ]

[ 2017-04-01T11:19:09+08:00 ] ::1 /coalball/Home/Index/test
INFO: [ app_begin ] --START--
INFO: Run Behavior\ReadHtmlCacheBehavior [ RunTime:0.001124s ]
INFO: [ app_begin ] --END-- [ RunTime:0.001671s ]
SQL: SHOW COLUMNS FROM `cl_xq` [ RunTime:0.0103s ]
SQL: SELECT * FROM `cl_xq` ORDER BY id desc  [ RunTime:0.0007s ]
INFO: [ app_end ] --START--
INFO: Run Behavior\ShowPageTraceBehavior [ RunTime:0.001160s ]
INFO: [ app_end ] --END-- [ RunTime:0.001303s ]

[ 2017-04-01T11:19:13+08:00 ] ::1 /coalball/Home/Index/test
INFO: [ app_begin ] --START--
INFO: Run Behavior\ReadHtmlCacheBehavior [ RunTime:0.001156s ]
INFO: [ app_begin ] --END-- [ RunTime:0.001900s ]
SQL: SHOW COLUMNS FROM `cl_xq` [ RunTime:0.0150s ]
SQL: SELECT * FROM `cl_xq` ORDER BY id desc  [ RunTime:0.0008s ]
INFO: [ app_end ] --START--
INFO: Run Behavior\ShowPageTraceBehavior [ RunTime:0.001413s ]
INFO: [ app_end ] --END-- [ RunTime:0.001595s ]

[ 2017-04-01T11:19:15+08:00 ] ::1 /coalball/Home/Index/test
INFO: [ app_begin ] --START--
INFO: Run Behavior\ReadHtmlCacheBehavior [ RunTime:0.001016s ]
INFO: [ app_begin ] --END-- [ RunTime:0.001500s ]
SQL: SHOW COLUMNS FROM `cl_xq` [ RunTime:0.0192s ]
SQL: SELECT * FROM `cl_xq` ORDER BY id desc  [ RunTime:0.0012s ]
INFO: [ app_end ] --START--
INFO: Run Behavior\ShowPageTraceBehavior [ RunTime:0.001809s ]
INFO: [ app_end ] --END-- [ RunTime:0.002043s ]

[ 2017-04-01T11:19:17+08:00 ] ::1 /coalball/Home/Index/test
INFO: [ app_begin ] --START--
INFO: Run Behavior\ReadHtmlCacheBehavior [ RunTime:0.000938s ]
INFO: [ app_begin ] --END-- [ RunTime:0.001797s ]
SQL: SHOW COLUMNS FROM `cl_xq` [ RunTime:0.0083s ]
SQL: SELECT * FROM `cl_xq` ORDER BY id desc  [ RunTime:0.0010s ]
INFO: [ app_end ] --START--
INFO: Run Behavior\ShowPageTraceBehavior [ RunTime:0.000955s ]
INFO: [ app_end ] --END-- [ RunTime:0.001048s ]

[ 2017-04-01T11:20:06+08:00 ] ::1 /coalball/Home/Index/test
INFO: [ app_begin ] --START--
INFO: Run Behavior\ReadHtmlCacheBehavior [ RunTime:0.002231s ]
INFO: [ app_begin ] --END-- [ RunTime:0.003532s ]
SQL: SHOW COLUMNS FROM `cl_xq` [ RunTime:0.0378s ]
SQL: SELECT * FROM `cl_xq` ORDER BY id desc  [ RunTime:0.0008s ]
INFO: [ app_end ] --START--
INFO: Run Behavior\ShowPageTraceBehavior [ RunTime:0.005228s ]
INFO: [ app_end ] --END-- [ RunTime:0.005531s ]

[ 2017-04-01T16:18:52+08:00 ] ::1 /coalball/Home/Index/test
INFO: [ app_begin ] --START--
INFO: Run Behavior\ReadHtmlCacheBehavior [ RunTime:0.002027s ]
INFO: [ app_begin ] --END-- [ RunTime:0.003436s ]
SQL: SHOW COLUMNS FROM `cl_xq` [ RunTime:0.0342s ]
SQL: SELECT * FROM `cl_xq` ORDER BY id desc  [ RunTime:0.0008s ]
INFO: [ app_end ] --START--
INFO: Run Behavior\ShowPageTraceBehavior [ RunTime:0.000920s ]
INFO: [ app_end ] --END-- [ RunTime:0.001012s ]

[ 2017-04-01T21:36:52+08:00 ] ::1 /coalball/Home/Index/test
INFO: [ app_begin ] --START--
INFO: Run Behavior\ReadHtmlCacheBehavior [ RunTime:0.002332s ]
INFO: [ app_begin ] --END-- [ RunTime:0.004162s ]
SQL: SHOW COLUMNS FROM `cl_xq` [ RunTime:0.0161s ]
SQL: SELECT * FROM `cl_xq` ORDER BY id desc  [ RunTime:0.0225s ]
INFO: [ app_end ] --START--
INFO: Run Behavior\ShowPageTraceBehavior [ RunTime:0.002217s ]
INFO: [ app_end ] --END-- [ RunTime:0.002377s ]

