[ 2017-03-30T16:38:19+08:00 ] ::1 /coalball/Home/Index/logout
ERR: Think\Model:log方法不存在！

[ 2017-03-30T16:44:46+08:00 ] ::1 /coalball/Home/Index/logout
ERR: Think\Model:test方法不存在！

[ 2017-03-30T16:46:22+08:00 ] ::1 /coalball/Home/Index/logout
ERR: Think\Model:test方法不存在！

[ 2017-03-30T16:46:43+08:00 ] ::1 /coalball/Home/Index/logout
ERR: Think\Model:test方法不存在！

[ 2017-03-30T16:48:34+08:00 ] ::1 /coalball/Home/Index/logout
ERR: 1146:Table 'coalball.cl_client_model' doesn't exist
 [ SQL语句 ] : SHOW COLUMNS FROM `cl_client_model`

[ 2017-03-30T16:49:07+08:00 ] ::1 /coalball/Home/Index/logout
ERR: 1146:Table 'coalball.cl_client_model' doesn't exist
 [ SQL语句 ] : SHOW COLUMNS FROM `cl_client_model`

[ 2017-03-30T16:51:22+08:00 ] ::1 /coalball/Home/Index/logout
ERR: 1146:Table 'coalball.cl_client_model' doesn't exist
 [ SQL语句 ] : SHOW COLUMNS FROM `cl_client_model`

[ 2017-03-30T16:51:47+08:00 ] ::1 /coalball/Home/Index/logout
ERR: 1146:Table 'coalball.cl_client_model' doesn't exist
 [ SQL语句 ] : SHOW COLUMNS FROM `cl_client_model`

[ 2017-03-30T16:52:07+08:00 ] ::1 /coalball/Home/Index/logout
ERR: Think\Model:test方法不存在！

[ 2017-03-30T16:52:36+08:00 ] ::1 /coalball/Home/Index/logout
ERR: Think\Model:test方法不存在！

[ 2017-03-30T16:54:38+08:00 ] ::1 /coalball/Home/Index/logout
ERR: Think\Model:test方法不存在！

[ 2017-03-30T16:54:42+08:00 ] ::1 /coalball/Home/Index/logout
ERR: Think\Model:test方法不存在！

[ 2017-03-30T16:56:58+08:00 ] ::1 /coalball/Home/Index/logout
ERR: 1146:Table 'coalball.cl_client_model' doesn't exist
 [ SQL语句 ] : SHOW COLUMNS FROM `cl_client_model`

[ 2017-03-30T17:02:24+08:00 ] ::1 /coalball/Home/Index/logout
ERR: Think\Model:test方法不存在！

