[ 2017-02-13T13:15:39+08:00 ] ::1 /coalball/index.php
INFO: [ app_init ] --START--
INFO: Run Behavior\BuildLiteBehavior [ RunTime:0.000024s ]
INFO: [ app_init ] --END-- [ RunTime:0.000557s ]
INFO: [ app_begin ] --START--
INFO: Run Behavior\ReadHtmlCacheBehavior [ RunTime:0.000855s ]
INFO: [ app_begin ] --END-- [ RunTime:0.000992s ]
INFO: [ view_parse ] --START--
INFO: [ template_filter ] --START--
INFO: Run Behavior\ContentReplaceBehavior [ RunTime:0.061149s ]
INFO: [ template_filter ] --END-- [ RunTime:0.061301s ]
INFO: Run Behavior\ParseTemplateBehavior [ RunTime:0.069536s ]
INFO: [ view_parse ] --END-- [ RunTime:0.069664s ]
INFO: [ view_filter ] --START--
INFO: Run Behavior\WriteHtmlCacheBehavior [ RunTime:0.000871s ]
INFO: [ view_filter ] --END-- [ RunTime:0.001085s ]
INFO: [ app_end ] --START--
INFO: Run Behavior\ShowPageTraceBehavior [ RunTime:0.003606s ]
INFO: [ app_end ] --END-- [ RunTime:0.003998s ]

[ 2017-02-13T14:38:10+08:00 ] ::1 /coalball/index.php
ERR: 模板不存在:./Application/Home/View/Index/indexhtml.html

