[ 2017-02-15T11:13:24+08:00 ] ::1 /coalball/Home/Index/upload
ERR: 1048:Column 'path' cannot be null
 [ SQL语句 ] : INSERT INTO `cl_xq` (`title`,`update_time`,`content`,`overtime`,`path`,`savename`) VALUES ('454','2017-02-15','queidng','2017-02-25',NULL,NULL)

[ 2017-02-15T13:43:49+08:00 ] ::1 /coalball/Home/Index/upload
ERR: 1048:Column 'path' cannot be null
 [ SQL语句 ] : INSERT INTO `cl_xq` (`title`,`update_time`,`content`,`overtime`,`path`,`savename`,`cate`) VALUES ('煤球网','2017-02-15','心事谁人知','2017-02-25',NULL,NULL,'其他')

[ 2017-02-15T13:53:29+08:00 ] ::1 /coalball/Home/Index/upload
ERR: 1048:Column 'path' cannot be null
 [ SQL语句 ] : INSERT INTO `cl_xq` (`title`,`update_time`,`content`,`overtime`,`path`,`savename`,`cate`) VALUES ('煤球网','2017-02-15','心事谁人知','2017-02-25',NULL,NULL,'学习')

[ 2017-02-15T13:54:42+08:00 ] ::1 /coalball/Home/Index/upload
ERR: 1048:Column 'path' cannot be null
 [ SQL语句 ] : INSERT INTO `cl_xq` (`title`,`update_time`,`content`,`overtime`,`path`,`savename`,`cate`) VALUES ('123','2017-02-15','心事谁人知','2017-02-25',NULL,NULL,'学习')

[ 2017-02-15T14:04:06+08:00 ] ::1 /coalball/Home/Index/upload
ERR: 1048:Column 'savename0' cannot be null
 [ SQL语句 ] : INSERT INTO `cl_xq` (`title`,`update_time`,`content`,`overtime`,`savename0`,`path0`,`savename1`,`path1`,`cate`) VALUES ('煤球网','2017-02-15','心事谁人知','2017-02-25',NULL,NULL,NULL,NULL,'学习')

[ 2017-02-15T14:07:20+08:00 ] ::1 /coalball/Home/Index/upload
ERR: 1048:Column 'savename0' cannot be null
 [ SQL语句 ] : INSERT INTO `cl_xq` (`title`,`update_time`,`content`,`overtime`,`savename0`,`path0`,`savename1`,`path1`,`cate`) VALUES ('12','2017-02-15','心事谁人知','2017-02-25',NULL,NULL,NULL,NULL,'学习')

[ 2017-02-15T14:26:28+08:00 ] ::1 /coalball/Home/Index/upload
ERR: 1048:Column 'savename0' cannot be null
 [ SQL语句 ] : INSERT INTO `cl_xq` (`title`,`update_time`,`content`,`overtime`,`savename0`,`path0`,`savename1`,`path1`,`cate`) VALUES ('嗯哼','2017-02-15','不能说的秘密','2017-02-25',NULL,NULL,NULL,NULL,'学习')

