[ 2017-03-31T07:23:07+08:00 ] ::1 /coalball/Application/Home/Common/css/img/%C3%A6%E2%80%9D%C2%BE%C3%A5%C2%A4%C2%A7%C3%A9%E2%80%A2%C5%93.png
ERR: 无法加载模块:Application

[ 2017-03-31T07:23:07+08:00 ] ::1 /coalball/Application/Home/Common/css/img/%C3%A8%C2%B5%E2%80%9E%C3%A6%C2%BA%C2%907.png
ERR: 无法加载模块:Application

[ 2017-03-31T07:23:07+08:00 ] ::1 /coalball/Application/Home/Common/css/img/%C3%A8%C2%B5%E2%80%9E%C3%A6%C2%BA%C2%908.png
ERR: 无法加载模块:Application

[ 2017-03-31T18:24:38+08:00 ] ::1 /coalball/img/lol2.png
ERR: 无法加载模块:Img

[ 2017-03-31T18:24:38+08:00 ] ::1 /coalball/img/lol1.png
ERR: 无法加载模块:Img

[ 2017-03-31T18:24:39+08:00 ] ::1 /coalball/img/lol1.png
ERR: 无法加载模块:Img

[ 2017-03-31T18:24:39+08:00 ] ::1 /coalball/img/lol2.png
ERR: 无法加载模块:Img

[ 2017-03-31T18:24:39+08:00 ] ::1 /coalball/img/lol2.png
ERR: 无法加载模块:Img

[ 2017-03-31T18:24:39+08:00 ] ::1 /coalball/img/lol1.png
ERR: 无法加载模块:Img

[ 2017-03-31T18:24:40+08:00 ] ::1 /coalball/img/lol1.png
ERR: 无法加载模块:Img

[ 2017-03-31T18:24:40+08:00 ] ::1 /coalball/img/lol2.png
ERR: 无法加载模块:Img

[ 2017-03-31T18:24:40+08:00 ] ::1 /coalball/img/lol1.png
ERR: 无法加载模块:Img

[ 2017-03-31T18:24:40+08:00 ] ::1 /coalball/img/lol2.png
ERR: 无法加载模块:Img

[ 2017-03-31T18:24:41+08:00 ] ::1 /coalball/img/lol2.png
ERR: 无法加载模块:Img

[ 2017-03-31T18:24:41+08:00 ] ::1 /coalball/img/lol1.png
ERR: 无法加载模块:Img

[ 2017-03-31T18:24:41+08:00 ] ::1 /coalball/img/lol2.png
ERR: 无法加载模块:Img

[ 2017-03-31T18:24:41+08:00 ] ::1 /coalball/img/lol1.png
ERR: 无法加载模块:Img

[ 2017-03-31T18:24:42+08:00 ] ::1 /coalball/img/lol1.png
ERR: 无法加载模块:Img

[ 2017-03-31T18:24:42+08:00 ] ::1 /coalball/img/lol2.png
ERR: 无法加载模块:Img

[ 2017-03-31T18:25:37+08:00 ] ::1 /coalball/img/lol1.png
ERR: 无法加载模块:Img

[ 2017-03-31T18:25:37+08:00 ] ::1 /coalball/img/lol2.png
ERR: 无法加载模块:Img

[ 2017-03-31T18:25:44+08:00 ] ::1 /coalball/img/lol1.png
ERR: 无法加载模块:Img

[ 2017-03-31T18:25:44+08:00 ] ::1 /coalball/img/lol2.png
ERR: 无法加载模块:Img

[ 2017-03-31T18:25:45+08:00 ] ::1 /coalball/img/lol2.png
ERR: 无法加载模块:Img

[ 2017-03-31T18:25:45+08:00 ] ::1 /coalball/img/lol1.png
ERR: 无法加载模块:Img

[ 2017-03-31T18:25:45+08:00 ] ::1 /coalball/img/lol2.png
ERR: 无法加载模块:Img

[ 2017-03-31T18:25:45+08:00 ] ::1 /coalball/img/lol1.png
ERR: 无法加载模块:Img

[ 2017-03-31T18:25:46+08:00 ] ::1 /coalball/img/lol2.png
ERR: 无法加载模块:Img

[ 2017-03-31T18:25:46+08:00 ] ::1 /coalball/img/lol1.png
ERR: 无法加载模块:Img

[ 2017-03-31T18:25:46+08:00 ] ::1 /coalball/img/lol2.png
ERR: 无法加载模块:Img

[ 2017-03-31T18:25:46+08:00 ] ::1 /coalball/img/lol1.png
ERR: 无法加载模块:Img

[ 2017-03-31T18:25:47+08:00 ] ::1 /coalball/img/lol1.png
ERR: 无法加载模块:Img

[ 2017-03-31T18:25:47+08:00 ] ::1 /coalball/img/lol2.png
ERR: 无法加载模块:Img

[ 2017-03-31T18:25:47+08:00 ] ::1 /coalball/img/lol2.png
ERR: 无法加载模块:Img

[ 2017-03-31T18:25:47+08:00 ] ::1 /coalball/img/lol1.png
ERR: 无法加载模块:Img

[ 2017-03-31T18:25:47+08:00 ] ::1 /coalball/img/lol1.png
ERR: 无法加载模块:Img

[ 2017-03-31T18:25:47+08:00 ] ::1 /coalball/img/lol2.png
ERR: 无法加载模块:Img

[ 2017-03-31T18:25:48+08:00 ] ::1 /coalball/img/lol1.png
ERR: 无法加载模块:Img

[ 2017-03-31T18:25:48+08:00 ] ::1 /coalball/img/lol2.png
ERR: 无法加载模块:Img

[ 2017-03-31T18:26:07+08:00 ] ::1 /coalball/img/lol1.png
ERR: 无法加载模块:Img

[ 2017-03-31T18:26:07+08:00 ] ::1 /coalball/img/lol2.png
ERR: 无法加载模块:Img

[ 2017-03-31T18:26:08+08:00 ] ::1 /coalball/img/lol2.png
ERR: 无法加载模块:Img

[ 2017-03-31T18:26:08+08:00 ] ::1 /coalball/img/lol1.png
ERR: 无法加载模块:Img

[ 2017-03-31T18:26:34+08:00 ] ::1 /coalball/img/lol2.png
ERR: 无法加载模块:Img

[ 2017-03-31T18:26:34+08:00 ] ::1 /coalball/img/lol1.png
ERR: 无法加载模块:Img

[ 2017-03-31T18:26:34+08:00 ] ::1 /coalball/img/lol2.png
ERR: 无法加载模块:Img

[ 2017-03-31T18:26:34+08:00 ] ::1 /coalball/img/lol1.png
ERR: 无法加载模块:Img

[ 2017-03-31T19:40:33+08:00 ] ::1 /coalball/Application/Home/Common/css/img/%C3%A8%C2%B5%E2%80%9E%C3%A6%C2%BA%C2%907.png
ERR: 无法加载模块:Application

[ 2017-03-31T19:40:33+08:00 ] ::1 /coalball/Application/Home/Common/css/img/%C3%A6%E2%80%9D%C2%BE%C3%A5%C2%A4%C2%A7%C3%A9%E2%80%A2%C5%93.png
ERR: 无法加载模块:Application

[ 2017-03-31T19:40:33+08:00 ] ::1 /coalball/Application/Home/Common/css/img/%C3%A8%C2%B5%E2%80%9E%C3%A6%C2%BA%C2%908.png
ERR: 无法加载模块:Application

[ 2017-03-31T22:05:13+08:00 ] ::1 /coalball/img/lol1.png
ERR: 无法加载模块:Img

[ 2017-03-31T22:05:13+08:00 ] ::1 /coalball/img/lol2.png
ERR: 无法加载模块:Img

[ 2017-03-31T22:05:13+08:00 ] ::1 /coalball/img/lol1.png
ERR: 无法加载模块:Img

[ 2017-03-31T22:05:13+08:00 ] ::1 /coalball/img/lol2.png
ERR: 无法加载模块:Img

[ 2017-03-31T22:05:14+08:00 ] ::1 /coalball/img/lol2.png
ERR: 无法加载模块:Img

[ 2017-03-31T22:05:14+08:00 ] ::1 /coalball/img/lol1.png
ERR: 无法加载模块:Img

[ 2017-03-31T22:05:37+08:00 ] ::1 /coalball/img/lol2.png
ERR: 无法加载模块:Img

[ 2017-03-31T22:05:37+08:00 ] ::1 /coalball/img/lol1.png
ERR: 无法加载模块:Img

[ 2017-03-31T22:05:38+08:00 ] ::1 /coalball/img/lol1.png
ERR: 无法加载模块:Img

[ 2017-03-31T22:05:38+08:00 ] ::1 /coalball/img/lol2.png
ERR: 无法加载模块:Img

[ 2017-03-31T22:05:38+08:00 ] ::1 /coalball/img/lol2.png
ERR: 无法加载模块:Img

[ 2017-03-31T22:05:38+08:00 ] ::1 /coalball/img/lol1.png
ERR: 无法加载模块:Img

[ 2017-03-31T22:05:38+08:00 ] ::1 /coalball/img/lol2.png
ERR: 无法加载模块:Img

[ 2017-03-31T22:05:38+08:00 ] ::1 /coalball/img/lol1.png
ERR: 无法加载模块:Img

[ 2017-03-31T22:05:39+08:00 ] ::1 /coalball/img/lol2.png
ERR: 无法加载模块:Img

[ 2017-03-31T22:05:39+08:00 ] ::1 /coalball/img/lol1.png
ERR: 无法加载模块:Img

[ 2017-03-31T22:06:34+08:00 ] ::1 /coalball/img/lol1.png
ERR: 无法加载模块:Img

[ 2017-03-31T22:06:34+08:00 ] ::1 /coalball/img/lol2.png
ERR: 无法加载模块:Img

[ 2017-03-31T22:06:34+08:00 ] ::1 /coalball/img/lol2.png
ERR: 无法加载模块:Img

[ 2017-03-31T22:06:34+08:00 ] ::1 /coalball/img/lol1.png
ERR: 无法加载模块:Img

[ 2017-03-31T22:06:35+08:00 ] ::1 /coalball/img/lol2.png
ERR: 无法加载模块:Img

[ 2017-03-31T22:06:35+08:00 ] ::1 /coalball/img/lol1.png
ERR: 无法加载模块:Img

[ 2017-03-31T22:08:37+08:00 ] ::1 /coalball/img/lol1.png
ERR: 无法加载模块:Img

[ 2017-03-31T22:08:37+08:00 ] ::1 /coalball/img/lol2.png
ERR: 无法加载模块:Img

[ 2017-03-31T22:08:37+08:00 ] ::1 /coalball/img/lol2.png
ERR: 无法加载模块:Img

[ 2017-03-31T22:08:37+08:00 ] ::1 /coalball/img/lol1.png
ERR: 无法加载模块:Img

[ 2017-03-31T22:08:38+08:00 ] ::1 /coalball/img/lol1.png
ERR: 无法加载模块:Img

[ 2017-03-31T22:08:38+08:00 ] ::1 /coalball/img/lol2.png
ERR: 无法加载模块:Img

[ 2017-03-31T22:08:38+08:00 ] ::1 /coalball/img/lol1.png
ERR: 无法加载模块:Img

[ 2017-03-31T22:08:38+08:00 ] ::1 /coalball/img/lol2.png
ERR: 无法加载模块:Img

[ 2017-03-31T22:08:42+08:00 ] ::1 /coalball/img/lol2.png
ERR: 无法加载模块:Img

[ 2017-03-31T22:08:42+08:00 ] ::1 /coalball/img/lol1.png
ERR: 无法加载模块:Img

[ 2017-03-31T22:08:42+08:00 ] ::1 /coalball/img/lol1.png
ERR: 无法加载模块:Img

[ 2017-03-31T22:08:42+08:00 ] ::1 /coalball/img/lol2.png
ERR: 无法加载模块:Img

[ 2017-03-31T22:08:42+08:00 ] ::1 /coalball/img/lol2.png
ERR: 无法加载模块:Img

[ 2017-03-31T22:08:42+08:00 ] ::1 /coalball/img/lol1.png
ERR: 无法加载模块:Img

[ 2017-03-31T22:08:43+08:00 ] ::1 /coalball/img/lol2.png
ERR: 无法加载模块:Img

[ 2017-03-31T22:08:43+08:00 ] ::1 /coalball/img/lol1.png
ERR: 无法加载模块:Img

[ 2017-03-31T22:08:43+08:00 ] ::1 /coalball/img/lol2.png
ERR: 无法加载模块:Img

[ 2017-03-31T22:08:43+08:00 ] ::1 /coalball/img/lol1.png
ERR: 无法加载模块:Img

[ 2017-03-31T22:08:43+08:00 ] ::1 /coalball/img/lol1.png
ERR: 无法加载模块:Img

[ 2017-03-31T22:08:43+08:00 ] ::1 /coalball/img/lol2.png
ERR: 无法加载模块:Img

[ 2017-03-31T22:08:44+08:00 ] ::1 /coalball/img/lol2.png
ERR: 无法加载模块:Img

[ 2017-03-31T22:08:44+08:00 ] ::1 /coalball/img/lol1.png
ERR: 无法加载模块:Img

[ 2017-03-31T22:08:44+08:00 ] ::1 /coalball/img/lol1.png
ERR: 无法加载模块:Img

[ 2017-03-31T22:08:44+08:00 ] ::1 /coalball/img/lol2.png
ERR: 无法加载模块:Img

[ 2017-03-31T22:08:45+08:00 ] ::1 /coalball/img/lol1.png
ERR: 无法加载模块:Img

[ 2017-03-31T22:08:45+08:00 ] ::1 /coalball/img/lol2.png
ERR: 无法加载模块:Img

[ 2017-03-31T22:08:55+08:00 ] ::1 /coalball/img/lol1.png
ERR: 无法加载模块:Img

[ 2017-03-31T22:08:55+08:00 ] ::1 /coalball/img/lol2.png
ERR: 无法加载模块:Img

[ 2017-03-31T22:08:56+08:00 ] ::1 /coalball/img/lol2.png
ERR: 无法加载模块:Img

[ 2017-03-31T22:08:56+08:00 ] ::1 /coalball/img/lol1.png
ERR: 无法加载模块:Img

[ 2017-03-31T22:09:08+08:00 ] ::1 /coalball/img/lol1.png
ERR: 无法加载模块:Img

[ 2017-03-31T22:09:08+08:00 ] ::1 /coalball/img/lol2.png
ERR: 无法加载模块:Img

[ 2017-03-31T22:09:09+08:00 ] ::1 /coalball/img/lol1.png
ERR: 无法加载模块:Img

[ 2017-03-31T22:09:09+08:00 ] ::1 /coalball/img/lol2.png
ERR: 无法加载模块:Img

[ 2017-03-31T22:09:09+08:00 ] ::1 /coalball/img/lol2.png
ERR: 无法加载模块:Img

[ 2017-03-31T22:09:09+08:00 ] ::1 /coalball/img/lol1.png
ERR: 无法加载模块:Img

[ 2017-03-31T22:09:09+08:00 ] ::1 /coalball/img/lol2.png
ERR: 无法加载模块:Img

[ 2017-03-31T22:09:09+08:00 ] ::1 /coalball/img/lol1.png
ERR: 无法加载模块:Img

[ 2017-03-31T22:09:09+08:00 ] ::1 /coalball/img/lol2.png
ERR: 无法加载模块:Img

[ 2017-03-31T22:09:10+08:00 ] ::1 /coalball/img/lol1.png
ERR: 无法加载模块:Img

[ 2017-03-31T22:09:10+08:00 ] ::1 /coalball/img/lol2.png
ERR: 无法加载模块:Img

[ 2017-03-31T22:09:10+08:00 ] ::1 /coalball/img/lol1.png
ERR: 无法加载模块:Img

[ 2017-03-31T22:09:18+08:00 ] ::1 /coalball/img/lol2.png
ERR: 无法加载模块:Img

[ 2017-03-31T22:09:18+08:00 ] ::1 /coalball/img/lol1.png
ERR: 无法加载模块:Img

[ 2017-03-31T22:09:19+08:00 ] ::1 /coalball/img/lol1.png
ERR: 无法加载模块:Img

[ 2017-03-31T22:09:19+08:00 ] ::1 /coalball/img/lol2.png
ERR: 无法加载模块:Img

[ 2017-03-31T22:09:19+08:00 ] ::1 /coalball/img/lol2.png
ERR: 无法加载模块:Img

[ 2017-03-31T22:09:19+08:00 ] ::1 /coalball/img/lol1.png
ERR: 无法加载模块:Img

[ 2017-03-31T22:11:47+08:00 ] ::1 /coalball/img/lol2.png
ERR: 无法加载模块:Img

[ 2017-03-31T22:11:47+08:00 ] ::1 /coalball/img/lol1.png
ERR: 无法加载模块:Img

[ 2017-03-31T22:11:48+08:00 ] ::1 /coalball/img/lol1.png
ERR: 无法加载模块:Img

[ 2017-03-31T22:11:48+08:00 ] ::1 /coalball/img/lol2.png
ERR: 无法加载模块:Img

[ 2017-03-31T22:11:48+08:00 ] ::1 /coalball/img/lol1.png
ERR: 无法加载模块:Img

[ 2017-03-31T22:11:48+08:00 ] ::1 /coalball/img/lol2.png
ERR: 无法加载模块:Img

[ 2017-03-31T22:11:49+08:00 ] ::1 /coalball/img/lol2.png
ERR: 无法加载模块:Img

[ 2017-03-31T22:11:49+08:00 ] ::1 /coalball/img/lol1.png
ERR: 无法加载模块:Img

[ 2017-03-31T22:12:01+08:00 ] ::1 /coalball/img/lol1.png
ERR: 无法加载模块:Img

[ 2017-03-31T22:12:01+08:00 ] ::1 /coalball/img/lol2.png
ERR: 无法加载模块:Img

[ 2017-03-31T22:12:01+08:00 ] ::1 /coalball/img/lol2.png
ERR: 无法加载模块:Img

[ 2017-03-31T22:12:01+08:00 ] ::1 /coalball/img/lol1.png
ERR: 无法加载模块:Img

[ 2017-03-31T22:13:37+08:00 ] ::1 /coalball/img/lol1.png
ERR: 无法加载模块:Img

[ 2017-03-31T22:13:38+08:00 ] ::1 /coalball/img/lol2.png
ERR: 无法加载模块:Img

[ 2017-03-31T22:13:38+08:00 ] ::1 /coalball/img/lol2.png
ERR: 无法加载模块:Img

[ 2017-03-31T22:13:38+08:00 ] ::1 /coalball/img/lol1.png
ERR: 无法加载模块:Img

[ 2017-03-31T22:13:39+08:00 ] ::1 /coalball/img/lol2.png
ERR: 无法加载模块:Img

[ 2017-03-31T22:13:39+08:00 ] ::1 /coalball/img/lol1.png
ERR: 无法加载模块:Img

[ 2017-03-31T22:14:15+08:00 ] ::1 /coalball/img/lol2.png
ERR: 无法加载模块:Img

[ 2017-03-31T22:14:15+08:00 ] ::1 /coalball/img/lol1.png
ERR: 无法加载模块:Img

[ 2017-03-31T22:14:16+08:00 ] ::1 /coalball/img/lol2.png
ERR: 无法加载模块:Img

[ 2017-03-31T22:14:16+08:00 ] ::1 /coalball/img/lol1.png
ERR: 无法加载模块:Img

[ 2017-03-31T22:14:16+08:00 ] ::1 /coalball/img/lol2.png
ERR: 无法加载模块:Img

[ 2017-03-31T22:14:17+08:00 ] ::1 /coalball/img/lol2.png
ERR: 无法加载模块:Img

[ 2017-03-31T22:14:17+08:00 ] ::1 /coalball/img/lol1.png
ERR: 无法加载模块:Img

[ 2017-03-31T22:15:33+08:00 ] ::1 /coalball/img/lol2.png
ERR: 无法加载模块:Img

[ 2017-03-31T22:15:33+08:00 ] ::1 /coalball/img/lol1.png
ERR: 无法加载模块:Img

[ 2017-03-31T22:15:34+08:00 ] ::1 /coalball/img/lol1.png
ERR: 无法加载模块:Img

[ 2017-03-31T22:15:34+08:00 ] ::1 /coalball/img/lol2.png
ERR: 无法加载模块:Img

[ 2017-03-31T22:15:34+08:00 ] ::1 /coalball/img/lol2.png
ERR: 无法加载模块:Img

[ 2017-03-31T22:15:34+08:00 ] ::1 /coalball/img/lol1.png
ERR: 无法加载模块:Img

[ 2017-03-31T22:15:35+08:00 ] ::1 /coalball/img/lol2.png
ERR: 无法加载模块:Img

[ 2017-03-31T22:15:35+08:00 ] ::1 /coalball/img/lol1.png
ERR: 无法加载模块:Img

[ 2017-03-31T22:15:54+08:00 ] ::1 /coalball/img/lol1.png
ERR: 无法加载模块:Img

[ 2017-03-31T22:15:54+08:00 ] ::1 /coalball/img/lol2.png
ERR: 无法加载模块:Img

[ 2017-03-31T22:15:55+08:00 ] ::1 /coalball/img/lol2.png
ERR: 无法加载模块:Img

[ 2017-03-31T22:15:55+08:00 ] ::1 /coalball/img/lol1.png
ERR: 无法加载模块:Img

[ 2017-03-31T22:16:46+08:00 ] ::1 /coalball/img/lol2.png
ERR: 无法加载模块:Img

[ 2017-03-31T22:16:46+08:00 ] ::1 /coalball/img/lol1.png
ERR: 无法加载模块:Img

[ 2017-03-31T22:17:01+08:00 ] ::1 /coalball/img/lol1.png
ERR: 无法加载模块:Img

[ 2017-03-31T22:17:01+08:00 ] ::1 /coalball/img/lol2.png
ERR: 无法加载模块:Img

[ 2017-03-31T22:17:02+08:00 ] ::1 /coalball/img/lol2.png
ERR: 无法加载模块:Img

[ 2017-03-31T22:17:02+08:00 ] ::1 /coalball/img/lol1.png
ERR: 无法加载模块:Img

[ 2017-03-31T22:17:03+08:00 ] ::1 /coalball/img/lol2.png
ERR: 无法加载模块:Img

[ 2017-03-31T22:17:03+08:00 ] ::1 /coalball/img/lol1.png
ERR: 无法加载模块:Img

[ 2017-03-31T22:17:37+08:00 ] ::1 /coalball/img/lol1.png
ERR: 无法加载模块:Img

[ 2017-03-31T22:17:37+08:00 ] ::1 /coalball/img/lol2.png
ERR: 无法加载模块:Img

[ 2017-03-31T22:17:38+08:00 ] ::1 /coalball/img/lol2.png
ERR: 无法加载模块:Img

[ 2017-03-31T22:17:38+08:00 ] ::1 /coalball/img/lol1.png
ERR: 无法加载模块:Img

[ 2017-03-31T22:17:38+08:00 ] ::1 /coalball/img/lol2.png
ERR: 无法加载模块:Img

[ 2017-03-31T22:17:38+08:00 ] ::1 /coalball/img/lol1.png
ERR: 无法加载模块:Img

[ 2017-03-31T22:22:32+08:00 ] ::1 /coalball/img/lol1.png
ERR: 无法加载模块:Img

[ 2017-03-31T22:22:32+08:00 ] ::1 /coalball/img/lol2.png
ERR: 无法加载模块:Img

[ 2017-03-31T22:22:33+08:00 ] ::1 /coalball/img/lol2.png
ERR: 无法加载模块:Img

[ 2017-03-31T22:22:33+08:00 ] ::1 /coalball/img/lol1.png
ERR: 无法加载模块:Img

[ 2017-03-31T22:24:53+08:00 ] ::1 /coalball/img/lol2.png
ERR: 无法加载模块:Img

[ 2017-03-31T22:24:53+08:00 ] ::1 /coalball/img/lol1.png
ERR: 无法加载模块:Img

[ 2017-03-31T22:24:54+08:00 ] ::1 /coalball/img/lol1.png
ERR: 无法加载模块:Img

[ 2017-03-31T22:24:54+08:00 ] ::1 /coalball/img/lol2.png
ERR: 无法加载模块:Img

[ 2017-03-31T22:24:54+08:00 ] ::1 /coalball/img/lol2.png
ERR: 无法加载模块:Img

[ 2017-03-31T22:24:54+08:00 ] ::1 /coalball/img/lol1.png
ERR: 无法加载模块:Img

[ 2017-03-31T22:24:54+08:00 ] ::1 /coalball/img/lol2.png
ERR: 无法加载模块:Img

[ 2017-03-31T22:24:54+08:00 ] ::1 /coalball/img/lol1.png
ERR: 无法加载模块:Img

[ 2017-03-31T22:24:55+08:00 ] ::1 /coalball/img/lol1.png
ERR: 无法加载模块:Img

[ 2017-03-31T22:24:55+08:00 ] ::1 /coalball/img/lol2.png
ERR: 无法加载模块:Img

[ 2017-03-31T22:24:55+08:00 ] ::1 /coalball/img/lol2.png
ERR: 无法加载模块:Img

[ 2017-03-31T22:24:55+08:00 ] ::1 /coalball/img/lol1.png
ERR: 无法加载模块:Img

[ 2017-03-31T22:29:33+08:00 ] ::1 /coalball/__URL__test
ERR: 无法加载模块:__URL__test

[ 2017-03-31T22:29:35+08:00 ] ::1 /coalball/img/lol2.png
ERR: 无法加载模块:Img

[ 2017-03-31T22:29:35+08:00 ] ::1 /coalball/img/lol1.png
ERR: 无法加载模块:Img

[ 2017-03-31T22:29:35+08:00 ] ::1 /coalball/img/lol2.png
ERR: 无法加载模块:Img

[ 2017-03-31T22:29:35+08:00 ] ::1 /coalball/img/lol1.png
ERR: 无法加载模块:Img

[ 2017-03-31T22:29:35+08:00 ] ::1 /coalball/img/lol2.png
ERR: 无法加载模块:Img

[ 2017-03-31T22:30:51+08:00 ] ::1 /coalball/img/lol1.png
ERR: 无法加载模块:Img

[ 2017-03-31T22:30:51+08:00 ] ::1 /coalball/img/lol2.png
ERR: 无法加载模块:Img

[ 2017-03-31T22:30:51+08:00 ] ::1 /coalball/img/lol1.png
ERR: 无法加载模块:Img

[ 2017-03-31T22:30:52+08:00 ] ::1 /coalball/img/lol2.png
ERR: 无法加载模块:Img

[ 2017-03-31T22:30:52+08:00 ] ::1 /coalball/img/lol1.png
ERR: 无法加载模块:Img

[ 2017-03-31T22:30:52+08:00 ] ::1 /coalball/img/lol2.png
ERR: 无法加载模块:Img

[ 2017-03-31T22:30:52+08:00 ] ::1 /coalball/img/lol1.png
ERR: 无法加载模块:Img

[ 2017-03-31T22:31:37+08:00 ] ::1 /coalball/img/lol2.png
ERR: 无法加载模块:Img

[ 2017-03-31T22:31:37+08:00 ] ::1 /coalball/img/lol1.png
ERR: 无法加载模块:Img

[ 2017-03-31T22:31:37+08:00 ] ::1 /coalball/img/lol1.png
ERR: 无法加载模块:Img

[ 2017-03-31T22:31:37+08:00 ] ::1 /coalball/img/lol2.png
ERR: 无法加载模块:Img

[ 2017-03-31T22:37:05+08:00 ] ::1 /coalball/img/lol2.png
ERR: 无法加载模块:Img

[ 2017-03-31T22:37:05+08:00 ] ::1 /coalball/img/lol1.png
ERR: 无法加载模块:Img

[ 2017-03-31T22:37:06+08:00 ] ::1 /coalball/img/lol1.png
ERR: 无法加载模块:Img

[ 2017-03-31T22:37:06+08:00 ] ::1 /coalball/img/lol2.png
ERR: 无法加载模块:Img

[ 2017-03-31T22:37:32+08:00 ] ::1 /coalball/img/lol1.png
ERR: 无法加载模块:Img

[ 2017-03-31T22:37:32+08:00 ] ::1 /coalball/img/lol2.png
ERR: 无法加载模块:Img

[ 2017-03-31T22:37:34+08:00 ] ::1 /coalball/img/lol2.png
ERR: 无法加载模块:Img

[ 2017-03-31T22:37:34+08:00 ] ::1 /coalball/img/lol1.png
ERR: 无法加载模块:Img

[ 2017-03-31T22:37:34+08:00 ] ::1 /coalball/img/lol2.png
ERR: 无法加载模块:Img

[ 2017-03-31T22:37:34+08:00 ] ::1 /coalball/img/lol1.png
ERR: 无法加载模块:Img

[ 2017-03-31T22:37:51+08:00 ] ::1 /coalball/__URL__/test
ERR: 无法加载模块:__URL__

[ 2017-03-31T22:42:43+08:00 ] ::1 /coalball/Application/Home/Common/css/img/%C3%A6%E2%80%9D%C2%BE%C3%A5%C2%A4%C2%A7%C3%A9%E2%80%A2%C5%93.png
ERR: 无法加载模块:Application

[ 2017-03-31T22:42:43+08:00 ] ::1 /coalball/Application/Home/Common/css/img/%C3%A8%C2%B5%E2%80%9E%C3%A6%C2%BA%C2%907.png
ERR: 无法加载模块:Application

[ 2017-03-31T22:42:43+08:00 ] ::1 /coalball/Application/Home/Common/css/img/%C3%A8%C2%B5%E2%80%9E%C3%A6%C2%BA%C2%908.png
ERR: 无法加载模块:Application

[ 2017-03-31T22:45:12+08:00 ] ::1 /coalball/img/%E8%B5%84%E6%BA%90%201.png
ERR: 无法加载模块:Img

[ 2017-03-31T22:45:12+08:00 ] ::1 /coalball/img/%E8%B5%84%E6%BA%90%201.png
ERR: 无法加载模块:Img

[ 2017-03-31T22:46:23+08:00 ] ::1 /coalball/img/%E8%B5%84%E6%BA%90%201.png
ERR: 无法加载模块:Img

[ 2017-03-31T22:46:23+08:00 ] ::1 /coalball/img/%E8%B5%84%E6%BA%90%201.png
ERR: 无法加载模块:Img

[ 2017-03-31T22:47:02+08:00 ] ::1 /coalball/img/%E8%B5%84%E6%BA%90%201.png
ERR: 无法加载模块:Img

[ 2017-03-31T22:47:02+08:00 ] ::1 /coalball/img/%E8%B5%84%E6%BA%90%201.png
ERR: 无法加载模块:Img

[ 2017-03-31T22:47:10+08:00 ] ::1 /coalball/img/%E8%B5%84%E6%BA%90%201.png
ERR: 无法加载模块:Img

[ 2017-03-31T22:47:10+08:00 ] ::1 /coalball/img/%E8%B5%84%E6%BA%90%201.png
ERR: 无法加载模块:Img

