[ 2017-05-20T21:09:05+08:00 ] ::1 /coalball/Application/Home/Common/css/img/%C3%A6%E2%80%9D%C2%BE%C3%A5%C2%A4%C2%A7%C3%A9%E2%80%A2%C5%93.png
INFO: [ app_init ] --START--
INFO: Run Behavior\BuildLiteBehavior [ RunTime:0.000051s ]
INFO: [ app_init ] --END-- [ RunTime:0.000825s ]
ERR: 无法加载模块:Application

[ 2017-05-20T21:09:05+08:00 ] ::1 /coalball/Application/Home/Common/css/img/%C3%A8%C2%B5%E2%80%9E%C3%A6%C2%BA%C2%907.png
INFO: [ app_init ] --START--
INFO: Run Behavior\BuildLiteBehavior [ RunTime:0.000045s ]
INFO: [ app_init ] --END-- [ RunTime:0.000937s ]
ERR: 无法加载模块:Application

[ 2017-05-20T21:09:05+08:00 ] ::1 /coalball/Application/Home/Common/css/img/%C3%A8%C2%B5%E2%80%9E%C3%A6%C2%BA%C2%908.png
INFO: [ app_init ] --START--
INFO: Run Behavior\BuildLiteBehavior [ RunTime:0.000038s ]
INFO: [ app_init ] --END-- [ RunTime:0.000810s ]
ERR: 无法加载模块:Application

[ 2017-05-20T23:23:34+08:00 ] ::1 /coalball/css/reset.css
INFO: [ app_init ] --START--
INFO: Run Behavior\BuildLiteBehavior [ RunTime:0.000053s ]
INFO: [ app_init ] --END-- [ RunTime:0.000950s ]
ERR: 无法加载模块:Css

[ 2017-05-20T23:23:34+08:00 ] ::1 /coalball/css/index.css
INFO: [ app_init ] --START--
INFO: Run Behavior\BuildLiteBehavior [ RunTime:0.000044s ]
INFO: [ app_init ] --END-- [ RunTime:0.001063s ]
ERR: 无法加载模块:Css

[ 2017-05-20T23:23:34+08:00 ] ::1 /coalball/js/jquery-3.1.1.js
INFO: [ app_init ] --START--
INFO: Run Behavior\BuildLiteBehavior [ RunTime:0.000058s ]
INFO: [ app_init ] --END-- [ RunTime:0.000931s ]
ERR: 无法加载模块:Js

[ 2017-05-20T23:23:34+08:00 ] ::1 /coalball/js/index.js
INFO: [ app_init ] --START--
INFO: Run Behavior\BuildLiteBehavior [ RunTime:0.000037s ]
INFO: [ app_init ] --END-- [ RunTime:0.000627s ]
ERR: 无法加载模块:Js

[ 2017-05-20T23:23:34+08:00 ] ::1 /coalball/js/jquery-3.1.1.js
INFO: [ app_init ] --START--
INFO: Run Behavior\BuildLiteBehavior [ RunTime:0.000065s ]
INFO: [ app_init ] --END-- [ RunTime:0.003700s ]
ERR: 无法加载模块:Js

[ 2017-05-20T23:23:34+08:00 ] ::1 /coalball/js/index.js
INFO: [ app_init ] --START--
INFO: Run Behavior\BuildLiteBehavior [ RunTime:0.000027s ]
INFO: [ app_init ] --END-- [ RunTime:0.000538s ]
ERR: 无法加载模块:Js

[ 2017-05-20T23:55:59+08:00 ] ::1 /coalball/Application/Home/Common/css/img/%C3%A8%C2%B5%E2%80%9E%C3%A6%C2%BA%C2%907.png
INFO: [ app_init ] --START--
INFO: Run Behavior\BuildLiteBehavior [ RunTime:0.000045s ]
INFO: [ app_init ] --END-- [ RunTime:0.000916s ]
ERR: 无法加载模块:Application

[ 2017-05-20T23:55:59+08:00 ] ::1 /coalball/Application/Home/Common/css/img/%C3%A6%E2%80%9D%C2%BE%C3%A5%C2%A4%C2%A7%C3%A9%E2%80%A2%C5%93.png
INFO: [ app_init ] --START--
INFO: Run Behavior\BuildLiteBehavior [ RunTime:0.000049s ]
INFO: [ app_init ] --END-- [ RunTime:0.000874s ]
ERR: 无法加载模块:Application

[ 2017-05-20T23:55:59+08:00 ] ::1 /coalball/Application/Home/Common/css/img/%C3%A8%C2%B5%E2%80%9E%C3%A6%C2%BA%C2%908.png
INFO: [ app_init ] --START--
INFO: Run Behavior\BuildLiteBehavior [ RunTime:0.000360s ]
INFO: [ app_init ] --END-- [ RunTime:0.003346s ]
ERR: 无法加载模块:Application

