[ 2017-02-13T13:11:42+08:00 ] ::1 /coalball/index.html
INFO: [ app_init ] --START--
INFO: Run Behavior\BuildLiteBehavior [ RunTime:0.000025s ]
INFO: [ app_init ] --END-- [ RunTime:0.018323s ]
ERR: 无法加载模块:Index

[ 2017-02-13T14:38:56+08:00 ] ::1 /coalball/css/index.css
ERR: 无法加载模块:Css

[ 2017-02-13T14:38:56+08:00 ] ::1 /coalball/css/reset.css
ERR: 无法加载模块:Css

[ 2017-02-13T14:38:56+08:00 ] ::1 /coalball/img/%E8%B5%84%E6%BA%90%205.png
ERR: 无法加载模块:Img

[ 2017-02-13T14:38:56+08:00 ] ::1 /coalball/img/lol1.png
ERR: 无法加载模块:Img

[ 2017-02-13T14:38:56+08:00 ] ::1 /coalball/img/lol2.png
ERR: 无法加载模块:Img

[ 2017-02-13T14:38:56+08:00 ] ::1 /coalball/js/jquery-3.1.1.js
ERR: 无法加载模块:Js

[ 2017-02-13T14:38:56+08:00 ] ::1 /coalball/img/%E8%B5%84%E6%BA%90%201.png
ERR: 无法加载模块:Img

[ 2017-02-13T14:38:56+08:00 ] ::1 /coalball/img/%E8%B5%84%E6%BA%90%205.png
ERR: 无法加载模块:Img

[ 2017-02-13T14:39:03+08:00 ] ::1 /coalball/css/index.css
ERR: 无法加载模块:Css

[ 2017-02-13T14:39:03+08:00 ] ::1 /coalball/css/reset.css
ERR: 无法加载模块:Css

[ 2017-02-13T14:39:03+08:00 ] ::1 /coalball/img/%E8%B5%84%E6%BA%90%205.png
ERR: 无法加载模块:Img

[ 2017-02-13T14:39:03+08:00 ] ::1 /coalball/js/jquery-3.1.1.js
ERR: 无法加载模块:Js

[ 2017-02-13T14:39:03+08:00 ] ::1 /coalball/img/lol1.png
ERR: 无法加载模块:Img

[ 2017-02-13T14:39:03+08:00 ] ::1 /coalball/img/lol2.png
ERR: 无法加载模块:Img

[ 2017-02-13T14:39:03+08:00 ] ::1 /coalball/img/%E8%B5%84%E6%BA%90%205.png
ERR: 无法加载模块:Img

[ 2017-02-13T14:39:03+08:00 ] ::1 /coalball/img/%E8%B5%84%E6%BA%90%201.png
ERR: 无法加载模块:Img

[ 2017-02-13T14:39:03+08:00 ] ::1 /coalball/css/reset.css
ERR: 无法加载模块:Css

[ 2017-02-13T14:39:03+08:00 ] ::1 /coalball/css/index.css
ERR: 无法加载模块:Css

[ 2017-02-13T14:39:03+08:00 ] ::1 /coalball/img/%E8%B5%84%E6%BA%90%205.png
ERR: 无法加载模块:Img

[ 2017-02-13T14:39:03+08:00 ] ::1 /coalball/img/lol1.png
ERR: 无法加载模块:Img

[ 2017-02-13T14:39:03+08:00 ] ::1 /coalball/img/%E8%B5%84%E6%BA%90%205.png
ERR: 无法加载模块:Img

[ 2017-02-13T14:39:03+08:00 ] ::1 /coalball/js/jquery-3.1.1.js
ERR: 无法加载模块:Js

[ 2017-02-13T14:39:03+08:00 ] ::1 /coalball/img/lol2.png
ERR: 无法加载模块:Img

[ 2017-02-13T14:39:03+08:00 ] ::1 /coalball/img/%E8%B5%84%E6%BA%90%201.png
ERR: 无法加载模块:Img

[ 2017-02-13T14:42:43+08:00 ] ::1 /coalball/js/jquery-3.1.1.js
ERR: 无法加载模块:Js

[ 2017-02-13T14:42:43+08:00 ] ::1 /coalball/img/lol2.png
ERR: 无法加载模块:Img

[ 2017-02-13T14:42:43+08:00 ] ::1 /coalball/img/%E8%B5%84%E6%BA%90%201.png
ERR: 无法加载模块:Img

[ 2017-02-13T14:42:43+08:00 ] ::1 /coalball/img/lol1.png
ERR: 无法加载模块:Img

[ 2017-02-13T14:42:43+08:00 ] ::1 /coalball/img/%E8%B5%84%E6%BA%90%205.png
ERR: 无法加载模块:Img

[ 2017-02-13T14:42:47+08:00 ] ::1 /coalball/img/%E8%B5%84%E6%BA%90%205.png
ERR: 无法加载模块:Img

[ 2017-02-13T14:42:47+08:00 ] ::1 /coalball/js/jquery-3.1.1.js
ERR: 无法加载模块:Js

[ 2017-02-13T14:42:47+08:00 ] ::1 /coalball/img/lol1.png
ERR: 无法加载模块:Img

[ 2017-02-13T14:42:47+08:00 ] ::1 /coalball/img/%E8%B5%84%E6%BA%90%201.png
ERR: 无法加载模块:Img

[ 2017-02-13T14:42:47+08:00 ] ::1 /coalball/img/lol2.png
ERR: 无法加载模块:Img

[ 2017-02-13T14:42:47+08:00 ] ::1 /coalball/js/jquery-3.1.1.js
ERR: 无法加载模块:Js

[ 2017-02-13T14:42:47+08:00 ] ::1 /coalball/img/%E8%B5%84%E6%BA%90%205.png
ERR: 无法加载模块:Img

[ 2017-02-13T14:42:50+08:00 ] ::1 /coalball/js/jquery-3.1.1.js
ERR: 无法加载模块:Js

[ 2017-02-13T14:42:50+08:00 ] ::1 /coalball/img/%E8%B5%84%E6%BA%90%205.png
ERR: 无法加载模块:Img

[ 2017-02-13T14:42:50+08:00 ] ::1 /coalball/img/lol1.png
ERR: 无法加载模块:Img

[ 2017-02-13T14:42:50+08:00 ] ::1 /coalball/img/lol2.png
ERR: 无法加载模块:Img

[ 2017-02-13T14:42:50+08:00 ] ::1 /coalball/img/%E8%B5%84%E6%BA%90%201.png
ERR: 无法加载模块:Img

[ 2017-02-13T14:42:50+08:00 ] ::1 /coalball/img/%E8%B5%84%E6%BA%90%205.png
ERR: 无法加载模块:Img

[ 2017-02-13T14:42:51+08:00 ] ::1 /coalball/js/jquery-3.1.1.js
ERR: 无法加载模块:Js

[ 2017-02-13T14:42:52+08:00 ] ::1 /coalball/img/%E8%B5%84%E6%BA%90%205.png
ERR: 无法加载模块:Img

[ 2017-02-13T14:42:52+08:00 ] ::1 /coalball/js/jquery-3.1.1.js
ERR: 无法加载模块:Js

[ 2017-02-13T14:42:52+08:00 ] ::1 /coalball/img/%E8%B5%84%E6%BA%90%201.png
ERR: 无法加载模块:Img

[ 2017-02-13T14:42:52+08:00 ] ::1 /coalball/img/lol2.png
ERR: 无法加载模块:Img

[ 2017-02-13T14:42:52+08:00 ] ::1 /coalball/img/lol1.png
ERR: 无法加载模块:Img

[ 2017-02-13T14:42:53+08:00 ] ::1 /coalball/img/%E8%B5%84%E6%BA%90%205.png
ERR: 无法加载模块:Img

[ 2017-02-13T14:42:53+08:00 ] ::1 /coalball/img/%E8%B5%84%E6%BA%90%201.png
ERR: 无法加载模块:Img

[ 2017-02-13T14:42:53+08:00 ] ::1 /coalball/img/lol1.png
ERR: 无法加载模块:Img

[ 2017-02-13T14:42:53+08:00 ] ::1 /coalball/img/lol2.png
ERR: 无法加载模块:Img

[ 2017-02-13T14:42:53+08:00 ] ::1 /coalball/js/jquery-3.1.1.js
ERR: 无法加载模块:Js

[ 2017-02-13T14:42:53+08:00 ] ::1 /coalball/img/%E8%B5%84%E6%BA%90%205.png
ERR: 无法加载模块:Img

[ 2017-02-13T14:42:53+08:00 ] ::1 /coalball/img/lol1.png
ERR: 无法加载模块:Img

[ 2017-02-13T14:42:53+08:00 ] ::1 /coalball/img/%E8%B5%84%E6%BA%90%201.png
ERR: 无法加载模块:Img

[ 2017-02-13T14:42:53+08:00 ] ::1 /coalball/img/lol2.png
ERR: 无法加载模块:Img

[ 2017-02-13T14:42:53+08:00 ] ::1 /coalball/js/jquery-3.1.1.js
ERR: 无法加载模块:Js

[ 2017-02-13T14:42:53+08:00 ] ::1 /coalball/img/%E8%B5%84%E6%BA%90%205.png
ERR: 无法加载模块:Img

[ 2017-02-13T14:44:21+08:00 ] ::1 /coalball/img/%E8%B5%84%E6%BA%90%205.png
ERR: 无法加载模块:Img

[ 2017-02-13T14:44:21+08:00 ] ::1 /coalball/img/%E8%B5%84%E6%BA%90%201.png
ERR: 无法加载模块:Img

[ 2017-02-13T14:44:21+08:00 ] ::1 /coalball/img/lol2.png
ERR: 无法加载模块:Img

[ 2017-02-13T14:44:21+08:00 ] ::1 /coalball/js/jquery-3.1.1.js
ERR: 无法加载模块:Js

[ 2017-02-13T14:44:21+08:00 ] ::1 /coalball/img/lol1.png
ERR: 无法加载模块:Img

[ 2017-02-13T14:44:45+08:00 ] ::1 /coalball/js/jquery-3.1.1.js
ERR: 无法加载模块:Js

[ 2017-02-13T14:44:45+08:00 ] ::1 /coalball/img/lol2.png
ERR: 无法加载模块:Img

[ 2017-02-13T14:44:45+08:00 ] ::1 /coalball/img/%E8%B5%84%E6%BA%90%205.png
ERR: 无法加载模块:Img

[ 2017-02-13T14:44:45+08:00 ] ::1 /coalball/img/lol1.png
ERR: 无法加载模块:Img

[ 2017-02-13T14:44:45+08:00 ] ::1 /coalball/img/%E8%B5%84%E6%BA%90%201.png
ERR: 无法加载模块:Img

[ 2017-02-13T14:44:46+08:00 ] ::1 /coalball/img/lol2.png
ERR: 无法加载模块:Img

[ 2017-02-13T14:44:46+08:00 ] ::1 /coalball/js/jquery-3.1.1.js
ERR: 无法加载模块:Js

[ 2017-02-13T14:48:55+08:00 ] ::1 /coalball/js/jquery-3.1.1.js
ERR: 无法加载模块:Js

[ 2017-02-13T14:48:55+08:00 ] ::1 /coalball/img/%E8%B5%84%E6%BA%90%205.png
ERR: 无法加载模块:Img

[ 2017-02-13T14:48:55+08:00 ] ::1 /coalball/img/lol1.png
ERR: 无法加载模块:Img

[ 2017-02-13T14:48:55+08:00 ] ::1 /coalball/img/lol2.png
ERR: 无法加载模块:Img

[ 2017-02-13T14:48:55+08:00 ] ::1 /coalball/img/%E8%B5%84%E6%BA%90%201.png
ERR: 无法加载模块:Img

[ 2017-02-13T14:48:55+08:00 ] ::1 /coalball/img/%E8%B5%84%E6%BA%90%205.png
ERR: 无法加载模块:Img

[ 2017-02-13T14:48:55+08:00 ] ::1 /coalball/js/jquery-3.1.1.js
ERR: 无法加载模块:Js

[ 2017-02-13T14:59:42+08:00 ] ::1 /coalball/js/jquery-3.1.1.js
ERR: 无法加载模块:Js

