[ 2017-04-03T10:08:43+08:00 ] ::1 /coalball/2017-02-25/
ERR: 无法加载模块:2017-02-25

[ 2017-04-03T10:08:43+08:00 ] ::1 /coalball/2017-03-30/
ERR: 无法加载模块:2017-03-30

[ 2017-04-03T10:08:43+08:00 ] ::1 /coalball/2017-02-25/
ERR: 无法加载模块:2017-02-25

[ 2017-04-03T10:08:43+08:00 ] ::1 /coalball/2017-03-30/
ERR: 无法加载模块:2017-03-30

[ 2017-04-03T10:08:44+08:00 ] ::1 /coalball/2017-02-25/
ERR: 无法加载模块:2017-02-25

[ 2017-04-03T10:08:44+08:00 ] ::1 /coalball/2017-02-23/
ERR: 无法加载模块:2017-02-23

[ 2017-04-03T10:08:49+08:00 ] ::1 /coalball/2017-02-23/
ERR: 无法加载模块:2017-02-23

[ 2017-04-03T10:08:49+08:00 ] ::1 /coalball/2017-02-23/
ERR: 无法加载模块:2017-02-23

[ 2017-04-03T10:09:18+08:00 ] ::1 /coalball/2017-02-25/
ERR: 无法加载模块:2017-02-25

[ 2017-04-03T10:09:18+08:00 ] ::1 /coalball/2017-02-23/
ERR: 无法加载模块:2017-02-23

[ 2017-04-03T10:09:18+08:00 ] ::1 /coalball/2017-02-23/
ERR: 无法加载模块:2017-02-23

[ 2017-04-03T10:11:25+08:00 ] ::1 /coalball/2017-02-25/
ERR: 无法加载模块:2017-02-25

[ 2017-04-03T10:11:25+08:00 ] ::1 /coalball/2017-02-23/
ERR: 无法加载模块:2017-02-23

[ 2017-04-03T10:13:14+08:00 ] ::1 /coalball/2017-02-25/
ERR: 无法加载模块:2017-02-25

[ 2017-04-03T10:13:14+08:00 ] ::1 /coalball/2017-02-23/
ERR: 无法加载模块:2017-02-23

[ 2017-04-03T10:13:53+08:00 ] ::1 /coalball/2017-02-25/
ERR: 无法加载模块:2017-02-25

[ 2017-04-03T10:13:54+08:00 ] ::1 /coalball/2017-02-23/
ERR: 无法加载模块:2017-02-23

[ 2017-04-03T10:14:07+08:00 ] ::1 /coalball/2017-02-23/
ERR: 无法加载模块:2017-02-23

[ 2017-04-03T10:14:28+08:00 ] ::1 /coalball/2017-02-23/
ERR: 无法加载模块:2017-02-23

[ 2017-04-03T10:14:28+08:00 ] ::1 /coalball/2017-02-23/
ERR: 无法加载模块:2017-02-23

[ 2017-04-03T10:14:48+08:00 ] ::1 /coalball/2017-02-25/
ERR: 无法加载模块:2017-02-25

[ 2017-04-03T10:14:48+08:00 ] ::1 /coalball/2017-02-23/
ERR: 无法加载模块:2017-02-23

[ 2017-04-03T10:15:05+08:00 ] ::1 /coalball/2017-02-23/
ERR: 无法加载模块:2017-02-23

[ 2017-04-03T10:15:09+08:00 ] ::1 /coalball/2017-02-25/
ERR: 无法加载模块:2017-02-25

[ 2017-04-03T10:15:10+08:00 ] ::1 /coalball/2017-02-23/
ERR: 无法加载模块:2017-02-23

[ 2017-04-03T10:15:13+08:00 ] ::1 /coalball/2017-02-25/
ERR: 无法加载模块:2017-02-25

[ 2017-04-03T10:15:44+08:00 ] ::1 /coalball/2017-02-23/
ERR: 无法加载模块:2017-02-23

[ 2017-04-03T10:15:57+08:00 ] ::1 /coalball/2017-02-23/
ERR: 无法加载模块:2017-02-23

[ 2017-04-03T10:17:38+08:00 ] ::1 /coalball/2017-02-25/
ERR: 无法加载模块:2017-02-25

[ 2017-04-03T10:17:38+08:00 ] ::1 /coalball/2017-02-23/
ERR: 无法加载模块:2017-02-23

[ 2017-04-03T10:19:03+08:00 ] ::1 /coalball/2017-02-25/
ERR: 无法加载模块:2017-02-25

[ 2017-04-03T10:19:04+08:00 ] ::1 /coalball/2017-02-23/
ERR: 无法加载模块:2017-02-23

[ 2017-04-03T10:19:11+08:00 ] ::1 /coalball/2017-02-25/
ERR: 无法加载模块:2017-02-25

[ 2017-04-03T10:19:11+08:00 ] ::1 /coalball/2017-02-23/
ERR: 无法加载模块:2017-02-23

[ 2017-04-03T10:20:26+08:00 ] ::1 /coalball/2017-03-30/
ERR: 无法加载模块:2017-03-30

[ 2017-04-03T10:20:26+08:00 ] ::1 /coalball/2017-02-25/
ERR: 无法加载模块:2017-02-25

[ 2017-04-03T10:20:30+08:00 ] ::1 /coalball/2017-02-25/
ERR: 无法加载模块:2017-02-25

[ 2017-04-03T10:20:30+08:00 ] ::1 /coalball/2017-02-23/
ERR: 无法加载模块:2017-02-23

[ 2017-04-03T10:20:52+08:00 ] ::1 /coalball/2017-02-25/
ERR: 无法加载模块:2017-02-25

[ 2017-04-03T10:20:52+08:00 ] ::1 /coalball/2017-02-23/
ERR: 无法加载模块:2017-02-23

[ 2017-04-03T10:20:57+08:00 ] ::1 /coalball/index.html
ERR: 无法加载模块:Index

[ 2017-04-03T10:21:10+08:00 ] ::1 /coalball/2017-03-30/
ERR: 无法加载模块:2017-03-30

[ 2017-04-03T10:21:10+08:00 ] ::1 /coalball/2017-02-25/
ERR: 无法加载模块:2017-02-25

[ 2017-04-03T10:21:31+08:00 ] ::1 /coalball/2017-02-25/
ERR: 无法加载模块:2017-02-25

[ 2017-04-03T10:21:46+08:00 ] ::1 /coalball/index.php;
ERR: 无法加载模块:Index

[ 2017-04-03T10:21:49+08:00 ] ::1 /coalball/2017-03-30/
ERR: 无法加载模块:2017-03-30

[ 2017-04-03T10:21:49+08:00 ] ::1 /coalball/2017-02-25/
ERR: 无法加载模块:2017-02-25

[ 2017-04-03T10:22:06+08:00 ] ::1 /coalball/2017-02-25/
ERR: 无法加载模块:2017-02-25

[ 2017-04-03T10:22:07+08:00 ] ::1 /coalball/2017-02-23/
ERR: 无法加载模块:2017-02-23

[ 2017-04-03T10:24:15+08:00 ] ::1 /coalball/2017-02-25/
ERR: 无法加载模块:2017-02-25

[ 2017-04-03T10:25:23+08:00 ] ::1 /coalball/2017-02-25/
ERR: 无法加载模块:2017-02-25

[ 2017-04-03T10:27:19+08:00 ] ::1 /coalball/2017-03-30/
ERR: 无法加载模块:2017-03-30

[ 2017-04-03T10:27:19+08:00 ] ::1 /coalball/2017-02-25/
ERR: 无法加载模块:2017-02-25

[ 2017-04-03T10:27:26+08:00 ] ::1 /coalball/2017-03-30/
ERR: 无法加载模块:2017-03-30

[ 2017-04-03T10:27:26+08:00 ] ::1 /coalball/2017-02-25/
ERR: 无法加载模块:2017-02-25

[ 2017-04-03T10:27:41+08:00 ] ::1 /coalball/2017-02-25/
ERR: 无法加载模块:2017-02-25

[ 2017-04-03T10:28:05+08:00 ] ::1 /coalball/2017-03-30/
ERR: 无法加载模块:2017-03-30

[ 2017-04-03T10:28:05+08:00 ] ::1 /coalball/2017-02-25/
ERR: 无法加载模块:2017-02-25

[ 2017-04-03T10:29:26+08:00 ] ::1 /coalball/2017-02-25/
ERR: 无法加载模块:2017-02-25

[ 2017-04-03T10:30:01+08:00 ] ::1 /coalball/2017-03-30/
ERR: 无法加载模块:2017-03-30

[ 2017-04-03T10:30:01+08:00 ] ::1 /coalball/2017-02-25/
ERR: 无法加载模块:2017-02-25

[ 2017-04-03T10:31:29+08:00 ] ::1 /coalball/2017-02-25/
ERR: 无法加载模块:2017-02-25

[ 2017-04-03T10:31:29+08:00 ] ::1 /coalball/2017-03-30/
ERR: 无法加载模块:2017-03-30

[ 2017-04-03T10:31:41+08:00 ] ::1 /coalball/2017-02-25/
ERR: 无法加载模块:2017-02-25

[ 2017-04-03T10:31:41+08:00 ] ::1 /coalball/2017-03-30/
ERR: 无法加载模块:2017-03-30

[ 2017-04-03T10:31:56+08:00 ] ::1 /coalball/2017-02-25/
ERR: 无法加载模块:2017-02-25

[ 2017-04-03T10:31:56+08:00 ] ::1 /coalball/2017-03-30/
ERR: 无法加载模块:2017-03-30

[ 2017-04-03T10:31:58+08:00 ] ::1 /coalball/2017-02-25/
ERR: 无法加载模块:2017-02-25

[ 2017-04-03T10:31:58+08:00 ] ::1 /coalball/2017-03-30/
ERR: 无法加载模块:2017-03-30

[ 2017-04-03T10:32:03+08:00 ] ::1 /coalball/2017-02-25/
ERR: 无法加载模块:2017-02-25

[ 2017-04-03T10:32:03+08:00 ] ::1 /coalball/2017-03-30/
ERR: 无法加载模块:2017-03-30

[ 2017-04-03T10:32:04+08:00 ] ::1 /coalball/2017-03-30/
ERR: 无法加载模块:2017-03-30

[ 2017-04-03T10:32:04+08:00 ] ::1 /coalball/2017-02-25/
ERR: 无法加载模块:2017-02-25

[ 2017-04-03T10:32:05+08:00 ] ::1 /coalball/2017-03-30/
ERR: 无法加载模块:2017-03-30

[ 2017-04-03T10:32:05+08:00 ] ::1 /coalball/2017-02-25/
ERR: 无法加载模块:2017-02-25

[ 2017-04-03T10:37:58+08:00 ] ::1 /coalball/Application/Home/Common/css/img/%C3%A8%C2%B5%E2%80%9E%C3%A6%C2%BA%C2%907.png
ERR: 无法加载模块:Application

[ 2017-04-03T10:37:58+08:00 ] ::1 /coalball/Application/Home/Common/css/img/%C3%A6%E2%80%9D%C2%BE%C3%A5%C2%A4%C2%A7%C3%A9%E2%80%A2%C5%93.png
ERR: 无法加载模块:Application

[ 2017-04-03T10:37:58+08:00 ] ::1 /coalball/Application/Home/Common/css/img/%C3%A8%C2%B5%E2%80%9E%C3%A6%C2%BA%C2%908.png
ERR: 无法加载模块:Application

[ 2017-04-03T10:37:58+08:00 ] ::1 /coalball/2017-02-25/
ERR: 无法加载模块:2017-02-25

[ 2017-04-03T10:37:58+08:00 ] ::1 /coalball/2017-03-30/
ERR: 无法加载模块:2017-03-30

[ 2017-04-03T10:37:59+08:00 ] ::1 /coalball/2017-02-25/
ERR: 无法加载模块:2017-02-25

[ 2017-04-03T10:37:59+08:00 ] ::1 /coalball/2017-03-30/
ERR: 无法加载模块:2017-03-30

[ 2017-04-03T10:37:59+08:00 ] ::1 /coalball/2017-02-25/
ERR: 无法加载模块:2017-02-25

[ 2017-04-03T10:37:59+08:00 ] ::1 /coalball/2017-03-30/
ERR: 无法加载模块:2017-03-30

[ 2017-04-03T10:37:59+08:00 ] ::1 /coalball/2017-02-25/
ERR: 无法加载模块:2017-02-25

[ 2017-04-03T10:37:59+08:00 ] ::1 /coalball/2017-03-30/
ERR: 无法加载模块:2017-03-30

[ 2017-04-03T10:37:59+08:00 ] ::1 /coalball/2017-02-25/
ERR: 无法加载模块:2017-02-25

[ 2017-04-03T10:37:59+08:00 ] ::1 /coalball/2017-02-25/
ERR: 无法加载模块:2017-02-25

[ 2017-04-03T10:37:59+08:00 ] ::1 /coalball/2017-03-30/
ERR: 无法加载模块:2017-03-30

[ 2017-04-03T10:37:59+08:00 ] ::1 /coalball/2017-02-25/
ERR: 无法加载模块:2017-02-25

[ 2017-04-03T10:37:59+08:00 ] ::1 /coalball/2017-03-30/
ERR: 无法加载模块:2017-03-30

[ 2017-04-03T10:37:59+08:00 ] ::1 /coalball/2017-02-25/
ERR: 无法加载模块:2017-02-25

[ 2017-04-03T10:37:59+08:00 ] ::1 /coalball/2017-03-30/
ERR: 无法加载模块:2017-03-30

[ 2017-04-03T10:37:59+08:00 ] ::1 /coalball/2017-03-30/
ERR: 无法加载模块:2017-03-30

[ 2017-04-03T10:37:59+08:00 ] ::1 /coalball/2017-02-25/
ERR: 无法加载模块:2017-02-25

[ 2017-04-03T10:37:59+08:00 ] ::1 /coalball/2017-03-30/
ERR: 无法加载模块:2017-03-30

[ 2017-04-03T10:37:59+08:00 ] ::1 /coalball/2017-02-25/
ERR: 无法加载模块:2017-02-25

[ 2017-04-03T10:38:00+08:00 ] ::1 /coalball/2017-03-30/
ERR: 无法加载模块:2017-03-30

[ 2017-04-03T10:38:00+08:00 ] ::1 /coalball/2017-03-30/
ERR: 无法加载模块:2017-03-30

[ 2017-04-03T10:38:00+08:00 ] ::1 /coalball/2017-02-25/
ERR: 无法加载模块:2017-02-25

[ 2017-04-03T10:38:00+08:00 ] ::1 /coalball/2017-02-25/
ERR: 无法加载模块:2017-02-25

[ 2017-04-03T10:38:00+08:00 ] ::1 /coalball/2017-03-30/
ERR: 无法加载模块:2017-03-30

[ 2017-04-03T10:38:00+08:00 ] ::1 /coalball/2017-03-30/
ERR: 无法加载模块:2017-03-30

[ 2017-04-03T10:38:00+08:00 ] ::1 /coalball/2017-02-25/
ERR: 无法加载模块:2017-02-25

[ 2017-04-03T10:38:00+08:00 ] ::1 /coalball/2017-03-30/
ERR: 无法加载模块:2017-03-30

[ 2017-04-03T10:38:00+08:00 ] ::1 /coalball/2017-02-25/
ERR: 无法加载模块:2017-02-25

[ 2017-04-03T10:38:00+08:00 ] ::1 /coalball/2017-03-30/
ERR: 无法加载模块:2017-03-30

[ 2017-04-03T10:38:00+08:00 ] ::1 /coalball/2017-02-25/
ERR: 无法加载模块:2017-02-25

[ 2017-04-03T10:38:00+08:00 ] ::1 /coalball/2017-02-25/
ERR: 无法加载模块:2017-02-25

[ 2017-04-03T10:38:00+08:00 ] ::1 /coalball/2017-03-30/
ERR: 无法加载模块:2017-03-30

[ 2017-04-03T10:38:00+08:00 ] ::1 /coalball/2017-03-30/
ERR: 无法加载模块:2017-03-30

[ 2017-04-03T10:38:00+08:00 ] ::1 /coalball/2017-02-25/
ERR: 无法加载模块:2017-02-25

[ 2017-04-03T10:38:00+08:00 ] ::1 /coalball/2017-02-25/
ERR: 无法加载模块:2017-02-25

[ 2017-04-03T10:38:00+08:00 ] ::1 /coalball/2017-03-30/
ERR: 无法加载模块:2017-03-30

[ 2017-04-03T10:38:00+08:00 ] ::1 /coalball/2017-03-30/
ERR: 无法加载模块:2017-03-30

[ 2017-04-03T10:38:00+08:00 ] ::1 /coalball/2017-02-25/
ERR: 无法加载模块:2017-02-25

[ 2017-04-03T10:38:01+08:00 ] ::1 /coalball/2017-02-25/
ERR: 无法加载模块:2017-02-25

[ 2017-04-03T10:38:01+08:00 ] ::1 /coalball/2017-03-30/
ERR: 无法加载模块:2017-03-30

[ 2017-04-03T10:38:01+08:00 ] ::1 /coalball/2017-02-25/
ERR: 无法加载模块:2017-02-25

[ 2017-04-03T10:38:01+08:00 ] ::1 /coalball/2017-03-30/
ERR: 无法加载模块:2017-03-30

[ 2017-04-03T10:38:01+08:00 ] ::1 /coalball/2017-03-30/
ERR: 无法加载模块:2017-03-30

[ 2017-04-03T10:38:01+08:00 ] ::1 /coalball/2017-02-25/
ERR: 无法加载模块:2017-02-25

[ 2017-04-03T10:38:01+08:00 ] ::1 /coalball/2017-03-30/
ERR: 无法加载模块:2017-03-30

[ 2017-04-03T10:38:01+08:00 ] ::1 /coalball/2017-02-25/
ERR: 无法加载模块:2017-02-25

[ 2017-04-03T10:38:01+08:00 ] ::1 /coalball/2017-03-30/
ERR: 无法加载模块:2017-03-30

[ 2017-04-03T10:38:01+08:00 ] ::1 /coalball/2017-02-25/
ERR: 无法加载模块:2017-02-25

[ 2017-04-03T10:38:01+08:00 ] ::1 /coalball/2017-02-25/
ERR: 无法加载模块:2017-02-25

[ 2017-04-03T10:38:01+08:00 ] ::1 /coalball/2017-03-30/
ERR: 无法加载模块:2017-03-30

[ 2017-04-03T10:38:01+08:00 ] ::1 /coalball/2017-03-30/
ERR: 无法加载模块:2017-03-30

[ 2017-04-03T10:38:01+08:00 ] ::1 /coalball/2017-02-25/
ERR: 无法加载模块:2017-02-25

[ 2017-04-03T10:38:01+08:00 ] ::1 /coalball/2017-02-25/
ERR: 无法加载模块:2017-02-25

[ 2017-04-03T10:38:01+08:00 ] ::1 /coalball/2017-03-30/
ERR: 无法加载模块:2017-03-30

[ 2017-04-03T10:38:01+08:00 ] ::1 /coalball/2017-02-25/
ERR: 无法加载模块:2017-02-25

[ 2017-04-03T10:38:01+08:00 ] ::1 /coalball/2017-03-30/
ERR: 无法加载模块:2017-03-30

[ 2017-04-03T10:38:01+08:00 ] ::1 /coalball/2017-03-30/
ERR: 无法加载模块:2017-03-30

[ 2017-04-03T10:38:01+08:00 ] ::1 /coalball/2017-02-25/
ERR: 无法加载模块:2017-02-25

[ 2017-04-03T10:38:02+08:00 ] ::1 /coalball/2017-02-25/
ERR: 无法加载模块:2017-02-25

[ 2017-04-03T10:38:02+08:00 ] ::1 /coalball/2017-03-30/
ERR: 无法加载模块:2017-03-30

[ 2017-04-03T10:38:02+08:00 ] ::1 /coalball/2017-03-30/
ERR: 无法加载模块:2017-03-30

[ 2017-04-03T10:38:02+08:00 ] ::1 /coalball/2017-02-25/
ERR: 无法加载模块:2017-02-25

[ 2017-04-03T10:38:02+08:00 ] ::1 /coalball/2017-02-25/
ERR: 无法加载模块:2017-02-25

[ 2017-04-03T10:38:02+08:00 ] ::1 /coalball/2017-03-30/
ERR: 无法加载模块:2017-03-30

[ 2017-04-03T10:38:02+08:00 ] ::1 /coalball/2017-03-30/
ERR: 无法加载模块:2017-03-30

[ 2017-04-03T10:38:02+08:00 ] ::1 /coalball/2017-02-25/
ERR: 无法加载模块:2017-02-25

[ 2017-04-03T10:38:02+08:00 ] ::1 /coalball/2017-03-30/
ERR: 无法加载模块:2017-03-30

[ 2017-04-03T10:38:02+08:00 ] ::1 /coalball/2017-02-25/
ERR: 无法加载模块:2017-02-25

[ 2017-04-03T10:38:02+08:00 ] ::1 /coalball/2017-02-25/
ERR: 无法加载模块:2017-02-25

[ 2017-04-03T10:38:02+08:00 ] ::1 /coalball/2017-03-30/
ERR: 无法加载模块:2017-03-30

[ 2017-04-03T10:38:02+08:00 ] ::1 /coalball/2017-03-30/
ERR: 无法加载模块:2017-03-30

[ 2017-04-03T10:38:02+08:00 ] ::1 /coalball/2017-02-25/
ERR: 无法加载模块:2017-02-25

[ 2017-04-03T10:38:02+08:00 ] ::1 /coalball/2017-02-25/
ERR: 无法加载模块:2017-02-25

[ 2017-04-03T10:38:02+08:00 ] ::1 /coalball/2017-03-30/
ERR: 无法加载模块:2017-03-30

[ 2017-04-03T10:38:02+08:00 ] ::1 /coalball/2017-02-25/
ERR: 无法加载模块:2017-02-25

[ 2017-04-03T10:38:02+08:00 ] ::1 /coalball/2017-03-30/
ERR: 无法加载模块:2017-03-30

[ 2017-04-03T10:38:02+08:00 ] ::1 /coalball/2017-02-25/
ERR: 无法加载模块:2017-02-25

[ 2017-04-03T10:38:02+08:00 ] ::1 /coalball/2017-03-30/
ERR: 无法加载模块:2017-03-30

[ 2017-04-03T10:38:03+08:00 ] ::1 /coalball/2017-02-25/
ERR: 无法加载模块:2017-02-25

[ 2017-04-03T10:38:03+08:00 ] ::1 /coalball/2017-03-30/
ERR: 无法加载模块:2017-03-30

[ 2017-04-03T10:38:03+08:00 ] ::1 /coalball/2017-02-25/
ERR: 无法加载模块:2017-02-25

[ 2017-04-03T10:38:03+08:00 ] ::1 /coalball/2017-03-30/
ERR: 无法加载模块:2017-03-30

[ 2017-04-03T10:38:03+08:00 ] ::1 /coalball/2017-02-25/
ERR: 无法加载模块:2017-02-25

[ 2017-04-03T10:38:03+08:00 ] ::1 /coalball/2017-02-25/
ERR: 无法加载模块:2017-02-25

[ 2017-04-03T10:38:03+08:00 ] ::1 /coalball/2017-03-30/
ERR: 无法加载模块:2017-03-30

[ 2017-04-03T10:38:03+08:00 ] ::1 /coalball/2017-03-30/
ERR: 无法加载模块:2017-03-30

[ 2017-04-03T10:38:03+08:00 ] ::1 /coalball/2017-02-25/
ERR: 无法加载模块:2017-02-25

[ 2017-04-03T10:38:03+08:00 ] ::1 /coalball/2017-02-25/
ERR: 无法加载模块:2017-02-25

[ 2017-04-03T10:38:03+08:00 ] ::1 /coalball/2017-03-30/
ERR: 无法加载模块:2017-03-30

[ 2017-04-03T10:38:03+08:00 ] ::1 /coalball/2017-02-25/
ERR: 无法加载模块:2017-02-25

[ 2017-04-03T10:38:03+08:00 ] ::1 /coalball/2017-03-30/
ERR: 无法加载模块:2017-03-30

[ 2017-04-03T10:38:03+08:00 ] ::1 /coalball/2017-03-30/
ERR: 无法加载模块:2017-03-30

[ 2017-04-03T10:38:03+08:00 ] ::1 /coalball/2017-02-25/
ERR: 无法加载模块:2017-02-25

[ 2017-04-03T10:38:03+08:00 ] ::1 /coalball/2017-02-25/
ERR: 无法加载模块:2017-02-25

[ 2017-04-03T10:38:03+08:00 ] ::1 /coalball/2017-03-30/
ERR: 无法加载模块:2017-03-30

[ 2017-04-03T10:38:03+08:00 ] ::1 /coalball/2017-02-25/
ERR: 无法加载模块:2017-02-25

[ 2017-04-03T10:38:03+08:00 ] ::1 /coalball/2017-03-30/
ERR: 无法加载模块:2017-03-30

[ 2017-04-03T10:38:04+08:00 ] ::1 /coalball/2017-03-30/
ERR: 无法加载模块:2017-03-30

[ 2017-04-03T10:38:04+08:00 ] ::1 /coalball/2017-02-25/
ERR: 无法加载模块:2017-02-25

[ 2017-04-03T10:38:04+08:00 ] ::1 /coalball/2017-02-25/
ERR: 无法加载模块:2017-02-25

[ 2017-04-03T10:38:04+08:00 ] ::1 /coalball/2017-03-30/
ERR: 无法加载模块:2017-03-30

[ 2017-04-03T10:38:04+08:00 ] ::1 /coalball/2017-03-30/
ERR: 无法加载模块:2017-03-30

[ 2017-04-03T10:38:04+08:00 ] ::1 /coalball/2017-02-25/
ERR: 无法加载模块:2017-02-25

[ 2017-04-03T10:38:04+08:00 ] ::1 /coalball/2017-02-25/
ERR: 无法加载模块:2017-02-25

[ 2017-04-03T10:38:04+08:00 ] ::1 /coalball/2017-03-30/
ERR: 无法加载模块:2017-03-30

[ 2017-04-03T10:38:04+08:00 ] ::1 /coalball/2017-03-30/
ERR: 无法加载模块:2017-03-30

[ 2017-04-03T10:38:04+08:00 ] ::1 /coalball/2017-02-25/
ERR: 无法加载模块:2017-02-25

[ 2017-04-03T10:38:04+08:00 ] ::1 /coalball/2017-03-30/
ERR: 无法加载模块:2017-03-30

[ 2017-04-03T10:38:04+08:00 ] ::1 /coalball/2017-02-25/
ERR: 无法加载模块:2017-02-25

[ 2017-04-03T10:38:04+08:00 ] ::1 /coalball/2017-03-30/
ERR: 无法加载模块:2017-03-30

[ 2017-04-03T10:38:04+08:00 ] ::1 /coalball/2017-02-25/
ERR: 无法加载模块:2017-02-25

[ 2017-04-03T10:38:04+08:00 ] ::1 /coalball/2017-02-25/
ERR: 无法加载模块:2017-02-25

[ 2017-04-03T10:38:04+08:00 ] ::1 /coalball/2017-03-30/
ERR: 无法加载模块:2017-03-30

[ 2017-04-03T10:38:04+08:00 ] ::1 /coalball/2017-02-25/
ERR: 无法加载模块:2017-02-25

[ 2017-04-03T10:38:04+08:00 ] ::1 /coalball/2017-03-30/
ERR: 无法加载模块:2017-03-30

[ 2017-04-03T10:38:04+08:00 ] ::1 /coalball/2017-02-25/
ERR: 无法加载模块:2017-02-25

[ 2017-04-03T10:38:05+08:00 ] ::1 /coalball/2017-02-25/
ERR: 无法加载模块:2017-02-25

[ 2017-04-03T10:38:05+08:00 ] ::1 /coalball/2017-03-30/
ERR: 无法加载模块:2017-03-30

[ 2017-04-03T10:38:05+08:00 ] ::1 /coalball/2017-03-30/
ERR: 无法加载模块:2017-03-30

[ 2017-04-03T10:38:05+08:00 ] ::1 /coalball/2017-02-25/
ERR: 无法加载模块:2017-02-25

[ 2017-04-03T10:38:05+08:00 ] ::1 /coalball/2017-02-25/
ERR: 无法加载模块:2017-02-25

[ 2017-04-03T10:38:05+08:00 ] ::1 /coalball/2017-03-30/
ERR: 无法加载模块:2017-03-30

[ 2017-04-03T10:38:05+08:00 ] ::1 /coalball/2017-03-30/
ERR: 无法加载模块:2017-03-30

[ 2017-04-03T10:38:05+08:00 ] ::1 /coalball/2017-02-25/
ERR: 无法加载模块:2017-02-25

[ 2017-04-03T10:38:05+08:00 ] ::1 /coalball/2017-03-30/
ERR: 无法加载模块:2017-03-30

[ 2017-04-03T10:38:05+08:00 ] ::1 /coalball/2017-02-25/
ERR: 无法加载模块:2017-02-25

[ 2017-04-03T10:38:05+08:00 ] ::1 /coalball/2017-02-25/
ERR: 无法加载模块:2017-02-25

[ 2017-04-03T10:38:05+08:00 ] ::1 /coalball/2017-03-30/
ERR: 无法加载模块:2017-03-30

[ 2017-04-03T10:38:05+08:00 ] ::1 /coalball/2017-02-25/
ERR: 无法加载模块:2017-02-25

[ 2017-04-03T10:38:05+08:00 ] ::1 /coalball/2017-03-30/
ERR: 无法加载模块:2017-03-30

[ 2017-04-03T10:38:05+08:00 ] ::1 /coalball/2017-02-25/
ERR: 无法加载模块:2017-02-25

[ 2017-04-03T10:38:05+08:00 ] ::1 /coalball/2017-03-30/
ERR: 无法加载模块:2017-03-30

[ 2017-04-03T10:38:05+08:00 ] ::1 /coalball/2017-02-25/
ERR: 无法加载模块:2017-02-25

[ 2017-04-03T10:38:05+08:00 ] ::1 /coalball/2017-03-30/
ERR: 无法加载模块:2017-03-30

[ 2017-04-03T10:38:05+08:00 ] ::1 /coalball/2017-02-25/
ERR: 无法加载模块:2017-02-25

[ 2017-04-03T10:38:06+08:00 ] ::1 /coalball/2017-02-25/
ERR: 无法加载模块:2017-02-25

[ 2017-04-03T10:38:06+08:00 ] ::1 /coalball/2017-03-30/
ERR: 无法加载模块:2017-03-30

[ 2017-04-03T10:38:06+08:00 ] ::1 /coalball/2017-03-30/
ERR: 无法加载模块:2017-03-30

[ 2017-04-03T10:38:06+08:00 ] ::1 /coalball/2017-02-25/
ERR: 无法加载模块:2017-02-25

[ 2017-04-03T10:38:06+08:00 ] ::1 /coalball/2017-03-30/
ERR: 无法加载模块:2017-03-30

[ 2017-04-03T10:38:06+08:00 ] ::1 /coalball/2017-02-25/
ERR: 无法加载模块:2017-02-25

[ 2017-04-03T10:38:06+08:00 ] ::1 /coalball/2017-03-30/
ERR: 无法加载模块:2017-03-30

[ 2017-04-03T10:38:06+08:00 ] ::1 /coalball/2017-02-25/
ERR: 无法加载模块:2017-02-25

[ 2017-04-03T10:38:06+08:00 ] ::1 /coalball/2017-03-30/
ERR: 无法加载模块:2017-03-30

[ 2017-04-03T10:38:06+08:00 ] ::1 /coalball/2017-02-25/
ERR: 无法加载模块:2017-02-25

[ 2017-04-03T10:38:06+08:00 ] ::1 /coalball/2017-03-30/
ERR: 无法加载模块:2017-03-30

[ 2017-04-03T10:38:06+08:00 ] ::1 /coalball/2017-03-30/
ERR: 无法加载模块:2017-03-30

[ 2017-04-03T10:38:06+08:00 ] ::1 /coalball/2017-02-25/
ERR: 无法加载模块:2017-02-25

[ 2017-04-03T10:38:06+08:00 ] ::1 /coalball/2017-03-30/
ERR: 无法加载模块:2017-03-30

[ 2017-04-03T10:38:06+08:00 ] ::1 /coalball/2017-02-25/
ERR: 无法加载模块:2017-02-25

[ 2017-04-03T10:38:06+08:00 ] ::1 /coalball/2017-03-30/
ERR: 无法加载模块:2017-03-30

[ 2017-04-03T10:38:06+08:00 ] ::1 /coalball/2017-02-25/
ERR: 无法加载模块:2017-02-25

[ 2017-04-03T10:38:06+08:00 ] ::1 /coalball/2017-03-30/
ERR: 无法加载模块:2017-03-30

[ 2017-04-03T10:38:06+08:00 ] ::1 /coalball/2017-02-25/
ERR: 无法加载模块:2017-02-25

[ 2017-04-03T10:38:07+08:00 ] ::1 /coalball/2017-03-30/
ERR: 无法加载模块:2017-03-30

[ 2017-04-03T10:38:07+08:00 ] ::1 /coalball/2017-02-25/
ERR: 无法加载模块:2017-02-25

[ 2017-04-03T10:38:07+08:00 ] ::1 /coalball/2017-03-30/
ERR: 无法加载模块:2017-03-30

[ 2017-04-03T10:38:07+08:00 ] ::1 /coalball/2017-02-25/
ERR: 无法加载模块:2017-02-25

[ 2017-04-03T10:38:07+08:00 ] ::1 /coalball/2017-03-30/
ERR: 无法加载模块:2017-03-30

[ 2017-04-03T10:38:07+08:00 ] ::1 /coalball/2017-02-25/
ERR: 无法加载模块:2017-02-25

[ 2017-04-03T10:38:07+08:00 ] ::1 /coalball/2017-02-25/
ERR: 无法加载模块:2017-02-25

[ 2017-04-03T10:38:07+08:00 ] ::1 /coalball/2017-03-30/
ERR: 无法加载模块:2017-03-30

[ 2017-04-03T10:38:07+08:00 ] ::1 /coalball/2017-02-25/
ERR: 无法加载模块:2017-02-25

[ 2017-04-03T10:38:07+08:00 ] ::1 /coalball/2017-03-30/
ERR: 无法加载模块:2017-03-30

[ 2017-04-03T10:38:07+08:00 ] ::1 /coalball/2017-03-30/
ERR: 无法加载模块:2017-03-30

[ 2017-04-03T10:38:07+08:00 ] ::1 /coalball/2017-02-25/
ERR: 无法加载模块:2017-02-25

[ 2017-04-03T10:38:07+08:00 ] ::1 /coalball/2017-02-25/
ERR: 无法加载模块:2017-02-25

[ 2017-04-03T10:38:07+08:00 ] ::1 /coalball/2017-03-30/
ERR: 无法加载模块:2017-03-30

[ 2017-04-03T10:38:07+08:00 ] ::1 /coalball/2017-03-30/
ERR: 无法加载模块:2017-03-30

[ 2017-04-03T10:38:07+08:00 ] ::1 /coalball/2017-02-25/
ERR: 无法加载模块:2017-02-25

[ 2017-04-03T10:38:07+08:00 ] ::1 /coalball/2017-03-30/
ERR: 无法加载模块:2017-03-30

[ 2017-04-03T10:38:07+08:00 ] ::1 /coalball/2017-02-25/
ERR: 无法加载模块:2017-02-25

[ 2017-04-03T10:38:08+08:00 ] ::1 /coalball/2017-02-25/
ERR: 无法加载模块:2017-02-25

[ 2017-04-03T10:38:08+08:00 ] ::1 /coalball/2017-03-30/
ERR: 无法加载模块:2017-03-30

[ 2017-04-03T10:38:08+08:00 ] ::1 /coalball/2017-03-30/
ERR: 无法加载模块:2017-03-30

[ 2017-04-03T10:38:08+08:00 ] ::1 /coalball/2017-02-25/
ERR: 无法加载模块:2017-02-25

[ 2017-04-03T10:38:08+08:00 ] ::1 /coalball/2017-02-25/
ERR: 无法加载模块:2017-02-25

[ 2017-04-03T10:38:08+08:00 ] ::1 /coalball/2017-03-30/
ERR: 无法加载模块:2017-03-30

[ 2017-04-03T10:38:08+08:00 ] ::1 /coalball/2017-03-30/
ERR: 无法加载模块:2017-03-30

[ 2017-04-03T10:38:08+08:00 ] ::1 /coalball/2017-02-25/
ERR: 无法加载模块:2017-02-25

[ 2017-04-03T10:38:08+08:00 ] ::1 /coalball/2017-02-25/
ERR: 无法加载模块:2017-02-25

[ 2017-04-03T10:38:08+08:00 ] ::1 /coalball/2017-03-30/
ERR: 无法加载模块:2017-03-30

[ 2017-04-03T10:38:08+08:00 ] ::1 /coalball/2017-02-25/
ERR: 无法加载模块:2017-02-25

[ 2017-04-03T10:38:08+08:00 ] ::1 /coalball/2017-03-30/
ERR: 无法加载模块:2017-03-30

[ 2017-04-03T10:38:08+08:00 ] ::1 /coalball/2017-03-30/
ERR: 无法加载模块:2017-03-30

[ 2017-04-03T10:38:08+08:00 ] ::1 /coalball/2017-02-25/
ERR: 无法加载模块:2017-02-25

[ 2017-04-03T10:38:08+08:00 ] ::1 /coalball/2017-02-25/
ERR: 无法加载模块:2017-02-25

[ 2017-04-03T10:38:08+08:00 ] ::1 /coalball/2017-03-30/
ERR: 无法加载模块:2017-03-30

[ 2017-04-03T10:38:08+08:00 ] ::1 /coalball/2017-03-30/
ERR: 无法加载模块:2017-03-30

[ 2017-04-03T10:38:08+08:00 ] ::1 /coalball/2017-02-25/
ERR: 无法加载模块:2017-02-25

[ 2017-04-03T10:38:08+08:00 ] ::1 /coalball/2017-02-25/
ERR: 无法加载模块:2017-02-25

[ 2017-04-03T10:38:08+08:00 ] ::1 /coalball/2017-03-30/
ERR: 无法加载模块:2017-03-30

[ 2017-04-03T10:38:09+08:00 ] ::1 /coalball/2017-03-30/
ERR: 无法加载模块:2017-03-30

[ 2017-04-03T10:38:09+08:00 ] ::1 /coalball/2017-02-25/
ERR: 无法加载模块:2017-02-25

[ 2017-04-03T10:38:09+08:00 ] ::1 /coalball/2017-03-30/
ERR: 无法加载模块:2017-03-30

[ 2017-04-03T10:38:09+08:00 ] ::1 /coalball/2017-02-25/
ERR: 无法加载模块:2017-02-25

[ 2017-04-03T10:38:09+08:00 ] ::1 /coalball/2017-02-25/
ERR: 无法加载模块:2017-02-25

[ 2017-04-03T10:38:09+08:00 ] ::1 /coalball/2017-03-30/
ERR: 无法加载模块:2017-03-30

[ 2017-04-03T10:38:09+08:00 ] ::1 /coalball/2017-02-25/
ERR: 无法加载模块:2017-02-25

[ 2017-04-03T10:38:09+08:00 ] ::1 /coalball/2017-03-30/
ERR: 无法加载模块:2017-03-30

[ 2017-04-03T10:38:09+08:00 ] ::1 /coalball/2017-02-25/
ERR: 无法加载模块:2017-02-25

[ 2017-04-03T10:38:09+08:00 ] ::1 /coalball/2017-03-30/
ERR: 无法加载模块:2017-03-30

[ 2017-04-03T10:38:09+08:00 ] ::1 /coalball/2017-02-25/
ERR: 无法加载模块:2017-02-25

[ 2017-04-03T10:38:09+08:00 ] ::1 /coalball/2017-03-30/
ERR: 无法加载模块:2017-03-30

[ 2017-04-03T10:38:09+08:00 ] ::1 /coalball/2017-02-25/
ERR: 无法加载模块:2017-02-25

[ 2017-04-03T10:38:09+08:00 ] ::1 /coalball/2017-03-30/
ERR: 无法加载模块:2017-03-30

[ 2017-04-03T10:38:09+08:00 ] ::1 /coalball/2017-03-30/
ERR: 无法加载模块:2017-03-30

[ 2017-04-03T10:38:09+08:00 ] ::1 /coalball/2017-02-25/
ERR: 无法加载模块:2017-02-25

[ 2017-04-03T10:38:09+08:00 ] ::1 /coalball/2017-02-25/
ERR: 无法加载模块:2017-02-25

[ 2017-04-03T10:38:09+08:00 ] ::1 /coalball/2017-03-30/
ERR: 无法加载模块:2017-03-30

[ 2017-04-03T10:38:09+08:00 ] ::1 /coalball/2017-03-30/
ERR: 无法加载模块:2017-03-30

[ 2017-04-03T10:38:09+08:00 ] ::1 /coalball/2017-02-25/
ERR: 无法加载模块:2017-02-25

[ 2017-04-03T10:38:10+08:00 ] ::1 /coalball/2017-02-25/
ERR: 无法加载模块:2017-02-25

[ 2017-04-03T10:38:10+08:00 ] ::1 /coalball/2017-03-30/
ERR: 无法加载模块:2017-03-30

[ 2017-04-03T10:38:10+08:00 ] ::1 /coalball/2017-03-30/
ERR: 无法加载模块:2017-03-30

[ 2017-04-03T10:38:10+08:00 ] ::1 /coalball/2017-02-25/
ERR: 无法加载模块:2017-02-25

[ 2017-04-03T10:38:10+08:00 ] ::1 /coalball/2017-02-25/
ERR: 无法加载模块:2017-02-25

[ 2017-04-03T10:38:10+08:00 ] ::1 /coalball/2017-03-30/
ERR: 无法加载模块:2017-03-30

[ 2017-04-03T10:38:10+08:00 ] ::1 /coalball/2017-02-25/
ERR: 无法加载模块:2017-02-25

[ 2017-04-03T10:38:10+08:00 ] ::1 /coalball/2017-03-30/
ERR: 无法加载模块:2017-03-30

[ 2017-04-03T10:38:10+08:00 ] ::1 /coalball/2017-03-30/
ERR: 无法加载模块:2017-03-30

[ 2017-04-03T10:38:10+08:00 ] ::1 /coalball/2017-03-30/
ERR: 无法加载模块:2017-03-30

[ 2017-04-03T10:38:10+08:00 ] ::1 /coalball/2017-02-25/
ERR: 无法加载模块:2017-02-25

[ 2017-04-03T10:38:10+08:00 ] ::1 /coalball/2017-03-30/
ERR: 无法加载模块:2017-03-30

[ 2017-04-03T10:38:10+08:00 ] ::1 /coalball/2017-02-25/
ERR: 无法加载模块:2017-02-25

[ 2017-04-03T10:38:10+08:00 ] ::1 /coalball/2017-03-30/
ERR: 无法加载模块:2017-03-30

[ 2017-04-03T10:38:10+08:00 ] ::1 /coalball/2017-02-25/
ERR: 无法加载模块:2017-02-25

[ 2017-04-03T10:38:10+08:00 ] ::1 /coalball/2017-03-30/
ERR: 无法加载模块:2017-03-30

[ 2017-04-03T10:38:10+08:00 ] ::1 /coalball/2017-02-25/
ERR: 无法加载模块:2017-02-25

[ 2017-04-03T10:38:10+08:00 ] ::1 /coalball/2017-03-30/
ERR: 无法加载模块:2017-03-30

[ 2017-04-03T10:38:11+08:00 ] ::1 /coalball/2017-03-30/
ERR: 无法加载模块:2017-03-30

[ 2017-04-03T10:38:11+08:00 ] ::1 /coalball/2017-02-25/
ERR: 无法加载模块:2017-02-25

[ 2017-04-03T10:38:11+08:00 ] ::1 /coalball/2017-02-25/
ERR: 无法加载模块:2017-02-25

[ 2017-04-03T10:38:11+08:00 ] ::1 /coalball/2017-03-30/
ERR: 无法加载模块:2017-03-30

[ 2017-04-03T10:38:11+08:00 ] ::1 /coalball/2017-03-30/
ERR: 无法加载模块:2017-03-30

[ 2017-04-03T10:38:11+08:00 ] ::1 /coalball/2017-02-25/
ERR: 无法加载模块:2017-02-25

[ 2017-04-03T10:38:11+08:00 ] ::1 /coalball/2017-03-30/
ERR: 无法加载模块:2017-03-30

[ 2017-04-03T10:38:11+08:00 ] ::1 /coalball/2017-02-25/
ERR: 无法加载模块:2017-02-25

[ 2017-04-03T10:38:11+08:00 ] ::1 /coalball/2017-03-30/
ERR: 无法加载模块:2017-03-30

[ 2017-04-03T10:38:11+08:00 ] ::1 /coalball/2017-02-25/
ERR: 无法加载模块:2017-02-25

[ 2017-04-03T10:38:11+08:00 ] ::1 /coalball/2017-03-30/
ERR: 无法加载模块:2017-03-30

[ 2017-04-03T10:38:11+08:00 ] ::1 /coalball/2017-02-25/
ERR: 无法加载模块:2017-02-25

[ 2017-04-03T10:38:11+08:00 ] ::1 /coalball/2017-03-30/
ERR: 无法加载模块:2017-03-30

[ 2017-04-03T10:38:11+08:00 ] ::1 /coalball/2017-02-25/
ERR: 无法加载模块:2017-02-25

[ 2017-04-03T10:38:11+08:00 ] ::1 /coalball/2017-03-30/
ERR: 无法加载模块:2017-03-30

[ 2017-04-03T10:38:11+08:00 ] ::1 /coalball/2017-02-25/
ERR: 无法加载模块:2017-02-25

[ 2017-04-03T10:38:51+08:00 ] ::1 /coalball/Application/Home/Common/css/img/%C3%A6%E2%80%9D%C2%BE%C3%A5%C2%A4%C2%A7%C3%A9%E2%80%A2%C5%93.png
ERR: 无法加载模块:Application

[ 2017-04-03T10:38:51+08:00 ] ::1 /coalball/Application/Home/Common/css/img/%C3%A8%C2%B5%E2%80%9E%C3%A6%C2%BA%C2%908.png
ERR: 无法加载模块:Application

[ 2017-04-03T10:38:51+08:00 ] ::1 /coalball/Application/Home/Common/css/img/%C3%A8%C2%B5%E2%80%9E%C3%A6%C2%BA%C2%907.png
ERR: 无法加载模块:Application

[ 2017-04-03T10:38:51+08:00 ] ::1 /coalball/2017-03-30/
ERR: 无法加载模块:2017-03-30

[ 2017-04-03T10:38:51+08:00 ] ::1 /coalball/2017-02-25/
ERR: 无法加载模块:2017-02-25

[ 2017-04-03T10:39:19+08:00 ] ::1 /coalball/2017-03-30/
ERR: 无法加载模块:2017-03-30

[ 2017-04-03T10:39:19+08:00 ] ::1 /coalball/2017-02-25/
ERR: 无法加载模块:2017-02-25

[ 2017-04-03T10:39:31+08:00 ] ::1 /coalball/2017-03-30/
ERR: 无法加载模块:2017-03-30

[ 2017-04-03T10:39:31+08:00 ] ::1 /coalball/2017-02-25/
ERR: 无法加载模块:2017-02-25

[ 2017-04-03T10:39:37+08:00 ] ::1 /coalball/2017-02-25/
ERR: 无法加载模块:2017-02-25

[ 2017-04-03T10:39:37+08:00 ] ::1 /coalball/2017-03-30/
ERR: 无法加载模块:2017-03-30

[ 2017-04-03T10:40:09+08:00 ] ::1 /coalball/2017-03-30/
ERR: 无法加载模块:2017-03-30

[ 2017-04-03T10:40:09+08:00 ] ::1 /coalball/2017-02-25/
ERR: 无法加载模块:2017-02-25

[ 2017-04-03T10:40:11+08:00 ] ::1 /coalball/2017-02-25/
ERR: 无法加载模块:2017-02-25

[ 2017-04-03T10:40:11+08:00 ] ::1 /coalball/2017-03-30/
ERR: 无法加载模块:2017-03-30

[ 2017-04-03T10:41:11+08:00 ] ::1 /coalball/2017-02-25/
ERR: 无法加载模块:2017-02-25

[ 2017-04-03T10:41:11+08:00 ] ::1 /coalball/2017-03-30/
ERR: 无法加载模块:2017-03-30

[ 2017-04-03T10:45:59+08:00 ] ::1 /coalball/2017-02-25/
ERR: 无法加载模块:2017-02-25

[ 2017-04-03T10:45:59+08:00 ] ::1 /coalball/2017-03-30/
ERR: 无法加载模块:2017-03-30

[ 2017-04-03T10:46:01+08:00 ] ::1 /coalball/2017-03-30/
ERR: 无法加载模块:2017-03-30

[ 2017-04-03T10:46:01+08:00 ] ::1 /coalball/2017-02-25/
ERR: 无法加载模块:2017-02-25

[ 2017-04-03T10:46:34+08:00 ] ::1 /coalball/2017-03-30/
ERR: 无法加载模块:2017-03-30

[ 2017-04-03T10:46:34+08:00 ] ::1 /coalball/2017-02-25/
ERR: 无法加载模块:2017-02-25

[ 2017-04-03T10:46:36+08:00 ] ::1 /coalball/2017-03-30/
ERR: 无法加载模块:2017-03-30

[ 2017-04-03T10:46:36+08:00 ] ::1 /coalball/2017-02-25/
ERR: 无法加载模块:2017-02-25

[ 2017-04-03T10:46:37+08:00 ] ::1 /coalball/2017-02-25/
ERR: 无法加载模块:2017-02-25

[ 2017-04-03T10:46:37+08:00 ] ::1 /coalball/2017-03-30/
ERR: 无法加载模块:2017-03-30

[ 2017-04-03T10:46:39+08:00 ] ::1 /coalball/2017-02-25/
ERR: 无法加载模块:2017-02-25

[ 2017-04-03T10:46:39+08:00 ] ::1 /coalball/2017-03-30/
ERR: 无法加载模块:2017-03-30

[ 2017-04-03T10:47:14+08:00 ] ::1 /coalball/2017-03-30/
ERR: 无法加载模块:2017-03-30

[ 2017-04-03T10:47:14+08:00 ] ::1 /coalball/2017-02-25/
ERR: 无法加载模块:2017-02-25

[ 2017-04-03T10:47:55+08:00 ] ::1 /coalball/Application/Home/Common/css/img/%C3%A6%E2%80%9D%C2%BE%C3%A5%C2%A4%C2%A7%C3%A9%E2%80%A2%C5%93.png
ERR: 无法加载模块:Application

[ 2017-04-03T10:47:55+08:00 ] ::1 /coalball/Application/Home/Common/css/img/%C3%A8%C2%B5%E2%80%9E%C3%A6%C2%BA%C2%908.png
ERR: 无法加载模块:Application

[ 2017-04-03T10:47:55+08:00 ] ::1 /coalball/Application/Home/Common/css/img/%C3%A8%C2%B5%E2%80%9E%C3%A6%C2%BA%C2%907.png
ERR: 无法加载模块:Application

[ 2017-04-03T10:47:56+08:00 ] ::1 /coalball/2017-02-25/
ERR: 无法加载模块:2017-02-25

[ 2017-04-03T10:47:56+08:00 ] ::1 /coalball/2017-03-30/
ERR: 无法加载模块:2017-03-30

[ 2017-04-03T10:47:59+08:00 ] ::1 /coalball/2017-02-25/
ERR: 无法加载模块:2017-02-25

[ 2017-04-03T10:48:00+08:00 ] ::1 /coalball/2017-02-23/
ERR: 无法加载模块:2017-02-23

[ 2017-04-03T10:48:03+08:00 ] ::1 /coalball/2017-03-30/
ERR: 无法加载模块:2017-03-30

[ 2017-04-03T10:48:03+08:00 ] ::1 /coalball/2017-02-25/
ERR: 无法加载模块:2017-02-25

[ 2017-04-03T10:48:04+08:00 ] ::1 /coalball/2017-02-25/
ERR: 无法加载模块:2017-02-25

[ 2017-04-03T10:48:05+08:00 ] ::1 /coalball/2017-02-23/
ERR: 无法加载模块:2017-02-23

[ 2017-04-03T10:49:15+08:00 ] ::1 /coalball/2017-03-30/
ERR: 无法加载模块:2017-03-30

[ 2017-04-03T10:49:15+08:00 ] ::1 /coalball/2017-02-25/
ERR: 无法加载模块:2017-02-25

[ 2017-04-03T10:49:16+08:00 ] ::1 /coalball/2017-02-25/
ERR: 无法加载模块:2017-02-25

[ 2017-04-03T10:49:16+08:00 ] ::1 /coalball/2017-03-30/
ERR: 无法加载模块:2017-03-30

[ 2017-04-03T10:49:18+08:00 ] ::1 /coalball/2017-02-25/
ERR: 无法加载模块:2017-02-25

[ 2017-04-03T10:49:18+08:00 ] ::1 /coalball/2017-03-30/
ERR: 无法加载模块:2017-03-30

[ 2017-04-03T10:49:19+08:00 ] ::1 /coalball/2017-03-30/
ERR: 无法加载模块:2017-03-30

[ 2017-04-03T10:49:19+08:00 ] ::1 /coalball/2017-02-25/
ERR: 无法加载模块:2017-02-25

[ 2017-04-03T10:52:19+08:00 ] ::1 /coalball/2017-02-25/
ERR: 无法加载模块:2017-02-25

[ 2017-04-03T10:53:31+08:00 ] ::1 /coalball/Application/Common/Common/Uploads/null
ERR: 无法加载模块:Application

[ 2017-04-03T10:53:32+08:00 ] ::1 /coalball/Application/Common/Common/Uploads/null
ERR: 无法加载模块:Application

[ 2017-04-03T10:53:33+08:00 ] ::1 /coalball/Application/Common/Common/Uploads/null
ERR: 无法加载模块:Application

[ 2017-04-03T10:53:34+08:00 ] ::1 /coalball/Application/Common/Common/Uploads/null
ERR: 无法加载模块:Application

[ 2017-04-03T10:53:34+08:00 ] ::1 /coalball/Application/Common/Common/Uploads/null
ERR: 无法加载模块:Application

[ 2017-04-03T10:54:32+08:00 ] ::1 /coalball/coalball/Application/Common/Common/Uploads/2017-03-30/
ERR: 无法加载模块:Coalball

[ 2017-04-03T10:54:32+08:00 ] ::1 /coalball/coalball/Application/Common/Common/Uploads/null
ERR: 无法加载模块:Coalball

[ 2017-04-03T10:54:32+08:00 ] ::1 /coalball/coalball/Application/Common/Common/Uploads/2017-02-25/
ERR: 无法加载模块:Coalball

[ 2017-04-03T10:54:57+08:00 ] ::1 /coalball/2017-02-23/
ERR: 无法加载模块:2017-02-23

[ 2017-04-03T10:59:12+08:00 ] ::1 /coalball/Application/Common/Common/Uploads/null
ERR: 无法加载模块:Application

[ 2017-04-03T10:59:12+08:00 ] ::1 /coalball/Application/Common/Common/Uploads/null
ERR: 无法加载模块:Application

[ 2017-04-03T11:00:48+08:00 ] ::1 /coalball/coalball/Application/Common/Common/Uploads/2017-03-30/
ERR: 无法加载模块:Coalball

[ 2017-04-03T11:00:48+08:00 ] ::1 /coalball/coalball/Application/Common/Common/Uploads/null
ERR: 无法加载模块:Coalball

[ 2017-04-03T11:00:48+08:00 ] ::1 /coalball/coalball/Application/Common/Common/Uploads/2017-02-25/
ERR: 无法加载模块:Coalball

[ 2017-04-03T11:00:49+08:00 ] ::1 /coalball/Application/Common/Common/Uploads/null
ERR: 无法加载模块:Application

[ 2017-04-03T11:00:49+08:00 ] ::1 /coalball/Application/Common/Common/Uploads/null
ERR: 无法加载模块:Application

[ 2017-04-03T11:00:50+08:00 ] ::1 /coalball/Application/Common/Common/Uploads/null
ERR: 无法加载模块:Application

[ 2017-04-03T11:00:50+08:00 ] ::1 /coalball/Application/Common/Common/Uploads/null
ERR: 无法加载模块:Application

[ 2017-04-03T11:01:23+08:00 ] ::1 /coalball/Application/Home/Common/css/img/%C3%A8%C2%B5%E2%80%9E%C3%A6%C2%BA%C2%908.png
ERR: 无法加载模块:Application

[ 2017-04-03T11:01:23+08:00 ] ::1 /coalball/Application/Home/Common/css/img/%C3%A6%E2%80%9D%C2%BE%C3%A5%C2%A4%C2%A7%C3%A9%E2%80%A2%C5%93.png
ERR: 无法加载模块:Application

[ 2017-04-03T11:01:23+08:00 ] ::1 /coalball/Application/Home/Common/css/img/%C3%A8%C2%B5%E2%80%9E%C3%A6%C2%BA%C2%907.png
ERR: 无法加载模块:Application

[ 2017-04-03T11:01:23+08:00 ] ::1 /coalball/Application/Common/Common/Uploads/null
ERR: 无法加载模块:Application

[ 2017-04-03T11:04:05+08:00 ] ::1 /coalball/Application/Home/Common/css/img/%C3%A8%C2%B5%E2%80%9E%C3%A6%C2%BA%C2%908.png
ERR: 无法加载模块:Application

[ 2017-04-03T11:04:05+08:00 ] ::1 /coalball/Application/Home/Common/css/img/%C3%A6%E2%80%9D%C2%BE%C3%A5%C2%A4%C2%A7%C3%A9%E2%80%A2%C5%93.png
ERR: 无法加载模块:Application

[ 2017-04-03T11:04:05+08:00 ] ::1 /coalball/Application/Home/Common/css/img/%C3%A8%C2%B5%E2%80%9E%C3%A6%C2%BA%C2%907.png
ERR: 无法加载模块:Application

[ 2017-04-03T11:04:05+08:00 ] ::1 /coalball/Application/Common/Common/Uploads/nullnull
ERR: 无法加载模块:Application

[ 2017-04-03T11:04:06+08:00 ] ::1 /coalball/Application/Common/Common/Uploads/null
ERR: 无法加载模块:Application

[ 2017-04-03T11:04:07+08:00 ] ::1 /coalball/Application/Common/Common/Uploads/null
ERR: 无法加载模块:Application

[ 2017-04-03T11:04:08+08:00 ] ::1 /coalball/Application/Common/Common/Uploads/null
ERR: 无法加载模块:Application

[ 2017-04-03T11:04:08+08:00 ] ::1 /coalball/Application/Common/Common/Uploads/null
ERR: 无法加载模块:Application

[ 2017-04-03T11:04:08+08:00 ] ::1 /coalball/Application/Common/Common/Uploads/null
ERR: 无法加载模块:Application

[ 2017-04-03T11:04:09+08:00 ] ::1 /coalball/Application/Common/Common/Uploads/null
ERR: 无法加载模块:Application

[ 2017-04-03T11:04:09+08:00 ] ::1 /coalball/Application/Common/Common/Uploads/null
ERR: 无法加载模块:Application

[ 2017-04-03T11:04:09+08:00 ] ::1 /coalball/Application/Common/Common/Uploads/null
ERR: 无法加载模块:Application

[ 2017-04-03T11:06:06+08:00 ] ::1 /coalball/Application/Common/Common/Uploads/nullnull
ERR: 无法加载模块:Application

[ 2017-04-03T11:07:01+08:00 ] ::1 /coalball/Application/Common/Common/Uploads/nullnull
ERR: 无法加载模块:Application

[ 2017-04-03T11:07:02+08:00 ] ::1 /coalball/Application/Common/Common/Uploads/nullnull
ERR: 无法加载模块:Application

[ 2017-04-03T11:07:03+08:00 ] ::1 /coalball/Application/Common/Common/Uploads/nullnull
ERR: 无法加载模块:Application

[ 2017-04-03T11:07:04+08:00 ] ::1 /coalball/Application/Common/Common/Uploads/nullnull
ERR: 无法加载模块:Application

[ 2017-04-03T11:07:04+08:00 ] ::1 /coalball/Application/Common/Common/Uploads/nullnull
ERR: 无法加载模块:Application

[ 2017-04-03T11:07:05+08:00 ] ::1 /coalball/Application/Common/Common/Uploads/nullnull
ERR: 无法加载模块:Application

[ 2017-04-03T11:07:06+08:00 ] ::1 /coalball/Application/Common/Common/Uploads/nullnull
ERR: 无法加载模块:Application

[ 2017-04-03T11:07:07+08:00 ] ::1 /coalball/Application/Common/Common/Uploads/nullnull
ERR: 无法加载模块:Application

[ 2017-04-03T11:07:07+08:00 ] ::1 /coalball/Application/Common/Common/Uploads/nullnull
ERR: 无法加载模块:Application

[ 2017-04-03T11:07:08+08:00 ] ::1 /coalball/Application/Common/Common/Uploads/nullnull
ERR: 无法加载模块:Application

[ 2017-04-03T11:07:08+08:00 ] ::1 /coalball/Application/Common/Common/Uploads/nullnull
ERR: 无法加载模块:Application

[ 2017-04-03T11:07:18+08:00 ] ::1 /coalball/Application/Common/Common/Uploads/nullnull
ERR: 无法加载模块:Application

[ 2017-04-03T11:07:19+08:00 ] ::1 /coalball/Application/Common/Common/Uploads/nullnull
ERR: 无法加载模块:Application

[ 2017-04-03T11:07:19+08:00 ] ::1 /coalball/Application/Common/Common/Uploads/nullnull
ERR: 无法加载模块:Application

[ 2017-04-03T11:07:20+08:00 ] ::1 /coalball/Application/Common/Common/Uploads/nullnull
ERR: 无法加载模块:Application

[ 2017-04-03T11:07:20+08:00 ] ::1 /coalball/Application/Common/Common/Uploads/nullnull
ERR: 无法加载模块:Application

[ 2017-04-03T11:07:21+08:00 ] ::1 /coalball/Application/Common/Common/Uploads/nullnull
ERR: 无法加载模块:Application

[ 2017-04-03T11:07:21+08:00 ] ::1 /coalball/Application/Common/Common/Uploads/nullnull
ERR: 无法加载模块:Application

[ 2017-04-03T11:07:21+08:00 ] ::1 /coalball/Application/Common/Common/Uploads/nullnull
ERR: 无法加载模块:Application

[ 2017-04-03T11:07:22+08:00 ] ::1 /coalball/Application/Common/Common/Uploads/nullnull
ERR: 无法加载模块:Application

[ 2017-04-03T11:07:22+08:00 ] ::1 /coalball/Application/Common/Common/Uploads/nullnull
ERR: 无法加载模块:Application

[ 2017-04-03T11:07:23+08:00 ] ::1 /coalball/Application/Common/Common/Uploads/nullnull
ERR: 无法加载模块:Application

[ 2017-04-03T11:07:23+08:00 ] ::1 /coalball/Application/Common/Common/Uploads/nullnull
ERR: 无法加载模块:Application

[ 2017-04-03T11:07:24+08:00 ] ::1 /coalball/Application/Common/Common/Uploads/nullnull
ERR: 无法加载模块:Application

[ 2017-04-03T11:07:24+08:00 ] ::1 /coalball/Application/Common/Common/Uploads/nullnull
ERR: 无法加载模块:Application

[ 2017-04-03T11:07:24+08:00 ] ::1 /coalball/Application/Common/Common/Uploads/nullnull
ERR: 无法加载模块:Application

[ 2017-04-03T11:07:25+08:00 ] ::1 /coalball/Application/Common/Common/Uploads/nullnull
ERR: 无法加载模块:Application

[ 2017-04-03T11:10:03+08:00 ] ::1 /coalball/Application/Common/Common/Uploads/nullnull
ERR: 无法加载模块:Application

[ 2017-04-03T11:10:04+08:00 ] ::1 /coalball/Application/Common/Common/Uploads/nullnull
ERR: 无法加载模块:Application

[ 2017-04-03T11:10:55+08:00 ] ::1 /coalball/Application/Common/Common/Uploads/nullnull
ERR: 无法加载模块:Application

[ 2017-04-03T11:10:56+08:00 ] ::1 /coalball/Application/Common/Common/Uploads/nullnull
ERR: 无法加载模块:Application

[ 2017-04-03T11:10:56+08:00 ] ::1 /coalball/Application/Common/Common/Uploads/nullnull
ERR: 无法加载模块:Application

[ 2017-04-03T11:10:57+08:00 ] ::1 /coalball/Application/Common/Common/Uploads/nullnull
ERR: 无法加载模块:Application

[ 2017-04-03T11:10:57+08:00 ] ::1 /coalball/Application/Common/Common/Uploads/nullnull
ERR: 无法加载模块:Application

[ 2017-04-03T11:10:57+08:00 ] ::1 /coalball/Application/Common/Common/Uploads/nullnull
ERR: 无法加载模块:Application

[ 2017-04-03T11:10:58+08:00 ] ::1 /coalball/Application/Common/Common/Uploads/nullnull
ERR: 无法加载模块:Application

[ 2017-04-03T11:10:58+08:00 ] ::1 /coalball/Application/Common/Common/Uploads/nullnull
ERR: 无法加载模块:Application

[ 2017-04-03T11:10:58+08:00 ] ::1 /coalball/Application/Common/Common/Uploads/nullnull
ERR: 无法加载模块:Application

[ 2017-04-03T11:10:59+08:00 ] ::1 /coalball/Application/Common/Common/Uploads/nullnull
ERR: 无法加载模块:Application

[ 2017-04-03T11:10:59+08:00 ] ::1 /coalball/Application/Common/Common/Uploads/nullnull
ERR: 无法加载模块:Application

[ 2017-04-03T11:11:00+08:00 ] ::1 /coalball/Application/Common/Common/Uploads/nullnull
ERR: 无法加载模块:Application

[ 2017-04-03T11:11:00+08:00 ] ::1 /coalball/Application/Common/Common/Uploads/nullnull
ERR: 无法加载模块:Application

[ 2017-04-03T11:11:00+08:00 ] ::1 /coalball/Application/Common/Common/Uploads/nullnull
ERR: 无法加载模块:Application

[ 2017-04-03T11:11:01+08:00 ] ::1 /coalball/Application/Common/Common/Uploads/nullnull
ERR: 无法加载模块:Application

[ 2017-04-03T11:11:02+08:00 ] ::1 /coalball/Application/Common/Common/Uploads/nullnull
ERR: 无法加载模块:Application

[ 2017-04-03T11:15:36+08:00 ] ::1 /coalball/Application/Home/Common/css/img/%C3%A8%C2%B5%E2%80%9E%C3%A6%C2%BA%C2%907.png
ERR: 无法加载模块:Application

[ 2017-04-03T11:15:36+08:00 ] ::1 /coalball/Application/Home/Common/css/img/%C3%A8%C2%B5%E2%80%9E%C3%A6%C2%BA%C2%908.png
ERR: 无法加载模块:Application

[ 2017-04-03T11:15:36+08:00 ] ::1 /coalball/Application/Home/Common/css/img/%C3%A6%E2%80%9D%C2%BE%C3%A5%C2%A4%C2%A7%C3%A9%E2%80%A2%C5%93.png
ERR: 无法加载模块:Application

[ 2017-04-03T11:15:37+08:00 ] ::1 /coalball/Application/Common/Common/Uploads/nullnull
ERR: 无法加载模块:Application

[ 2017-04-03T11:15:37+08:00 ] ::1 /coalball/Application/Common/Common/Uploads/nullnull
ERR: 无法加载模块:Application

[ 2017-04-03T11:15:38+08:00 ] ::1 /coalball/Application/Common/Common/Uploads/nullnull
ERR: 无法加载模块:Application

[ 2017-04-03T11:15:42+08:00 ] ::1 /coalball/Application/Common/Common/Uploads/nullnull
ERR: 无法加载模块:Application

[ 2017-04-03T11:15:43+08:00 ] ::1 /coalball/Application/Common/Common/Uploads/nullnull
ERR: 无法加载模块:Application

[ 2017-04-03T11:15:43+08:00 ] ::1 /coalball/Application/Common/Common/Uploads/nullnull
ERR: 无法加载模块:Application

[ 2017-04-03T11:15:43+08:00 ] ::1 /coalball/Application/Common/Common/Uploads/nullnull
ERR: 无法加载模块:Application

[ 2017-04-03T11:15:50+08:00 ] ::1 /coalball/Application/Common/Common/Uploads/nullnull
ERR: 无法加载模块:Application

[ 2017-04-03T11:15:50+08:00 ] ::1 /coalball/Application/Common/Common/Uploads/nullnull
ERR: 无法加载模块:Application

[ 2017-04-03T11:16:20+08:00 ] ::1 /coalball/img/lol1.png
ERR: 无法加载模块:Img

[ 2017-04-03T11:16:20+08:00 ] ::1 /coalball/img/lol2.png
ERR: 无法加载模块:Img

[ 2017-04-03T11:16:20+08:00 ] ::1 /coalball/img/lol2.png
ERR: 无法加载模块:Img

[ 2017-04-03T11:16:20+08:00 ] ::1 /coalball/img/lol1.png
ERR: 无法加载模块:Img

[ 2017-04-03T11:16:20+08:00 ] ::1 /coalball/img/lol1.png
ERR: 无法加载模块:Img

[ 2017-04-03T11:16:20+08:00 ] ::1 /coalball/img/lol2.png
ERR: 无法加载模块:Img

[ 2017-04-03T11:16:20+08:00 ] ::1 /coalball/img/lol1.png
ERR: 无法加载模块:Img

[ 2017-04-03T11:16:20+08:00 ] ::1 /coalball/img/lol2.png
ERR: 无法加载模块:Img

[ 2017-04-03T11:16:20+08:00 ] ::1 /coalball/img/lol1.png
ERR: 无法加载模块:Img

[ 2017-04-03T11:16:20+08:00 ] ::1 /coalball/img/lol1.png
ERR: 无法加载模块:Img

[ 2017-04-03T11:16:20+08:00 ] ::1 /coalball/img/lol2.png
ERR: 无法加载模块:Img

[ 2017-04-03T11:16:20+08:00 ] ::1 /coalball/img/lol2.png
ERR: 无法加载模块:Img

[ 2017-04-03T11:16:20+08:00 ] ::1 /coalball/img/lol1.png
ERR: 无法加载模块:Img

[ 2017-04-03T11:16:20+08:00 ] ::1 /coalball/img/lol2.png
ERR: 无法加载模块:Img

[ 2017-04-03T11:16:20+08:00 ] ::1 /coalball/img/lol1.png
ERR: 无法加载模块:Img

[ 2017-04-03T11:16:20+08:00 ] ::1 /coalball/img/lol2.png
ERR: 无法加载模块:Img

[ 2017-04-03T11:16:20+08:00 ] ::1 /coalball/img/lol1.png
ERR: 无法加载模块:Img

[ 2017-04-03T11:16:21+08:00 ] ::1 /coalball/img/lol1.png
ERR: 无法加载模块:Img

[ 2017-04-03T11:16:21+08:00 ] ::1 /coalball/img/lol2.png
ERR: 无法加载模块:Img

[ 2017-04-03T11:16:21+08:00 ] ::1 /coalball/img/lol2.png
ERR: 无法加载模块:Img

[ 2017-04-03T11:16:21+08:00 ] ::1 /coalball/img/lol1.png
ERR: 无法加载模块:Img

[ 2017-04-03T11:16:21+08:00 ] ::1 /coalball/img/lol1.png
ERR: 无法加载模块:Img

[ 2017-04-03T11:16:21+08:00 ] ::1 /coalball/img/lol2.png
ERR: 无法加载模块:Img

[ 2017-04-03T11:16:27+08:00 ] ::1 /coalball/Application/Common/Common/Uploads/nullnull
ERR: 无法加载模块:Application

[ 2017-04-03T11:16:28+08:00 ] ::1 /coalball/Application/Common/Common/Uploads/nullnull
ERR: 无法加载模块:Application

[ 2017-04-03T11:16:28+08:00 ] ::1 /coalball/Application/Common/Common/Uploads/nullnull
ERR: 无法加载模块:Application

[ 2017-04-03T11:16:29+08:00 ] ::1 /coalball/Application/Common/Common/Uploads/nullnull
ERR: 无法加载模块:Application

[ 2017-04-03T11:16:29+08:00 ] ::1 /coalball/Application/Common/Common/Uploads/nullnull
ERR: 无法加载模块:Application

[ 2017-04-03T11:16:29+08:00 ] ::1 /coalball/Application/Common/Common/Uploads/nullnull
ERR: 无法加载模块:Application

[ 2017-04-03T11:16:30+08:00 ] ::1 /coalball/Application/Common/Common/Uploads/nullnull
ERR: 无法加载模块:Application

[ 2017-04-03T11:16:30+08:00 ] ::1 /coalball/Application/Common/Common/Uploads/nullnull
ERR: 无法加载模块:Application

[ 2017-04-03T11:16:46+08:00 ] ::1 /coalball/img/lol2.png
ERR: 无法加载模块:Img

[ 2017-04-03T11:16:46+08:00 ] ::1 /coalball/img/lol1.png
ERR: 无法加载模块:Img

[ 2017-04-03T11:16:46+08:00 ] ::1 /coalball/img/lol2.png
ERR: 无法加载模块:Img

[ 2017-04-03T11:16:46+08:00 ] ::1 /coalball/img/lol1.png
ERR: 无法加载模块:Img

[ 2017-04-03T11:16:46+08:00 ] ::1 /coalball/img/lol2.png
ERR: 无法加载模块:Img

[ 2017-04-03T11:16:46+08:00 ] ::1 /coalball/img/lol1.png
ERR: 无法加载模块:Img

[ 2017-04-03T11:16:46+08:00 ] ::1 /coalball/img/lol1.png
ERR: 无法加载模块:Img

[ 2017-04-03T11:16:46+08:00 ] ::1 /coalball/img/lol2.png
ERR: 无法加载模块:Img

[ 2017-04-03T11:16:46+08:00 ] ::1 /coalball/img/lol1.png
ERR: 无法加载模块:Img

[ 2017-04-03T11:16:46+08:00 ] ::1 /coalball/img/lol2.png
ERR: 无法加载模块:Img

[ 2017-04-03T11:16:47+08:00 ] ::1 /coalball/img/lol2.png
ERR: 无法加载模块:Img

[ 2017-04-03T11:16:47+08:00 ] ::1 /coalball/img/lol1.png
ERR: 无法加载模块:Img

[ 2017-04-03T11:16:47+08:00 ] ::1 /coalball/img/lol2.png
ERR: 无法加载模块:Img

[ 2017-04-03T11:16:47+08:00 ] ::1 /coalball/img/lol1.png
ERR: 无法加载模块:Img

[ 2017-04-03T11:16:47+08:00 ] ::1 /coalball/img/lol1.png
ERR: 无法加载模块:Img

[ 2017-04-03T11:16:47+08:00 ] ::1 /coalball/img/lol2.png
ERR: 无法加载模块:Img

[ 2017-04-03T11:16:47+08:00 ] ::1 /coalball/img/lol1.png
ERR: 无法加载模块:Img

[ 2017-04-03T11:16:47+08:00 ] ::1 /coalball/img/lol2.png
ERR: 无法加载模块:Img

[ 2017-04-03T11:17:03+08:00 ] ::1 /coalball/Application/Common/Common/Uploads/nullnull
ERR: 无法加载模块:Application

[ 2017-04-03T11:17:03+08:00 ] ::1 /coalball/Application/Common/Common/Uploads/nullnull
ERR: 无法加载模块:Application

[ 2017-04-03T11:17:04+08:00 ] ::1 /coalball/Application/Common/Common/Uploads/nullnull
ERR: 无法加载模块:Application

[ 2017-04-03T11:17:04+08:00 ] ::1 /coalball/Application/Common/Common/Uploads/nullnull
ERR: 无法加载模块:Application

[ 2017-04-03T11:17:05+08:00 ] ::1 /coalball/Application/Common/Common/Uploads/nullnull
ERR: 无法加载模块:Application

[ 2017-04-03T11:17:05+08:00 ] ::1 /coalball/Application/Common/Common/Uploads/nullnull
ERR: 无法加载模块:Application

[ 2017-04-03T11:17:05+08:00 ] ::1 /coalball/Application/Common/Common/Uploads/nullnull
ERR: 无法加载模块:Application

[ 2017-04-03T11:17:06+08:00 ] ::1 /coalball/Application/Common/Common/Uploads/nullnull
ERR: 无法加载模块:Application

[ 2017-04-03T11:17:06+08:00 ] ::1 /coalball/Application/Common/Common/Uploads/nullnull
ERR: 无法加载模块:Application

[ 2017-04-03T11:17:08+08:00 ] ::1 /coalball/Application/Common/Common/Uploads/nullnull
ERR: 无法加载模块:Application

[ 2017-04-03T11:17:08+08:00 ] ::1 /coalball/Application/Common/Common/Uploads/nullnull
ERR: 无法加载模块:Application

[ 2017-04-03T11:17:08+08:00 ] ::1 /coalball/Application/Common/Common/Uploads/nullnull
ERR: 无法加载模块:Application

[ 2017-04-03T11:17:09+08:00 ] ::1 /coalball/Application/Common/Common/Uploads/nullnull
ERR: 无法加载模块:Application

[ 2017-04-03T11:17:09+08:00 ] ::1 /coalball/Application/Common/Common/Uploads/nullnull
ERR: 无法加载模块:Application

[ 2017-04-03T11:17:10+08:00 ] ::1 /coalball/Application/Common/Common/Uploads/nullnull
ERR: 无法加载模块:Application

[ 2017-04-03T11:20:36+08:00 ] ::1 /coalball/img/lol1.png
ERR: 无法加载模块:Img

[ 2017-04-03T11:20:36+08:00 ] ::1 /coalball/img/lol2.png
ERR: 无法加载模块:Img

[ 2017-04-03T11:20:36+08:00 ] ::1 /coalball/img/lol2.png
ERR: 无法加载模块:Img

[ 2017-04-03T11:20:36+08:00 ] ::1 /coalball/img/lol1.png
ERR: 无法加载模块:Img

[ 2017-04-03T11:20:36+08:00 ] ::1 /coalball/img/lol2.png
ERR: 无法加载模块:Img

[ 2017-04-03T11:20:36+08:00 ] ::1 /coalball/img/lol1.png
ERR: 无法加载模块:Img

[ 2017-04-03T11:20:36+08:00 ] ::1 /coalball/img/lol1.png
ERR: 无法加载模块:Img

[ 2017-04-03T11:20:36+08:00 ] ::1 /coalball/img/lol2.png
ERR: 无法加载模块:Img

[ 2017-04-03T11:20:37+08:00 ] ::1 /coalball/img/lol2.png
ERR: 无法加载模块:Img

[ 2017-04-03T11:20:37+08:00 ] ::1 /coalball/img/lol1.png
ERR: 无法加载模块:Img

[ 2017-04-03T11:20:37+08:00 ] ::1 /coalball/img/lol1.png
ERR: 无法加载模块:Img

[ 2017-04-03T11:20:37+08:00 ] ::1 /coalball/img/lol2.png
ERR: 无法加载模块:Img

[ 2017-04-03T11:20:37+08:00 ] ::1 /coalball/img/lol2.png
ERR: 无法加载模块:Img

[ 2017-04-03T11:20:37+08:00 ] ::1 /coalball/img/lol1.png
ERR: 无法加载模块:Img

[ 2017-04-03T11:20:37+08:00 ] ::1 /coalball/img/lol1.png
ERR: 无法加载模块:Img

[ 2017-04-03T11:20:37+08:00 ] ::1 /coalball/img/lol2.png
ERR: 无法加载模块:Img

[ 2017-04-03T11:20:37+08:00 ] ::1 /coalball/img/lol1.png
ERR: 无法加载模块:Img

[ 2017-04-03T11:20:37+08:00 ] ::1 /coalball/img/lol2.png
ERR: 无法加载模块:Img

[ 2017-04-03T11:20:40+08:00 ] ::1 /coalball/img/lol1.png
ERR: 无法加载模块:Img

[ 2017-04-03T11:20:40+08:00 ] ::1 /coalball/img/lol2.png
ERR: 无法加载模块:Img

[ 2017-04-03T11:20:40+08:00 ] ::1 /coalball/img/lol2.png
ERR: 无法加载模块:Img

[ 2017-04-03T11:20:40+08:00 ] ::1 /coalball/img/lol1.png
ERR: 无法加载模块:Img

[ 2017-04-03T11:20:40+08:00 ] ::1 /coalball/img/lol1.png
ERR: 无法加载模块:Img

[ 2017-04-03T11:20:40+08:00 ] ::1 /coalball/img/lol2.png
ERR: 无法加载模块:Img

[ 2017-04-03T11:20:40+08:00 ] ::1 /coalball/img/lol1.png
ERR: 无法加载模块:Img

[ 2017-04-03T11:20:40+08:00 ] ::1 /coalball/img/lol2.png
ERR: 无法加载模块:Img

[ 2017-04-03T11:20:41+08:00 ] ::1 /coalball/img/lol1.png
ERR: 无法加载模块:Img

[ 2017-04-03T11:20:41+08:00 ] ::1 /coalball/img/lol2.png
ERR: 无法加载模块:Img

[ 2017-04-03T11:20:41+08:00 ] ::1 /coalball/img/lol2.png
ERR: 无法加载模块:Img

[ 2017-04-03T11:20:41+08:00 ] ::1 /coalball/img/lol1.png
ERR: 无法加载模块:Img

[ 2017-04-03T11:20:41+08:00 ] ::1 /coalball/img/lol2.png
ERR: 无法加载模块:Img

[ 2017-04-03T11:20:41+08:00 ] ::1 /coalball/img/lol1.png
ERR: 无法加载模块:Img

[ 2017-04-03T11:20:42+08:00 ] ::1 /coalball/img/lol2.png
ERR: 无法加载模块:Img

[ 2017-04-03T11:20:42+08:00 ] ::1 /coalball/img/lol1.png
ERR: 无法加载模块:Img

[ 2017-04-03T11:20:42+08:00 ] ::1 /coalball/img/lol1.png
ERR: 无法加载模块:Img

[ 2017-04-03T11:20:42+08:00 ] ::1 /coalball/img/lol2.png
ERR: 无法加载模块:Img

[ 2017-04-03T11:20:42+08:00 ] ::1 /coalball/img/lol1.png
ERR: 无法加载模块:Img

[ 2017-04-03T11:20:42+08:00 ] ::1 /coalball/img/lol2.png
ERR: 无法加载模块:Img

[ 2017-04-03T11:22:22+08:00 ] ::1 /coalball/Application/Common/Common/Uploads/nullnull
ERR: 无法加载模块:Application

[ 2017-04-03T11:22:23+08:00 ] ::1 /coalball/Application/Common/Common/Uploads/nullnull
ERR: 无法加载模块:Application

[ 2017-04-03T11:22:24+08:00 ] ::1 /coalball/Application/Common/Common/Uploads/nullnull
ERR: 无法加载模块:Application

[ 2017-04-03T11:22:27+08:00 ] ::1 /coalball/Application/Common/Common/Uploads/nullnull
ERR: 无法加载模块:Application

[ 2017-04-03T11:22:28+08:00 ] ::1 /coalball/Application/Common/Common/Uploads/nullnull
ERR: 无法加载模块:Application

[ 2017-04-03T11:22:28+08:00 ] ::1 /coalball/Application/Common/Common/Uploads/nullnull
ERR: 无法加载模块:Application

[ 2017-04-03T11:22:29+08:00 ] ::1 /coalball/Application/Common/Common/Uploads/nullnull
ERR: 无法加载模块:Application

[ 2017-04-03T11:22:29+08:00 ] ::1 /coalball/Application/Common/Common/Uploads/nullnull
ERR: 无法加载模块:Application

[ 2017-04-03T11:22:29+08:00 ] ::1 /coalball/Application/Common/Common/Uploads/nullnull
ERR: 无法加载模块:Application

[ 2017-04-03T11:22:30+08:00 ] ::1 /coalball/Application/Common/Common/Uploads/nullnull
ERR: 无法加载模块:Application

[ 2017-04-03T11:22:31+08:00 ] ::1 /coalball/Application/Common/Common/Uploads/nullnull
ERR: 无法加载模块:Application

[ 2017-04-03T11:22:31+08:00 ] ::1 /coalball/Application/Common/Common/Uploads/nullnull
ERR: 无法加载模块:Application

[ 2017-04-03T11:22:33+08:00 ] ::1 /coalball/Application/Common/Common/Uploads/nullnull
ERR: 无法加载模块:Application

[ 2017-04-03T11:22:33+08:00 ] ::1 /coalball/Application/Common/Common/Uploads/nullnull
ERR: 无法加载模块:Application

[ 2017-04-03T11:22:58+08:00 ] ::1 /coalball/Application/Common/Common/Uploads/nullnull
ERR: 无法加载模块:Application

[ 2017-04-03T11:23:24+08:00 ] ::1 /coalball/img/lol1.png
ERR: 无法加载模块:Img

[ 2017-04-03T11:23:24+08:00 ] ::1 /coalball/img/lol2.png
ERR: 无法加载模块:Img

[ 2017-04-03T11:23:24+08:00 ] ::1 /coalball/img/lol1.png
ERR: 无法加载模块:Img

[ 2017-04-03T11:23:24+08:00 ] ::1 /coalball/img/lol2.png
ERR: 无法加载模块:Img

[ 2017-04-03T11:23:24+08:00 ] ::1 /coalball/img/lol1.png
ERR: 无法加载模块:Img

[ 2017-04-03T11:23:24+08:00 ] ::1 /coalball/img/lol2.png
ERR: 无法加载模块:Img

[ 2017-04-03T11:23:24+08:00 ] ::1 /coalball/img/lol1.png
ERR: 无法加载模块:Img

[ 2017-04-03T11:23:24+08:00 ] ::1 /coalball/img/lol2.png
ERR: 无法加载模块:Img

[ 2017-04-03T11:23:24+08:00 ] ::1 /coalball/img/lol1.png
ERR: 无法加载模块:Img

[ 2017-04-03T11:23:24+08:00 ] ::1 /coalball/img/lol2.png
ERR: 无法加载模块:Img

[ 2017-04-03T11:23:24+08:00 ] ::1 /coalball/img/lol2.png
ERR: 无法加载模块:Img

[ 2017-04-03T11:23:24+08:00 ] ::1 /coalball/img/lol1.png
ERR: 无法加载模块:Img

[ 2017-04-03T11:23:25+08:00 ] ::1 /coalball/img/lol1.png
ERR: 无法加载模块:Img

[ 2017-04-03T11:23:25+08:00 ] ::1 /coalball/img/lol2.png
ERR: 无法加载模块:Img

[ 2017-04-03T11:23:25+08:00 ] ::1 /coalball/img/lol2.png
ERR: 无法加载模块:Img

[ 2017-04-03T11:23:25+08:00 ] ::1 /coalball/img/lol1.png
ERR: 无法加载模块:Img

[ 2017-04-03T11:23:25+08:00 ] ::1 /coalball/img/lol1.png
ERR: 无法加载模块:Img

[ 2017-04-03T11:23:25+08:00 ] ::1 /coalball/img/lol2.png
ERR: 无法加载模块:Img

[ 2017-04-03T11:23:48+08:00 ] ::1 /coalball/img/lol2.png
ERR: 无法加载模块:Img

[ 2017-04-03T11:23:48+08:00 ] ::1 /coalball/img/lol1.png
ERR: 无法加载模块:Img

[ 2017-04-03T11:23:48+08:00 ] ::1 /coalball/img/lol2.png
ERR: 无法加载模块:Img

[ 2017-04-03T11:23:48+08:00 ] ::1 /coalball/img/lol1.png
ERR: 无法加载模块:Img

[ 2017-04-03T11:23:48+08:00 ] ::1 /coalball/img/lol1.png
ERR: 无法加载模块:Img

[ 2017-04-03T11:23:48+08:00 ] ::1 /coalball/img/lol2.png
ERR: 无法加载模块:Img

[ 2017-04-03T11:23:54+08:00 ] ::1 /coalball/img/lol1.png
ERR: 无法加载模块:Img

[ 2017-04-03T11:23:54+08:00 ] ::1 /coalball/img/lol2.png
ERR: 无法加载模块:Img

[ 2017-04-03T11:24:49+08:00 ] ::1 /coalball/img/lol1.png
ERR: 无法加载模块:Img

[ 2017-04-03T11:24:49+08:00 ] ::1 /coalball/img/lol2.png
ERR: 无法加载模块:Img

[ 2017-04-03T11:24:49+08:00 ] ::1 /coalball/img/lol1.png
ERR: 无法加载模块:Img

[ 2017-04-03T11:24:49+08:00 ] ::1 /coalball/img/lol2.png
ERR: 无法加载模块:Img

[ 2017-04-03T11:24:49+08:00 ] ::1 /coalball/img/lol1.png
ERR: 无法加载模块:Img

[ 2017-04-03T11:24:49+08:00 ] ::1 /coalball/img/lol2.png
ERR: 无法加载模块:Img

[ 2017-04-03T11:24:49+08:00 ] ::1 /coalball/img/lol1.png
ERR: 无法加载模块:Img

[ 2017-04-03T11:24:49+08:00 ] ::1 /coalball/img/lol2.png
ERR: 无法加载模块:Img

[ 2017-04-03T11:24:50+08:00 ] ::1 /coalball/img/lol1.png
ERR: 无法加载模块:Img

[ 2017-04-03T11:24:50+08:00 ] ::1 /coalball/img/lol2.png
ERR: 无法加载模块:Img

[ 2017-04-03T11:24:50+08:00 ] ::1 /coalball/img/lol1.png
ERR: 无法加载模块:Img

[ 2017-04-03T11:24:50+08:00 ] ::1 /coalball/img/lol2.png
ERR: 无法加载模块:Img

[ 2017-04-03T11:24:50+08:00 ] ::1 /coalball/img/lol2.png
ERR: 无法加载模块:Img

[ 2017-04-03T11:24:50+08:00 ] ::1 /coalball/img/lol1.png
ERR: 无法加载模块:Img

[ 2017-04-03T11:24:50+08:00 ] ::1 /coalball/img/lol1.png
ERR: 无法加载模块:Img

[ 2017-04-03T11:24:50+08:00 ] ::1 /coalball/img/lol2.png
ERR: 无法加载模块:Img

[ 2017-04-03T11:24:50+08:00 ] ::1 /coalball/img/lol1.png
ERR: 无法加载模块:Img

[ 2017-04-03T11:24:50+08:00 ] ::1 /coalball/img/lol2.png
ERR: 无法加载模块:Img

[ 2017-04-03T11:24:50+08:00 ] ::1 /coalball/img/lol1.png
ERR: 无法加载模块:Img

[ 2017-04-03T11:24:50+08:00 ] ::1 /coalball/img/lol2.png
ERR: 无法加载模块:Img

[ 2017-04-03T11:24:50+08:00 ] ::1 /coalball/img/lol1.png
ERR: 无法加载模块:Img

[ 2017-04-03T11:24:50+08:00 ] ::1 /coalball/img/lol2.png
ERR: 无法加载模块:Img

[ 2017-04-03T11:24:50+08:00 ] ::1 /coalball/img/lol2.png
ERR: 无法加载模块:Img

[ 2017-04-03T11:24:50+08:00 ] ::1 /coalball/img/lol1.png
ERR: 无法加载模块:Img

[ 2017-04-03T11:24:50+08:00 ] ::1 /coalball/img/lol2.png
ERR: 无法加载模块:Img

[ 2017-04-03T11:24:50+08:00 ] ::1 /coalball/img/lol1.png
ERR: 无法加载模块:Img

[ 2017-04-03T11:24:54+08:00 ] ::1 /coalball/img/lol2.png
ERR: 无法加载模块:Img

[ 2017-04-03T11:24:54+08:00 ] ::1 /coalball/img/lol1.png
ERR: 无法加载模块:Img

[ 2017-04-03T11:24:54+08:00 ] ::1 /coalball/img/lol1.png
ERR: 无法加载模块:Img

[ 2017-04-03T11:24:54+08:00 ] ::1 /coalball/img/lol2.png
ERR: 无法加载模块:Img

[ 2017-04-03T11:24:54+08:00 ] ::1 /coalball/img/lol2.png
ERR: 无法加载模块:Img

[ 2017-04-03T11:24:54+08:00 ] ::1 /coalball/img/lol1.png
ERR: 无法加载模块:Img

[ 2017-04-03T11:24:54+08:00 ] ::1 /coalball/img/lol2.png
ERR: 无法加载模块:Img

[ 2017-04-03T11:24:54+08:00 ] ::1 /coalball/img/lol1.png
ERR: 无法加载模块:Img

[ 2017-04-03T11:24:54+08:00 ] ::1 /coalball/img/lol1.png
ERR: 无法加载模块:Img

[ 2017-04-03T11:24:54+08:00 ] ::1 /coalball/img/lol2.png
ERR: 无法加载模块:Img

[ 2017-04-03T11:24:54+08:00 ] ::1 /coalball/img/lol2.png
ERR: 无法加载模块:Img

[ 2017-04-03T11:24:54+08:00 ] ::1 /coalball/img/lol1.png
ERR: 无法加载模块:Img

[ 2017-04-03T11:24:54+08:00 ] ::1 /coalball/img/lol2.png
ERR: 无法加载模块:Img

[ 2017-04-03T11:24:54+08:00 ] ::1 /coalball/img/lol1.png
ERR: 无法加载模块:Img

[ 2017-04-03T11:24:54+08:00 ] ::1 /coalball/img/lol2.png
ERR: 无法加载模块:Img

[ 2017-04-03T11:24:54+08:00 ] ::1 /coalball/img/lol1.png
ERR: 无法加载模块:Img

[ 2017-04-03T11:24:55+08:00 ] ::1 /coalball/img/lol2.png
ERR: 无法加载模块:Img

[ 2017-04-03T11:24:55+08:00 ] ::1 /coalball/img/lol1.png
ERR: 无法加载模块:Img

[ 2017-04-03T11:24:55+08:00 ] ::1 /coalball/img/lol1.png
ERR: 无法加载模块:Img

[ 2017-04-03T11:24:55+08:00 ] ::1 /coalball/img/lol2.png
ERR: 无法加载模块:Img

[ 2017-04-03T11:24:55+08:00 ] ::1 /coalball/img/lol1.png
ERR: 无法加载模块:Img

[ 2017-04-03T11:24:55+08:00 ] ::1 /coalball/img/lol2.png
ERR: 无法加载模块:Img

[ 2017-04-03T11:24:55+08:00 ] ::1 /coalball/img/lol1.png
ERR: 无法加载模块:Img

[ 2017-04-03T11:24:55+08:00 ] ::1 /coalball/img/lol2.png
ERR: 无法加载模块:Img

[ 2017-04-03T11:24:55+08:00 ] ::1 /coalball/img/lol2.png
ERR: 无法加载模块:Img

[ 2017-04-03T11:24:55+08:00 ] ::1 /coalball/img/lol1.png
ERR: 无法加载模块:Img

[ 2017-04-03T11:24:55+08:00 ] ::1 /coalball/img/lol2.png
ERR: 无法加载模块:Img

[ 2017-04-03T11:24:55+08:00 ] ::1 /coalball/img/lol1.png
ERR: 无法加载模块:Img

[ 2017-04-03T11:24:55+08:00 ] ::1 /coalball/img/lol2.png
ERR: 无法加载模块:Img

[ 2017-04-03T11:24:55+08:00 ] ::1 /coalball/img/lol1.png
ERR: 无法加载模块:Img

[ 2017-04-03T11:24:55+08:00 ] ::1 /coalball/img/lol1.png
ERR: 无法加载模块:Img

[ 2017-04-03T11:24:55+08:00 ] ::1 /coalball/img/lol2.png
ERR: 无法加载模块:Img

[ 2017-04-03T11:24:55+08:00 ] ::1 /coalball/img/lol2.png
ERR: 无法加载模块:Img

[ 2017-04-03T11:24:55+08:00 ] ::1 /coalball/img/lol1.png
ERR: 无法加载模块:Img

[ 2017-04-03T11:24:55+08:00 ] ::1 /coalball/img/lol1.png
ERR: 无法加载模块:Img

[ 2017-04-03T11:24:55+08:00 ] ::1 /coalball/img/lol2.png
ERR: 无法加载模块:Img

[ 2017-04-03T11:24:55+08:00 ] ::1 /coalball/img/lol2.png
ERR: 无法加载模块:Img

[ 2017-04-03T11:24:55+08:00 ] ::1 /coalball/img/lol1.png
ERR: 无法加载模块:Img

[ 2017-04-03T11:24:55+08:00 ] ::1 /coalball/img/lol1.png
ERR: 无法加载模块:Img

[ 2017-04-03T11:24:55+08:00 ] ::1 /coalball/img/lol2.png
ERR: 无法加载模块:Img

[ 2017-04-03T11:24:55+08:00 ] ::1 /coalball/img/lol2.png
ERR: 无法加载模块:Img

[ 2017-04-03T11:24:55+08:00 ] ::1 /coalball/img/lol1.png
ERR: 无法加载模块:Img

[ 2017-04-03T11:24:56+08:00 ] ::1 /coalball/img/lol1.png
ERR: 无法加载模块:Img

[ 2017-04-03T11:24:56+08:00 ] ::1 /coalball/img/lol2.png
ERR: 无法加载模块:Img

[ 2017-04-03T11:24:56+08:00 ] ::1 /coalball/img/lol2.png
ERR: 无法加载模块:Img

[ 2017-04-03T11:24:56+08:00 ] ::1 /coalball/img/lol1.png
ERR: 无法加载模块:Img

[ 2017-04-03T11:24:56+08:00 ] ::1 /coalball/img/lol1.png
ERR: 无法加载模块:Img

[ 2017-04-03T11:24:56+08:00 ] ::1 /coalball/img/lol2.png
ERR: 无法加载模块:Img

[ 2017-04-03T11:24:56+08:00 ] ::1 /coalball/img/lol2.png
ERR: 无法加载模块:Img

[ 2017-04-03T11:24:56+08:00 ] ::1 /coalball/img/lol1.png
ERR: 无法加载模块:Img

[ 2017-04-03T11:24:56+08:00 ] ::1 /coalball/img/lol1.png
ERR: 无法加载模块:Img

[ 2017-04-03T11:24:56+08:00 ] ::1 /coalball/img/lol2.png
ERR: 无法加载模块:Img

[ 2017-04-03T11:24:56+08:00 ] ::1 /coalball/img/lol2.png
ERR: 无法加载模块:Img

[ 2017-04-03T11:24:56+08:00 ] ::1 /coalball/img/lol1.png
ERR: 无法加载模块:Img

[ 2017-04-03T11:24:56+08:00 ] ::1 /coalball/img/lol1.png
ERR: 无法加载模块:Img

[ 2017-04-03T11:24:56+08:00 ] ::1 /coalball/img/lol2.png
ERR: 无法加载模块:Img

[ 2017-04-03T11:24:56+08:00 ] ::1 /coalball/img/lol1.png
ERR: 无法加载模块:Img

[ 2017-04-03T11:24:56+08:00 ] ::1 /coalball/img/lol2.png
ERR: 无法加载模块:Img

[ 2017-04-03T11:24:56+08:00 ] ::1 /coalball/img/lol1.png
ERR: 无法加载模块:Img

[ 2017-04-03T11:24:56+08:00 ] ::1 /coalball/img/lol2.png
ERR: 无法加载模块:Img

[ 2017-04-03T11:24:56+08:00 ] ::1 /coalball/img/lol2.png
ERR: 无法加载模块:Img

[ 2017-04-03T11:24:56+08:00 ] ::1 /coalball/img/lol1.png
ERR: 无法加载模块:Img

[ 2017-04-03T11:24:56+08:00 ] ::1 /coalball/img/lol1.png
ERR: 无法加载模块:Img

[ 2017-04-03T11:24:56+08:00 ] ::1 /coalball/img/lol2.png
ERR: 无法加载模块:Img

[ 2017-04-03T11:24:56+08:00 ] ::1 /coalball/img/lol1.png
ERR: 无法加载模块:Img

[ 2017-04-03T11:24:56+08:00 ] ::1 /coalball/img/lol2.png
ERR: 无法加载模块:Img

[ 2017-04-03T11:24:56+08:00 ] ::1 /coalball/img/lol1.png
ERR: 无法加载模块:Img

[ 2017-04-03T11:24:56+08:00 ] ::1 /coalball/img/lol2.png
ERR: 无法加载模块:Img

[ 2017-04-03T11:24:56+08:00 ] ::1 /coalball/img/lol1.png
ERR: 无法加载模块:Img

[ 2017-04-03T11:24:56+08:00 ] ::1 /coalball/img/lol2.png
ERR: 无法加载模块:Img

[ 2017-04-03T11:24:56+08:00 ] ::1 /coalball/img/lol2.png
ERR: 无法加载模块:Img

[ 2017-04-03T11:24:56+08:00 ] ::1 /coalball/img/lol1.png
ERR: 无法加载模块:Img

[ 2017-04-03T11:24:56+08:00 ] ::1 /coalball/img/lol1.png
ERR: 无法加载模块:Img

[ 2017-04-03T11:24:56+08:00 ] ::1 /coalball/img/lol2.png
ERR: 无法加载模块:Img

[ 2017-04-03T11:24:56+08:00 ] ::1 /coalball/img/lol2.png
ERR: 无法加载模块:Img

[ 2017-04-03T11:24:56+08:00 ] ::1 /coalball/img/lol1.png
ERR: 无法加载模块:Img

[ 2017-04-03T11:24:56+08:00 ] ::1 /coalball/img/lol1.png
ERR: 无法加载模块:Img

[ 2017-04-03T11:24:56+08:00 ] ::1 /coalball/img/lol2.png
ERR: 无法加载模块:Img

[ 2017-04-03T11:24:56+08:00 ] ::1 /coalball/img/lol1.png
ERR: 无法加载模块:Img

[ 2017-04-03T11:24:56+08:00 ] ::1 /coalball/img/lol2.png
ERR: 无法加载模块:Img

[ 2017-04-03T11:24:57+08:00 ] ::1 /coalball/img/lol1.png
ERR: 无法加载模块:Img

[ 2017-04-03T11:24:57+08:00 ] ::1 /coalball/img/lol2.png
ERR: 无法加载模块:Img

[ 2017-04-03T11:24:57+08:00 ] ::1 /coalball/img/lol1.png
ERR: 无法加载模块:Img

[ 2017-04-03T11:24:57+08:00 ] ::1 /coalball/img/lol2.png
ERR: 无法加载模块:Img

[ 2017-04-03T11:24:57+08:00 ] ::1 /coalball/img/lol1.png
ERR: 无法加载模块:Img

[ 2017-04-03T11:24:57+08:00 ] ::1 /coalball/img/lol2.png
ERR: 无法加载模块:Img

[ 2017-04-03T11:24:57+08:00 ] ::1 /coalball/img/lol2.png
ERR: 无法加载模块:Img

[ 2017-04-03T11:24:57+08:00 ] ::1 /coalball/img/lol1.png
ERR: 无法加载模块:Img

[ 2017-04-03T11:24:57+08:00 ] ::1 /coalball/img/lol2.png
ERR: 无法加载模块:Img

[ 2017-04-03T11:24:57+08:00 ] ::1 /coalball/img/lol1.png
ERR: 无法加载模块:Img

[ 2017-04-03T11:24:57+08:00 ] ::1 /coalball/img/lol2.png
ERR: 无法加载模块:Img

[ 2017-04-03T11:24:57+08:00 ] ::1 /coalball/img/lol1.png
ERR: 无法加载模块:Img

[ 2017-04-03T11:24:57+08:00 ] ::1 /coalball/img/lol2.png
ERR: 无法加载模块:Img

[ 2017-04-03T11:24:57+08:00 ] ::1 /coalball/img/lol1.png
ERR: 无法加载模块:Img

[ 2017-04-03T11:24:57+08:00 ] ::1 /coalball/img/lol1.png
ERR: 无法加载模块:Img

[ 2017-04-03T11:24:57+08:00 ] ::1 /coalball/img/lol2.png
ERR: 无法加载模块:Img

[ 2017-04-03T11:24:57+08:00 ] ::1 /coalball/img/lol1.png
ERR: 无法加载模块:Img

[ 2017-04-03T11:24:57+08:00 ] ::1 /coalball/img/lol2.png
ERR: 无法加载模块:Img

[ 2017-04-03T11:24:57+08:00 ] ::1 /coalball/img/lol2.png
ERR: 无法加载模块:Img

[ 2017-04-03T11:24:57+08:00 ] ::1 /coalball/img/lol2.png
ERR: 无法加载模块:Img

[ 2017-04-03T11:24:57+08:00 ] ::1 /coalball/img/lol1.png
ERR: 无法加载模块:Img

[ 2017-04-03T11:24:57+08:00 ] ::1 /coalball/img/lol1.png
ERR: 无法加载模块:Img

[ 2017-04-03T11:24:57+08:00 ] ::1 /coalball/img/lol2.png
ERR: 无法加载模块:Img

[ 2017-04-03T11:24:57+08:00 ] ::1 /coalball/img/lol1.png
ERR: 无法加载模块:Img

[ 2017-04-03T11:24:57+08:00 ] ::1 /coalball/img/lol2.png
ERR: 无法加载模块:Img

[ 2017-04-03T11:24:57+08:00 ] ::1 /coalball/img/lol2.png
ERR: 无法加载模块:Img

[ 2017-04-03T11:24:57+08:00 ] ::1 /coalball/img/lol1.png
ERR: 无法加载模块:Img

[ 2017-04-03T11:24:57+08:00 ] ::1 /coalball/img/lol2.png
ERR: 无法加载模块:Img

[ 2017-04-03T11:24:57+08:00 ] ::1 /coalball/img/lol1.png
ERR: 无法加载模块:Img

[ 2017-04-03T11:24:57+08:00 ] ::1 /coalball/img/lol2.png
ERR: 无法加载模块:Img

[ 2017-04-03T11:24:57+08:00 ] ::1 /coalball/img/lol1.png
ERR: 无法加载模块:Img

[ 2017-04-03T11:24:57+08:00 ] ::1 /coalball/img/lol1.png
ERR: 无法加载模块:Img

[ 2017-04-03T11:24:57+08:00 ] ::1 /coalball/img/lol2.png
ERR: 无法加载模块:Img

[ 2017-04-03T11:24:57+08:00 ] ::1 /coalball/img/lol1.png
ERR: 无法加载模块:Img

[ 2017-04-03T11:24:57+08:00 ] ::1 /coalball/img/lol2.png
ERR: 无法加载模块:Img

[ 2017-04-03T11:24:57+08:00 ] ::1 /coalball/img/lol2.png
ERR: 无法加载模块:Img

[ 2017-04-03T11:24:57+08:00 ] ::1 /coalball/img/lol1.png
ERR: 无法加载模块:Img

[ 2017-04-03T11:24:57+08:00 ] ::1 /coalball/img/lol1.png
ERR: 无法加载模块:Img

[ 2017-04-03T11:24:57+08:00 ] ::1 /coalball/img/lol2.png
ERR: 无法加载模块:Img

[ 2017-04-03T11:24:58+08:00 ] ::1 /coalball/img/lol1.png
ERR: 无法加载模块:Img

[ 2017-04-03T11:24:58+08:00 ] ::1 /coalball/img/lol2.png
ERR: 无法加载模块:Img

[ 2017-04-03T11:24:58+08:00 ] ::1 /coalball/img/lol2.png
ERR: 无法加载模块:Img

[ 2017-04-03T11:24:58+08:00 ] ::1 /coalball/img/lol1.png
ERR: 无法加载模块:Img

[ 2017-04-03T11:24:58+08:00 ] ::1 /coalball/img/lol2.png
ERR: 无法加载模块:Img

[ 2017-04-03T11:24:58+08:00 ] ::1 /coalball/img/lol1.png
ERR: 无法加载模块:Img

[ 2017-04-03T11:24:58+08:00 ] ::1 /coalball/img/lol2.png
ERR: 无法加载模块:Img

[ 2017-04-03T11:24:58+08:00 ] ::1 /coalball/img/lol1.png
ERR: 无法加载模块:Img

[ 2017-04-03T11:24:58+08:00 ] ::1 /coalball/img/lol1.png
ERR: 无法加载模块:Img

[ 2017-04-03T11:24:58+08:00 ] ::1 /coalball/img/lol2.png
ERR: 无法加载模块:Img

[ 2017-04-03T11:24:58+08:00 ] ::1 /coalball/img/lol1.png
ERR: 无法加载模块:Img

[ 2017-04-03T11:24:58+08:00 ] ::1 /coalball/img/lol2.png
ERR: 无法加载模块:Img

[ 2017-04-03T11:24:58+08:00 ] ::1 /coalball/img/lol1.png
ERR: 无法加载模块:Img

[ 2017-04-03T11:24:58+08:00 ] ::1 /coalball/img/lol2.png
ERR: 无法加载模块:Img

[ 2017-04-03T11:24:58+08:00 ] ::1 /coalball/img/lol2.png
ERR: 无法加载模块:Img

[ 2017-04-03T11:24:58+08:00 ] ::1 /coalball/img/lol1.png
ERR: 无法加载模块:Img

[ 2017-04-03T11:24:58+08:00 ] ::1 /coalball/img/lol1.png
ERR: 无法加载模块:Img

[ 2017-04-03T11:24:58+08:00 ] ::1 /coalball/img/lol2.png
ERR: 无法加载模块:Img

[ 2017-04-03T11:24:58+08:00 ] ::1 /coalball/img/lol2.png
ERR: 无法加载模块:Img

[ 2017-04-03T11:24:58+08:00 ] ::1 /coalball/img/lol1.png
ERR: 无法加载模块:Img

[ 2017-04-03T11:24:58+08:00 ] ::1 /coalball/img/lol1.png
ERR: 无法加载模块:Img

[ 2017-04-03T11:24:58+08:00 ] ::1 /coalball/img/lol2.png
ERR: 无法加载模块:Img

[ 2017-04-03T11:24:58+08:00 ] ::1 /coalball/img/lol1.png
ERR: 无法加载模块:Img

[ 2017-04-03T11:24:58+08:00 ] ::1 /coalball/img/lol2.png
ERR: 无法加载模块:Img

[ 2017-04-03T11:24:58+08:00 ] ::1 /coalball/img/lol2.png
ERR: 无法加载模块:Img

[ 2017-04-03T11:24:58+08:00 ] ::1 /coalball/img/lol1.png
ERR: 无法加载模块:Img

[ 2017-04-03T11:24:58+08:00 ] ::1 /coalball/img/lol2.png
ERR: 无法加载模块:Img

[ 2017-04-03T11:24:58+08:00 ] ::1 /coalball/img/lol1.png
ERR: 无法加载模块:Img

[ 2017-04-03T11:24:58+08:00 ] ::1 /coalball/img/lol2.png
ERR: 无法加载模块:Img

[ 2017-04-03T11:24:58+08:00 ] ::1 /coalball/img/lol1.png
ERR: 无法加载模块:Img

[ 2017-04-03T11:24:58+08:00 ] ::1 /coalball/img/lol1.png
ERR: 无法加载模块:Img

[ 2017-04-03T11:24:58+08:00 ] ::1 /coalball/img/lol2.png
ERR: 无法加载模块:Img

[ 2017-04-03T11:24:58+08:00 ] ::1 /coalball/img/lol2.png
ERR: 无法加载模块:Img

[ 2017-04-03T11:24:58+08:00 ] ::1 /coalball/img/lol1.png
ERR: 无法加载模块:Img

[ 2017-04-03T11:24:58+08:00 ] ::1 /coalball/img/lol2.png
ERR: 无法加载模块:Img

[ 2017-04-03T11:24:58+08:00 ] ::1 /coalball/img/lol1.png
ERR: 无法加载模块:Img

[ 2017-04-03T11:24:58+08:00 ] ::1 /coalball/img/lol1.png
ERR: 无法加载模块:Img

[ 2017-04-03T11:24:58+08:00 ] ::1 /coalball/img/lol2.png
ERR: 无法加载模块:Img

[ 2017-04-03T11:24:58+08:00 ] ::1 /coalball/img/lol1.png
ERR: 无法加载模块:Img

[ 2017-04-03T11:24:58+08:00 ] ::1 /coalball/img/lol2.png
ERR: 无法加载模块:Img

[ 2017-04-03T11:24:58+08:00 ] ::1 /coalball/img/lol2.png
ERR: 无法加载模块:Img

[ 2017-04-03T11:24:58+08:00 ] ::1 /coalball/img/lol1.png
ERR: 无法加载模块:Img

[ 2017-04-03T11:24:59+08:00 ] ::1 /coalball/img/lol1.png
ERR: 无法加载模块:Img

[ 2017-04-03T11:24:59+08:00 ] ::1 /coalball/img/lol2.png
ERR: 无法加载模块:Img

[ 2017-04-03T11:24:59+08:00 ] ::1 /coalball/img/lol2.png
ERR: 无法加载模块:Img

[ 2017-04-03T11:24:59+08:00 ] ::1 /coalball/img/lol1.png
ERR: 无法加载模块:Img

[ 2017-04-03T11:24:59+08:00 ] ::1 /coalball/img/lol1.png
ERR: 无法加载模块:Img

[ 2017-04-03T11:24:59+08:00 ] ::1 /coalball/img/lol2.png
ERR: 无法加载模块:Img

[ 2017-04-03T11:24:59+08:00 ] ::1 /coalball/img/lol2.png
ERR: 无法加载模块:Img

[ 2017-04-03T11:24:59+08:00 ] ::1 /coalball/img/lol1.png
ERR: 无法加载模块:Img

[ 2017-04-03T11:24:59+08:00 ] ::1 /coalball/img/lol2.png
ERR: 无法加载模块:Img

[ 2017-04-03T11:24:59+08:00 ] ::1 /coalball/img/lol1.png
ERR: 无法加载模块:Img

[ 2017-04-03T11:24:59+08:00 ] ::1 /coalball/img/lol2.png
ERR: 无法加载模块:Img

[ 2017-04-03T11:24:59+08:00 ] ::1 /coalball/img/lol1.png
ERR: 无法加载模块:Img

[ 2017-04-03T11:24:59+08:00 ] ::1 /coalball/img/lol2.png
ERR: 无法加载模块:Img

[ 2017-04-03T11:24:59+08:00 ] ::1 /coalball/img/lol1.png
ERR: 无法加载模块:Img

[ 2017-04-03T11:24:59+08:00 ] ::1 /coalball/img/lol1.png
ERR: 无法加载模块:Img

[ 2017-04-03T11:24:59+08:00 ] ::1 /coalball/img/lol2.png
ERR: 无法加载模块:Img

[ 2017-04-03T11:24:59+08:00 ] ::1 /coalball/img/lol1.png
ERR: 无法加载模块:Img

[ 2017-04-03T11:24:59+08:00 ] ::1 /coalball/img/lol2.png
ERR: 无法加载模块:Img

[ 2017-04-03T11:24:59+08:00 ] ::1 /coalball/img/lol2.png
ERR: 无法加载模块:Img

[ 2017-04-03T11:24:59+08:00 ] ::1 /coalball/img/lol1.png
ERR: 无法加载模块:Img

[ 2017-04-03T11:24:59+08:00 ] ::1 /coalball/img/lol2.png
ERR: 无法加载模块:Img

[ 2017-04-03T11:24:59+08:00 ] ::1 /coalball/img/lol1.png
ERR: 无法加载模块:Img

[ 2017-04-03T11:24:59+08:00 ] ::1 /coalball/img/lol1.png
ERR: 无法加载模块:Img

[ 2017-04-03T11:24:59+08:00 ] ::1 /coalball/img/lol2.png
ERR: 无法加载模块:Img

[ 2017-04-03T11:24:59+08:00 ] ::1 /coalball/img/lol2.png
ERR: 无法加载模块:Img

[ 2017-04-03T11:24:59+08:00 ] ::1 /coalball/img/lol1.png
ERR: 无法加载模块:Img

[ 2017-04-03T11:24:59+08:00 ] ::1 /coalball/img/lol2.png
ERR: 无法加载模块:Img

[ 2017-04-03T11:24:59+08:00 ] ::1 /coalball/img/lol1.png
ERR: 无法加载模块:Img

[ 2017-04-03T11:24:59+08:00 ] ::1 /coalball/img/lol2.png
ERR: 无法加载模块:Img

[ 2017-04-03T11:24:59+08:00 ] ::1 /coalball/img/lol1.png
ERR: 无法加载模块:Img

[ 2017-04-03T11:24:59+08:00 ] ::1 /coalball/img/lol1.png
ERR: 无法加载模块:Img

[ 2017-04-03T11:24:59+08:00 ] ::1 /coalball/img/lol2.png
ERR: 无法加载模块:Img

[ 2017-04-03T11:24:59+08:00 ] ::1 /coalball/img/lol2.png
ERR: 无法加载模块:Img

[ 2017-04-03T11:24:59+08:00 ] ::1 /coalball/img/lol1.png
ERR: 无法加载模块:Img

[ 2017-04-03T11:24:59+08:00 ] ::1 /coalball/img/lol1.png
ERR: 无法加载模块:Img

[ 2017-04-03T11:24:59+08:00 ] ::1 /coalball/img/lol2.png
ERR: 无法加载模块:Img

[ 2017-04-03T11:24:59+08:00 ] ::1 /coalball/img/lol1.png
ERR: 无法加载模块:Img

[ 2017-04-03T11:24:59+08:00 ] ::1 /coalball/img/lol2.png
ERR: 无法加载模块:Img

[ 2017-04-03T11:25:00+08:00 ] ::1 /coalball/img/lol1.png
ERR: 无法加载模块:Img

[ 2017-04-03T11:25:00+08:00 ] ::1 /coalball/img/lol2.png
ERR: 无法加载模块:Img

[ 2017-04-03T11:25:00+08:00 ] ::1 /coalball/img/lol1.png
ERR: 无法加载模块:Img

[ 2017-04-03T11:25:00+08:00 ] ::1 /coalball/img/lol2.png
ERR: 无法加载模块:Img

[ 2017-04-03T11:25:00+08:00 ] ::1 /coalball/img/lol2.png
ERR: 无法加载模块:Img

[ 2017-04-03T11:25:00+08:00 ] ::1 /coalball/img/lol1.png
ERR: 无法加载模块:Img

[ 2017-04-03T11:25:00+08:00 ] ::1 /coalball/img/lol2.png
ERR: 无法加载模块:Img

[ 2017-04-03T11:25:00+08:00 ] ::1 /coalball/img/lol1.png
ERR: 无法加载模块:Img

[ 2017-04-03T11:25:00+08:00 ] ::1 /coalball/img/lol2.png
ERR: 无法加载模块:Img

[ 2017-04-03T11:25:00+08:00 ] ::1 /coalball/img/lol1.png
ERR: 无法加载模块:Img

[ 2017-04-03T11:25:00+08:00 ] ::1 /coalball/img/lol2.png
ERR: 无法加载模块:Img

[ 2017-04-03T11:25:00+08:00 ] ::1 /coalball/img/lol1.png
ERR: 无法加载模块:Img

[ 2017-04-03T11:25:00+08:00 ] ::1 /coalball/img/lol1.png
ERR: 无法加载模块:Img

[ 2017-04-03T11:25:00+08:00 ] ::1 /coalball/img/lol2.png
ERR: 无法加载模块:Img

[ 2017-04-03T11:25:00+08:00 ] ::1 /coalball/img/lol1.png
ERR: 无法加载模块:Img

[ 2017-04-03T11:25:00+08:00 ] ::1 /coalball/img/lol2.png
ERR: 无法加载模块:Img

[ 2017-04-03T11:25:00+08:00 ] ::1 /coalball/img/lol2.png
ERR: 无法加载模块:Img

[ 2017-04-03T11:25:00+08:00 ] ::1 /coalball/img/lol1.png
ERR: 无法加载模块:Img

[ 2017-04-03T11:25:00+08:00 ] ::1 /coalball/img/lol2.png
ERR: 无法加载模块:Img

[ 2017-04-03T11:25:00+08:00 ] ::1 /coalball/img/lol1.png
ERR: 无法加载模块:Img

[ 2017-04-03T11:25:00+08:00 ] ::1 /coalball/img/lol1.png
ERR: 无法加载模块:Img

[ 2017-04-03T11:25:00+08:00 ] ::1 /coalball/img/lol2.png
ERR: 无法加载模块:Img

[ 2017-04-03T11:25:08+08:00 ] ::1 /coalball/img/lol1.png
ERR: 无法加载模块:Img

[ 2017-04-03T11:25:08+08:00 ] ::1 /coalball/img/lol2.png
ERR: 无法加载模块:Img

[ 2017-04-03T11:25:09+08:00 ] ::1 /coalball/img/lol2.png
ERR: 无法加载模块:Img

[ 2017-04-03T11:25:09+08:00 ] ::1 /coalball/img/lol1.png
ERR: 无法加载模块:Img

[ 2017-04-03T11:25:09+08:00 ] ::1 /coalball/img/lol2.png
ERR: 无法加载模块:Img

[ 2017-04-03T11:25:09+08:00 ] ::1 /coalball/img/lol1.png
ERR: 无法加载模块:Img

[ 2017-04-03T11:25:09+08:00 ] ::1 /coalball/img/lol2.png
ERR: 无法加载模块:Img

[ 2017-04-03T11:25:09+08:00 ] ::1 /coalball/img/lol1.png
ERR: 无法加载模块:Img

[ 2017-04-03T11:25:09+08:00 ] ::1 /coalball/img/lol2.png
ERR: 无法加载模块:Img

[ 2017-04-03T11:25:09+08:00 ] ::1 /coalball/img/lol1.png
ERR: 无法加载模块:Img

[ 2017-04-03T11:25:09+08:00 ] ::1 /coalball/img/lol1.png
ERR: 无法加载模块:Img

[ 2017-04-03T11:25:09+08:00 ] ::1 /coalball/img/lol2.png
ERR: 无法加载模块:Img

[ 2017-04-03T11:25:09+08:00 ] ::1 /coalball/img/lol1.png
ERR: 无法加载模块:Img

[ 2017-04-03T11:25:09+08:00 ] ::1 /coalball/img/lol2.png
ERR: 无法加载模块:Img

[ 2017-04-03T11:25:11+08:00 ] ::1 /coalball/img/lol1.png
ERR: 无法加载模块:Img

[ 2017-04-03T11:25:11+08:00 ] ::1 /coalball/img/lol2.png
ERR: 无法加载模块:Img

[ 2017-04-03T11:25:11+08:00 ] ::1 /coalball/img/lol1.png
ERR: 无法加载模块:Img

[ 2017-04-03T11:25:11+08:00 ] ::1 /coalball/img/lol2.png
ERR: 无法加载模块:Img

[ 2017-04-03T11:25:11+08:00 ] ::1 /coalball/img/lol1.png
ERR: 无法加载模块:Img

[ 2017-04-03T11:25:11+08:00 ] ::1 /coalball/img/lol2.png
ERR: 无法加载模块:Img

[ 2017-04-03T11:25:11+08:00 ] ::1 /coalball/img/lol1.png
ERR: 无法加载模块:Img

[ 2017-04-03T11:25:11+08:00 ] ::1 /coalball/img/lol2.png
ERR: 无法加载模块:Img

[ 2017-04-03T11:25:12+08:00 ] ::1 /coalball/img/lol1.png
ERR: 无法加载模块:Img

[ 2017-04-03T11:25:12+08:00 ] ::1 /coalball/img/lol2.png
ERR: 无法加载模块:Img

[ 2017-04-03T11:25:12+08:00 ] ::1 /coalball/img/lol2.png
ERR: 无法加载模块:Img

[ 2017-04-03T11:25:12+08:00 ] ::1 /coalball/img/lol1.png
ERR: 无法加载模块:Img

[ 2017-04-03T11:25:12+08:00 ] ::1 /coalball/img/lol2.png
ERR: 无法加载模块:Img

[ 2017-04-03T11:25:12+08:00 ] ::1 /coalball/img/lol1.png
ERR: 无法加载模块:Img

[ 2017-04-03T11:26:01+08:00 ] ::1 /coalball/img/lol1.png
ERR: 无法加载模块:Img

[ 2017-04-03T11:26:01+08:00 ] ::1 /coalball/img/lol2.png
ERR: 无法加载模块:Img

[ 2017-04-03T11:26:01+08:00 ] ::1 /coalball/img/lol1.png
ERR: 无法加载模块:Img

[ 2017-04-03T11:26:01+08:00 ] ::1 /coalball/img/lol2.png
ERR: 无法加载模块:Img

[ 2017-04-03T11:26:01+08:00 ] ::1 /coalball/img/lol1.png
ERR: 无法加载模块:Img

[ 2017-04-03T11:26:01+08:00 ] ::1 /coalball/img/lol2.png
ERR: 无法加载模块:Img

[ 2017-04-03T11:26:01+08:00 ] ::1 /coalball/img/lol2.png
ERR: 无法加载模块:Img

[ 2017-04-03T11:26:01+08:00 ] ::1 /coalball/img/lol1.png
ERR: 无法加载模块:Img

[ 2017-04-03T11:26:01+08:00 ] ::1 /coalball/img/lol2.png
ERR: 无法加载模块:Img

[ 2017-04-03T11:26:01+08:00 ] ::1 /coalball/img/lol1.png
ERR: 无法加载模块:Img

[ 2017-04-03T11:26:02+08:00 ] ::1 /coalball/img/lol2.png
ERR: 无法加载模块:Img

[ 2017-04-03T11:26:02+08:00 ] ::1 /coalball/img/lol1.png
ERR: 无法加载模块:Img

[ 2017-04-03T11:26:02+08:00 ] ::1 /coalball/img/lol2.png
ERR: 无法加载模块:Img

[ 2017-04-03T11:26:02+08:00 ] ::1 /coalball/img/lol1.png
ERR: 无法加载模块:Img

[ 2017-04-03T11:26:02+08:00 ] ::1 /coalball/img/lol2.png
ERR: 无法加载模块:Img

[ 2017-04-03T11:26:02+08:00 ] ::1 /coalball/img/lol1.png
ERR: 无法加载模块:Img

[ 2017-04-03T11:26:02+08:00 ] ::1 /coalball/img/lol1.png
ERR: 无法加载模块:Img

[ 2017-04-03T11:26:02+08:00 ] ::1 /coalball/img/lol2.png
ERR: 无法加载模块:Img

[ 2017-04-03T11:26:02+08:00 ] ::1 /coalball/img/lol1.png
ERR: 无法加载模块:Img

[ 2017-04-03T11:26:02+08:00 ] ::1 /coalball/img/lol2.png
ERR: 无法加载模块:Img

[ 2017-04-03T11:26:37+08:00 ] ::1 /coalball/Application/Home/Common/css/img/%C3%A8%C2%B5%E2%80%9E%C3%A6%C2%BA%C2%907.png
ERR: 无法加载模块:Application

[ 2017-04-03T11:26:37+08:00 ] ::1 /coalball/Application/Home/Common/css/img/%C3%A6%E2%80%9D%C2%BE%C3%A5%C2%A4%C2%A7%C3%A9%E2%80%A2%C5%93.png
ERR: 无法加载模块:Application

[ 2017-04-03T11:26:37+08:00 ] ::1 /coalball/Application/Home/Common/css/img/%C3%A8%C2%B5%E2%80%9E%C3%A6%C2%BA%C2%908.png
ERR: 无法加载模块:Application

[ 2017-04-03T11:26:55+08:00 ] ::1 /coalball/img/lol2.png
ERR: 无法加载模块:Img

[ 2017-04-03T11:26:55+08:00 ] ::1 /coalball/img/lol1.png
ERR: 无法加载模块:Img

[ 2017-04-03T11:26:56+08:00 ] ::1 /coalball/img/lol1.png
ERR: 无法加载模块:Img

[ 2017-04-03T11:26:56+08:00 ] ::1 /coalball/img/lol2.png
ERR: 无法加载模块:Img

[ 2017-04-03T11:26:56+08:00 ] ::1 /coalball/img/lol1.png
ERR: 无法加载模块:Img

[ 2017-04-03T11:26:56+08:00 ] ::1 /coalball/img/lol2.png
ERR: 无法加载模块:Img

[ 2017-04-03T11:26:56+08:00 ] ::1 /coalball/img/lol1.png
ERR: 无法加载模块:Img

[ 2017-04-03T11:26:56+08:00 ] ::1 /coalball/img/lol2.png
ERR: 无法加载模块:Img

[ 2017-04-03T11:26:56+08:00 ] ::1 /coalball/img/lol1.png
ERR: 无法加载模块:Img

[ 2017-04-03T11:26:56+08:00 ] ::1 /coalball/img/lol2.png
ERR: 无法加载模块:Img

[ 2017-04-03T11:26:56+08:00 ] ::1 /coalball/img/lol1.png
ERR: 无法加载模块:Img

[ 2017-04-03T11:26:56+08:00 ] ::1 /coalball/img/lol2.png
ERR: 无法加载模块:Img

[ 2017-04-03T11:26:56+08:00 ] ::1 /coalball/img/lol1.png
ERR: 无法加载模块:Img

[ 2017-04-03T11:27:26+08:00 ] ::1 /coalball/img/lol1.png
ERR: 无法加载模块:Img

[ 2017-04-03T11:27:26+08:00 ] ::1 /coalball/img/lol2.png
ERR: 无法加载模块:Img

[ 2017-04-03T11:27:27+08:00 ] ::1 /coalball/img/lol1.png
ERR: 无法加载模块:Img

[ 2017-04-03T11:27:27+08:00 ] ::1 /coalball/img/lol1.png
ERR: 无法加载模块:Img

[ 2017-04-03T11:27:27+08:00 ] ::1 /coalball/img/lol2.png
ERR: 无法加载模块:Img

[ 2017-04-03T11:27:28+08:00 ] ::1 /coalball/img/lol2.png
ERR: 无法加载模块:Img

[ 2017-04-03T11:27:28+08:00 ] ::1 /coalball/img/lol1.png
ERR: 无法加载模块:Img

[ 2017-04-03T11:27:28+08:00 ] ::1 /coalball/img/lol1.png
ERR: 无法加载模块:Img

[ 2017-04-03T11:27:28+08:00 ] ::1 /coalball/img/lol2.png
ERR: 无法加载模块:Img

[ 2017-04-03T11:27:28+08:00 ] ::1 /coalball/img/lol2.png
ERR: 无法加载模块:Img

[ 2017-04-03T11:27:28+08:00 ] ::1 /coalball/img/lol1.png
ERR: 无法加载模块:Img

[ 2017-04-03T11:27:29+08:00 ] ::1 /coalball/img/lol2.png
ERR: 无法加载模块:Img

[ 2017-04-03T11:27:29+08:00 ] ::1 /coalball/img/lol1.png
ERR: 无法加载模块:Img

[ 2017-04-03T11:27:29+08:00 ] ::1 /coalball/img/lol1.png
ERR: 无法加载模块:Img

[ 2017-04-03T11:27:30+08:00 ] ::1 /coalball/img/lol2.png
ERR: 无法加载模块:Img

[ 2017-04-03T11:27:30+08:00 ] ::1 /coalball/img/lol1.png
ERR: 无法加载模块:Img

[ 2017-04-03T11:27:36+08:00 ] ::1 /coalball/img/lol1.png
ERR: 无法加载模块:Img

[ 2017-04-03T11:27:37+08:00 ] ::1 /coalball/img/lol2.png
ERR: 无法加载模块:Img

[ 2017-04-03T11:27:37+08:00 ] ::1 /coalball/img/lol1.png
ERR: 无法加载模块:Img

[ 2017-04-03T11:27:37+08:00 ] ::1 /coalball/img/lol1.png
ERR: 无法加载模块:Img

[ 2017-04-03T11:27:37+08:00 ] ::1 /coalball/img/lol1.png
ERR: 无法加载模块:Img

[ 2017-04-03T11:27:51+08:00 ] ::1 /coalball/img/lol1.png
ERR: 无法加载模块:Img

[ 2017-04-03T11:27:51+08:00 ] ::1 /coalball/img/lol2.png
ERR: 无法加载模块:Img

[ 2017-04-03T11:31:16+08:00 ] ::1 /coalball/Application/Home/Common/css/img/%C3%A6%E2%80%9D%C2%BE%C3%A5%C2%A4%C2%A7%C3%A9%E2%80%A2%C5%93.png
ERR: 无法加载模块:Application

[ 2017-04-03T11:31:16+08:00 ] ::1 /coalball/Application/Home/Common/css/img/%C3%A8%C2%B5%E2%80%9E%C3%A6%C2%BA%C2%908.png
ERR: 无法加载模块:Application

[ 2017-04-03T11:31:16+08:00 ] ::1 /coalball/Application/Home/Common/css/img/%C3%A8%C2%B5%E2%80%9E%C3%A6%C2%BA%C2%907.png
ERR: 无法加载模块:Application

[ 2017-04-03T11:38:45+08:00 ] ::1 /coalball/Application/Home/Common/css/img/%C3%A8%C2%B5%E2%80%9E%C3%A6%C2%BA%C2%907.png
ERR: 无法加载模块:Application

[ 2017-04-03T11:38:45+08:00 ] ::1 /coalball/Application/Home/Common/css/img/%C3%A6%E2%80%9D%C2%BE%C3%A5%C2%A4%C2%A7%C3%A9%E2%80%A2%C5%93.png
ERR: 无法加载模块:Application

[ 2017-04-03T11:38:45+08:00 ] ::1 /coalball/Application/Home/Common/css/img/%C3%A8%C2%B5%E2%80%9E%C3%A6%C2%BA%C2%908.png
ERR: 无法加载模块:Application

[ 2017-04-03T11:39:54+08:00 ] ::1 /coalball/Application/Home/Common/css/img/%C3%A8%C2%B5%E2%80%9E%C3%A6%C2%BA%C2%907.png
ERR: 无法加载模块:Application

[ 2017-04-03T11:39:54+08:00 ] ::1 /coalball/Application/Home/Common/css/img/%C3%A8%C2%B5%E2%80%9E%C3%A6%C2%BA%C2%908.png
ERR: 无法加载模块:Application

[ 2017-04-03T11:39:54+08:00 ] ::1 /coalball/Application/Home/Common/css/img/%C3%A6%E2%80%9D%C2%BE%C3%A5%C2%A4%C2%A7%C3%A9%E2%80%A2%C5%93.png
ERR: 无法加载模块:Application

[ 2017-04-03T11:39:56+08:00 ] ::1 /coalball/Application/Home/Common/css/img/%C3%A6%E2%80%9D%C2%BE%C3%A5%C2%A4%C2%A7%C3%A9%E2%80%A2%C5%93.png
ERR: 无法加载模块:Application

[ 2017-04-03T11:39:56+08:00 ] ::1 /coalball/Application/Home/Common/css/img/%C3%A8%C2%B5%E2%80%9E%C3%A6%C2%BA%C2%908.png
ERR: 无法加载模块:Application

[ 2017-04-03T11:39:56+08:00 ] ::1 /coalball/Application/Home/Common/css/img/%C3%A8%C2%B5%E2%80%9E%C3%A6%C2%BA%C2%907.png
ERR: 无法加载模块:Application

[ 2017-04-03T11:41:23+08:00 ] ::1 /coalball/Application/Home/Common/css/img/%C3%A6%E2%80%9D%C2%BE%C3%A5%C2%A4%C2%A7%C3%A9%E2%80%A2%C5%93.png
ERR: 无法加载模块:Application

[ 2017-04-03T11:41:23+08:00 ] ::1 /coalball/Application/Home/Common/css/img/%C3%A8%C2%B5%E2%80%9E%C3%A6%C2%BA%C2%907.png
ERR: 无法加载模块:Application

[ 2017-04-03T11:41:23+08:00 ] ::1 /coalball/Application/Home/Common/css/img/%C3%A8%C2%B5%E2%80%9E%C3%A6%C2%BA%C2%908.png
ERR: 无法加载模块:Application

[ 2017-04-03T13:07:05+08:00 ] ::1 /coalball/Application/Home/Common/css/img/%C3%A8%C2%B5%E2%80%9E%C3%A6%C2%BA%C2%907.png
ERR: 无法加载模块:Application

[ 2017-04-03T13:07:05+08:00 ] ::1 /coalball/Application/Home/Common/css/img/%C3%A6%E2%80%9D%C2%BE%C3%A5%C2%A4%C2%A7%C3%A9%E2%80%A2%C5%93.png
ERR: 无法加载模块:Application

[ 2017-04-03T13:07:05+08:00 ] ::1 /coalball/Application/Home/Common/css/img/%C3%A8%C2%B5%E2%80%9E%C3%A6%C2%BA%C2%908.png
ERR: 无法加载模块:Application

[ 2017-04-03T13:29:54+08:00 ] ::1 /coalball/Application/Home/Common/css/img/%C3%A6%E2%80%9D%C2%BE%C3%A5%C2%A4%C2%A7%C3%A9%E2%80%A2%C5%93.png
ERR: 无法加载模块:Application

[ 2017-04-03T13:29:54+08:00 ] ::1 /coalball/Application/Home/Common/css/img/%C3%A8%C2%B5%E2%80%9E%C3%A6%C2%BA%C2%907.png
ERR: 无法加载模块:Application

[ 2017-04-03T13:29:54+08:00 ] ::1 /coalball/Application/Home/Common/css/img/%C3%A8%C2%B5%E2%80%9E%C3%A6%C2%BA%C2%908.png
ERR: 无法加载模块:Application

[ 2017-04-03T13:48:17+08:00 ] ::1 /coalball/Application/Home/Common/css/img/%C3%A8%C2%B5%E2%80%9E%C3%A6%C2%BA%C2%907.png
ERR: 无法加载模块:Application

[ 2017-04-03T13:48:17+08:00 ] ::1 /coalball/Application/Home/Common/css/img/%C3%A6%E2%80%9D%C2%BE%C3%A5%C2%A4%C2%A7%C3%A9%E2%80%A2%C5%93.png
ERR: 无法加载模块:Application

[ 2017-04-03T13:48:17+08:00 ] ::1 /coalball/Application/Home/Common/css/img/%C3%A8%C2%B5%E2%80%9E%C3%A6%C2%BA%C2%908.png
ERR: 无法加载模块:Application

[ 2017-04-03T14:10:57+08:00 ] ::1 /coalball/Application/Home/Common/css/img/%C3%A8%C2%B5%E2%80%9E%C3%A6%C2%BA%C2%907.png
ERR: 无法加载模块:Application

[ 2017-04-03T14:10:57+08:00 ] ::1 /coalball/Application/Home/Common/css/img/%C3%A8%C2%B5%E2%80%9E%C3%A6%C2%BA%C2%908.png
ERR: 无法加载模块:Application

[ 2017-04-03T14:10:57+08:00 ] ::1 /coalball/Application/Home/Common/css/img/%C3%A6%E2%80%9D%C2%BE%C3%A5%C2%A4%C2%A7%C3%A9%E2%80%A2%C5%93.png
ERR: 无法加载模块:Application

[ 2017-04-03T14:29:50+08:00 ] ::1 /coalball/Application/Home/Common/css/img/%C3%A6%E2%80%9D%C2%BE%C3%A5%C2%A4%C2%A7%C3%A9%E2%80%A2%C5%93.png
ERR: 无法加载模块:Application

[ 2017-04-03T14:29:50+08:00 ] ::1 /coalball/Application/Home/Common/css/img/%C3%A8%C2%B5%E2%80%9E%C3%A6%C2%BA%C2%907.png
ERR: 无法加载模块:Application

[ 2017-04-03T14:29:50+08:00 ] ::1 /coalball/Application/Home/Common/css/img/%C3%A8%C2%B5%E2%80%9E%C3%A6%C2%BA%C2%908.png
ERR: 无法加载模块:Application

[ 2017-04-03T15:25:59+08:00 ] ::1 /coalball/Application/Home/Common/css/img/%C3%A6%E2%80%9D%C2%BE%C3%A5%C2%A4%C2%A7%C3%A9%E2%80%A2%C5%93.png
ERR: 无法加载模块:Application

[ 2017-04-03T15:25:59+08:00 ] ::1 /coalball/Application/Home/Common/css/img/%C3%A8%C2%B5%E2%80%9E%C3%A6%C2%BA%C2%908.png
ERR: 无法加载模块:Application

[ 2017-04-03T15:25:59+08:00 ] ::1 /coalball/Application/Home/Common/css/img/%C3%A8%C2%B5%E2%80%9E%C3%A6%C2%BA%C2%907.png
ERR: 无法加载模块:Application

[ 2017-04-03T16:53:01+08:00 ] ::1 /coalball/Application/Home/Common/css/img/%C3%A6%E2%80%9D%C2%BE%C3%A5%C2%A4%C2%A7%C3%A9%E2%80%A2%C5%93.png
ERR: 无法加载模块:Application

[ 2017-04-03T16:53:01+08:00 ] ::1 /coalball/Application/Home/Common/css/img/%C3%A8%C2%B5%E2%80%9E%C3%A6%C2%BA%C2%907.png
ERR: 无法加载模块:Application

[ 2017-04-03T16:53:01+08:00 ] ::1 /coalball/Application/Home/Common/css/img/%C3%A8%C2%B5%E2%80%9E%C3%A6%C2%BA%C2%908.png
ERR: 无法加载模块:Application

[ 2017-04-03T16:59:00+08:00 ] ::1 /coalball/Application/Home/Common/css/img/%C3%A6%E2%80%9D%C2%BE%C3%A5%C2%A4%C2%A7%C3%A9%E2%80%A2%C5%93.png
ERR: 无法加载模块:Application

[ 2017-04-03T16:59:00+08:00 ] ::1 /coalball/Application/Home/Common/css/img/%C3%A8%C2%B5%E2%80%9E%C3%A6%C2%BA%C2%908.png
ERR: 无法加载模块:Application

[ 2017-04-03T16:59:00+08:00 ] ::1 /coalball/Application/Home/Common/css/img/%C3%A8%C2%B5%E2%80%9E%C3%A6%C2%BA%C2%907.png
ERR: 无法加载模块:Application

[ 2017-04-03T19:44:21+08:00 ] ::1 /coalball/Application/Home/Common/css/img/%C3%A6%E2%80%9D%C2%BE%C3%A5%C2%A4%C2%A7%C3%A9%E2%80%A2%C5%93.png
ERR: 无法加载模块:Application

[ 2017-04-03T19:44:21+08:00 ] ::1 /coalball/Application/Home/Common/css/img/%C3%A8%C2%B5%E2%80%9E%C3%A6%C2%BA%C2%908.png
ERR: 无法加载模块:Application

[ 2017-04-03T19:44:21+08:00 ] ::1 /coalball/Application/Home/Common/css/img/%C3%A8%C2%B5%E2%80%9E%C3%A6%C2%BA%C2%907.png
ERR: 无法加载模块:Application

[ 2017-04-03T20:07:24+08:00 ] ::1 /coalball/Application/Home/Common/css/img/%C3%A8%C2%B5%E2%80%9E%C3%A6%C2%BA%C2%907.png
ERR: 无法加载模块:Application

[ 2017-04-03T20:07:24+08:00 ] ::1 /coalball/Application/Home/Common/css/img/%C3%A6%E2%80%9D%C2%BE%C3%A5%C2%A4%C2%A7%C3%A9%E2%80%A2%C5%93.png
ERR: 无法加载模块:Application

[ 2017-04-03T20:07:24+08:00 ] ::1 /coalball/Application/Home/Common/css/img/%C3%A8%C2%B5%E2%80%9E%C3%A6%C2%BA%C2%908.png
ERR: 无法加载模块:Application

[ 2017-04-03T20:09:55+08:00 ] ::1 /coalball/Application/Home/Common/css/img/%C3%A8%C2%B5%E2%80%9E%C3%A6%C2%BA%C2%908.png
ERR: 无法加载模块:Application

[ 2017-04-03T20:09:55+08:00 ] ::1 /coalball/Application/Home/Common/css/img/%C3%A6%E2%80%9D%C2%BE%C3%A5%C2%A4%C2%A7%C3%A9%E2%80%A2%C5%93.png
ERR: 无法加载模块:Application

[ 2017-04-03T20:09:55+08:00 ] ::1 /coalball/Application/Home/Common/css/img/%C3%A8%C2%B5%E2%80%9E%C3%A6%C2%BA%C2%907.png
ERR: 无法加载模块:Application

[ 2017-04-03T20:23:52+08:00 ] ::1 /coalball/Application/Home/Common/js/index.js
ERR: 无法加载模块:Application

