[ 2017-02-25T09:57:32+08:00 ] ::1 /coalball/Application/Home/Common/ds.js
ERR: 无法加载模块:Application

[ 2017-02-25T09:57:32+08:00 ] ::1 /coalball/Application/Home/Common/ds.js
ERR: 无法加载模块:Application

[ 2017-02-25T09:57:34+08:00 ] ::1 /coalball/Application/Home/Common/ds.js
ERR: 无法加载模块:Application

[ 2017-02-25T09:57:34+08:00 ] ::1 /coalball/Application/Home/Common/ds.js
ERR: 无法加载模块:Application

[ 2017-02-25T09:58:51+08:00 ] ::1 /coalball/Application/Home/Common/ds.js
ERR: 无法加载模块:Application

[ 2017-02-25T09:58:51+08:00 ] ::1 /coalball/Application/Home/Common/ds.js
ERR: 无法加载模块:Application

[ 2017-02-25T09:58:52+08:00 ] ::1 /coalball/Application/Home/Common/ds.js
ERR: 无法加载模块:Application

[ 2017-02-25T09:58:52+08:00 ] ::1 /coalball/Application/Home/Common/ds.js
ERR: 无法加载模块:Application

[ 2017-02-25T10:04:15+08:00 ] ::1 /coalball/Application/Home/Common/ds.js
ERR: 无法加载模块:Application

[ 2017-02-25T10:04:15+08:00 ] ::1 /coalball/Application/Home/Common/ds.js
ERR: 无法加载模块:Application

[ 2017-02-25T10:04:16+08:00 ] ::1 /coalball/Application/Home/Common/ds.js
ERR: 无法加载模块:Application

[ 2017-02-25T10:04:16+08:00 ] ::1 /coalball/Application/Home/Common/ds.js
ERR: 无法加载模块:Application

[ 2017-02-25T10:04:17+08:00 ] ::1 /coalball/Application/Home/Common/ds.js
ERR: 无法加载模块:Application

[ 2017-02-25T10:04:17+08:00 ] ::1 /coalball/Application/Home/Common/ds.js
ERR: 无法加载模块:Application

[ 2017-02-25T10:05:10+08:00 ] ::1 /coalball/Application/Home/Common/ds.js
ERR: 无法加载模块:Application

[ 2017-02-25T10:05:11+08:00 ] ::1 /coalball/Application/Home/Common/ds.js
ERR: 无法加载模块:Application

[ 2017-02-25T10:05:11+08:00 ] ::1 /coalball/Application/Home/Common/ds.js
ERR: 无法加载模块:Application

[ 2017-02-25T10:05:11+08:00 ] ::1 /coalball/Application/Home/Common/ds.js
ERR: 无法加载模块:Application

[ 2017-02-25T10:05:25+08:00 ] ::1 /coalball/Application/Home/Common/ds.js
ERR: 无法加载模块:Application

[ 2017-02-25T10:05:25+08:00 ] ::1 /coalball/Application/Home/Common/ds.js
ERR: 无法加载模块:Application

[ 2017-02-25T10:05:25+08:00 ] ::1 /coalball/Application/Home/Common/ds.js
ERR: 无法加载模块:Application

[ 2017-02-25T10:05:26+08:00 ] ::1 /coalball/Application/Home/Common/ds.js
ERR: 无法加载模块:Application

[ 2017-02-25T10:05:27+08:00 ] ::1 /coalball/Application/Home/Common/ds.js
ERR: 无法加载模块:Application

[ 2017-02-25T10:05:27+08:00 ] ::1 /coalball/Application/Home/Common/ds.js
ERR: 无法加载模块:Application

[ 2017-02-25T10:05:57+08:00 ] ::1 /coalball/Application/Home/Common/ds.js
ERR: 无法加载模块:Application

[ 2017-02-25T10:05:57+08:00 ] ::1 /coalball/Application/Home/Common/ds.js
ERR: 无法加载模块:Application

[ 2017-02-25T10:05:58+08:00 ] ::1 /coalball/Application/Home/Common/ds.js
ERR: 无法加载模块:Application

[ 2017-02-25T10:05:58+08:00 ] ::1 /coalball/Application/Home/Common/ds.js
ERR: 无法加载模块:Application

[ 2017-02-25T10:07:52+08:00 ] ::1 /coalball/Application/Home/Common/ds.js
ERR: 无法加载模块:Application

[ 2017-02-25T10:07:53+08:00 ] ::1 /coalball/Application/Home/Common/ds.js
ERR: 无法加载模块:Application

[ 2017-02-25T10:07:54+08:00 ] ::1 /coalball/Application/Home/Common/ds.js
ERR: 无法加载模块:Application

[ 2017-02-25T10:07:54+08:00 ] ::1 /coalball/Application/Home/Common/ds.js
ERR: 无法加载模块:Application

[ 2017-02-25T10:12:22+08:00 ] ::1 /coalball/Application/Home/Common/ds.js
ERR: 无法加载模块:Application

[ 2017-02-25T10:12:23+08:00 ] ::1 /coalball/Application/Home/Common/ds.js
ERR: 无法加载模块:Application

[ 2017-02-25T10:12:24+08:00 ] ::1 /coalball/Application/Home/Common/ds.js
ERR: 无法加载模块:Application

[ 2017-02-25T10:12:24+08:00 ] ::1 /coalball/Application/Home/Common/ds.js
ERR: 无法加载模块:Application

[ 2017-02-25T10:12:25+08:00 ] ::1 /coalball/Application/Home/Common/ds.js
ERR: 无法加载模块:Application

[ 2017-02-25T10:12:25+08:00 ] ::1 /coalball/Application/Home/Common/ds.js
ERR: 无法加载模块:Application

[ 2017-02-25T10:14:23+08:00 ] ::1 /coalball/Application/Home/Common/ds.js
ERR: 无法加载模块:Application

[ 2017-02-25T10:14:23+08:00 ] ::1 /coalball/Application/Home/Common/ds.js
ERR: 无法加载模块:Application

[ 2017-02-25T10:14:24+08:00 ] ::1 /coalball/Application/Home/Common/ds.js
ERR: 无法加载模块:Application

[ 2017-02-25T10:14:24+08:00 ] ::1 /coalball/Application/Home/Common/ds.js
ERR: 无法加载模块:Application

[ 2017-02-25T10:14:25+08:00 ] ::1 /coalball/Application/Home/Common/ds.js
ERR: 无法加载模块:Application

[ 2017-02-25T10:14:25+08:00 ] ::1 /coalball/Application/Home/Common/ds.js
ERR: 无法加载模块:Application

[ 2017-02-25T10:14:26+08:00 ] ::1 /coalball/Application/Home/Common/ds.js
ERR: 无法加载模块:Application

[ 2017-02-25T10:14:26+08:00 ] ::1 /coalball/Application/Home/Common/ds.js
ERR: 无法加载模块:Application

[ 2017-02-25T10:14:26+08:00 ] ::1 /coalball/Application/Home/Common/ds.js
ERR: 无法加载模块:Application

[ 2017-02-25T10:14:27+08:00 ] ::1 /coalball/Application/Home/Common/ds.js
ERR: 无法加载模块:Application

[ 2017-02-25T10:14:28+08:00 ] ::1 /coalball/Application/Home/Common/ds.js
ERR: 无法加载模块:Application

[ 2017-02-25T10:14:42+08:00 ] ::1 /coalball/Application/Home/Common/ds.js
ERR: 无法加载模块:Application

[ 2017-02-25T10:14:42+08:00 ] ::1 /coalball/Application/Home/Common/ds.js
ERR: 无法加载模块:Application

[ 2017-02-25T10:14:43+08:00 ] ::1 /coalball/Application/Home/Common/ds.js
ERR: 无法加载模块:Application

[ 2017-02-25T10:14:43+08:00 ] ::1 /coalball/Application/Home/Common/ds.js
ERR: 无法加载模块:Application

[ 2017-02-25T10:14:46+08:00 ] ::1 /coalball/Application/Home/Common/ds.js
ERR: 无法加载模块:Application

[ 2017-02-25T10:14:46+08:00 ] ::1 /coalball/Application/Home/Common/ds.js
ERR: 无法加载模块:Application

[ 2017-02-25T10:15:14+08:00 ] ::1 /coalball/Application/Home/Common/ds.js
ERR: 无法加载模块:Application

[ 2017-02-25T10:15:14+08:00 ] ::1 /coalball/Application/Home/Common/ds.js
ERR: 无法加载模块:Application

[ 2017-02-25T10:15:15+08:00 ] ::1 /coalball/Application/Home/Common/ds.js
ERR: 无法加载模块:Application

[ 2017-02-25T10:15:15+08:00 ] ::1 /coalball/Application/Home/Common/ds.js
ERR: 无法加载模块:Application

[ 2017-02-25T10:17:19+08:00 ] ::1 /coalball/Application/Home/Common/ds.js
ERR: 无法加载模块:Application

[ 2017-02-25T10:17:19+08:00 ] ::1 /coalball/Application/Home/Common/ds.js
ERR: 无法加载模块:Application

[ 2017-02-25T10:17:21+08:00 ] ::1 /coalball/Application/Home/Common/ds.js
ERR: 无法加载模块:Application

[ 2017-02-25T10:17:21+08:00 ] ::1 /coalball/Application/Home/Common/ds.js
ERR: 无法加载模块:Application

[ 2017-02-25T10:17:22+08:00 ] ::1 /coalball/Application/Home/Common/ds.js
ERR: 无法加载模块:Application

[ 2017-02-25T10:17:22+08:00 ] ::1 /coalball/Application/Home/Common/ds.js
ERR: 无法加载模块:Application

[ 2017-02-25T10:17:23+08:00 ] ::1 /coalball/Application/Home/Common/ds.js
ERR: 无法加载模块:Application

[ 2017-02-25T10:17:23+08:00 ] ::1 /coalball/Application/Home/Common/ds.js
ERR: 无法加载模块:Application

[ 2017-02-25T10:17:35+08:00 ] ::1 /coalball/Application/Home/Common/ds.js
ERR: 无法加载模块:Application

[ 2017-02-25T10:17:36+08:00 ] ::1 /coalball/Application/Home/Common/ds.js
ERR: 无法加载模块:Application

[ 2017-02-25T10:18:21+08:00 ] ::1 /coalball/Application/Home/Common/ds.js
ERR: 无法加载模块:Application

[ 2017-02-25T10:18:21+08:00 ] ::1 /coalball/Application/Home/Common/ds.js
ERR: 无法加载模块:Application

[ 2017-02-25T10:18:22+08:00 ] ::1 /coalball/Application/Home/Common/ds.js
ERR: 无法加载模块:Application

[ 2017-02-25T10:18:22+08:00 ] ::1 /coalball/Application/Home/Common/ds.js
ERR: 无法加载模块:Application

[ 2017-02-25T10:20:28+08:00 ] ::1 /coalball/Application/Home/Common/ds.js
ERR: 无法加载模块:Application

[ 2017-02-25T10:20:28+08:00 ] ::1 /coalball/Application/Home/Common/ds.js
ERR: 无法加载模块:Application

[ 2017-02-25T10:20:29+08:00 ] ::1 /coalball/Application/Home/Common/ds.js
ERR: 无法加载模块:Application

[ 2017-02-25T10:20:29+08:00 ] ::1 /coalball/Application/Home/Common/ds.js
ERR: 无法加载模块:Application

[ 2017-02-25T10:20:31+08:00 ] ::1 /coalball/Application/Home/Common/ds.js
ERR: 无法加载模块:Application

[ 2017-02-25T10:20:32+08:00 ] ::1 /coalball/Application/Home/Common/ds.js
ERR: 无法加载模块:Application

[ 2017-02-25T10:20:40+08:00 ] ::1 /coalball/Application/Home/Common/ds.js
ERR: 无法加载模块:Application

[ 2017-02-25T10:20:40+08:00 ] ::1 /coalball/Application/Home/Common/ds.js
ERR: 无法加载模块:Application

[ 2017-02-25T10:20:42+08:00 ] ::1 /coalball/Application/Home/Common/ds.js
ERR: 无法加载模块:Application

[ 2017-02-25T10:20:42+08:00 ] ::1 /coalball/Application/Home/Common/ds.js
ERR: 无法加载模块:Application

[ 2017-02-25T10:29:23+08:00 ] ::1 /coalball/Application/Home/Common/ds.js
ERR: 无法加载模块:Application

[ 2017-02-25T10:29:24+08:00 ] ::1 /coalball/Application/Home/Common/ds.js
ERR: 无法加载模块:Application

[ 2017-02-25T10:29:24+08:00 ] ::1 /coalball/Application/Home/Common/ds.js
ERR: 无法加载模块:Application

[ 2017-02-25T10:29:25+08:00 ] ::1 /coalball/Application/Home/Common/ds.js
ERR: 无法加载模块:Application

[ 2017-02-25T10:29:25+08:00 ] ::1 /coalball/Application/Home/Common/ds.js
ERR: 无法加载模块:Application

[ 2017-02-25T10:29:26+08:00 ] ::1 /coalball/Application/Home/Common/ds.js
ERR: 无法加载模块:Application

[ 2017-02-25T10:30:25+08:00 ] ::1 /coalball/Application/Home/Common/ds.js
ERR: 无法加载模块:Application

[ 2017-02-25T10:30:26+08:00 ] ::1 /coalball/Application/Home/Common/ds.js
ERR: 无法加载模块:Application

[ 2017-02-25T10:30:27+08:00 ] ::1 /coalball/Application/Home/Common/ds.js
ERR: 无法加载模块:Application

[ 2017-02-25T10:30:27+08:00 ] ::1 /coalball/Application/Home/Common/ds.js
ERR: 无法加载模块:Application

[ 2017-02-25T10:30:28+08:00 ] ::1 /coalball/Application/Home/Common/ds.js
ERR: 无法加载模块:Application

[ 2017-02-25T10:30:29+08:00 ] ::1 /coalball/Application/Home/Common/ds.js
ERR: 无法加载模块:Application

[ 2017-02-25T10:30:29+08:00 ] ::1 /coalball/Application/Home/Common/ds.js
ERR: 无法加载模块:Application

[ 2017-02-25T10:30:38+08:00 ] ::1 /coalball/Application/Home/Common/ds.js
ERR: 无法加载模块:Application

[ 2017-02-25T10:30:38+08:00 ] ::1 /coalball/Application/Home/Common/ds.js
ERR: 无法加载模块:Application

[ 2017-02-25T10:30:39+08:00 ] ::1 /coalball/Application/Home/Common/ds.js
ERR: 无法加载模块:Application

[ 2017-02-25T10:30:39+08:00 ] ::1 /coalball/Application/Home/Common/ds.js
ERR: 无法加载模块:Application

[ 2017-02-25T10:30:40+08:00 ] ::1 /coalball/Application/Home/Common/ds.js
ERR: 无法加载模块:Application

[ 2017-02-25T10:30:40+08:00 ] ::1 /coalball/Application/Home/Common/ds.js
ERR: 无法加载模块:Application

[ 2017-02-25T10:31:55+08:00 ] ::1 /coalball/Application/Home/Common/ds.js
ERR: 无法加载模块:Application

[ 2017-02-25T10:31:55+08:00 ] ::1 /coalball/Application/Home/Common/ds.js
ERR: 无法加载模块:Application

[ 2017-02-25T10:32:58+08:00 ] ::1 /coalball/Application/Home/Common/ds.js
ERR: 无法加载模块:Application

[ 2017-02-25T10:32:58+08:00 ] ::1 /coalball/Application/Home/Common/ds.js
ERR: 无法加载模块:Application

[ 2017-02-25T10:33:10+08:00 ] ::1 /coalball/Application/Home/Common/ds.js
ERR: 无法加载模块:Application

[ 2017-02-25T10:52:48+08:00 ] ::1 /coalball/js/ds.js
ERR: 无法加载模块:Js

[ 2017-02-25T10:52:48+08:00 ] ::1 /coalball/js/ds.js
ERR: 无法加载模块:Js

[ 2017-02-25T10:57:46+08:00 ] ::1 /coalball/1.jpg
ERR: 无法加载模块:1

[ 2017-02-25T10:57:58+08:00 ] ::1 /coalball/1.jpg
ERR: 无法加载模块:1

[ 2017-02-25T10:59:58+08:00 ] ::1 /coalball/1.jpg
ERR: 无法加载模块:1

[ 2017-02-25T16:26:42+08:00 ] ::1 /coalball/css/reset.css
ERR: 无法加载模块:Css

[ 2017-02-25T16:26:42+08:00 ] ::1 /coalball/css/index.css
ERR: 无法加载模块:Css

[ 2017-02-25T16:26:42+08:00 ] ::1 /coalball/js/jquery-3.1.1.js
ERR: 无法加载模块:Js

[ 2017-02-25T16:26:42+08:00 ] ::1 /coalball/js/ds.js
ERR: 无法加载模块:Js

[ 2017-02-25T16:26:42+08:00 ] ::1 /coalball/img/%E8%B5%84%E6%BA%90%205.png
ERR: 无法加载模块:Img

[ 2017-02-25T16:26:42+08:00 ] ::1 /coalball/js/jquery-3.1.1.js
ERR: 无法加载模块:Js

