[ 2017-03-15T15:27:56+08:00 ] ::1 /coalball/css/index.css
ERR: цЧац│ХхКаш╜╜цибхЭЧ:Css

[ 2017-03-15T15:27:56+08:00 ] ::1 /coalball/js/jquery-3.1.1.js
ERR: цЧац│ХхКаш╜╜цибхЭЧ:Js

[ 2017-03-15T15:27:56+08:00 ] ::1 /coalball/js/jquery.cookie.js
ERR: цЧац│ХхКаш╜╜цибхЭЧ:Js

[ 2017-03-15T15:27:56+08:00 ] ::1 /coalball/img/%E8%B5%84%E6%BA%90%205.png
ERR: цЧац│ХхКаш╜╜цибхЭЧ:Img

[ 2017-03-15T15:27:56+08:00 ] ::1 /coalball/img/%E8%B5%84%E6%BA%90%201.png
ERR: цЧац│ХхКаш╜╜цибхЭЧ:Img

[ 2017-03-15T15:27:56+08:00 ] ::1 /coalball/img/QQ.png
ERR: цЧац│ХхКаш╜╜цибхЭЧ:Img

[ 2017-03-15T15:27:56+08:00 ] ::1 /coalball/img/yiban-logo.png
ERR: цЧац│ХхКаш╜╜цибхЭЧ:Img

[ 2017-03-15T15:29:42+08:00 ] ::1 /coalball/js/jquery-3.1.1.js
ERR: цЧац│ХхКаш╜╜цибхЭЧ:Js

[ 2017-03-15T15:29:42+08:00 ] ::1 /coalball/js/jquery.cookie.js
ERR: цЧац│ХхКаш╜╜цибхЭЧ:Js

[ 2017-03-15T15:29:42+08:00 ] ::1 /coalball/img/%E8%B5%84%E6%BA%90%205.png
ERR: цЧац│ХхКаш╜╜цибхЭЧ:Img

[ 2017-03-15T15:29:42+08:00 ] ::1 /coalball/img/%E8%B5%84%E6%BA%90%201.png
ERR: цЧац│ХхКаш╜╜цибхЭЧ:Img

[ 2017-03-15T15:29:42+08:00 ] ::1 /coalball/img/yiban-logo.png
ERR: цЧац│ХхКаш╜╜цибхЭЧ:Img

[ 2017-03-15T15:29:42+08:00 ] ::1 /coalball/img/QQ.png
ERR: цЧац│ХхКаш╜╜цибхЭЧ:Img

[ 2017-03-15T15:29:42+08:00 ] ::1 /coalball/js/jquery-3.1.1.js
ERR: цЧац│ХхКаш╜╜цибхЭЧ:Js

[ 2017-03-15T15:29:42+08:00 ] ::1 /coalball/js/jquery.cookie.js
ERR: цЧац│ХхКаш╜╜цибхЭЧ:Js

[ 2017-03-15T15:30:45+08:00 ] ::1 /coalball/js/jquery-3.1.1.js
ERR: цЧац│ХхКаш╜╜цибхЭЧ:Js

[ 2017-03-15T15:30:45+08:00 ] ::1 /coalball/js/jquery.cookie.js
ERR: цЧац│ХхКаш╜╜цибхЭЧ:Js

[ 2017-03-15T15:30:45+08:00 ] ::1 /coalball/img/%E8%B5%84%E6%BA%90%205.png
ERR: цЧац│ХхКаш╜╜цибхЭЧ:Img

[ 2017-03-15T15:30:45+08:00 ] ::1 /coalball/img/QQ.png
ERR: цЧац│ХхКаш╜╜цибхЭЧ:Img

[ 2017-03-15T15:30:45+08:00 ] ::1 /coalball/img/yiban-logo.png
ERR: цЧац│ХхКаш╜╜цибхЭЧ:Img

[ 2017-03-15T15:30:45+08:00 ] ::1 /coalball/img/%E8%B5%84%E6%BA%90%205.png
ERR: цЧац│ХхКаш╜╜цибхЭЧ:Img

[ 2017-03-15T15:30:45+08:00 ] ::1 /coalball/img/yiban-logo.png
ERR: цЧац│ХхКаш╜╜цибхЭЧ:Img

[ 2017-03-15T15:30:45+08:00 ] ::1 /coalball/img/QQ.png
ERR: цЧац│ХхКаш╜╜цибхЭЧ:Img

[ 2017-03-15T15:30:45+08:00 ] ::1 /coalball/js/jquery-3.1.1.js
ERR: цЧац│ХхКаш╜╜цибхЭЧ:Js

[ 2017-03-15T15:30:45+08:00 ] ::1 /coalball/js/jquery.cookie.js
ERR: цЧац│ХхКаш╜╜цибхЭЧ:Js

[ 2017-03-15T15:31:52+08:00 ] ::1 /coalball/js/jquery-3.1.1.js
ERR: цЧац│ХхКаш╜╜цибхЭЧ:Js

[ 2017-03-15T15:31:52+08:00 ] ::1 /coalball/js/jquery.cookie.js
ERR: цЧац│ХхКаш╜╜цибхЭЧ:Js

[ 2017-03-15T15:31:52+08:00 ] ::1 /coalball/img/QQ.png
ERR: цЧац│ХхКаш╜╜цибхЭЧ:Img

[ 2017-03-15T15:31:52+08:00 ] ::1 /coalball/img/yiban-logo.png
ERR: цЧац│ХхКаш╜╜цибхЭЧ:Img

[ 2017-03-15T15:31:53+08:00 ] ::1 /coalball/img/yiban-logo.png
ERR: цЧац│ХхКаш╜╜цибхЭЧ:Img

[ 2017-03-15T15:31:53+08:00 ] ::1 /coalball/img/QQ.png
ERR: цЧац│ХхКаш╜╜цибхЭЧ:Img

[ 2017-03-15T15:31:53+08:00 ] ::1 /coalball/js/jquery-3.1.1.js
ERR: цЧац│ХхКаш╜╜цибхЭЧ:Js

[ 2017-03-15T15:31:53+08:00 ] ::1 /coalball/js/jquery.cookie.js
ERR: цЧац│ХхКаш╜╜цибхЭЧ:Js

[ 2017-03-15T15:31:54+08:00 ] ::1 /coalball/js/jquery-3.1.1.js
ERR: цЧац│ХхКаш╜╜цибхЭЧ:Js

[ 2017-03-15T15:31:54+08:00 ] ::1 /coalball/js/jquery.cookie.js
ERR: цЧац│ХхКаш╜╜цибхЭЧ:Js

[ 2017-03-15T15:31:54+08:00 ] ::1 /coalball/img/QQ.png
ERR: цЧац│ХхКаш╜╜цибхЭЧ:Img

[ 2017-03-15T15:31:54+08:00 ] ::1 /coalball/img/yiban-logo.png
ERR: цЧац│ХхКаш╜╜цибхЭЧ:Img

[ 2017-03-15T15:31:54+08:00 ] ::1 /coalball/js/jquery-3.1.1.js
ERR: цЧац│ХхКаш╜╜цибхЭЧ:Js

[ 2017-03-15T15:31:54+08:00 ] ::1 /coalball/js/jquery.cookie.js
ERR: цЧац│ХхКаш╜╜цибхЭЧ:Js

[ 2017-03-15T15:32:15+08:00 ] ::1 /coalball/js/jquery-3.1.1.js
ERR: цЧац│ХхКаш╜╜цибхЭЧ:Js

[ 2017-03-15T15:32:15+08:00 ] ::1 /coalball/js/jquery.cookie.js
ERR: цЧац│ХхКаш╜╜цибхЭЧ:Js

[ 2017-03-15T15:32:15+08:00 ] ::1 /coalball/js/jquery-3.1.1.js
ERR: цЧац│ХхКаш╜╜цибхЭЧ:Js

[ 2017-03-15T15:32:15+08:00 ] ::1 /coalball/js/jquery.cookie.js
ERR: цЧац│ХхКаш╜╜цибхЭЧ:Js

[ 2017-03-15T15:32:16+08:00 ] ::1 /coalball/js/jquery-3.1.1.js
ERR: цЧац│ХхКаш╜╜цибхЭЧ:Js

[ 2017-03-15T15:32:16+08:00 ] ::1 /coalball/js/jquery.cookie.js
ERR: цЧац│ХхКаш╜╜цибхЭЧ:Js

[ 2017-03-15T15:32:16+08:00 ] ::1 /coalball/js/jquery-3.1.1.js
ERR: цЧац│ХхКаш╜╜цибхЭЧ:Js

[ 2017-03-15T15:32:16+08:00 ] ::1 /coalball/js/jquery.cookie.js
ERR: цЧац│ХхКаш╜╜цибхЭЧ:Js

[ 2017-03-15T16:09:38+08:00 ] ::1 /coalball/Application/Home/Common/css/img/%C3%A8%C2%B5%E2%80%9E%C3%A6%C2%BA%C2%908.png
ERR: цЧац│ХхКаш╜╜цибхЭЧ:Application

[ 2017-03-15T16:09:38+08:00 ] ::1 /coalball/Application/Home/Common/css/img/%C3%A8%C2%B5%E2%80%9E%C3%A6%C2%BA%C2%907.png
ERR: цЧац│ХхКаш╜╜цибхЭЧ:Application

бхЭЧ:Application

[ 2017-03-15T19:37:45+08:00 ] ::1 /coalball/Application/Home/Common/css/img/%C3%A6%E2%80%9D%C2%BE%C3%A5%C2%A4%C2%A7%C3%A9%E2%80%A2%C5%93.png
ERR: цЧац│ХхКаш╜╜цибхЭЧ:Application

[ 2017-03-15T19:37:45+08:00 ] ::1 /coalball/Application/Home/Common/css/img/%C3%A8%C2%B5%E2%80%9E%C3%A6%C2%BA%C2%908.png
ERR: цЧац│ХхКаш╜╜цибхЭЧ:Application

[ 2017-03-15T19:37:45+08:00 ] ::1 /coalball/Application/Home/Common/css/img/%C3%A8%C2%B5%E2%80%9E%C3%A6%C2%BA%C2%907.png
ERR: цЧац│ХхКаш╜╜цибхЭЧ:Application

