[ 2017-02-23T18:13:21+08:00 ] ::1 /coalball/css/index.css
ERR: 无法加载模块:Css

[ 2017-02-23T18:13:21+08:00 ] ::1 /coalball/js/jquery-3.1.1.js
ERR: 无法加载模块:Js

[ 2017-02-23T18:13:21+08:00 ] ::1 /coalball/img/%E8%B5%84%E6%BA%90%205.png
ERR: 无法加载模块:Img

[ 2017-02-23T18:13:21+08:00 ] ::1 /coalball/img/lol1.png
ERR: 无法加载模块:Img

[ 2017-02-23T18:13:21+08:00 ] ::1 /coalball/img/lol2.png
ERR: 无法加载模块:Img

[ 2017-02-23T18:13:21+08:00 ] ::1 /coalball/img/%E8%B5%84%E6%BA%90%201.png
ERR: 无法加载模块:Img

[ 2017-02-23T18:13:21+08:00 ] ::1 /coalball/img/lol1.png
ERR: 无法加载模块:Img

[ 2017-02-23T18:13:21+08:00 ] ::1 /coalball/img/%E8%B5%84%E6%BA%90%205.png
ERR: 无法加载模块:Img

[ 2017-02-23T18:13:21+08:00 ] ::1 /coalball/img/lol2.png
ERR: 无法加载模块:Img

[ 2017-02-23T18:13:21+08:00 ] ::1 /coalball/img/%E8%B5%84%E6%BA%90%201.png
ERR: 无法加载模块:Img

[ 2017-02-23T18:13:21+08:00 ] ::1 /coalball/js/jquery-3.1.1.js
ERR: 无法加载模块:Js

[ 2017-02-23T18:17:32+08:00 ] ::1 /coalball/css/reset.css
ERR: 无法加载模块:Css

[ 2017-02-23T18:17:32+08:00 ] ::1 /coalball/css/index.css
ERR: 无法加载模块:Css

[ 2017-02-23T18:17:32+08:00 ] ::1 /coalball/js/jquery-3.1.1.js
ERR: 无法加载模块:Js

[ 2017-02-23T18:17:32+08:00 ] ::1 /coalball/img/%E8%B5%84%E6%BA%90%205.png
ERR: 无法加载模块:Img

[ 2017-02-23T18:17:32+08:00 ] ::1 /coalball/img/lol1.png
ERR: 无法加载模块:Img

[ 2017-02-23T18:17:32+08:00 ] ::1 /coalball/img/lol2.png
ERR: 无法加载模块:Img

[ 2017-02-23T18:17:32+08:00 ] ::1 /coalball/img/%E8%B5%84%E6%BA%90%201.png
ERR: 无法加载模块:Img

[ 2017-02-23T18:17:32+08:00 ] ::1 /coalball/img/%E8%B5%84%E6%BA%90%205.png
ERR: 无法加载模块:Img

[ 2017-02-23T18:17:32+08:00 ] ::1 /coalball/img/lol2.png
ERR: 无法加载模块:Img

[ 2017-02-23T18:17:32+08:00 ] ::1 /coalball/img/lol1.png
ERR: 无法加载模块:Img

[ 2017-02-23T18:17:32+08:00 ] ::1 /coalball/img/%E8%B5%84%E6%BA%90%201.png
ERR: 无法加载模块:Img

[ 2017-02-23T18:17:32+08:00 ] ::1 /coalball/js/jquery-3.1.1.js
ERR: 无法加载模块:Js

[ 2017-02-23T18:18:02+08:00 ] ::1 /coalball/img/%E8%B5%84%E6%BA%90%205.png
ERR: 无法加载模块:Img

[ 2017-02-23T18:18:02+08:00 ] ::1 /coalball/js/jquery-3.1.1.js
ERR: 无法加载模块:Js

[ 2017-02-23T18:18:02+08:00 ] ::1 /coalball/img/lol1.png
ERR: 无法加载模块:Img

[ 2017-02-23T18:18:02+08:00 ] ::1 /coalball/img/lol2.png
ERR: 无法加载模块:Img

[ 2017-02-23T18:18:02+08:00 ] ::1 /coalball/img/%E8%B5%84%E6%BA%90%201.png
ERR: 无法加载模块:Img

[ 2017-02-23T18:18:03+08:00 ] ::1 /coalball/js/jquery-3.1.1.js
ERR: 无法加载模块:Js

[ 2017-02-23T18:18:17+08:00 ] ::1 /coalball/img/%E8%B5%84%E6%BA%90%205.png
ERR: 无法加载模块:Img

[ 2017-02-23T18:18:17+08:00 ] ::1 /coalball/img/lol1.png
ERR: 无法加载模块:Img

[ 2017-02-23T18:18:17+08:00 ] ::1 /coalball/img/lol2.png
ERR: 无法加载模块:Img

[ 2017-02-23T18:18:17+08:00 ] ::1 /coalball/img/%E8%B5%84%E6%BA%90%201.png
ERR: 无法加载模块:Img

