[ 2017-03-30T12:35:42+08:00 ] ::1 /coalball/css/reset.css
ERR: 无法加载模块:Css

[ 2017-03-30T12:35:42+08:00 ] ::1 /coalball/js/ds.js
ERR: 无法加载模块:Js

[ 2017-03-30T12:35:42+08:00 ] ::1 /coalball/js/index.js
ERR: 无法加载模块:Js

[ 2017-03-30T12:35:42+08:00 ] ::1 /coalball/img/lol2.png
ERR: 无法加载模块:Img

[ 2017-03-30T12:35:42+08:00 ] ::1 /coalball/img/%E8%B5%84%E6%BA%90%205.png
ERR: 无法加载模块:Img

[ 2017-03-30T12:35:42+08:00 ] ::1 /coalball/img/lol1.png
ERR: 无法加载模块:Img

[ 2017-03-30T12:35:42+08:00 ] ::1 /coalball/js/jquery-3.1.1.js
ERR: 无法加载模块:Js

[ 2017-03-30T12:35:42+08:00 ] ::1 /coalball/js/jquery.cookie.js
ERR: 无法加载模块:Js

[ 2017-03-30T12:35:42+08:00 ] ::1 /coalball/js/index.js
ERR: 无法加载模块:Js

[ 2017-03-30T12:35:43+08:00 ] ::1 /coalball/img/%E8%B5%84%E6%BA%90%201.png
ERR: 无法加载模块:Img

[ 2017-03-30T12:35:43+08:00 ] ::1 /coalball/img/QQ.png
ERR: 无法加载模块:Img

[ 2017-03-30T12:35:43+08:00 ] ::1 /coalball/img/yiban-logo.png
ERR: 无法加载模块:Img

[ 2017-03-30T12:38:33+08:00 ] ::1 /coalball/js/ds.js
ERR: 无法加载模块:Js

[ 2017-03-30T12:38:33+08:00 ] ::1 /coalball/js/jquery-3.1.1.js
ERR: 无法加载模块:Js

[ 2017-03-30T12:38:33+08:00 ] ::1 /coalball/js/jquery.cookie.js
ERR: 无法加载模块:Js

[ 2017-03-30T12:38:33+08:00 ] ::1 /coalball/js/index.js
ERR: 无法加载模块:Js

[ 2017-03-30T12:38:33+08:00 ] ::1 /coalball/img/%E8%B5%84%E6%BA%90%201.png
ERR: 无法加载模块:Img

[ 2017-03-30T12:38:33+08:00 ] ::1 /coalball/js/ds.js
ERR: 无法加载模块:Js

[ 2017-03-30T12:38:33+08:00 ] ::1 /coalball/js/jquery-3.1.1.js
ERR: 无法加载模块:Js

[ 2017-03-30T12:38:33+08:00 ] ::1 /coalball/js/jquery.cookie.js
ERR: 无法加载模块:Js

[ 2017-03-30T12:38:33+08:00 ] ::1 /coalball/js/index.js
ERR: 无法加载模块:Js

[ 2017-03-30T12:38:49+08:00 ] ::1 /coalball/js/ds.js
ERR: 无法加载模块:Js

[ 2017-03-30T12:38:49+08:00 ] ::1 /coalball/js/jquery-3.1.1.js
ERR: 无法加载模块:Js

[ 2017-03-30T12:38:49+08:00 ] ::1 /coalball/js/jquery.cookie.js
ERR: 无法加载模块:Js

[ 2017-03-30T12:38:49+08:00 ] ::1 /coalball/js/index.js
ERR: 无法加载模块:Js

[ 2017-03-30T12:38:49+08:00 ] ::1 /coalball/img/%E8%B5%84%E6%BA%90%201.png
ERR: 无法加载模块:Img

[ 2017-03-30T12:38:49+08:00 ] ::1 /coalball/img/%E8%B5%84%E6%BA%90%201.png
ERR: 无法加载模块:Img

[ 2017-03-30T12:38:49+08:00 ] ::1 /coalball/js/ds.js
ERR: 无法加载模块:Js

[ 2017-03-30T12:38:49+08:00 ] ::1 /coalball/js/jquery-3.1.1.js
ERR: 无法加载模块:Js

[ 2017-03-30T12:38:49+08:00 ] ::1 /coalball/js/jquery.cookie.js
ERR: 无法加载模块:Js

[ 2017-03-30T12:38:49+08:00 ] ::1 /coalball/js/index.js
ERR: 无法加载模块:Js

[ 2017-03-30T12:38:59+08:00 ] ::1 /coalball/js/ds.js
ERR: 无法加载模块:Js

[ 2017-03-30T12:38:59+08:00 ] ::1 /coalball/js/jquery-3.1.1.js
ERR: 无法加载模块:Js

[ 2017-03-30T12:38:59+08:00 ] ::1 /coalball/js/jquery.cookie.js
ERR: 无法加载模块:Js

[ 2017-03-30T12:38:59+08:00 ] ::1 /coalball/js/index.js
ERR: 无法加载模块:Js

[ 2017-03-30T12:38:59+08:00 ] ::1 /coalball/img/%E8%B5%84%E6%BA%90%201.png
ERR: 无法加载模块:Img

[ 2017-03-30T12:38:59+08:00 ] ::1 /coalball/js/ds.js
ERR: 无法加载模块:Js

[ 2017-03-30T12:38:59+08:00 ] ::1 /coalball/js/jquery-3.1.1.js
ERR: 无法加载模块:Js

[ 2017-03-30T12:38:59+08:00 ] ::1 /coalball/js/jquery.cookie.js
ERR: 无法加载模块:Js

[ 2017-03-30T12:38:59+08:00 ] ::1 /coalball/js/index.js
ERR: 无法加载模块:Js

[ 2017-03-30T12:40:09+08:00 ] ::1 /coalball/js/ds.js
ERR: 无法加载模块:Js

[ 2017-03-30T12:40:09+08:00 ] ::1 /coalball/js/jquery-3.1.1.js
ERR: 无法加载模块:Js

[ 2017-03-30T12:40:09+08:00 ] ::1 /coalball/js/jquery.cookie.js
ERR: 无法加载模块:Js

[ 2017-03-30T12:40:09+08:00 ] ::1 /coalball/js/index.js
ERR: 无法加载模块:Js

[ 2017-03-30T12:40:09+08:00 ] ::1 /coalball/img/%E8%B5%84%E6%BA%90%201.png
ERR: 无法加载模块:Img

[ 2017-03-30T12:40:10+08:00 ] ::1 /coalball/img/%E8%B5%84%E6%BA%90%201.png
ERR: 无法加载模块:Img

[ 2017-03-30T12:40:10+08:00 ] ::1 /coalball/js/ds.js
ERR: 无法加载模块:Js

[ 2017-03-30T12:40:10+08:00 ] ::1 /coalball/js/jquery-3.1.1.js
ERR: 无法加载模块:Js

[ 2017-03-30T12:40:10+08:00 ] ::1 /coalball/js/jquery.cookie.js
ERR: 无法加载模块:Js

[ 2017-03-30T12:40:10+08:00 ] ::1 /coalball/js/index.js
ERR: 无法加载模块:Js

[ 2017-03-30T12:41:02+08:00 ] ::1 /coalball/img/%E8%B5%84%E6%BA%90%201.png
ERR: 无法加载模块:Img

[ 2017-03-30T12:41:02+08:00 ] ::1 /coalball/img/%E8%B5%84%E6%BA%90%201.png
ERR: 无法加载模块:Img

[ 2017-03-30T12:41:05+08:00 ] ::1 /coalball/img/%E8%B5%84%E6%BA%90%201.png
ERR: 无法加载模块:Img

[ 2017-03-30T12:41:05+08:00 ] ::1 /coalball/img/%E8%B5%84%E6%BA%90%201.png
ERR: 无法加载模块:Img

[ 2017-03-30T12:41:22+08:00 ] ::1 /coalball/img/%E8%B5%84%E6%BA%90%201.png
ERR: 无法加载模块:Img

[ 2017-03-30T12:41:22+08:00 ] ::1 /coalball/img/%E8%B5%84%E6%BA%90%201.png
ERR: 无法加载模块:Img

[ 2017-03-30T12:41:23+08:00 ] ::1 /coalball/img/lol1.png
ERR: 无法加载模块:Img

[ 2017-03-30T12:41:23+08:00 ] ::1 /coalball/img/lol2.png
ERR: 无法加载模块:Img

[ 2017-03-30T12:41:24+08:00 ] ::1 /coalball/img/lol2.png
ERR: 无法加载模块:Img

[ 2017-03-30T12:41:24+08:00 ] ::1 /coalball/img/lol1.png
ERR: 无法加载模块:Img

[ 2017-03-30T12:41:43+08:00 ] ::1 /coalball/img/%E8%B5%84%E6%BA%90%201.png
ERR: 无法加载模块:Img

[ 2017-03-30T12:41:43+08:00 ] ::1 /coalball/img/%E8%B5%84%E6%BA%90%201.png
ERR: 无法加载模块:Img

[ 2017-03-30T12:41:44+08:00 ] ::1 /coalball/img/lol1.png
ERR: 无法加载模块:Img

[ 2017-03-30T12:41:44+08:00 ] ::1 /coalball/img/lol2.png
ERR: 无法加载模块:Img

[ 2017-03-30T12:41:45+08:00 ] ::1 /coalball/img/lol2.png
ERR: 无法加载模块:Img

[ 2017-03-30T12:41:45+08:00 ] ::1 /coalball/img/lol1.png
ERR: 无法加载模块:Img

[ 2017-03-30T12:41:47+08:00 ] ::1 /coalball/img/%E8%B5%84%E6%BA%90%201.png
ERR: 无法加载模块:Img

[ 2017-03-30T12:41:47+08:00 ] ::1 /coalball/img/%E8%B5%84%E6%BA%90%201.png
ERR: 无法加载模块:Img

[ 2017-03-30T12:41:47+08:00 ] ::1 /coalball/img/%E8%B5%84%E6%BA%90%201.png
ERR: 无法加载模块:Img

[ 2017-03-30T12:41:48+08:00 ] ::1 /coalball/img/%E8%B5%84%E6%BA%90%201.png
ERR: 无法加载模块:Img

[ 2017-03-30T12:41:49+08:00 ] ::1 /coalball/img/lol1.png
ERR: 无法加载模块:Img

[ 2017-03-30T12:41:49+08:00 ] ::1 /coalball/img/lol2.png
ERR: 无法加载模块:Img

[ 2017-03-30T12:41:49+08:00 ] ::1 /coalball/img/lol2.png
ERR: 无法加载模块:Img

[ 2017-03-30T12:41:49+08:00 ] ::1 /coalball/img/lol1.png
ERR: 无法加载模块:Img

[ 2017-03-30T12:41:49+08:00 ] ::1 /coalball/img/lol2.png
ERR: 无法加载模块:Img

[ 2017-03-30T12:41:49+08:00 ] ::1 /coalball/img/lol1.png
ERR: 无法加载模块:Img

[ 2017-03-30T12:41:50+08:00 ] ::1 /coalball/img/lol2.png
ERR: 无法加载模块:Img

[ 2017-03-30T12:41:50+08:00 ] ::1 /coalball/img/lol1.png
ERR: 无法加载模块:Img

[ 2017-03-30T12:41:50+08:00 ] ::1 /coalball/img/lol2.png
ERR: 无法加载模块:Img

[ 2017-03-30T12:41:50+08:00 ] ::1 /coalball/img/lol1.png
ERR: 无法加载模块:Img

[ 2017-03-30T12:41:51+08:00 ] ::1 /coalball/img/lol2.png
ERR: 无法加载模块:Img

[ 2017-03-30T12:41:51+08:00 ] ::1 /coalball/img/lol1.png
ERR: 无法加载模块:Img

[ 2017-03-30T12:41:51+08:00 ] ::1 /coalball/img/lol2.png
ERR: 无法加载模块:Img

[ 2017-03-30T12:41:52+08:00 ] ::1 /coalball/img/lol1.png
ERR: 无法加载模块:Img

[ 2017-03-30T12:41:52+08:00 ] ::1 /coalball/img/lol2.png
ERR: 无法加载模块:Img

[ 2017-03-30T12:41:52+08:00 ] ::1 /coalball/img/lol1.png
ERR: 无法加载模块:Img

[ 2017-03-30T12:41:53+08:00 ] ::1 /coalball/img/lol2.png
ERR: 无法加载模块:Img

[ 2017-03-30T12:41:53+08:00 ] ::1 /coalball/img/lol1.png
ERR: 无法加载模块:Img

[ 2017-03-30T12:41:54+08:00 ] ::1 /coalball/img/lol2.png
ERR: 无法加载模块:Img

[ 2017-03-30T12:41:54+08:00 ] ::1 /coalball/img/lol1.png
ERR: 无法加载模块:Img

[ 2017-03-30T12:41:55+08:00 ] ::1 /coalball/img/lol2.png
ERR: 无法加载模块:Img

[ 2017-03-30T12:41:55+08:00 ] ::1 /coalball/img/lol1.png
ERR: 无法加载模块:Img

[ 2017-03-30T12:41:55+08:00 ] ::1 /coalball/img/lol2.png
ERR: 无法加载模块:Img

[ 2017-03-30T12:41:55+08:00 ] ::1 /coalball/img/lol1.png
ERR: 无法加载模块:Img

[ 2017-03-30T12:41:56+08:00 ] ::1 /coalball/img/lol2.png
ERR: 无法加载模块:Img

[ 2017-03-30T12:41:56+08:00 ] ::1 /coalball/img/lol1.png
ERR: 无法加载模块:Img

[ 2017-03-30T12:41:56+08:00 ] ::1 /coalball/img/lol2.png
ERR: 无法加载模块:Img

[ 2017-03-30T12:41:56+08:00 ] ::1 /coalball/img/lol1.png
ERR: 无法加载模块:Img

[ 2017-03-30T12:41:57+08:00 ] ::1 /coalball/img/lol2.png
ERR: 无法加载模块:Img

[ 2017-03-30T12:41:57+08:00 ] ::1 /coalball/img/lol1.png
ERR: 无法加载模块:Img

[ 2017-03-30T12:41:57+08:00 ] ::1 /coalball/img/lol2.png
ERR: 无法加载模块:Img

[ 2017-03-30T12:41:57+08:00 ] ::1 /coalball/img/lol1.png
ERR: 无法加载模块:Img

[ 2017-03-30T12:41:58+08:00 ] ::1 /coalball/img/lol2.png
ERR: 无法加载模块:Img

[ 2017-03-30T12:41:58+08:00 ] ::1 /coalball/img/lol1.png
ERR: 无法加载模块:Img

[ 2017-03-30T12:42:02+08:00 ] ::1 /coalball/img/lol2.png
ERR: 无法加载模块:Img

[ 2017-03-30T12:42:02+08:00 ] ::1 /coalball/img/lol1.png
ERR: 无法加载模块:Img

[ 2017-03-30T12:42:03+08:00 ] ::1 /coalball/img/lol2.png
ERR: 无法加载模块:Img

[ 2017-03-30T12:42:03+08:00 ] ::1 /coalball/img/lol1.png
ERR: 无法加载模块:Img

[ 2017-03-30T12:42:03+08:00 ] ::1 /coalball/img/lol2.png
ERR: 无法加载模块:Img

[ 2017-03-30T12:42:03+08:00 ] ::1 /coalball/img/lol1.png
ERR: 无法加载模块:Img

[ 2017-03-30T12:42:05+08:00 ] ::1 /coalball/img/lol2.png
ERR: 无法加载模块:Img

[ 2017-03-30T12:42:05+08:00 ] ::1 /coalball/img/lol1.png
ERR: 无法加载模块:Img

[ 2017-03-30T12:42:06+08:00 ] ::1 /coalball/img/lol2.png
ERR: 无法加载模块:Img

[ 2017-03-30T12:42:06+08:00 ] ::1 /coalball/img/lol1.png
ERR: 无法加载模块:Img

[ 2017-03-30T12:59:04+08:00 ] ::1 /coalball/img/%E8%B5%84%E6%BA%90%201.png
ERR: 无法加载模块:Img

[ 2017-03-30T12:59:04+08:00 ] ::1 /coalball/img/%E8%B5%84%E6%BA%90%201.png
ERR: 无法加载模块:Img

[ 2017-03-30T12:59:05+08:00 ] ::1 /coalball/img/lol1.png
ERR: 无法加载模块:Img

[ 2017-03-30T12:59:05+08:00 ] ::1 /coalball/img/lol2.png
ERR: 无法加载模块:Img

[ 2017-03-30T12:59:06+08:00 ] ::1 /coalball/img/lol2.png
ERR: 无法加载模块:Img

[ 2017-03-30T12:59:06+08:00 ] ::1 /coalball/img/lol1.png
ERR: 无法加载模块:Img

[ 2017-03-30T12:59:07+08:00 ] ::1 /coalball/img/lol2.png
ERR: 无法加载模块:Img

[ 2017-03-30T12:59:07+08:00 ] ::1 /coalball/img/lol1.png
ERR: 无法加载模块:Img

[ 2017-03-30T12:59:07+08:00 ] ::1 /coalball/img/lol2.png
ERR: 无法加载模块:Img

[ 2017-03-30T12:59:07+08:00 ] ::1 /coalball/img/lol1.png
ERR: 无法加载模块:Img

[ 2017-03-30T12:59:07+08:00 ] ::1 /coalball/img/lol2.png
ERR: 无法加载模块:Img

[ 2017-03-30T12:59:07+08:00 ] ::1 /coalball/img/lol1.png
ERR: 无法加载模块:Img

[ 2017-03-30T12:59:08+08:00 ] ::1 /coalball/img/lol2.png
ERR: 无法加载模块:Img

[ 2017-03-30T12:59:08+08:00 ] ::1 /coalball/img/lol1.png
ERR: 无法加载模块:Img

[ 2017-03-30T12:59:08+08:00 ] ::1 /coalball/img/lol2.png
ERR: 无法加载模块:Img

[ 2017-03-30T12:59:08+08:00 ] ::1 /coalball/img/lol1.png
ERR: 无法加载模块:Img

[ 2017-03-30T12:59:09+08:00 ] ::1 /coalball/img/lol2.png
ERR: 无法加载模块:Img

[ 2017-03-30T12:59:09+08:00 ] ::1 /coalball/img/lol1.png
ERR: 无法加载模块:Img

[ 2017-03-30T12:59:09+08:00 ] ::1 /coalball/img/lol2.png
ERR: 无法加载模块:Img

[ 2017-03-30T12:59:09+08:00 ] ::1 /coalball/img/lol1.png
ERR: 无法加载模块:Img

[ 2017-03-30T12:59:09+08:00 ] ::1 /coalball/img/lol2.png
ERR: 无法加载模块:Img

[ 2017-03-30T12:59:09+08:00 ] ::1 /coalball/img/lol1.png
ERR: 无法加载模块:Img

[ 2017-03-30T12:59:10+08:00 ] ::1 /coalball/img/lol2.png
ERR: 无法加载模块:Img

[ 2017-03-30T12:59:10+08:00 ] ::1 /coalball/img/lol1.png
ERR: 无法加载模块:Img

[ 2017-03-30T12:59:10+08:00 ] ::1 /coalball/img/%E8%B5%84%E6%BA%90%201.png
ERR: 无法加载模块:Img

[ 2017-03-30T12:59:10+08:00 ] ::1 /coalball/img/%E8%B5%84%E6%BA%90%201.png
ERR: 无法加载模块:Img

[ 2017-03-30T12:59:11+08:00 ] ::1 /coalball/img/lol1.png
ERR: 无法加载模块:Img

[ 2017-03-30T12:59:11+08:00 ] ::1 /coalball/img/lol2.png
ERR: 无法加载模块:Img

[ 2017-03-30T12:59:11+08:00 ] ::1 /coalball/img/lol2.png
ERR: 无法加载模块:Img

[ 2017-03-30T12:59:11+08:00 ] ::1 /coalball/img/lol1.png
ERR: 无法加载模块:Img

[ 2017-03-30T12:59:11+08:00 ] ::1 /coalball/img/lol2.png
ERR: 无法加载模块:Img

[ 2017-03-30T12:59:12+08:00 ] ::1 /coalball/img/lol1.png
ERR: 无法加载模块:Img

[ 2017-03-30T12:59:12+08:00 ] ::1 /coalball/img/lol2.png
ERR: 无法加载模块:Img

[ 2017-03-30T12:59:12+08:00 ] ::1 /coalball/img/lol1.png
ERR: 无法加载模块:Img

[ 2017-03-30T12:59:12+08:00 ] ::1 /coalball/img/lol2.png
ERR: 无法加载模块:Img

[ 2017-03-30T12:59:13+08:00 ] ::1 /coalball/img/lol1.png
ERR: 无法加载模块:Img

[ 2017-03-30T12:59:13+08:00 ] ::1 /coalball/img/lol2.png
ERR: 无法加载模块:Img

[ 2017-03-30T12:59:13+08:00 ] ::1 /coalball/img/lol1.png
ERR: 无法加载模块:Img

[ 2017-03-30T12:59:14+08:00 ] ::1 /coalball/img/lol2.png
ERR: 无法加载模块:Img

[ 2017-03-30T12:59:14+08:00 ] ::1 /coalball/img/lol1.png
ERR: 无法加载模块:Img

[ 2017-03-30T12:59:14+08:00 ] ::1 /coalball/img/lol1.png
ERR: 无法加载模块:Img

[ 2017-03-30T12:59:14+08:00 ] ::1 /coalball/img/lol2.png
ERR: 无法加载模块:Img

[ 2017-03-30T12:59:14+08:00 ] ::1 /coalball/img/lol2.png
ERR: 无法加载模块:Img

[ 2017-03-30T12:59:14+08:00 ] ::1 /coalball/img/lol1.png
ERR: 无法加载模块:Img

[ 2017-03-30T12:59:15+08:00 ] ::1 /coalball/img/lol2.png
ERR: 无法加载模块:Img

[ 2017-03-30T12:59:15+08:00 ] ::1 /coalball/img/lol1.png
ERR: 无法加载模块:Img

[ 2017-03-30T12:59:16+08:00 ] ::1 /coalball/img/lol2.png
ERR: 无法加载模块:Img

[ 2017-03-30T12:59:16+08:00 ] ::1 /coalball/img/lol2.png
ERR: 无法加载模块:Img

[ 2017-03-30T12:59:16+08:00 ] ::1 /coalball/img/lol1.png
ERR: 无法加载模块:Img

[ 2017-03-30T12:59:16+08:00 ] ::1 /coalball/img/lol2.png
ERR: 无法加载模块:Img

[ 2017-03-30T12:59:16+08:00 ] ::1 /coalball/img/lol1.png
ERR: 无法加载模块:Img

[ 2017-03-30T12:59:17+08:00 ] ::1 /coalball/img/lol1.png
ERR: 无法加载模块:Img

[ 2017-03-30T12:59:17+08:00 ] ::1 /coalball/img/lol2.png
ERR: 无法加载模块:Img

[ 2017-03-30T12:59:17+08:00 ] ::1 /coalball/img/lol2.png
ERR: 无法加载模块:Img

[ 2017-03-30T12:59:17+08:00 ] ::1 /coalball/img/lol1.png
ERR: 无法加载模块:Img

[ 2017-03-30T12:59:18+08:00 ] ::1 /coalball/img/lol2.png
ERR: 无法加载模块:Img

[ 2017-03-30T12:59:18+08:00 ] ::1 /coalball/img/lol1.png
ERR: 无法加载模块:Img

[ 2017-03-30T12:59:18+08:00 ] ::1 /coalball/img/lol2.png
ERR: 无法加载模块:Img

[ 2017-03-30T12:59:18+08:00 ] ::1 /coalball/img/lol1.png
ERR: 无法加载模块:Img

[ 2017-03-30T12:59:18+08:00 ] ::1 /coalball/img/lol2.png
ERR: 无法加载模块:Img

[ 2017-03-30T12:59:18+08:00 ] ::1 /coalball/img/lol1.png
ERR: 无法加载模块:Img

[ 2017-03-30T12:59:32+08:00 ] ::1 /coalball/img/%E8%B5%84%E6%BA%90%201.png
ERR: 无法加载模块:Img

[ 2017-03-30T12:59:34+08:00 ] ::1 /coalball/img/%E8%B5%84%E6%BA%90%201.png
ERR: 无法加载模块:Img

[ 2017-03-30T12:59:34+08:00 ] ::1 /coalball/img/lol1.png
ERR: 无法加载模块:Img

[ 2017-03-30T12:59:34+08:00 ] ::1 /coalball/img/lol2.png
ERR: 无法加载模块:Img

[ 2017-03-30T12:59:35+08:00 ] ::1 /coalball/img/lol1.png
ERR: 无法加载模块:Img

[ 2017-03-30T12:59:35+08:00 ] ::1 /coalball/img/lol2.png
ERR: 无法加载模块:Img

[ 2017-03-30T12:59:36+08:00 ] ::1 /coalball/img/lol1.png
ERR: 无法加载模块:Img

[ 2017-03-30T12:59:36+08:00 ] ::1 /coalball/img/lol2.png
ERR: 无法加载模块:Img

[ 2017-03-30T12:59:36+08:00 ] ::1 /coalball/img/lol1.png
ERR: 无法加载模块:Img

[ 2017-03-30T12:59:36+08:00 ] ::1 /coalball/img/lol2.png
ERR: 无法加载模块:Img

[ 2017-03-30T12:59:37+08:00 ] ::1 /coalball/img/lol1.png
ERR: 无法加载模块:Img

[ 2017-03-30T12:59:37+08:00 ] ::1 /coalball/img/lol2.png
ERR: 无法加载模块:Img

[ 2017-03-30T12:59:37+08:00 ] ::1 /coalball/img/lol1.png
ERR: 无法加载模块:Img

[ 2017-03-30T12:59:37+08:00 ] ::1 /coalball/img/lol2.png
ERR: 无法加载模块:Img

[ 2017-03-30T12:59:38+08:00 ] ::1 /coalball/img/lol1.png
ERR: 无法加载模块:Img

[ 2017-03-30T12:59:38+08:00 ] ::1 /coalball/img/lol2.png
ERR: 无法加载模块:Img

[ 2017-03-30T12:59:38+08:00 ] ::1 /coalball/img/lol1.png
ERR: 无法加载模块:Img

[ 2017-03-30T12:59:38+08:00 ] ::1 /coalball/img/lol2.png
ERR: 无法加载模块:Img

[ 2017-03-30T12:59:39+08:00 ] ::1 /coalball/img/lol2.png
ERR: 无法加载模块:Img

[ 2017-03-30T12:59:39+08:00 ] ::1 /coalball/img/lol1.png
ERR: 无法加载模块:Img

[ 2017-03-30T12:59:39+08:00 ] ::1 /coalball/img/lol1.png
ERR: 无法加载模块:Img

[ 2017-03-30T12:59:39+08:00 ] ::1 /coalball/img/lol2.png
ERR: 无法加载模块:Img

[ 2017-03-30T12:59:39+08:00 ] ::1 /coalball/img/lol2.png
ERR: 无法加载模块:Img

[ 2017-03-30T12:59:39+08:00 ] ::1 /coalball/img/lol1.png
ERR: 无法加载模块:Img

[ 2017-03-30T12:59:40+08:00 ] ::1 /coalball/img/lol2.png
ERR: 无法加载模块:Img

[ 2017-03-30T12:59:40+08:00 ] ::1 /coalball/img/lol1.png
ERR: 无法加载模块:Img

[ 2017-03-30T12:59:40+08:00 ] ::1 /coalball/img/lol2.png
ERR: 无法加载模块:Img

[ 2017-03-30T12:59:40+08:00 ] ::1 /coalball/img/lol1.png
ERR: 无法加载模块:Img

[ 2017-03-30T12:59:40+08:00 ] ::1 /coalball/img/lol1.png
ERR: 无法加载模块:Img

[ 2017-03-30T12:59:40+08:00 ] ::1 /coalball/img/lol2.png
ERR: 无法加载模块:Img

[ 2017-03-30T12:59:41+08:00 ] ::1 /coalball/img/lol1.png
ERR: 无法加载模块:Img

[ 2017-03-30T12:59:41+08:00 ] ::1 /coalball/img/lol2.png
ERR: 无法加载模块:Img

[ 2017-03-30T12:59:41+08:00 ] ::1 /coalball/img/lol2.png
ERR: 无法加载模块:Img

[ 2017-03-30T12:59:41+08:00 ] ::1 /coalball/img/lol1.png
ERR: 无法加载模块:Img

[ 2017-03-30T12:59:41+08:00 ] ::1 /coalball/img/lol1.png
ERR: 无法加载模块:Img

[ 2017-03-30T12:59:41+08:00 ] ::1 /coalball/img/lol2.png
ERR: 无法加载模块:Img

[ 2017-03-30T12:59:42+08:00 ] ::1 /coalball/img/lol2.png
ERR: 无法加载模块:Img

[ 2017-03-30T12:59:42+08:00 ] ::1 /coalball/img/lol1.png
ERR: 无法加载模块:Img

[ 2017-03-30T12:59:42+08:00 ] ::1 /coalball/img/lol1.png
ERR: 无法加载模块:Img

[ 2017-03-30T12:59:42+08:00 ] ::1 /coalball/img/lol2.png
ERR: 无法加载模块:Img

[ 2017-03-30T12:59:43+08:00 ] ::1 /coalball/img/lol2.png
ERR: 无法加载模块:Img

[ 2017-03-30T12:59:43+08:00 ] ::1 /coalball/img/lol1.png
ERR: 无法加载模块:Img

[ 2017-03-30T12:59:43+08:00 ] ::1 /coalball/img/lol1.png
ERR: 无法加载模块:Img

[ 2017-03-30T12:59:43+08:00 ] ::1 /coalball/img/lol2.png
ERR: 无法加载模块:Img

[ 2017-03-30T12:59:43+08:00 ] ::1 /coalball/img/lol2.png
ERR: 无法加载模块:Img

[ 2017-03-30T12:59:43+08:00 ] ::1 /coalball/img/lol1.png
ERR: 无法加载模块:Img

[ 2017-03-30T12:59:44+08:00 ] ::1 /coalball/img/lol2.png
ERR: 无法加载模块:Img

[ 2017-03-30T12:59:44+08:00 ] ::1 /coalball/img/lol1.png
ERR: 无法加载模块:Img

[ 2017-03-30T12:59:45+08:00 ] ::1 /coalball/img/lol2.png
ERR: 无法加载模块:Img

[ 2017-03-30T12:59:45+08:00 ] ::1 /coalball/img/lol1.png
ERR: 无法加载模块:Img

[ 2017-03-30T12:59:45+08:00 ] ::1 /coalball/img/lol1.png
ERR: 无法加载模块:Img

[ 2017-03-30T12:59:45+08:00 ] ::1 /coalball/img/lol2.png
ERR: 无法加载模块:Img

[ 2017-03-30T13:00:01+08:00 ] ::1 /coalball/img/%E8%B5%84%E6%BA%90%201.png
ERR: 无法加载模块:Img

[ 2017-03-30T13:00:02+08:00 ] ::1 /coalball/img/%E8%B5%84%E6%BA%90%201.png
ERR: 无法加载模块:Img

[ 2017-03-30T13:00:12+08:00 ] ::1 /coalball/img/%E8%B5%84%E6%BA%90%201.png
ERR: 无法加载模块:Img

[ 2017-03-30T13:00:23+08:00 ] ::1 /coalball/img/%E8%B5%84%E6%BA%90%201.png
ERR: 无法加载模块:Img

[ 2017-03-30T13:03:49+08:00 ] ::1 /coalball/img/%E8%B5%84%E6%BA%90%201.png
ERR: 无法加载模块:Img

[ 2017-03-30T13:03:49+08:00 ] ::1 /coalball/img/%E8%B5%84%E6%BA%90%201.png
ERR: 无法加载模块:Img

[ 2017-03-30T13:03:50+08:00 ] ::1 /coalball/img/lol1.png
ERR: 无法加载模块:Img

[ 2017-03-30T13:03:50+08:00 ] ::1 /coalball/img/lol2.png
ERR: 无法加载模块:Img

[ 2017-03-30T13:03:51+08:00 ] ::1 /coalball/img/lol2.png
ERR: 无法加载模块:Img

[ 2017-03-30T13:03:51+08:00 ] ::1 /coalball/img/lol1.png
ERR: 无法加载模块:Img

[ 2017-03-30T13:03:52+08:00 ] ::1 /coalball/img/lol2.png
ERR: 无法加载模块:Img

[ 2017-03-30T13:03:52+08:00 ] ::1 /coalball/img/lol1.png
ERR: 无法加载模块:Img

[ 2017-03-30T13:03:52+08:00 ] ::1 /coalball/img/lol2.png
ERR: 无法加载模块:Img

[ 2017-03-30T13:03:52+08:00 ] ::1 /coalball/img/lol1.png
ERR: 无法加载模块:Img

[ 2017-03-30T13:03:53+08:00 ] ::1 /coalball/img/lol2.png
ERR: 无法加载模块:Img

[ 2017-03-30T13:03:53+08:00 ] ::1 /coalball/img/lol1.png
ERR: 无法加载模块:Img

[ 2017-03-30T13:03:53+08:00 ] ::1 /coalball/img/lol2.png
ERR: 无法加载模块:Img

[ 2017-03-30T13:03:53+08:00 ] ::1 /coalball/img/lol1.png
ERR: 无法加载模块:Img

[ 2017-03-30T13:03:55+08:00 ] ::1 /coalball/img/lol2.png
ERR: 无法加载模块:Img

[ 2017-03-30T13:03:55+08:00 ] ::1 /coalball/img/lol1.png
ERR: 无法加载模块:Img

[ 2017-03-30T13:03:55+08:00 ] ::1 /coalball/img/lol2.png
ERR: 无法加载模块:Img

[ 2017-03-30T13:03:55+08:00 ] ::1 /coalball/img/lol1.png
ERR: 无法加载模块:Img

[ 2017-03-30T13:03:56+08:00 ] ::1 /coalball/img/lol2.png
ERR: 无法加载模块:Img

[ 2017-03-30T13:03:56+08:00 ] ::1 /coalball/img/lol1.png
ERR: 无法加载模块:Img

[ 2017-03-30T13:03:56+08:00 ] ::1 /coalball/img/lol2.png
ERR: 无法加载模块:Img

[ 2017-03-30T13:03:56+08:00 ] ::1 /coalball/img/lol1.png
ERR: 无法加载模块:Img

[ 2017-03-30T13:03:57+08:00 ] ::1 /coalball/img/lol2.png
ERR: 无法加载模块:Img

[ 2017-03-30T13:03:57+08:00 ] ::1 /coalball/img/lol1.png
ERR: 无法加载模块:Img

[ 2017-03-30T13:03:57+08:00 ] ::1 /coalball/img/lol2.png
ERR: 无法加载模块:Img

[ 2017-03-30T13:03:57+08:00 ] ::1 /coalball/img/lol1.png
ERR: 无法加载模块:Img

[ 2017-03-30T13:03:57+08:00 ] ::1 /coalball/img/lol2.png
ERR: 无法加载模块:Img

[ 2017-03-30T13:03:57+08:00 ] ::1 /coalball/img/lol1.png
ERR: 无法加载模块:Img

[ 2017-03-30T13:03:58+08:00 ] ::1 /coalball/img/lol2.png
ERR: 无法加载模块:Img

[ 2017-03-30T13:03:58+08:00 ] ::1 /coalball/img/lol1.png
ERR: 无法加载模块:Img

[ 2017-03-30T13:03:58+08:00 ] ::1 /coalball/img/lol2.png
ERR: 无法加载模块:Img

[ 2017-03-30T13:03:58+08:00 ] ::1 /coalball/img/lol1.png
ERR: 无法加载模块:Img

[ 2017-03-30T13:03:59+08:00 ] ::1 /coalball/img/lol2.png
ERR: 无法加载模块:Img

[ 2017-03-30T13:03:59+08:00 ] ::1 /coalball/img/lol1.png
ERR: 无法加载模块:Img

[ 2017-03-30T13:03:59+08:00 ] ::1 /coalball/img/lol2.png
ERR: 无法加载模块:Img

[ 2017-03-30T13:03:59+08:00 ] ::1 /coalball/img/lol1.png
ERR: 无法加载模块:Img

[ 2017-03-30T13:03:59+08:00 ] ::1 /coalball/img/lol2.png
ERR: 无法加载模块:Img

[ 2017-03-30T13:03:59+08:00 ] ::1 /coalball/img/lol1.png
ERR: 无法加载模块:Img

[ 2017-03-30T13:04:00+08:00 ] ::1 /coalball/img/lol2.png
ERR: 无法加载模块:Img

[ 2017-03-30T13:04:00+08:00 ] ::1 /coalball/img/lol1.png
ERR: 无法加载模块:Img

[ 2017-03-30T13:30:47+08:00 ] ::1 /coalball/img/lol1.png
ERR: 无法加载模块:Img

[ 2017-03-30T13:30:47+08:00 ] ::1 /coalball/img/lol2.png
ERR: 无法加载模块:Img

[ 2017-03-30T13:30:47+08:00 ] ::1 /coalball/img/lol2.png
ERR: 无法加载模块:Img

[ 2017-03-30T13:30:47+08:00 ] ::1 /coalball/img/lol1.png
ERR: 无法加载模块:Img

[ 2017-03-30T13:30:48+08:00 ] ::1 /coalball/img/lol2.png
ERR: 无法加载模块:Img

[ 2017-03-30T13:30:48+08:00 ] ::1 /coalball/img/lol1.png
ERR: 无法加载模块:Img

[ 2017-03-30T13:30:48+08:00 ] ::1 /coalball/img/lol2.png
ERR: 无法加载模块:Img

[ 2017-03-30T13:30:48+08:00 ] ::1 /coalball/img/lol1.png
ERR: 无法加载模块:Img

[ 2017-03-30T13:35:08+08:00 ] ::1 /coalball/img/%E8%B5%84%E6%BA%90%201.png
ERR: 无法加载模块:Img

[ 2017-03-30T13:35:08+08:00 ] ::1 /coalball/img/%E8%B5%84%E6%BA%90%201.png
ERR: 无法加载模块:Img

[ 2017-03-30T13:38:31+08:00 ] ::1 /coalball/img/%E8%B5%84%E6%BA%90%201.png
ERR: 无法加载模块:Img

[ 2017-03-30T13:38:31+08:00 ] ::1 /coalball/Application/Home/Common/css/img/%C3%A8%C2%B5%E2%80%9E%C3%A6%C2%BA%C2%908.png
ERR: 无法加载模块:Application

[ 2017-03-30T13:38:31+08:00 ] ::1 /coalball/Application/Home/Common/css/img/%C3%A8%C2%B5%E2%80%9E%C3%A6%C2%BA%C2%907.png
ERR: 无法加载模块:Application

[ 2017-03-30T13:38:31+08:00 ] ::1 /coalball/Application/Home/Common/css/img/%C3%A6%E2%80%9D%C2%BE%C3%A5%C2%A4%C2%A7%C3%A9%E2%80%A2%C5%93.png
ERR: 无法加载模块:Application

[ 2017-03-30T13:39:22+08:00 ] ::1 /coalball/img/%E8%B5%84%E6%BA%90%201.png
ERR: 无法加载模块:Img

[ 2017-03-30T13:39:22+08:00 ] ::1 /coalball/img/%E8%B5%84%E6%BA%90%201.png
ERR: 无法加载模块:Img

[ 2017-03-30T13:40:57+08:00 ] ::1 /coalball/img/%E8%B5%84%E6%BA%90%201.png
ERR: 无法加载模块:Img

[ 2017-03-30T13:40:57+08:00 ] ::1 /coalball/img/%E8%B5%84%E6%BA%90%201.png
ERR: 无法加载模块:Img

[ 2017-03-30T16:13:32+08:00 ] ::1 /coalball/img/%E8%B5%84%E6%BA%90%201.png
ERR: 无法加载模块:Img

[ 2017-03-30T16:37:43+08:00 ] ::1 /coalball/img/%E8%B5%84%E6%BA%90%201.png
ERR: 无法加载模块:Img

[ 2017-03-30T16:37:43+08:00 ] ::1 /coalball/img/%E8%B5%84%E6%BA%90%201.png
ERR: 无法加载模块:Img

[ 2017-03-30T22:29:15+08:00 ] ::1 /coalball/Application/Home/Common/css/img/%C3%A6%E2%80%9D%C2%BE%C3%A5%C2%A4%C2%A7%C3%A9%E2%80%A2%C5%93.png
ERR: 无法加载模块:Application

[ 2017-03-30T22:29:15+08:00 ] ::1 /coalball/Application/Home/Common/css/img/%C3%A8%C2%B5%E2%80%9E%C3%A6%C2%BA%C2%907.png
ERR: 无法加载模块:Application

[ 2017-03-30T22:29:15+08:00 ] ::1 /coalball/Application/Home/Common/css/img/%C3%A8%C2%B5%E2%80%9E%C3%A6%C2%BA%C2%908.png
ERR: 无法加载模块:Application

[ 2017-03-30T23:38:48+08:00 ] ::1 /coalball/Application/Home/Common/css/img/%C3%A6%E2%80%9D%C2%BE%C3%A5%C2%A4%C2%A7%C3%A9%E2%80%A2%C5%93.png
ERR: 无法加载模块:Application

[ 2017-03-30T23:38:48+08:00 ] ::1 /coalball/Application/Home/Common/css/img/%C3%A8%C2%B5%E2%80%9E%C3%A6%C2%BA%C2%907.png
ERR: 无法加载模块:Application

[ 2017-03-30T23:38:48+08:00 ] ::1 /coalball/Application/Home/Common/css/img/%C3%A8%C2%B5%E2%80%9E%C3%A6%C2%BA%C2%908.png
ERR: 无法加载模块:Application

