[ 2017-04-01T09:28:06+08:00 ] ::1 /coalball/img/%E8%B5%84%E6%BA%90%201.png
ERR: 无法加载模块:Img

[ 2017-04-01T09:28:06+08:00 ] ::1 /coalball/img/%E8%B5%84%E6%BA%90%201.png
ERR: 无法加载模块:Img

[ 2017-04-01T09:31:18+08:00 ] ::1 /coalball/img/%E8%B5%84%E6%BA%90%201.png
ERR: 无法加载模块:Img

[ 2017-04-01T09:31:19+08:00 ] ::1 /coalball/img/%E8%B5%84%E6%BA%90%201.png
ERR: 无法加载模块:Img

[ 2017-04-01T09:31:19+08:00 ] ::1 /coalball/__URL__/test
ERR: 无法加载模块:__URL__

[ 2017-04-01T09:33:02+08:00 ] ::1 /coalball/img/%E8%B5%84%E6%BA%90%201.png
ERR: 无法加载模块:Img

[ 2017-04-01T09:33:02+08:00 ] ::1 /coalball/img/%E8%B5%84%E6%BA%90%201.png
ERR: 无法加载模块:Img

[ 2017-04-01T09:33:02+08:00 ] ::1 /coalball/__URL__/test
ERR: 无法加载模块:__URL__

[ 2017-04-01T09:33:46+08:00 ] ::1 /coalball/img/%E8%B5%84%E6%BA%90%201.png
ERR: 无法加载模块:Img

[ 2017-04-01T09:33:46+08:00 ] ::1 /coalball/img/%E8%B5%84%E6%BA%90%201.png
ERR: 无法加载模块:Img

[ 2017-04-01T09:33:46+08:00 ] ::1 /coalball/__URL__/test
ERR: 无法加载模块:__URL__

[ 2017-04-01T09:34:15+08:00 ] ::1 /coalball/img/%E8%B5%84%E6%BA%90%201.png
ERR: 无法加载模块:Img

[ 2017-04-01T09:34:15+08:00 ] ::1 /coalball/img/%E8%B5%84%E6%BA%90%201.png
ERR: 无法加载模块:Img

[ 2017-04-01T09:34:15+08:00 ] ::1 /coalball/__URL__/test
ERR: 无法加载模块:__URL__

[ 2017-04-01T09:36:48+08:00 ] ::1 /coalball/img/%E8%B5%84%E6%BA%90%201.png
ERR: 无法加载模块:Img

[ 2017-04-01T09:36:48+08:00 ] ::1 /coalball/img/%E8%B5%84%E6%BA%90%201.png
ERR: 无法加载模块:Img

[ 2017-04-01T09:36:49+08:00 ] ::1 /coalball/__URL__/test
ERR: 无法加载模块:__URL__

[ 2017-04-01T09:37:55+08:00 ] ::1 /coalball/img/%E8%B5%84%E6%BA%90%201.png
ERR: 无法加载模块:Img

[ 2017-04-01T09:37:55+08:00 ] ::1 /coalball/img/%E8%B5%84%E6%BA%90%201.png
ERR: 无法加载模块:Img

[ 2017-04-01T09:37:55+08:00 ] ::1 /coalball/__URL__/test
ERR: 无法加载模块:__URL__

[ 2017-04-01T09:40:58+08:00 ] ::1 /coalball/img/%E8%B5%84%E6%BA%90%201.png
ERR: 无法加载模块:Img

[ 2017-04-01T09:40:58+08:00 ] ::1 /coalball/Application/Home/Common/css/img/%C3%A6%E2%80%9D%C2%BE%C3%A5%C2%A4%C2%A7%C3%A9%E2%80%A2%C5%93.png
ERR: 无法加载模块:Application

[ 2017-04-01T09:40:58+08:00 ] ::1 /coalball/Application/Home/Common/css/img/%C3%A8%C2%B5%E2%80%9E%C3%A6%C2%BA%C2%907.png
ERR: 无法加载模块:Application

[ 2017-04-01T09:40:58+08:00 ] ::1 /coalball/Application/Home/Common/css/img/%C3%A8%C2%B5%E2%80%9E%C3%A6%C2%BA%C2%908.png
ERR: 无法加载模块:Application

[ 2017-04-01T09:40:59+08:00 ] ::1 /coalball/__URL__/test
ERR: 无法加载模块:__URL__

[ 2017-04-01T09:44:02+08:00 ] ::1 /coalball/img/%E8%B5%84%E6%BA%90%201.png
ERR: 无法加载模块:Img

[ 2017-04-01T09:44:02+08:00 ] ::1 /coalball/img/%E8%B5%84%E6%BA%90%201.png
ERR: 无法加载模块:Img

[ 2017-04-01T09:44:02+08:00 ] ::1 /coalball/__URL__/test
ERR: 无法加载模块:__URL__

[ 2017-04-01T09:44:10+08:00 ] ::1 /coalball/img/%E8%B5%84%E6%BA%90%201.png
ERR: 无法加载模块:Img

[ 2017-04-01T09:44:10+08:00 ] ::1 /coalball/img/%E8%B5%84%E6%BA%90%201.png
ERR: 无法加载模块:Img

[ 2017-04-01T09:44:10+08:00 ] ::1 /coalball/__URL__/test
ERR: 无法加载模块:__URL__

[ 2017-04-01T09:44:23+08:00 ] ::1 /coalball/img/%E8%B5%84%E6%BA%90%201.png
ERR: 无法加载模块:Img

[ 2017-04-01T09:44:23+08:00 ] ::1 /coalball/img/%E8%B5%84%E6%BA%90%201.png
ERR: 无法加载模块:Img

[ 2017-04-01T09:44:23+08:00 ] ::1 /coalball/__URL__/test
ERR: 无法加载模块:__URL__

[ 2017-04-01T09:44:28+08:00 ] ::1 /coalball/img/%E8%B5%84%E6%BA%90%201.png
ERR: 无法加载模块:Img

[ 2017-04-01T09:44:28+08:00 ] ::1 /coalball/img/%E8%B5%84%E6%BA%90%201.png
ERR: 无法加载模块:Img

[ 2017-04-01T09:44:28+08:00 ] ::1 /coalball/__URL__/test
ERR: 无法加载模块:__URL__

[ 2017-04-01T09:44:41+08:00 ] ::1 /coalball/img/%E8%B5%84%E6%BA%90%201.png
ERR: 无法加载模块:Img

[ 2017-04-01T09:44:41+08:00 ] ::1 /coalball/img/%E8%B5%84%E6%BA%90%201.png
ERR: 无法加载模块:Img

[ 2017-04-01T09:44:42+08:00 ] ::1 /coalball/__URL__/test
ERR: 无法加载模块:__URL__

[ 2017-04-01T09:48:12+08:00 ] ::1 /coalball/img/%E8%B5%84%E6%BA%90%201.png
ERR: 无法加载模块:Img

[ 2017-04-01T09:48:12+08:00 ] ::1 /coalball/img/%E8%B5%84%E6%BA%90%201.png
ERR: 无法加载模块:Img

[ 2017-04-01T09:48:12+08:00 ] ::1 /coalball/__URL__/test
ERR: 无法加载模块:__URL__

[ 2017-04-01T09:48:27+08:00 ] ::1 /coalball/img/%E8%B5%84%E6%BA%90%201.png
ERR: 无法加载模块:Img

[ 2017-04-01T09:48:27+08:00 ] ::1 /coalball/img/%E8%B5%84%E6%BA%90%201.png
ERR: 无法加载模块:Img

[ 2017-04-01T09:48:27+08:00 ] ::1 /coalball/__URL__/test
ERR: 无法加载模块:__URL__

[ 2017-04-01T09:48:48+08:00 ] ::1 /coalball/img/%E8%B5%84%E6%BA%90%201.png
ERR: 无法加载模块:Img

[ 2017-04-01T09:48:48+08:00 ] ::1 /coalball/img/%E8%B5%84%E6%BA%90%201.png
ERR: 无法加载模块:Img

[ 2017-04-01T09:48:48+08:00 ] ::1 /coalball/__URL__/test
ERR: 无法加载模块:__URL__

[ 2017-04-01T09:48:59+08:00 ] ::1 /coalball/img/%E8%B5%84%E6%BA%90%201.png
ERR: 无法加载模块:Img

[ 2017-04-01T09:48:59+08:00 ] ::1 /coalball/img/%E8%B5%84%E6%BA%90%201.png
ERR: 无法加载模块:Img

[ 2017-04-01T09:48:59+08:00 ] ::1 /coalball/__URL__/test
ERR: 无法加载模块:__URL__

[ 2017-04-01T09:49:58+08:00 ] ::1 /coalball/img/%E8%B5%84%E6%BA%90%201.png
ERR: 无法加载模块:Img

[ 2017-04-01T09:49:58+08:00 ] ::1 /coalball/img/%E8%B5%84%E6%BA%90%201.png
ERR: 无法加载模块:Img

[ 2017-04-01T09:49:58+08:00 ] ::1 /coalball/__URL__/test
ERR: 无法加载模块:__URL__

[ 2017-04-01T09:54:31+08:00 ] ::1 /coalball/img/%E8%B5%84%E6%BA%90%201.png
ERR: 无法加载模块:Img

[ 2017-04-01T09:54:31+08:00 ] ::1 /coalball/img/%E8%B5%84%E6%BA%90%201.png
ERR: 无法加载模块:Img

[ 2017-04-01T09:54:31+08:00 ] ::1 /coalball/__URL__/test
ERR: 无法加载模块:__URL__

[ 2017-04-01T09:55:19+08:00 ] ::1 /coalball/img/%E8%B5%84%E6%BA%90%201.png
ERR: 无法加载模块:Img

[ 2017-04-01T09:55:19+08:00 ] ::1 /coalball/img/%E8%B5%84%E6%BA%90%201.png
ERR: 无法加载模块:Img

[ 2017-04-01T09:55:19+08:00 ] ::1 /coalball/__URL__/test
ERR: 无法加载模块:__URL__

[ 2017-04-01T09:56:56+08:00 ] ::1 /coalball/img/%E8%B5%84%E6%BA%90%201.png
ERR: 无法加载模块:Img

[ 2017-04-01T09:56:57+08:00 ] ::1 /coalball/index.ph
ERR: 无法加载模块:Index

[ 2017-04-01T09:56:57+08:00 ] ::1 /coalball/img/%E8%B5%84%E6%BA%90%201.png
ERR: 无法加载模块:Img

[ 2017-04-01T09:56:57+08:00 ] ::1 /coalball/__URL__/test
ERR: 无法加载模块:__URL__

[ 2017-04-01T10:05:19+08:00 ] ::1 /coalball/img/%E8%B5%84%E6%BA%90%201.png
ERR: 无法加载模块:Img

[ 2017-04-01T10:05:19+08:00 ] ::1 /coalball/Application/Home/Common/css/img/%C3%A6%E2%80%9D%C2%BE%C3%A5%C2%A4%C2%A7%C3%A9%E2%80%A2%C5%93.png
ERR: 无法加载模块:Application

[ 2017-04-01T10:05:19+08:00 ] ::1 /coalball/Application/Home/Common/css/img/%C3%A8%C2%B5%E2%80%9E%C3%A6%C2%BA%C2%908.png
ERR: 无法加载模块:Application

[ 2017-04-01T10:05:19+08:00 ] ::1 /coalball/Application/Home/Common/css/img/%C3%A8%C2%B5%E2%80%9E%C3%A6%C2%BA%C2%907.png
ERR: 无法加载模块:Application

[ 2017-04-01T10:05:19+08:00 ] ::1 /coalball/__URL__/test
ERR: 无法加载模块:__URL__

[ 2017-04-01T10:08:51+08:00 ] ::1 /coalball/img/%E8%B5%84%E6%BA%90%201.png
ERR: 无法加载模块:Img

[ 2017-04-01T10:08:51+08:00 ] ::1 /coalball/img/%E8%B5%84%E6%BA%90%201.png
ERR: 无法加载模块:Img

[ 2017-04-01T10:08:51+08:00 ] ::1 /coalball/__URL__/test
ERR: 无法加载模块:__URL__

[ 2017-04-01T10:08:53+08:00 ] ::1 /coalball/img/%E8%B5%84%E6%BA%90%201.png
ERR: 无法加载模块:Img

[ 2017-04-01T10:08:53+08:00 ] ::1 /coalball/img/%E8%B5%84%E6%BA%90%201.png
ERR: 无法加载模块:Img

[ 2017-04-01T10:08:53+08:00 ] ::1 /coalball/__URL__/test
ERR: 无法加载模块:__URL__

[ 2017-04-01T10:09:43+08:00 ] ::1 /coalball/img/%E8%B5%84%E6%BA%90%201.png
ERR: 无法加载模块:Img

[ 2017-04-01T10:09:43+08:00 ] ::1 /coalball/img/%E8%B5%84%E6%BA%90%201.png
ERR: 无法加载模块:Img

[ 2017-04-01T10:09:43+08:00 ] ::1 /coalball/__URL__/test
ERR: 无法加载模块:__URL__

[ 2017-04-01T10:10:21+08:00 ] ::1 /coalball/img/%E8%B5%84%E6%BA%90%201.png
ERR: 无法加载模块:Img

[ 2017-04-01T10:10:21+08:00 ] ::1 /coalball/img/%E8%B5%84%E6%BA%90%201.png
ERR: 无法加载模块:Img

[ 2017-04-01T10:10:21+08:00 ] ::1 /coalball/__URL__/test
ERR: 无法加载模块:__URL__

[ 2017-04-01T10:25:10+08:00 ] ::1 /coalball/img/%E8%B5%84%E6%BA%90%201.png
ERR: 无法加载模块:Img

[ 2017-04-01T10:25:10+08:00 ] ::1 /coalball/img/%E8%B5%84%E6%BA%90%201.png
ERR: 无法加载模块:Img

[ 2017-04-01T10:25:10+08:00 ] ::1 /coalball/__URL__/test
ERR: 无法加载模块:__URL__

[ 2017-04-01T10:25:44+08:00 ] ::1 /coalball/img/%E8%B5%84%E6%BA%90%201.png
ERR: 无法加载模块:Img

[ 2017-04-01T10:25:44+08:00 ] ::1 /coalball/img/%E8%B5%84%E6%BA%90%201.png
ERR: 无法加载模块:Img

[ 2017-04-01T10:25:44+08:00 ] ::1 /coalball/__URL__/test
ERR: 无法加载模块:__URL__

[ 2017-04-01T10:27:34+08:00 ] ::1 /coalball/img/%E8%B5%84%E6%BA%90%201.png
ERR: 无法加载模块:Img

[ 2017-04-01T10:27:34+08:00 ] ::1 /coalball/img/%E8%B5%84%E6%BA%90%201.png
ERR: 无法加载模块:Img

[ 2017-04-01T10:27:34+08:00 ] ::1 /coalball/__URL__/test
ERR: 无法加载模块:__URL__

[ 2017-04-01T10:27:36+08:00 ] ::1 /coalball/img/lol2.png
ERR: 无法加载模块:Img

[ 2017-04-01T10:27:36+08:00 ] ::1 /coalball/img/lol1.png
ERR: 无法加载模块:Img

[ 2017-04-01T10:27:37+08:00 ] ::1 /coalball/img/lol2.png
ERR: 无法加载模块:Img

[ 2017-04-01T10:27:37+08:00 ] ::1 /coalball/img/lol1.png
ERR: 无法加载模块:Img

[ 2017-04-01T10:27:37+08:00 ] ::1 /coalball/img/lol1.png
ERR: 无法加载模块:Img

[ 2017-04-01T10:27:37+08:00 ] ::1 /coalball/img/lol2.png
ERR: 无法加载模块:Img

[ 2017-04-01T10:27:37+08:00 ] ::1 /coalball/img/lol2.png
ERR: 无法加载模块:Img

[ 2017-04-01T10:27:37+08:00 ] ::1 /coalball/img/lol1.png
ERR: 无法加载模块:Img

[ 2017-04-01T10:27:37+08:00 ] ::1 /coalball/img/lol1.png
ERR: 无法加载模块:Img

[ 2017-04-01T10:27:37+08:00 ] ::1 /coalball/img/lol2.png
ERR: 无法加载模块:Img

[ 2017-04-01T10:27:40+08:00 ] ::1 /coalball/img/lol2.png
ERR: 无法加载模块:Img

[ 2017-04-01T10:27:40+08:00 ] ::1 /coalball/img/lol1.png
ERR: 无法加载模块:Img

[ 2017-04-01T10:27:40+08:00 ] ::1 /coalball/img/lol2.png
ERR: 无法加载模块:Img

[ 2017-04-01T10:27:40+08:00 ] ::1 /coalball/img/lol1.png
ERR: 无法加载模块:Img

[ 2017-04-01T10:27:40+08:00 ] ::1 /coalball/img/lol1.png
ERR: 无法加载模块:Img

[ 2017-04-01T10:27:40+08:00 ] ::1 /coalball/img/lol2.png
ERR: 无法加载模块:Img

[ 2017-04-01T10:27:40+08:00 ] ::1 /coalball/img/lol2.png
ERR: 无法加载模块:Img

[ 2017-04-01T10:27:40+08:00 ] ::1 /coalball/img/lol1.png
ERR: 无法加载模块:Img

[ 2017-04-01T10:27:40+08:00 ] ::1 /coalball/img/lol2.png
ERR: 无法加载模块:Img

[ 2017-04-01T10:27:40+08:00 ] ::1 /coalball/img/lol1.png
ERR: 无法加载模块:Img

[ 2017-04-01T10:27:40+08:00 ] ::1 /coalball/img/lol2.png
ERR: 无法加载模块:Img

[ 2017-04-01T10:27:40+08:00 ] ::1 /coalball/img/lol1.png
ERR: 无法加载模块:Img

[ 2017-04-01T10:27:41+08:00 ] ::1 /coalball/img/lol2.png
ERR: 无法加载模块:Img

[ 2017-04-01T10:27:41+08:00 ] ::1 /coalball/img/lol1.png
ERR: 无法加载模块:Img

[ 2017-04-01T10:27:41+08:00 ] ::1 /coalball/img/lol1.png
ERR: 无法加载模块:Img

[ 2017-04-01T10:27:41+08:00 ] ::1 /coalball/img/lol2.png
ERR: 无法加载模块:Img

[ 2017-04-01T10:27:41+08:00 ] ::1 /coalball/img/lol1.png
ERR: 无法加载模块:Img

[ 2017-04-01T10:27:41+08:00 ] ::1 /coalball/img/lol2.png
ERR: 无法加载模块:Img

[ 2017-04-01T10:27:41+08:00 ] ::1 /coalball/img/lol2.png
ERR: 无法加载模块:Img

[ 2017-04-01T10:27:41+08:00 ] ::1 /coalball/img/lol1.png
ERR: 无法加载模块:Img

[ 2017-04-01T10:27:41+08:00 ] ::1 /coalball/img/lol2.png
ERR: 无法加载模块:Img

[ 2017-04-01T10:27:41+08:00 ] ::1 /coalball/img/lol1.png
ERR: 无法加载模块:Img

[ 2017-04-01T10:27:41+08:00 ] ::1 /coalball/img/lol1.png
ERR: 无法加载模块:Img

[ 2017-04-01T10:27:41+08:00 ] ::1 /coalball/img/lol2.png
ERR: 无法加载模块:Img

[ 2017-04-01T10:27:41+08:00 ] ::1 /coalball/img/lol1.png
ERR: 无法加载模块:Img

[ 2017-04-01T10:27:41+08:00 ] ::1 /coalball/img/lol2.png
ERR: 无法加载模块:Img

[ 2017-04-01T10:27:41+08:00 ] ::1 /coalball/img/lol1.png
ERR: 无法加载模块:Img

[ 2017-04-01T10:27:41+08:00 ] ::1 /coalball/img/lol2.png
ERR: 无法加载模块:Img

[ 2017-04-01T10:27:41+08:00 ] ::1 /coalball/img/lol2.png
ERR: 无法加载模块:Img

[ 2017-04-01T10:27:41+08:00 ] ::1 /coalball/img/lol1.png
ERR: 无法加载模块:Img

[ 2017-04-01T10:27:42+08:00 ] ::1 /coalball/img/lol2.png
ERR: 无法加载模块:Img

[ 2017-04-01T10:27:42+08:00 ] ::1 /coalball/img/lol1.png
ERR: 无法加载模块:Img

[ 2017-04-01T10:27:42+08:00 ] ::1 /coalball/img/lol2.png
ERR: 无法加载模块:Img

[ 2017-04-01T10:27:42+08:00 ] ::1 /coalball/img/lol2.png
ERR: 无法加载模块:Img

[ 2017-04-01T10:27:42+08:00 ] ::1 /coalball/img/lol1.png
ERR: 无法加载模块:Img

[ 2017-04-01T10:27:42+08:00 ] ::1 /coalball/img/lol1.png
ERR: 无法加载模块:Img

[ 2017-04-01T10:27:42+08:00 ] ::1 /coalball/img/lol2.png
ERR: 无法加载模块:Img

[ 2017-04-01T10:27:42+08:00 ] ::1 /coalball/img/lol1.png
ERR: 无法加载模块:Img

[ 2017-04-01T10:27:42+08:00 ] ::1 /coalball/img/lol2.png
ERR: 无法加载模块:Img

[ 2017-04-01T10:27:42+08:00 ] ::1 /coalball/img/lol1.png
ERR: 无法加载模块:Img

[ 2017-04-01T10:27:42+08:00 ] ::1 /coalball/img/lol2.png
ERR: 无法加载模块:Img

[ 2017-04-01T10:27:42+08:00 ] ::1 /coalball/img/lol1.png
ERR: 无法加载模块:Img

[ 2017-04-01T10:27:42+08:00 ] ::1 /coalball/img/lol2.png
ERR: 无法加载模块:Img

[ 2017-04-01T10:27:43+08:00 ] ::1 /coalball/img/lol2.png
ERR: 无法加载模块:Img

[ 2017-04-01T10:27:43+08:00 ] ::1 /coalball/img/lol1.png
ERR: 无法加载模块:Img

[ 2017-04-01T10:27:43+08:00 ] ::1 /coalball/img/lol1.png
ERR: 无法加载模块:Img

[ 2017-04-01T10:27:43+08:00 ] ::1 /coalball/img/lol2.png
ERR: 无法加载模块:Img

[ 2017-04-01T10:27:43+08:00 ] ::1 /coalball/img/lol2.png
ERR: 无法加载模块:Img

[ 2017-04-01T10:27:43+08:00 ] ::1 /coalball/img/lol1.png
ERR: 无法加载模块:Img

[ 2017-04-01T10:27:43+08:00 ] ::1 /coalball/img/lol2.png
ERR: 无法加载模块:Img

[ 2017-04-01T10:27:43+08:00 ] ::1 /coalball/img/lol1.png
ERR: 无法加载模块:Img

[ 2017-04-01T10:27:43+08:00 ] ::1 /coalball/img/lol2.png
ERR: 无法加载模块:Img

[ 2017-04-01T10:27:43+08:00 ] ::1 /coalball/img/lol1.png
ERR: 无法加载模块:Img

[ 2017-04-01T10:27:43+08:00 ] ::1 /coalball/img/lol2.png
ERR: 无法加载模块:Img

[ 2017-04-01T10:27:43+08:00 ] ::1 /coalball/img/lol1.png
ERR: 无法加载模块:Img

[ 2017-04-01T10:27:43+08:00 ] ::1 /coalball/img/lol2.png
ERR: 无法加载模块:Img

[ 2017-04-01T10:27:43+08:00 ] ::1 /coalball/img/lol1.png
ERR: 无法加载模块:Img

[ 2017-04-01T10:27:43+08:00 ] ::1 /coalball/img/lol1.png
ERR: 无法加载模块:Img

[ 2017-04-01T10:27:43+08:00 ] ::1 /coalball/img/lol2.png
ERR: 无法加载模块:Img

[ 2017-04-01T10:27:43+08:00 ] ::1 /coalball/img/lol1.png
ERR: 无法加载模块:Img

[ 2017-04-01T10:27:43+08:00 ] ::1 /coalball/img/lol2.png
ERR: 无法加载模块:Img

[ 2017-04-01T10:27:43+08:00 ] ::1 /coalball/img/lol1.png
ERR: 无法加载模块:Img

[ 2017-04-01T10:27:44+08:00 ] ::1 /coalball/img/lol2.png
ERR: 无法加载模块:Img

[ 2017-04-01T10:27:44+08:00 ] ::1 /coalball/img/lol1.png
ERR: 无法加载模块:Img

[ 2017-04-01T10:27:44+08:00 ] ::1 /coalball/img/lol1.png
ERR: 无法加载模块:Img

[ 2017-04-01T10:27:44+08:00 ] ::1 /coalball/img/lol2.png
ERR: 无法加载模块:Img

[ 2017-04-01T10:27:44+08:00 ] ::1 /coalball/img/lol1.png
ERR: 无法加载模块:Img

[ 2017-04-01T10:27:44+08:00 ] ::1 /coalball/img/lol2.png
ERR: 无法加载模块:Img

[ 2017-04-01T10:27:44+08:00 ] ::1 /coalball/img/lol1.png
ERR: 无法加载模块:Img

[ 2017-04-01T10:27:44+08:00 ] ::1 /coalball/img/lol1.png
ERR: 无法加载模块:Img

[ 2017-04-01T10:27:44+08:00 ] ::1 /coalball/img/lol2.png
ERR: 无法加载模块:Img

[ 2017-04-01T10:27:44+08:00 ] ::1 /coalball/img/lol2.png
ERR: 无法加载模块:Img

[ 2017-04-01T10:27:44+08:00 ] ::1 /coalball/img/lol1.png
ERR: 无法加载模块:Img

[ 2017-04-01T10:27:45+08:00 ] ::1 /coalball/img/lol2.png
ERR: 无法加载模块:Img

[ 2017-04-01T10:27:45+08:00 ] ::1 /coalball/img/lol1.png
ERR: 无法加载模块:Img

[ 2017-04-01T10:27:45+08:00 ] ::1 /coalball/img/lol1.png
ERR: 无法加载模块:Img

[ 2017-04-01T10:27:45+08:00 ] ::1 /coalball/img/lol2.png
ERR: 无法加载模块:Img

[ 2017-04-01T10:27:45+08:00 ] ::1 /coalball/img/lol2.png
ERR: 无法加载模块:Img

[ 2017-04-01T10:27:45+08:00 ] ::1 /coalball/img/lol1.png
ERR: 无法加载模块:Img

[ 2017-04-01T10:27:45+08:00 ] ::1 /coalball/img/lol1.png
ERR: 无法加载模块:Img

[ 2017-04-01T10:27:45+08:00 ] ::1 /coalball/img/lol2.png
ERR: 无法加载模块:Img

[ 2017-04-01T10:27:46+08:00 ] ::1 /coalball/img/lol2.png
ERR: 无法加载模块:Img

[ 2017-04-01T10:27:46+08:00 ] ::1 /coalball/img/lol1.png
ERR: 无法加载模块:Img

[ 2017-04-01T10:27:46+08:00 ] ::1 /coalball/img/lol2.png
ERR: 无法加载模块:Img

[ 2017-04-01T10:27:46+08:00 ] ::1 /coalball/img/lol1.png
ERR: 无法加载模块:Img

[ 2017-04-01T10:27:46+08:00 ] ::1 /coalball/img/lol1.png
ERR: 无法加载模块:Img

[ 2017-04-01T10:27:46+08:00 ] ::1 /coalball/img/lol2.png
ERR: 无法加载模块:Img

[ 2017-04-01T10:27:46+08:00 ] ::1 /coalball/img/lol2.png
ERR: 无法加载模块:Img

[ 2017-04-01T10:27:46+08:00 ] ::1 /coalball/img/lol1.png
ERR: 无法加载模块:Img

[ 2017-04-01T10:27:46+08:00 ] ::1 /coalball/img/lol2.png
ERR: 无法加载模块:Img

[ 2017-04-01T10:27:47+08:00 ] ::1 /coalball/img/lol2.png
ERR: 无法加载模块:Img

[ 2017-04-01T10:27:47+08:00 ] ::1 /coalball/img/lol1.png
ERR: 无法加载模块:Img

[ 2017-04-01T10:27:47+08:00 ] ::1 /coalball/img/lol2.png
ERR: 无法加载模块:Img

[ 2017-04-01T10:27:47+08:00 ] ::1 /coalball/img/lol1.png
ERR: 无法加载模块:Img

[ 2017-04-01T10:27:59+08:00 ] ::1 /coalball/img/%E8%B5%84%E6%BA%90%201.png
ERR: 无法加载模块:Img

[ 2017-04-01T10:27:59+08:00 ] ::1 /coalball/img/%E8%B5%84%E6%BA%90%201.png
ERR: 无法加载模块:Img

[ 2017-04-01T10:27:59+08:00 ] ::1 /coalball/__URL__/test
ERR: 无法加载模块:__URL__

[ 2017-04-01T10:28:02+08:00 ] ::1 /coalball/img/lol1.png
ERR: 无法加载模块:Img

[ 2017-04-01T10:28:02+08:00 ] ::1 /coalball/img/lol2.png
ERR: 无法加载模块:Img

[ 2017-04-01T10:28:03+08:00 ] ::1 /coalball/img/lol1.png
ERR: 无法加载模块:Img

[ 2017-04-01T10:28:03+08:00 ] ::1 /coalball/img/lol2.png
ERR: 无法加载模块:Img

[ 2017-04-01T10:28:03+08:00 ] ::1 /coalball/img/lol2.png
ERR: 无法加载模块:Img

[ 2017-04-01T10:28:03+08:00 ] ::1 /coalball/img/lol1.png
ERR: 无法加载模块:Img

[ 2017-04-01T10:28:03+08:00 ] ::1 /coalball/img/lol2.png
ERR: 无法加载模块:Img

[ 2017-04-01T10:28:03+08:00 ] ::1 /coalball/img/lol1.png
ERR: 无法加载模块:Img

[ 2017-04-01T10:28:03+08:00 ] ::1 /coalball/img/lol2.png
ERR: 无法加载模块:Img

[ 2017-04-01T10:28:03+08:00 ] ::1 /coalball/img/lol1.png
ERR: 无法加载模块:Img

[ 2017-04-01T10:28:04+08:00 ] ::1 /coalball/img/lol2.png
ERR: 无法加载模块:Img

[ 2017-04-01T10:28:04+08:00 ] ::1 /coalball/img/lol1.png
ERR: 无法加载模块:Img

[ 2017-04-01T10:28:04+08:00 ] ::1 /coalball/img/lol2.png
ERR: 无法加载模块:Img

[ 2017-04-01T10:28:04+08:00 ] ::1 /coalball/img/lol1.png
ERR: 无法加载模块:Img

[ 2017-04-01T10:28:04+08:00 ] ::1 /coalball/img/lol1.png
ERR: 无法加载模块:Img

[ 2017-04-01T10:28:04+08:00 ] ::1 /coalball/img/lol2.png
ERR: 无法加载模块:Img

[ 2017-04-01T10:28:04+08:00 ] ::1 /coalball/img/lol2.png
ERR: 无法加载模块:Img

[ 2017-04-01T10:28:04+08:00 ] ::1 /coalball/img/lol1.png
ERR: 无法加载模块:Img

[ 2017-04-01T10:28:04+08:00 ] ::1 /coalball/img/lol2.png
ERR: 无法加载模块:Img

[ 2017-04-01T10:28:04+08:00 ] ::1 /coalball/img/lol1.png
ERR: 无法加载模块:Img

[ 2017-04-01T10:28:05+08:00 ] ::1 /coalball/img/lol2.png
ERR: 无法加载模块:Img

[ 2017-04-01T10:28:05+08:00 ] ::1 /coalball/img/lol1.png
ERR: 无法加载模块:Img

[ 2017-04-01T10:28:05+08:00 ] ::1 /coalball/img/lol2.png
ERR: 无法加载模块:Img

[ 2017-04-01T10:28:05+08:00 ] ::1 /coalball/img/lol1.png
ERR: 无法加载模块:Img

[ 2017-04-01T10:28:05+08:00 ] ::1 /coalball/img/lol1.png
ERR: 无法加载模块:Img

[ 2017-04-01T10:28:05+08:00 ] ::1 /coalball/img/lol2.png
ERR: 无法加载模块:Img

[ 2017-04-01T10:28:05+08:00 ] ::1 /coalball/img/lol2.png
ERR: 无法加载模块:Img

[ 2017-04-01T10:28:05+08:00 ] ::1 /coalball/img/lol1.png
ERR: 无法加载模块:Img

[ 2017-04-01T10:28:05+08:00 ] ::1 /coalball/img/lol1.png
ERR: 无法加载模块:Img

[ 2017-04-01T10:28:05+08:00 ] ::1 /coalball/img/lol2.png
ERR: 无法加载模块:Img

[ 2017-04-01T10:28:05+08:00 ] ::1 /coalball/img/lol2.png
ERR: 无法加载模块:Img

[ 2017-04-01T10:28:05+08:00 ] ::1 /coalball/img/lol1.png
ERR: 无法加载模块:Img

[ 2017-04-01T10:28:05+08:00 ] ::1 /coalball/img/lol1.png
ERR: 无法加载模块:Img

[ 2017-04-01T10:28:05+08:00 ] ::1 /coalball/img/lol2.png
ERR: 无法加载模块:Img

[ 2017-04-01T10:28:05+08:00 ] ::1 /coalball/img/lol2.png
ERR: 无法加载模块:Img

[ 2017-04-01T10:28:05+08:00 ] ::1 /coalball/img/lol1.png
ERR: 无法加载模块:Img

[ 2017-04-01T10:28:05+08:00 ] ::1 /coalball/img/lol2.png
ERR: 无法加载模块:Img

[ 2017-04-01T10:28:05+08:00 ] ::1 /coalball/img/lol1.png
ERR: 无法加载模块:Img

[ 2017-04-01T10:28:06+08:00 ] ::1 /coalball/img/lol2.png
ERR: 无法加载模块:Img

[ 2017-04-01T10:28:06+08:00 ] ::1 /coalball/img/lol1.png
ERR: 无法加载模块:Img

[ 2017-04-01T10:28:06+08:00 ] ::1 /coalball/img/lol2.png
ERR: 无法加载模块:Img

[ 2017-04-01T10:28:06+08:00 ] ::1 /coalball/img/lol1.png
ERR: 无法加载模块:Img

[ 2017-04-01T10:28:06+08:00 ] ::1 /coalball/img/lol2.png
ERR: 无法加载模块:Img

[ 2017-04-01T10:28:12+08:00 ] ::1 /coalball/img/lol1.png
ERR: 无法加载模块:Img

[ 2017-04-01T10:28:12+08:00 ] ::1 /coalball/img/lol2.png
ERR: 无法加载模块:Img

[ 2017-04-01T10:28:12+08:00 ] ::1 /coalball/img/lol1.png
ERR: 无法加载模块:Img

[ 2017-04-01T10:28:12+08:00 ] ::1 /coalball/img/lol2.png
ERR: 无法加载模块:Img

[ 2017-04-01T10:28:12+08:00 ] ::1 /coalball/img/lol2.png
ERR: 无法加载模块:Img

[ 2017-04-01T10:28:12+08:00 ] ::1 /coalball/img/lol1.png
ERR: 无法加载模块:Img

[ 2017-04-01T10:28:12+08:00 ] ::1 /coalball/img/lol1.png
ERR: 无法加载模块:Img

[ 2017-04-01T10:28:12+08:00 ] ::1 /coalball/img/lol2.png
ERR: 无法加载模块:Img

[ 2017-04-01T10:28:13+08:00 ] ::1 /coalball/img/lol1.png
ERR: 无法加载模块:Img

[ 2017-04-01T10:28:13+08:00 ] ::1 /coalball/img/lol2.png
ERR: 无法加载模块:Img

[ 2017-04-01T10:28:13+08:00 ] ::1 /coalball/img/lol2.png
ERR: 无法加载模块:Img

[ 2017-04-01T10:28:13+08:00 ] ::1 /coalball/img/lol1.png
ERR: 无法加载模块:Img

[ 2017-04-01T10:28:13+08:00 ] ::1 /coalball/img/lol2.png
ERR: 无法加载模块:Img

[ 2017-04-01T10:28:13+08:00 ] ::1 /coalball/img/lol1.png
ERR: 无法加载模块:Img

[ 2017-04-01T10:32:30+08:00 ] ::1 /coalball/img/%E8%B5%84%E6%BA%90%201.png
ERR: 无法加载模块:Img

[ 2017-04-01T10:32:30+08:00 ] ::1 /coalball/img/%E8%B5%84%E6%BA%90%201.png
ERR: 无法加载模块:Img

[ 2017-04-01T10:32:30+08:00 ] ::1 /coalball/__URL__/test
ERR: 无法加载模块:__URL__

[ 2017-04-01T10:32:32+08:00 ] ::1 /coalball/img/lol1.png
ERR: 无法加载模块:Img

[ 2017-04-01T10:32:32+08:00 ] ::1 /coalball/img/lol2.png
ERR: 无法加载模块:Img

[ 2017-04-01T10:32:32+08:00 ] ::1 /coalball/img/lol1.png
ERR: 无法加载模块:Img

[ 2017-04-01T10:32:32+08:00 ] ::1 /coalball/img/lol2.png
ERR: 无法加载模块:Img

[ 2017-04-01T10:32:33+08:00 ] ::1 /coalball/img/lol1.png
ERR: 无法加载模块:Img

[ 2017-04-01T10:32:33+08:00 ] ::1 /coalball/img/lol2.png
ERR: 无法加载模块:Img

[ 2017-04-01T10:32:33+08:00 ] ::1 /coalball/img/lol2.png
ERR: 无法加载模块:Img

[ 2017-04-01T10:32:33+08:00 ] ::1 /coalball/img/lol1.png
ERR: 无法加载模块:Img

[ 2017-04-01T10:33:27+08:00 ] ::1 /coalball/img/%E8%B5%84%E6%BA%90%201.png
ERR: 无法加载模块:Img

[ 2017-04-01T10:33:27+08:00 ] ::1 /coalball/img/%E8%B5%84%E6%BA%90%201.png
ERR: 无法加载模块:Img

[ 2017-04-01T10:33:27+08:00 ] ::1 /coalball/__URL__/test
ERR: 无法加载模块:__URL__

[ 2017-04-01T10:33:32+08:00 ] ::1 /coalball/img/lol1.png
ERR: 无法加载模块:Img

[ 2017-04-01T10:33:32+08:00 ] ::1 /coalball/img/lol2.png
ERR: 无法加载模块:Img

[ 2017-04-01T10:33:32+08:00 ] ::1 /coalball/img/lol1.png
ERR: 无法加载模块:Img

[ 2017-04-01T10:33:32+08:00 ] ::1 /coalball/img/lol2.png
ERR: 无法加载模块:Img

[ 2017-04-01T10:33:32+08:00 ] ::1 /coalball/img/lol1.png
ERR: 无法加载模块:Img

[ 2017-04-01T10:33:32+08:00 ] ::1 /coalball/img/lol1.png
ERR: 无法加载模块:Img

[ 2017-04-01T10:33:32+08:00 ] ::1 /coalball/img/lol2.png
ERR: 无法加载模块:Img

[ 2017-04-01T10:34:50+08:00 ] ::1 /coalball/img/%E8%B5%84%E6%BA%90%201.png
ERR: 无法加载模块:Img

[ 2017-04-01T10:34:50+08:00 ] ::1 /coalball/img/%E8%B5%84%E6%BA%90%201.png
ERR: 无法加载模块:Img

[ 2017-04-01T10:34:50+08:00 ] ::1 /coalball/__URL__/test
ERR: 无法加载模块:__URL__

[ 2017-04-01T10:34:52+08:00 ] ::1 /coalball/img/lol1.png
ERR: 无法加载模块:Img

[ 2017-04-01T10:34:52+08:00 ] ::1 /coalball/img/lol2.png
ERR: 无法加载模块:Img

[ 2017-04-01T10:34:52+08:00 ] ::1 /coalball/img/lol1.png
ERR: 无法加载模块:Img

[ 2017-04-01T10:34:52+08:00 ] ::1 /coalball/img/lol2.png
ERR: 无法加载模块:Img

[ 2017-04-01T10:34:52+08:00 ] ::1 /coalball/img/lol1.png
ERR: 无法加载模块:Img

[ 2017-04-01T10:34:52+08:00 ] ::1 /coalball/img/lol2.png
ERR: 无法加载模块:Img

[ 2017-04-01T10:34:53+08:00 ] ::1 /coalball/img/lol2.png
ERR: 无法加载模块:Img

[ 2017-04-01T10:34:55+08:00 ] ::1 /coalball/img/%E8%B5%84%E6%BA%90%201.png
ERR: 无法加载模块:Img

[ 2017-04-01T10:34:55+08:00 ] ::1 /coalball/img/%E8%B5%84%E6%BA%90%201.png
ERR: 无法加载模块:Img

[ 2017-04-01T10:34:55+08:00 ] ::1 /coalball/__URL__/test
ERR: 无法加载模块:__URL__

[ 2017-04-01T10:35:01+08:00 ] ::1 /coalball/img/%E8%B5%84%E6%BA%90%201.png
ERR: 无法加载模块:Img

[ 2017-04-01T10:35:01+08:00 ] ::1 /coalball/img/%E8%B5%84%E6%BA%90%201.png
ERR: 无法加载模块:Img

[ 2017-04-01T10:35:01+08:00 ] ::1 /coalball/__URL__/test
ERR: 无法加载模块:__URL__

[ 2017-04-01T10:35:42+08:00 ] ::1 /coalball/img/%E8%B5%84%E6%BA%90%201.png
ERR: 无法加载模块:Img

[ 2017-04-01T10:35:42+08:00 ] ::1 /coalball/img/%E8%B5%84%E6%BA%90%201.png
ERR: 无法加载模块:Img

[ 2017-04-01T10:35:42+08:00 ] ::1 /coalball/__URL__/test
ERR: 无法加载模块:__URL__

[ 2017-04-01T10:36:05+08:00 ] ::1 /coalball/img/%E8%B5%84%E6%BA%90%201.png
ERR: 无法加载模块:Img

[ 2017-04-01T10:36:05+08:00 ] ::1 /coalball/img/%E8%B5%84%E6%BA%90%201.png
ERR: 无法加载模块:Img

[ 2017-04-01T10:36:06+08:00 ] ::1 /coalball/__URL__/test
ERR: 无法加载模块:__URL__

[ 2017-04-01T10:36:08+08:00 ] ::1 /coalball/img/lol1.png
ERR: 无法加载模块:Img

[ 2017-04-01T10:36:08+08:00 ] ::1 /coalball/img/lol2.png
ERR: 无法加载模块:Img

[ 2017-04-01T10:36:08+08:00 ] ::1 /coalball/img/lol1.png
ERR: 无法加载模块:Img

[ 2017-04-01T10:36:08+08:00 ] ::1 /coalball/img/lol2.png
ERR: 无法加载模块:Img

[ 2017-04-01T10:36:08+08:00 ] ::1 /coalball/img/lol1.png
ERR: 无法加载模块:Img

[ 2017-04-01T10:36:48+08:00 ] ::1 /coalball/img/%E8%B5%84%E6%BA%90%201.png
ERR: 无法加载模块:Img

[ 2017-04-01T10:36:48+08:00 ] ::1 /coalball/img/%E8%B5%84%E6%BA%90%201.png
ERR: 无法加载模块:Img

[ 2017-04-01T10:37:24+08:00 ] ::1 /coalball/img/%E8%B5%84%E6%BA%90%201.png
ERR: 无法加载模块:Img

[ 2017-04-01T10:37:24+08:00 ] ::1 /coalball/img/%E8%B5%84%E6%BA%90%201.png
ERR: 无法加载模块:Img

[ 2017-04-01T10:38:26+08:00 ] ::1 /coalball/img/%E8%B5%84%E6%BA%90%201.png
ERR: 无法加载模块:Img

[ 2017-04-01T10:38:26+08:00 ] ::1 /coalball/img/%E8%B5%84%E6%BA%90%201.png
ERR: 无法加载模块:Img

[ 2017-04-01T10:42:09+08:00 ] ::1 /coalball/img/%E8%B5%84%E6%BA%90%201.png
ERR: 无法加载模块:Img

[ 2017-04-01T10:42:09+08:00 ] ::1 /coalball/img/%E8%B5%84%E6%BA%90%201.png
ERR: 无法加载模块:Img

[ 2017-04-01T10:42:11+08:00 ] ::1 /coalball/img/lol1.png
ERR: 无法加载模块:Img

[ 2017-04-01T10:42:11+08:00 ] ::1 /coalball/img/lol2.png
ERR: 无法加载模块:Img

[ 2017-04-01T10:42:11+08:00 ] ::1 /coalball/img/lol1.png
ERR: 无法加载模块:Img

[ 2017-04-01T10:42:11+08:00 ] ::1 /coalball/img/lol2.png
ERR: 无法加载模块:Img

[ 2017-04-01T10:42:11+08:00 ] ::1 /coalball/img/lol1.png
ERR: 无法加载模块:Img

[ 2017-04-01T10:42:11+08:00 ] ::1 /coalball/img/lol2.png
ERR: 无法加载模块:Img

[ 2017-04-01T10:42:11+08:00 ] ::1 /coalball/img/lol2.png
ERR: 无法加载模块:Img

[ 2017-04-01T10:42:11+08:00 ] ::1 /coalball/img/lol1.png
ERR: 无法加载模块:Img

[ 2017-04-01T10:42:11+08:00 ] ::1 /coalball/img/lol1.png
ERR: 无法加载模块:Img

[ 2017-04-01T10:42:11+08:00 ] ::1 /coalball/img/lol2.png
ERR: 无法加载模块:Img

[ 2017-04-01T10:44:46+08:00 ] ::1 /coalball/img/%E8%B5%84%E6%BA%90%201.png
ERR: 无法加载模块:Img

[ 2017-04-01T10:44:46+08:00 ] ::1 /coalball/img/%E8%B5%84%E6%BA%90%201.png
ERR: 无法加载模块:Img

[ 2017-04-01T10:45:29+08:00 ] ::1 /coalball/img/lol1.png
ERR: 无法加载模块:Img

[ 2017-04-01T10:45:29+08:00 ] ::1 /coalball/img/lol2.png
ERR: 无法加载模块:Img

[ 2017-04-01T10:45:29+08:00 ] ::1 /coalball/img/lol1.png
ERR: 无法加载模块:Img

[ 2017-04-01T10:45:29+08:00 ] ::1 /coalball/img/lol2.png
ERR: 无法加载模块:Img

[ 2017-04-01T10:45:29+08:00 ] ::1 /coalball/img/lol1.png
ERR: 无法加载模块:Img

[ 2017-04-01T10:45:29+08:00 ] ::1 /coalball/img/lol1.png
ERR: 无法加载模块:Img

[ 2017-04-01T10:45:29+08:00 ] ::1 /coalball/img/lol2.png
ERR: 无法加载模块:Img

[ 2017-04-01T10:45:29+08:00 ] ::1 /coalball/img/lol1.png
ERR: 无法加载模块:Img

[ 2017-04-01T10:45:29+08:00 ] ::1 /coalball/img/lol2.png
ERR: 无法加载模块:Img

[ 2017-04-01T10:45:29+08:00 ] ::1 /coalball/img/lol2.png
ERR: 无法加载模块:Img

[ 2017-04-01T10:45:29+08:00 ] ::1 /coalball/img/lol1.png
ERR: 无法加载模块:Img

[ 2017-04-01T10:45:29+08:00 ] ::1 /coalball/img/lol1.png
ERR: 无法加载模块:Img

[ 2017-04-01T10:45:30+08:00 ] ::1 /coalball/img/lol2.png
ERR: 无法加载模块:Img

[ 2017-04-01T10:45:30+08:00 ] ::1 /coalball/img/lol1.png
ERR: 无法加载模块:Img

[ 2017-04-01T10:45:30+08:00 ] ::1 /coalball/img/lol2.png
ERR: 无法加载模块:Img

[ 2017-04-01T10:45:31+08:00 ] ::1 /coalball/img/lol1.png
ERR: 无法加载模块:Img

[ 2017-04-01T10:45:31+08:00 ] ::1 /coalball/img/lol2.png
ERR: 无法加载模块:Img

[ 2017-04-01T10:45:31+08:00 ] ::1 /coalball/img/lol2.png
ERR: 无法加载模块:Img

[ 2017-04-01T10:45:31+08:00 ] ::1 /coalball/img/lol1.png
ERR: 无法加载模块:Img

[ 2017-04-01T10:45:31+08:00 ] ::1 /coalball/img/lol2.png
ERR: 无法加载模块:Img

[ 2017-04-01T10:45:31+08:00 ] ::1 /coalball/img/lol1.png
ERR: 无法加载模块:Img

[ 2017-04-01T10:45:31+08:00 ] ::1 /coalball/img/lol2.png
ERR: 无法加载模块:Img

[ 2017-04-01T10:45:31+08:00 ] ::1 /coalball/img/lol1.png
ERR: 无法加载模块:Img

[ 2017-04-01T10:45:31+08:00 ] ::1 /coalball/img/lol1.png
ERR: 无法加载模块:Img

[ 2017-04-01T10:45:31+08:00 ] ::1 /coalball/img/lol2.png
ERR: 无法加载模块:Img

[ 2017-04-01T10:45:31+08:00 ] ::1 /coalball/img/lol1.png
ERR: 无法加载模块:Img

[ 2017-04-01T10:45:31+08:00 ] ::1 /coalball/img/lol2.png
ERR: 无法加载模块:Img

[ 2017-04-01T10:45:32+08:00 ] ::1 /coalball/img/lol2.png
ERR: 无法加载模块:Img

[ 2017-04-01T10:45:32+08:00 ] ::1 /coalball/img/lol1.png
ERR: 无法加载模块:Img

[ 2017-04-01T10:45:32+08:00 ] ::1 /coalball/img/lol1.png
ERR: 无法加载模块:Img

[ 2017-04-01T10:45:32+08:00 ] ::1 /coalball/img/lol2.png
ERR: 无法加载模块:Img

[ 2017-04-01T10:45:32+08:00 ] ::1 /coalball/img/lol2.png
ERR: 无法加载模块:Img

[ 2017-04-01T10:45:32+08:00 ] ::1 /coalball/img/lol1.png
ERR: 无法加载模块:Img

[ 2017-04-01T10:45:32+08:00 ] ::1 /coalball/img/lol1.png
ERR: 无法加载模块:Img

[ 2017-04-01T10:45:32+08:00 ] ::1 /coalball/img/lol2.png
ERR: 无法加载模块:Img

[ 2017-04-01T10:45:32+08:00 ] ::1 /coalball/img/lol1.png
ERR: 无法加载模块:Img

[ 2017-04-01T10:45:32+08:00 ] ::1 /coalball/img/lol2.png
ERR: 无法加载模块:Img

[ 2017-04-01T10:45:32+08:00 ] ::1 /coalball/img/lol1.png
ERR: 无法加载模块:Img

[ 2017-04-01T10:45:32+08:00 ] ::1 /coalball/img/lol2.png
ERR: 无法加载模块:Img

[ 2017-04-01T10:45:32+08:00 ] ::1 /coalball/img/lol1.png
ERR: 无法加载模块:Img

[ 2017-04-01T10:45:32+08:00 ] ::1 /coalball/img/lol1.png
ERR: 无法加载模块:Img

[ 2017-04-01T10:45:32+08:00 ] ::1 /coalball/img/lol2.png
ERR: 无法加载模块:Img

[ 2017-04-01T10:45:32+08:00 ] ::1 /coalball/img/lol2.png
ERR: 无法加载模块:Img

[ 2017-04-01T10:45:32+08:00 ] ::1 /coalball/img/lol1.png
ERR: 无法加载模块:Img

[ 2017-04-01T10:45:32+08:00 ] ::1 /coalball/img/lol2.png
ERR: 无法加载模块:Img

[ 2017-04-01T10:45:32+08:00 ] ::1 /coalball/img/lol2.png
ERR: 无法加载模块:Img

[ 2017-04-01T10:45:32+08:00 ] ::1 /coalball/img/lol1.png
ERR: 无法加载模块:Img

[ 2017-04-01T10:45:32+08:00 ] ::1 /coalball/img/lol2.png
ERR: 无法加载模块:Img

[ 2017-04-01T10:45:32+08:00 ] ::1 /coalball/img/lol1.png
ERR: 无法加载模块:Img

[ 2017-04-01T10:45:32+08:00 ] ::1 /coalball/img/lol2.png
ERR: 无法加载模块:Img

[ 2017-04-01T10:45:33+08:00 ] ::1 /coalball/img/lol1.png
ERR: 无法加载模块:Img

[ 2017-04-01T10:45:33+08:00 ] ::1 /coalball/img/lol1.png
ERR: 无法加载模块:Img

[ 2017-04-01T10:45:33+08:00 ] ::1 /coalball/img/lol2.png
ERR: 无法加载模块:Img

[ 2017-04-01T10:45:33+08:00 ] ::1 /coalball/img/lol2.png
ERR: 无法加载模块:Img

[ 2017-04-01T10:45:33+08:00 ] ::1 /coalball/img/lol1.png
ERR: 无法加载模块:Img

[ 2017-04-01T10:45:33+08:00 ] ::1 /coalball/img/lol2.png
ERR: 无法加载模块:Img

[ 2017-04-01T10:45:33+08:00 ] ::1 /coalball/img/lol1.png
ERR: 无法加载模块:Img

[ 2017-04-01T10:45:33+08:00 ] ::1 /coalball/img/lol2.png
ERR: 无法加载模块:Img

[ 2017-04-01T10:45:33+08:00 ] ::1 /coalball/img/lol1.png
ERR: 无法加载模块:Img

[ 2017-04-01T10:45:33+08:00 ] ::1 /coalball/img/lol2.png
ERR: 无法加载模块:Img

[ 2017-04-01T10:45:33+08:00 ] ::1 /coalball/img/lol1.png
ERR: 无法加载模块:Img

[ 2017-04-01T10:45:33+08:00 ] ::1 /coalball/img/lol2.png
ERR: 无法加载模块:Img

[ 2017-04-01T10:45:33+08:00 ] ::1 /coalball/img/lol2.png
ERR: 无法加载模块:Img

[ 2017-04-01T10:45:33+08:00 ] ::1 /coalball/img/lol1.png
ERR: 无法加载模块:Img

[ 2017-04-01T10:45:33+08:00 ] ::1 /coalball/img/lol2.png
ERR: 无法加载模块:Img

[ 2017-04-01T10:45:33+08:00 ] ::1 /coalball/img/lol1.png
ERR: 无法加载模块:Img

[ 2017-04-01T10:45:33+08:00 ] ::1 /coalball/img/lol1.png
ERR: 无法加载模块:Img

[ 2017-04-01T10:45:33+08:00 ] ::1 /coalball/img/lol2.png
ERR: 无法加载模块:Img

[ 2017-04-01T10:45:33+08:00 ] ::1 /coalball/img/lol2.png
ERR: 无法加载模块:Img

[ 2017-04-01T10:45:34+08:00 ] ::1 /coalball/img/lol1.png
ERR: 无法加载模块:Img

[ 2017-04-01T10:45:34+08:00 ] ::1 /coalball/img/lol2.png
ERR: 无法加载模块:Img

[ 2017-04-01T10:45:34+08:00 ] ::1 /coalball/img/lol1.png
ERR: 无法加载模块:Img

[ 2017-04-01T10:45:34+08:00 ] ::1 /coalball/img/lol1.png
ERR: 无法加载模块:Img

[ 2017-04-01T10:45:34+08:00 ] ::1 /coalball/img/lol2.png
ERR: 无法加载模块:Img

[ 2017-04-01T10:45:34+08:00 ] ::1 /coalball/img/lol1.png
ERR: 无法加载模块:Img

[ 2017-04-01T10:45:34+08:00 ] ::1 /coalball/img/lol2.png
ERR: 无法加载模块:Img

[ 2017-04-01T10:45:35+08:00 ] ::1 /coalball/img/lol1.png
ERR: 无法加载模块:Img

[ 2017-04-01T10:45:35+08:00 ] ::1 /coalball/img/lol2.png
ERR: 无法加载模块:Img

[ 2017-04-01T10:45:35+08:00 ] ::1 /coalball/img/lol1.png
ERR: 无法加载模块:Img

[ 2017-04-01T10:45:35+08:00 ] ::1 /coalball/img/lol2.png
ERR: 无法加载模块:Img

[ 2017-04-01T10:45:36+08:00 ] ::1 /coalball/img/lol2.png
ERR: 无法加载模块:Img

[ 2017-04-01T10:45:36+08:00 ] ::1 /coalball/img/lol1.png
ERR: 无法加载模块:Img

[ 2017-04-01T10:45:36+08:00 ] ::1 /coalball/img/lol2.png
ERR: 无法加载模块:Img

[ 2017-04-01T10:45:36+08:00 ] ::1 /coalball/img/lol1.png
ERR: 无法加载模块:Img

[ 2017-04-01T10:45:36+08:00 ] ::1 /coalball/img/lol2.png
ERR: 无法加载模块:Img

[ 2017-04-01T10:45:36+08:00 ] ::1 /coalball/img/lol1.png
ERR: 无法加载模块:Img

[ 2017-04-01T10:45:36+08:00 ] ::1 /coalball/img/lol1.png
ERR: 无法加载模块:Img

[ 2017-04-01T10:45:36+08:00 ] ::1 /coalball/img/lol2.png
ERR: 无法加载模块:Img

[ 2017-04-01T10:45:36+08:00 ] ::1 /coalball/img/lol1.png
ERR: 无法加载模块:Img

[ 2017-04-01T10:45:36+08:00 ] ::1 /coalball/img/lol2.png
ERR: 无法加载模块:Img

[ 2017-04-01T10:45:36+08:00 ] ::1 /coalball/img/lol1.png
ERR: 无法加载模块:Img

[ 2017-04-01T10:45:37+08:00 ] ::1 /coalball/img/lol1.png
ERR: 无法加载模块:Img

[ 2017-04-01T10:45:37+08:00 ] ::1 /coalball/img/lol2.png
ERR: 无法加载模块:Img

[ 2017-04-01T10:45:37+08:00 ] ::1 /coalball/img/lol2.png
ERR: 无法加载模块:Img

[ 2017-04-01T10:45:37+08:00 ] ::1 /coalball/img/lol1.png
ERR: 无法加载模块:Img

[ 2017-04-01T10:45:37+08:00 ] ::1 /coalball/img/lol1.png
ERR: 无法加载模块:Img

[ 2017-04-01T10:45:37+08:00 ] ::1 /coalball/img/lol2.png
ERR: 无法加载模块:Img

[ 2017-04-01T10:45:37+08:00 ] ::1 /coalball/img/lol2.png
ERR: 无法加载模块:Img

[ 2017-04-01T10:45:37+08:00 ] ::1 /coalball/img/lol1.png
ERR: 无法加载模块:Img

[ 2017-04-01T10:45:37+08:00 ] ::1 /coalball/img/lol2.png
ERR: 无法加载模块:Img

[ 2017-04-01T10:45:37+08:00 ] ::1 /coalball/img/lol1.png
ERR: 无法加载模块:Img

[ 2017-04-01T10:45:37+08:00 ] ::1 /coalball/img/lol2.png
ERR: 无法加载模块:Img

[ 2017-04-01T10:45:37+08:00 ] ::1 /coalball/img/lol1.png
ERR: 无法加载模块:Img

[ 2017-04-01T10:45:37+08:00 ] ::1 /coalball/img/lol2.png
ERR: 无法加载模块:Img

[ 2017-04-01T10:45:37+08:00 ] ::1 /coalball/img/lol1.png
ERR: 无法加载模块:Img

[ 2017-04-01T10:45:37+08:00 ] ::1 /coalball/img/lol2.png
ERR: 无法加载模块:Img

[ 2017-04-01T10:45:37+08:00 ] ::1 /coalball/img/lol1.png
ERR: 无法加载模块:Img

[ 2017-04-01T10:45:37+08:00 ] ::1 /coalball/img/lol2.png
ERR: 无法加载模块:Img

[ 2017-04-01T10:45:38+08:00 ] ::1 /coalball/img/lol1.png
ERR: 无法加载模块:Img

[ 2017-04-01T10:45:38+08:00 ] ::1 /coalball/img/lol2.png
ERR: 无法加载模块:Img

[ 2017-04-01T10:45:38+08:00 ] ::1 /coalball/img/lol2.png
ERR: 无法加载模块:Img

[ 2017-04-01T10:45:38+08:00 ] ::1 /coalball/img/lol1.png
ERR: 无法加载模块:Img

[ 2017-04-01T10:45:38+08:00 ] ::1 /coalball/img/lol1.png
ERR: 无法加载模块:Img

[ 2017-04-01T10:45:39+08:00 ] ::1 /coalball/img/lol1.png
ERR: 无法加载模块:Img

[ 2017-04-01T10:45:39+08:00 ] ::1 /coalball/img/lol2.png
ERR: 无法加载模块:Img

[ 2017-04-01T10:45:39+08:00 ] ::1 /coalball/img/lol1.png
ERR: 无法加载模块:Img

[ 2017-04-01T10:45:39+08:00 ] ::1 /coalball/img/lol2.png
ERR: 无法加载模块:Img

[ 2017-04-01T10:45:39+08:00 ] ::1 /coalball/img/lol2.png
ERR: 无法加载模块:Img

[ 2017-04-01T10:45:39+08:00 ] ::1 /coalball/img/lol1.png
ERR: 无法加载模块:Img

[ 2017-04-01T10:45:39+08:00 ] ::1 /coalball/img/lol2.png
ERR: 无法加载模块:Img

[ 2017-04-01T10:45:39+08:00 ] ::1 /coalball/img/lol1.png
ERR: 无法加载模块:Img

[ 2017-04-01T10:45:39+08:00 ] ::1 /coalball/img/lol2.png
ERR: 无法加载模块:Img

[ 2017-04-01T10:45:40+08:00 ] ::1 /coalball/img/lol2.png
ERR: 无法加载模块:Img

[ 2017-04-01T10:45:40+08:00 ] ::1 /coalball/img/lol1.png
ERR: 无法加载模块:Img

[ 2017-04-01T10:45:40+08:00 ] ::1 /coalball/img/lol1.png
ERR: 无法加载模块:Img

[ 2017-04-01T10:45:40+08:00 ] ::1 /coalball/img/lol2.png
ERR: 无法加载模块:Img

[ 2017-04-01T10:45:40+08:00 ] ::1 /coalball/img/lol2.png
ERR: 无法加载模块:Img

[ 2017-04-01T10:45:40+08:00 ] ::1 /coalball/img/lol1.png
ERR: 无法加载模块:Img

[ 2017-04-01T10:45:40+08:00 ] ::1 /coalball/img/lol1.png
ERR: 无法加载模块:Img

[ 2017-04-01T10:45:40+08:00 ] ::1 /coalball/img/lol2.png
ERR: 无法加载模块:Img

[ 2017-04-01T10:45:40+08:00 ] ::1 /coalball/img/lol1.png
ERR: 无法加载模块:Img

[ 2017-04-01T10:45:40+08:00 ] ::1 /coalball/img/lol2.png
ERR: 无法加载模块:Img

[ 2017-04-01T10:45:40+08:00 ] ::1 /coalball/img/lol1.png
ERR: 无法加载模块:Img

[ 2017-04-01T10:45:40+08:00 ] ::1 /coalball/img/lol2.png
ERR: 无法加载模块:Img

[ 2017-04-01T10:45:40+08:00 ] ::1 /coalball/img/lol2.png
ERR: 无法加载模块:Img

[ 2017-04-01T10:45:40+08:00 ] ::1 /coalball/img/lol1.png
ERR: 无法加载模块:Img

[ 2017-04-01T10:45:40+08:00 ] ::1 /coalball/img/lol1.png
ERR: 无法加载模块:Img

[ 2017-04-01T10:45:40+08:00 ] ::1 /coalball/img/lol2.png
ERR: 无法加载模块:Img

[ 2017-04-01T10:45:41+08:00 ] ::1 /coalball/img/lol1.png
ERR: 无法加载模块:Img

[ 2017-04-01T10:45:41+08:00 ] ::1 /coalball/img/lol2.png
ERR: 无法加载模块:Img

[ 2017-04-01T10:45:41+08:00 ] ::1 /coalball/img/lol2.png
ERR: 无法加载模块:Img

[ 2017-04-01T10:45:41+08:00 ] ::1 /coalball/img/lol1.png
ERR: 无法加载模块:Img

[ 2017-04-01T10:45:41+08:00 ] ::1 /coalball/img/lol2.png
ERR: 无法加载模块:Img

[ 2017-04-01T10:45:41+08:00 ] ::1 /coalball/img/lol1.png
ERR: 无法加载模块:Img

[ 2017-04-01T10:45:41+08:00 ] ::1 /coalball/img/lol1.png
ERR: 无法加载模块:Img

[ 2017-04-01T10:45:41+08:00 ] ::1 /coalball/img/lol2.png
ERR: 无法加载模块:Img

[ 2017-04-01T10:45:41+08:00 ] ::1 /coalball/img/lol1.png
ERR: 无法加载模块:Img

[ 2017-04-01T10:45:41+08:00 ] ::1 /coalball/img/lol2.png
ERR: 无法加载模块:Img

[ 2017-04-01T10:45:41+08:00 ] ::1 /coalball/img/lol1.png
ERR: 无法加载模块:Img

[ 2017-04-01T10:45:41+08:00 ] ::1 /coalball/img/lol2.png
ERR: 无法加载模块:Img

[ 2017-04-01T10:45:41+08:00 ] ::1 /coalball/img/lol1.png
ERR: 无法加载模块:Img

[ 2017-04-01T10:45:41+08:00 ] ::1 /coalball/img/lol2.png
ERR: 无法加载模块:Img

[ 2017-04-01T10:45:42+08:00 ] ::1 /coalball/img/lol1.png
ERR: 无法加载模块:Img

[ 2017-04-01T10:45:42+08:00 ] ::1 /coalball/img/lol2.png
ERR: 无法加载模块:Img

[ 2017-04-01T10:45:42+08:00 ] ::1 /coalball/img/lol2.png
ERR: 无法加载模块:Img

[ 2017-04-01T10:45:42+08:00 ] ::1 /coalball/img/lol1.png
ERR: 无法加载模块:Img

[ 2017-04-01T10:45:42+08:00 ] ::1 /coalball/img/lol1.png
ERR: 无法加载模块:Img

[ 2017-04-01T10:45:42+08:00 ] ::1 /coalball/img/lol2.png
ERR: 无法加载模块:Img

[ 2017-04-01T10:45:42+08:00 ] ::1 /coalball/img/lol1.png
ERR: 无法加载模块:Img

[ 2017-04-01T10:45:42+08:00 ] ::1 /coalball/img/lol2.png
ERR: 无法加载模块:Img

[ 2017-04-01T10:45:42+08:00 ] ::1 /coalball/img/lol2.png
ERR: 无法加载模块:Img

[ 2017-04-01T10:45:42+08:00 ] ::1 /coalball/img/lol1.png
ERR: 无法加载模块:Img

[ 2017-04-01T10:45:43+08:00 ] ::1 /coalball/img/lol1.png
ERR: 无法加载模块:Img

[ 2017-04-01T10:45:43+08:00 ] ::1 /coalball/img/lol2.png
ERR: 无法加载模块:Img

[ 2017-04-01T10:45:44+08:00 ] ::1 /coalball/img/lol1.png
ERR: 无法加载模块:Img

[ 2017-04-01T10:45:44+08:00 ] ::1 /coalball/img/lol2.png
ERR: 无法加载模块:Img

[ 2017-04-01T10:45:46+08:00 ] ::1 /coalball/img/lol2.png
ERR: 无法加载模块:Img

[ 2017-04-01T10:45:46+08:00 ] ::1 /coalball/img/lol1.png
ERR: 无法加载模块:Img

[ 2017-04-01T10:45:47+08:00 ] ::1 /coalball/img/%E8%B5%84%E6%BA%90%201.png
ERR: 无法加载模块:Img

[ 2017-04-01T10:45:47+08:00 ] ::1 /coalball/img/%E8%B5%84%E6%BA%90%201.png
ERR: 无法加载模块:Img

[ 2017-04-01T10:45:49+08:00 ] ::1 /coalball/img/lol1.png
ERR: 无法加载模块:Img

[ 2017-04-01T10:45:49+08:00 ] ::1 /coalball/img/lol2.png
ERR: 无法加载模块:Img

[ 2017-04-01T10:45:56+08:00 ] ::1 /coalball/img/%E8%B5%84%E6%BA%90%201.png
ERR: 无法加载模块:Img

[ 2017-04-01T10:45:56+08:00 ] ::1 /coalball/img/%E8%B5%84%E6%BA%90%201.png
ERR: 无法加载模块:Img

[ 2017-04-01T10:45:57+08:00 ] ::1 /coalball/img/%E8%B5%84%E6%BA%90%201.png
ERR: 无法加载模块:Img

[ 2017-04-01T10:45:57+08:00 ] ::1 /coalball/img/%E8%B5%84%E6%BA%90%201.png
ERR: 无法加载模块:Img

[ 2017-04-01T10:45:58+08:00 ] ::1 /coalball/img/lol2.png
ERR: 无法加载模块:Img

[ 2017-04-01T10:45:58+08:00 ] ::1 /coalball/img/lol1.png
ERR: 无法加载模块:Img

[ 2017-04-01T10:46:02+08:00 ] ::1 /coalball/img/%E8%B5%84%E6%BA%90%201.png
ERR: 无法加载模块:Img

[ 2017-04-01T10:46:02+08:00 ] ::1 /coalball/img/%E8%B5%84%E6%BA%90%201.png
ERR: 无法加载模块:Img

[ 2017-04-01T10:46:04+08:00 ] ::1 /coalball/img/lol2.png
ERR: 无法加载模块:Img

[ 2017-04-01T10:46:04+08:00 ] ::1 /coalball/img/lol1.png
ERR: 无法加载模块:Img

[ 2017-04-01T10:46:04+08:00 ] ::1 /coalball/img/lol1.png
ERR: 无法加载模块:Img

[ 2017-04-01T10:46:04+08:00 ] ::1 /coalball/img/lol2.png
ERR: 无法加载模块:Img

[ 2017-04-01T10:50:17+08:00 ] ::1 /coalball/img/lol2.png
ERR: 无法加载模块:Img

[ 2017-04-01T10:50:17+08:00 ] ::1 /coalball/img/lol1.png
ERR: 无法加载模块:Img

[ 2017-04-01T10:50:18+08:00 ] ::1 /coalball/img/lol2.png
ERR: 无法加载模块:Img

[ 2017-04-01T10:50:18+08:00 ] ::1 /coalball/img/lol1.png
ERR: 无法加载模块:Img

[ 2017-04-01T10:50:18+08:00 ] ::1 /coalball/img/lol2.png
ERR: 无法加载模块:Img

[ 2017-04-01T10:50:18+08:00 ] ::1 /coalball/img/lol1.png
ERR: 无法加载模块:Img

[ 2017-04-01T10:50:18+08:00 ] ::1 /coalball/img/lol2.png
ERR: 无法加载模块:Img

[ 2017-04-01T10:50:18+08:00 ] ::1 /coalball/img/lol1.png
ERR: 无法加载模块:Img

[ 2017-04-01T10:50:20+08:00 ] ::1 /coalball/img/%E8%B5%84%E6%BA%90%201.png
ERR: 无法加载模块:Img

[ 2017-04-01T10:50:20+08:00 ] ::1 /coalball/img/%E8%B5%84%E6%BA%90%201.png
ERR: 无法加载模块:Img

[ 2017-04-01T10:53:26+08:00 ] ::1 /coalball/img/%E8%B5%84%E6%BA%90%201.png
ERR: 无法加载模块:Img

[ 2017-04-01T10:53:26+08:00 ] ::1 /coalball/img/%E8%B5%84%E6%BA%90%201.png
ERR: 无法加载模块:Img

[ 2017-04-01T10:53:28+08:00 ] ::1 /coalball/img/lol1.png
ERR: 无法加载模块:Img

[ 2017-04-01T10:53:28+08:00 ] ::1 /coalball/img/lol2.png
ERR: 无法加载模块:Img

[ 2017-04-01T10:53:28+08:00 ] ::1 /coalball/img/lol2.png
ERR: 无法加载模块:Img

[ 2017-04-01T10:53:28+08:00 ] ::1 /coalball/img/lol1.png
ERR: 无法加载模块:Img

[ 2017-04-01T10:53:31+08:00 ] ::1 /coalball/img/lol1.png
ERR: 无法加载模块:Img

[ 2017-04-01T10:53:31+08:00 ] ::1 /coalball/img/lol2.png
ERR: 无法加载模块:Img

[ 2017-04-01T10:53:31+08:00 ] ::1 /coalball/img/lol1.png
ERR: 无法加载模块:Img

[ 2017-04-01T10:53:31+08:00 ] ::1 /coalball/img/lol2.png
ERR: 无法加载模块:Img

[ 2017-04-01T10:53:42+08:00 ] ::1 /coalball/img/%E8%B5%84%E6%BA%90%201.png
ERR: 无法加载模块:Img

[ 2017-04-01T10:53:43+08:00 ] ::1 /coalball/img/%E8%B5%84%E6%BA%90%201.png
ERR: 无法加载模块:Img

[ 2017-04-01T10:55:49+08:00 ] ::1 /coalball/img/%E8%B5%84%E6%BA%90%201.png
ERR: 无法加载模块:Img

[ 2017-04-01T10:55:49+08:00 ] ::1 /coalball/Application/Home/Common/css/img/%C3%A6%E2%80%9D%C2%BE%C3%A5%C2%A4%C2%A7%C3%A9%E2%80%A2%C5%93.png
ERR: 无法加载模块:Application

[ 2017-04-01T10:55:49+08:00 ] ::1 /coalball/Application/Home/Common/css/img/%C3%A8%C2%B5%E2%80%9E%C3%A6%C2%BA%C2%907.png
ERR: 无法加载模块:Application

[ 2017-04-01T10:55:49+08:00 ] ::1 /coalball/Application/Home/Common/css/img/%C3%A8%C2%B5%E2%80%9E%C3%A6%C2%BA%C2%908.png
ERR: 无法加载模块:Application

[ 2017-04-01T11:04:59+08:00 ] ::1 /coalball/img/%E8%B5%84%E6%BA%90%201.png
ERR: 无法加载模块:Img

[ 2017-04-01T11:04:59+08:00 ] ::1 /coalball/img/%E8%B5%84%E6%BA%90%201.png
ERR: 无法加载模块:Img

[ 2017-04-01T11:05:00+08:00 ] ::1 /coalball/img/lol1.png
ERR: 无法加载模块:Img

[ 2017-04-01T11:05:00+08:00 ] ::1 /coalball/img/lol2.png
ERR: 无法加载模块:Img

[ 2017-04-01T11:05:00+08:00 ] ::1 /coalball/img/lol1.png
ERR: 无法加载模块:Img

[ 2017-04-01T11:05:00+08:00 ] ::1 /coalball/img/lol2.png
ERR: 无法加载模块:Img

[ 2017-04-01T11:05:00+08:00 ] ::1 /coalball/img/lol1.png
ERR: 无法加载模块:Img

[ 2017-04-01T11:05:00+08:00 ] ::1 /coalball/img/lol2.png
ERR: 无法加载模块:Img

[ 2017-04-01T11:05:01+08:00 ] ::1 /coalball/img/lol1.png
ERR: 无法加载模块:Img

[ 2017-04-01T11:05:01+08:00 ] ::1 /coalball/img/lol2.png
ERR: 无法加载模块:Img

[ 2017-04-01T11:05:01+08:00 ] ::1 /coalball/img/lol2.png
ERR: 无法加载模块:Img

[ 2017-04-01T11:05:01+08:00 ] ::1 /coalball/img/lol1.png
ERR: 无法加载模块:Img

[ 2017-04-01T11:05:01+08:00 ] ::1 /coalball/img/lol2.png
ERR: 无法加载模块:Img

[ 2017-04-01T11:05:01+08:00 ] ::1 /coalball/img/lol1.png
ERR: 无法加载模块:Img

[ 2017-04-01T11:05:01+08:00 ] ::1 /coalball/img/lol1.png
ERR: 无法加载模块:Img

[ 2017-04-01T11:05:01+08:00 ] ::1 /coalball/img/lol2.png
ERR: 无法加载模块:Img

[ 2017-04-01T11:05:01+08:00 ] ::1 /coalball/img/lol1.png
ERR: 无法加载模块:Img

[ 2017-04-01T11:05:01+08:00 ] ::1 /coalball/img/lol2.png
ERR: 无法加载模块:Img

[ 2017-04-01T11:05:02+08:00 ] ::1 /coalball/img/lol1.png
ERR: 无法加载模块:Img

[ 2017-04-01T11:05:02+08:00 ] ::1 /coalball/img/lol2.png
ERR: 无法加载模块:Img

[ 2017-04-01T11:05:02+08:00 ] ::1 /coalball/img/lol2.png
ERR: 无法加载模块:Img

[ 2017-04-01T11:05:02+08:00 ] ::1 /coalball/img/lol1.png
ERR: 无法加载模块:Img

[ 2017-04-01T11:05:02+08:00 ] ::1 /coalball/img/lol1.png
ERR: 无法加载模块:Img

[ 2017-04-01T11:05:02+08:00 ] ::1 /coalball/img/lol2.png
ERR: 无法加载模块:Img

[ 2017-04-01T11:05:02+08:00 ] ::1 /coalball/img/lol2.png
ERR: 无法加载模块:Img

[ 2017-04-01T11:05:02+08:00 ] ::1 /coalball/img/lol1.png
ERR: 无法加载模块:Img

[ 2017-04-01T11:05:02+08:00 ] ::1 /coalball/img/lol1.png
ERR: 无法加载模块:Img

[ 2017-04-01T11:05:02+08:00 ] ::1 /coalball/img/lol2.png
ERR: 无法加载模块:Img

[ 2017-04-01T11:05:02+08:00 ] ::1 /coalball/img/lol2.png
ERR: 无法加载模块:Img

[ 2017-04-01T11:05:02+08:00 ] ::1 /coalball/img/lol1.png
ERR: 无法加载模块:Img

[ 2017-04-01T11:05:03+08:00 ] ::1 /coalball/img/lol1.png
ERR: 无法加载模块:Img

[ 2017-04-01T11:05:03+08:00 ] ::1 /coalball/img/lol2.png
ERR: 无法加载模块:Img

[ 2017-04-01T11:05:03+08:00 ] ::1 /coalball/img/lol1.png
ERR: 无法加载模块:Img

[ 2017-04-01T11:05:03+08:00 ] ::1 /coalball/img/lol2.png
ERR: 无法加载模块:Img

[ 2017-04-01T11:05:03+08:00 ] ::1 /coalball/img/lol1.png
ERR: 无法加载模块:Img

[ 2017-04-01T11:05:03+08:00 ] ::1 /coalball/img/lol2.png
ERR: 无法加载模块:Img

[ 2017-04-01T11:05:03+08:00 ] ::1 /coalball/img/lol1.png
ERR: 无法加载模块:Img

[ 2017-04-01T11:05:03+08:00 ] ::1 /coalball/img/lol2.png
ERR: 无法加载模块:Img

[ 2017-04-01T11:05:03+08:00 ] ::1 /coalball/img/lol1.png
ERR: 无法加载模块:Img

[ 2017-04-01T11:05:03+08:00 ] ::1 /coalball/img/lol2.png
ERR: 无法加载模块:Img

[ 2017-04-01T11:05:07+08:00 ] ::1 /coalball/img/lol1.png
ERR: 无法加载模块:Img

[ 2017-04-01T11:05:07+08:00 ] ::1 /coalball/img/lol2.png
ERR: 无法加载模块:Img

[ 2017-04-01T11:05:07+08:00 ] ::1 /coalball/img/lol2.png
ERR: 无法加载模块:Img

[ 2017-04-01T11:05:07+08:00 ] ::1 /coalball/img/lol1.png
ERR: 无法加载模块:Img

[ 2017-04-01T11:05:07+08:00 ] ::1 /coalball/img/lol1.png
ERR: 无法加载模块:Img

[ 2017-04-01T11:05:07+08:00 ] ::1 /coalball/img/lol2.png
ERR: 无法加载模块:Img

[ 2017-04-01T11:05:07+08:00 ] ::1 /coalball/img/lol1.png
ERR: 无法加载模块:Img

[ 2017-04-01T11:05:08+08:00 ] ::1 /coalball/img/lol2.png
ERR: 无法加载模块:Img

[ 2017-04-01T11:05:08+08:00 ] ::1 /coalball/img/lol1.png
ERR: 无法加载模块:Img

[ 2017-04-01T11:05:08+08:00 ] ::1 /coalball/img/lol1.png
ERR: 无法加载模块:Img

[ 2017-04-01T11:05:08+08:00 ] ::1 /coalball/img/lol2.png
ERR: 无法加载模块:Img

[ 2017-04-01T11:05:08+08:00 ] ::1 /coalball/img/lol1.png
ERR: 无法加载模块:Img

[ 2017-04-01T11:05:08+08:00 ] ::1 /coalball/img/lol2.png
ERR: 无法加载模块:Img

[ 2017-04-01T11:05:08+08:00 ] ::1 /coalball/img/lol1.png
ERR: 无法加载模块:Img

[ 2017-04-01T11:05:08+08:00 ] ::1 /coalball/img/lol2.png
ERR: 无法加载模块:Img

[ 2017-04-01T11:05:10+08:00 ] ::1 /coalball/img/lol2.png
ERR: 无法加载模块:Img

[ 2017-04-01T11:05:10+08:00 ] ::1 /coalball/img/lol1.png
ERR: 无法加载模块:Img

[ 2017-04-01T11:05:10+08:00 ] ::1 /coalball/img/lol2.png
ERR: 无法加载模块:Img

[ 2017-04-01T11:05:10+08:00 ] ::1 /coalball/img/lol1.png
ERR: 无法加载模块:Img

[ 2017-04-01T11:05:10+08:00 ] ::1 /coalball/img/lol2.png
ERR: 无法加载模块:Img

[ 2017-04-01T11:05:10+08:00 ] ::1 /coalball/img/lol1.png
ERR: 无法加载模块:Img

[ 2017-04-01T11:05:10+08:00 ] ::1 /coalball/img/lol1.png
ERR: 无法加载模块:Img

[ 2017-04-01T11:05:10+08:00 ] ::1 /coalball/img/lol2.png
ERR: 无法加载模块:Img

[ 2017-04-01T11:05:10+08:00 ] ::1 /coalball/img/lol1.png
ERR: 无法加载模块:Img

[ 2017-04-01T11:05:10+08:00 ] ::1 /coalball/img/lol2.png
ERR: 无法加载模块:Img

[ 2017-04-01T11:05:10+08:00 ] ::1 /coalball/img/lol1.png
ERR: 无法加载模块:Img

[ 2017-04-01T11:05:10+08:00 ] ::1 /coalball/img/lol2.png
ERR: 无法加载模块:Img

[ 2017-04-01T11:05:10+08:00 ] ::1 /coalball/img/lol1.png
ERR: 无法加载模块:Img

[ 2017-04-01T11:05:10+08:00 ] ::1 /coalball/img/lol2.png
ERR: 无法加载模块:Img

[ 2017-04-01T11:05:10+08:00 ] ::1 /coalball/img/lol1.png
ERR: 无法加载模块:Img

[ 2017-04-01T11:05:11+08:00 ] ::1 /coalball/img/lol1.png
ERR: 无法加载模块:Img

[ 2017-04-01T11:05:11+08:00 ] ::1 /coalball/img/lol2.png
ERR: 无法加载模块:Img

[ 2017-04-01T11:05:11+08:00 ] ::1 /coalball/img/lol2.png
ERR: 无法加载模块:Img

[ 2017-04-01T11:05:11+08:00 ] ::1 /coalball/img/lol1.png
ERR: 无法加载模块:Img

[ 2017-04-01T11:05:11+08:00 ] ::1 /coalball/img/lol1.png
ERR: 无法加载模块:Img

[ 2017-04-01T11:05:11+08:00 ] ::1 /coalball/img/lol2.png
ERR: 无法加载模块:Img

[ 2017-04-01T11:05:11+08:00 ] ::1 /coalball/img/lol1.png
ERR: 无法加载模块:Img

[ 2017-04-01T11:05:11+08:00 ] ::1 /coalball/img/lol2.png
ERR: 无法加载模块:Img

[ 2017-04-01T11:05:11+08:00 ] ::1 /coalball/img/lol1.png
ERR: 无法加载模块:Img

[ 2017-04-01T11:05:11+08:00 ] ::1 /coalball/img/lol2.png
ERR: 无法加载模块:Img

[ 2017-04-01T11:05:11+08:00 ] ::1 /coalball/img/lol2.png
ERR: 无法加载模块:Img

[ 2017-04-01T11:05:11+08:00 ] ::1 /coalball/img/lol1.png
ERR: 无法加载模块:Img

[ 2017-04-01T11:05:11+08:00 ] ::1 /coalball/img/lol2.png
ERR: 无法加载模块:Img

[ 2017-04-01T11:05:11+08:00 ] ::1 /coalball/img/lol1.png
ERR: 无法加载模块:Img

[ 2017-04-01T11:05:11+08:00 ] ::1 /coalball/img/lol1.png
ERR: 无法加载模块:Img

[ 2017-04-01T11:05:11+08:00 ] ::1 /coalball/img/lol2.png
ERR: 无法加载模块:Img

[ 2017-04-01T11:05:11+08:00 ] ::1 /coalball/img/lol1.png
ERR: 无法加载模块:Img

[ 2017-04-01T11:05:11+08:00 ] ::1 /coalball/img/lol2.png
ERR: 无法加载模块:Img

[ 2017-04-01T11:05:12+08:00 ] ::1 /coalball/img/lol1.png
ERR: 无法加载模块:Img

[ 2017-04-01T11:05:12+08:00 ] ::1 /coalball/img/lol2.png
ERR: 无法加载模块:Img

[ 2017-04-01T11:05:12+08:00 ] ::1 /coalball/img/lol1.png
ERR: 无法加载模块:Img

[ 2017-04-01T11:05:12+08:00 ] ::1 /coalball/img/lol2.png
ERR: 无法加载模块:Img

[ 2017-04-01T11:05:12+08:00 ] ::1 /coalball/img/lol2.png
ERR: 无法加载模块:Img

[ 2017-04-01T11:05:12+08:00 ] ::1 /coalball/img/lol1.png
ERR: 无法加载模块:Img

[ 2017-04-01T11:05:12+08:00 ] ::1 /coalball/img/lol1.png
ERR: 无法加载模块:Img

[ 2017-04-01T11:05:12+08:00 ] ::1 /coalball/img/lol2.png
ERR: 无法加载模块:Img

[ 2017-04-01T11:05:12+08:00 ] ::1 /coalball/img/lol2.png
ERR: 无法加载模块:Img

[ 2017-04-01T11:05:12+08:00 ] ::1 /coalball/img/lol1.png
ERR: 无法加载模块:Img

[ 2017-04-01T11:05:12+08:00 ] ::1 /coalball/img/lol2.png
ERR: 无法加载模块:Img

[ 2017-04-01T11:05:12+08:00 ] ::1 /coalball/img/lol1.png
ERR: 无法加载模块:Img

[ 2017-04-01T11:05:12+08:00 ] ::1 /coalball/img/lol2.png
ERR: 无法加载模块:Img

[ 2017-04-01T11:05:44+08:00 ] ::1 /coalball/img/lol1.png
ERR: 无法加载模块:Img

[ 2017-04-01T11:05:44+08:00 ] ::1 /coalball/img/lol2.png
ERR: 无法加载模块:Img

[ 2017-04-01T11:05:44+08:00 ] ::1 /coalball/img/lol1.png
ERR: 无法加载模块:Img

[ 2017-04-01T11:05:44+08:00 ] ::1 /coalball/img/lol2.png
ERR: 无法加载模块:Img

[ 2017-04-01T11:05:44+08:00 ] ::1 /coalball/img/lol2.png
ERR: 无法加载模块:Img

[ 2017-04-01T11:05:44+08:00 ] ::1 /coalball/img/lol1.png
ERR: 无法加载模块:Img

[ 2017-04-01T11:05:44+08:00 ] ::1 /coalball/img/lol1.png
ERR: 无法加载模块:Img

[ 2017-04-01T11:05:44+08:00 ] ::1 /coalball/img/lol2.png
ERR: 无法加载模块:Img

[ 2017-04-01T11:05:44+08:00 ] ::1 /coalball/img/lol2.png
ERR: 无法加载模块:Img

[ 2017-04-01T11:05:44+08:00 ] ::1 /coalball/img/lol1.png
ERR: 无法加载模块:Img

[ 2017-04-01T11:05:44+08:00 ] ::1 /coalball/img/lol2.png
ERR: 无法加载模块:Img

[ 2017-04-01T11:05:44+08:00 ] ::1 /coalball/img/lol1.png
ERR: 无法加载模块:Img

[ 2017-04-01T11:05:44+08:00 ] ::1 /coalball/img/lol2.png
ERR: 无法加载模块:Img

[ 2017-04-01T11:05:45+08:00 ] ::1 /coalball/img/lol1.png
ERR: 无法加载模块:Img

[ 2017-04-01T11:05:46+08:00 ] ::1 /coalball/img/%E8%B5%84%E6%BA%90%201.png
ERR: 无法加载模块:Img

[ 2017-04-01T11:05:46+08:00 ] ::1 /coalball/img/%E8%B5%84%E6%BA%90%201.png
ERR: 无法加载模块:Img

[ 2017-04-01T11:05:47+08:00 ] ::1 /coalball/img/lol2.png
ERR: 无法加载模块:Img

[ 2017-04-01T11:05:47+08:00 ] ::1 /coalball/img/lol1.png
ERR: 无法加载模块:Img

[ 2017-04-01T11:05:47+08:00 ] ::1 /coalball/img/lol2.png
ERR: 无法加载模块:Img

[ 2017-04-01T11:05:47+08:00 ] ::1 /coalball/img/lol1.png
ERR: 无法加载模块:Img

[ 2017-04-01T11:05:47+08:00 ] ::1 /coalball/img/lol2.png
ERR: 无法加载模块:Img

[ 2017-04-01T11:05:47+08:00 ] ::1 /coalball/img/lol2.png
ERR: 无法加载模块:Img

[ 2017-04-01T11:05:47+08:00 ] ::1 /coalball/img/lol1.png
ERR: 无法加载模块:Img

[ 2017-04-01T11:05:48+08:00 ] ::1 /coalball/img/lol2.png
ERR: 无法加载模块:Img

[ 2017-04-01T11:05:48+08:00 ] ::1 /coalball/img/lol1.png
ERR: 无法加载模块:Img

[ 2017-04-01T11:05:48+08:00 ] ::1 /coalball/img/lol1.png
ERR: 无法加载模块:Img

[ 2017-04-01T11:05:48+08:00 ] ::1 /coalball/img/lol2.png
ERR: 无法加载模块:Img

[ 2017-04-01T11:05:48+08:00 ] ::1 /coalball/img/lol1.png
ERR: 无法加载模块:Img

[ 2017-04-01T11:05:48+08:00 ] ::1 /coalball/img/lol2.png
ERR: 无法加载模块:Img

[ 2017-04-01T11:05:48+08:00 ] ::1 /coalball/img/lol1.png
ERR: 无法加载模块:Img

[ 2017-04-01T11:05:48+08:00 ] ::1 /coalball/img/lol2.png
ERR: 无法加载模块:Img

[ 2017-04-01T11:05:48+08:00 ] ::1 /coalball/img/lol1.png
ERR: 无法加载模块:Img

[ 2017-04-01T11:05:48+08:00 ] ::1 /coalball/img/lol2.png
ERR: 无法加载模块:Img

[ 2017-04-01T11:05:54+08:00 ] ::1 /coalball/img/lol2.png
ERR: 无法加载模块:Img

[ 2017-04-01T11:05:54+08:00 ] ::1 /coalball/img/lol1.png
ERR: 无法加载模块:Img

[ 2017-04-01T11:05:54+08:00 ] ::1 /coalball/img/lol1.png
ERR: 无法加载模块:Img

[ 2017-04-01T11:05:54+08:00 ] ::1 /coalball/img/lol2.png
ERR: 无法加载模块:Img

[ 2017-04-01T11:05:55+08:00 ] ::1 /coalball/img/lol1.png
ERR: 无法加载模块:Img

[ 2017-04-01T11:05:55+08:00 ] ::1 /coalball/img/lol2.png
ERR: 无法加载模块:Img

[ 2017-04-01T11:05:57+08:00 ] ::1 /coalball/img/lol1.png
ERR: 无法加载模块:Img

[ 2017-04-01T11:05:57+08:00 ] ::1 /coalball/img/lol2.png
ERR: 无法加载模块:Img

[ 2017-04-01T11:05:57+08:00 ] ::1 /coalball/img/lol1.png
ERR: 无法加载模块:Img

[ 2017-04-01T11:05:57+08:00 ] ::1 /coalball/img/lol2.png
ERR: 无法加载模块:Img

[ 2017-04-01T11:05:57+08:00 ] ::1 /coalball/img/lol1.png
ERR: 无法加载模块:Img

[ 2017-04-01T11:05:58+08:00 ] ::1 /coalball/img/lol2.png
ERR: 无法加载模块:Img

[ 2017-04-01T11:05:58+08:00 ] ::1 /coalball/img/lol1.png
ERR: 无法加载模块:Img

[ 2017-04-01T11:05:58+08:00 ] ::1 /coalball/img/lol2.png
ERR: 无法加载模块:Img

[ 2017-04-01T11:05:58+08:00 ] ::1 /coalball/img/lol1.png
ERR: 无法加载模块:Img

[ 2017-04-01T11:05:59+08:00 ] ::1 /coalball/img/lol2.png
ERR: 无法加载模块:Img

[ 2017-04-01T11:05:59+08:00 ] ::1 /coalball/img/lol1.png
ERR: 无法加载模块:Img

[ 2017-04-01T11:06:00+08:00 ] ::1 /coalball/img/lol2.png
ERR: 无法加载模块:Img

[ 2017-04-01T11:06:00+08:00 ] ::1 /coalball/img/lol1.png
ERR: 无法加载模块:Img

[ 2017-04-01T11:06:00+08:00 ] ::1 /coalball/img/lol2.png
ERR: 无法加载模块:Img

[ 2017-04-01T11:06:00+08:00 ] ::1 /coalball/img/lol1.png
ERR: 无法加载模块:Img

[ 2017-04-01T11:06:00+08:00 ] ::1 /coalball/img/lol1.png
ERR: 无法加载模块:Img

[ 2017-04-01T11:06:00+08:00 ] ::1 /coalball/img/lol2.png
ERR: 无法加载模块:Img

[ 2017-04-01T11:06:10+08:00 ] ::1 /coalball/img/lol2.png
ERR: 无法加载模块:Img

[ 2017-04-01T11:06:10+08:00 ] ::1 /coalball/img/lol1.png
ERR: 无法加载模块:Img

[ 2017-04-01T11:06:11+08:00 ] ::1 /coalball/img/lol1.png
ERR: 无法加载模块:Img

[ 2017-04-01T11:06:11+08:00 ] ::1 /coalball/img/lol2.png
ERR: 无法加载模块:Img

[ 2017-04-01T11:06:13+08:00 ] ::1 /coalball/img/lol2.png
ERR: 无法加载模块:Img

[ 2017-04-01T11:06:13+08:00 ] ::1 /coalball/img/lol1.png
ERR: 无法加载模块:Img

[ 2017-04-01T11:06:15+08:00 ] ::1 /coalball/img/lol1.png
ERR: 无法加载模块:Img

[ 2017-04-01T11:06:15+08:00 ] ::1 /coalball/img/lol2.png
ERR: 无法加载模块:Img

[ 2017-04-01T11:06:15+08:00 ] ::1 /coalball/img/lol1.png
ERR: 无法加载模块:Img

[ 2017-04-01T11:06:15+08:00 ] ::1 /coalball/img/lol2.png
ERR: 无法加载模块:Img

[ 2017-04-01T11:06:15+08:00 ] ::1 /coalball/img/lol1.png
ERR: 无法加载模块:Img

[ 2017-04-01T11:06:15+08:00 ] ::1 /coalball/img/lol2.png
ERR: 无法加载模块:Img

[ 2017-04-01T11:06:15+08:00 ] ::1 /coalball/img/lol1.png
ERR: 无法加载模块:Img

[ 2017-04-01T11:06:17+08:00 ] ::1 /coalball/img/lol1.png
ERR: 无法加载模块:Img

[ 2017-04-01T11:06:17+08:00 ] ::1 /coalball/img/lol2.png
ERR: 无法加载模块:Img

[ 2017-04-01T11:06:17+08:00 ] ::1 /coalball/img/lol1.png
ERR: 无法加载模块:Img

[ 2017-04-01T11:06:17+08:00 ] ::1 /coalball/img/lol2.png
ERR: 无法加载模块:Img

[ 2017-04-01T11:06:22+08:00 ] ::1 /coalball/img/lol2.png
ERR: 无法加载模块:Img

[ 2017-04-01T11:06:22+08:00 ] ::1 /coalball/img/lol1.png
ERR: 无法加载模块:Img

[ 2017-04-01T11:06:22+08:00 ] ::1 /coalball/img/lol2.png
ERR: 无法加载模块:Img

[ 2017-04-01T11:06:22+08:00 ] ::1 /coalball/img/lol1.png
ERR: 无法加载模块:Img

[ 2017-04-01T11:06:23+08:00 ] ::1 /coalball/img/lol2.png
ERR: 无法加载模块:Img

[ 2017-04-01T11:06:23+08:00 ] ::1 /coalball/img/lol1.png
ERR: 无法加载模块:Img

[ 2017-04-01T11:06:46+08:00 ] ::1 /coalball/img/%E8%B5%84%E6%BA%90%201.png
ERR: 无法加载模块:Img

[ 2017-04-01T11:06:46+08:00 ] ::1 /coalball/img/%E8%B5%84%E6%BA%90%201.png
ERR: 无法加载模块:Img

[ 2017-04-01T11:06:48+08:00 ] ::1 /coalball/img/lol2.png
ERR: 无法加载模块:Img

[ 2017-04-01T11:06:48+08:00 ] ::1 /coalball/img/lol1.png
ERR: 无法加载模块:Img

[ 2017-04-01T11:06:48+08:00 ] ::1 /coalball/img/lol2.png
ERR: 无法加载模块:Img

[ 2017-04-01T11:06:48+08:00 ] ::1 /coalball/img/lol1.png
ERR: 无法加载模块:Img

[ 2017-04-01T11:06:48+08:00 ] ::1 /coalball/img/lol2.png
ERR: 无法加载模块:Img

[ 2017-04-01T11:06:48+08:00 ] ::1 /coalball/img/lol1.png
ERR: 无法加载模块:Img

[ 2017-04-01T11:06:48+08:00 ] ::1 /coalball/img/lol2.png
ERR: 无法加载模块:Img

[ 2017-04-01T11:06:48+08:00 ] ::1 /coalball/img/lol1.png
ERR: 无法加载模块:Img

[ 2017-04-01T11:07:06+08:00 ] ::1 /coalball/img/%E8%B5%84%E6%BA%90%201.png
ERR: 无法加载模块:Img

[ 2017-04-01T11:07:06+08:00 ] ::1 /coalball/img/%E8%B5%84%E6%BA%90%201.png
ERR: 无法加载模块:Img

[ 2017-04-01T11:07:08+08:00 ] ::1 /coalball/img/lol1.png
ERR: 无法加载模块:Img

[ 2017-04-01T11:07:08+08:00 ] ::1 /coalball/img/lol2.png
ERR: 无法加载模块:Img

[ 2017-04-01T11:07:08+08:00 ] ::1 /coalball/img/lol2.png
ERR: 无法加载模块:Img

[ 2017-04-01T11:07:08+08:00 ] ::1 /coalball/img/lol1.png
ERR: 无法加载模块:Img

[ 2017-04-01T11:07:08+08:00 ] ::1 /coalball/img/lol1.png
ERR: 无法加载模块:Img

[ 2017-04-01T11:07:08+08:00 ] ::1 /coalball/img/lol2.png
ERR: 无法加载模块:Img

[ 2017-04-01T11:07:09+08:00 ] ::1 /coalball/img/lol2.png
ERR: 无法加载模块:Img

[ 2017-04-01T11:07:09+08:00 ] ::1 /coalball/img/lol1.png
ERR: 无法加载模块:Img

[ 2017-04-01T11:07:27+08:00 ] ::1 /coalball/img/%E8%B5%84%E6%BA%90%201.png
ERR: 无法加载模块:Img

[ 2017-04-01T11:07:27+08:00 ] ::1 /coalball/img/%E8%B5%84%E6%BA%90%201.png
ERR: 无法加载模块:Img

[ 2017-04-01T11:07:54+08:00 ] ::1 /coalball/img/%E8%B5%84%E6%BA%90%201.png
ERR: 无法加载模块:Img

[ 2017-04-01T11:07:54+08:00 ] ::1 /coalball/img/%E8%B5%84%E6%BA%90%201.png
ERR: 无法加载模块:Img

[ 2017-04-01T11:08:14+08:00 ] ::1 /coalball/img/%E8%B5%84%E6%BA%90%201.png
ERR: 无法加载模块:Img

[ 2017-04-01T11:08:14+08:00 ] ::1 /coalball/img/%E8%B5%84%E6%BA%90%201.png
ERR: 无法加载模块:Img

[ 2017-04-01T11:13:22+08:00 ] ::1 /coalball/img/lol1.png
ERR: 无法加载模块:Img

[ 2017-04-01T11:13:22+08:00 ] ::1 /coalball/img/lol2.png
ERR: 无法加载模块:Img

[ 2017-04-01T11:13:22+08:00 ] ::1 /coalball/img/lol2.png
ERR: 无法加载模块:Img

[ 2017-04-01T11:13:22+08:00 ] ::1 /coalball/img/lol1.png
ERR: 无法加载模块:Img

[ 2017-04-01T11:13:22+08:00 ] ::1 /coalball/img/lol2.png
ERR: 无法加载模块:Img

[ 2017-04-01T11:13:22+08:00 ] ::1 /coalball/img/lol1.png
ERR: 无法加载模块:Img

[ 2017-04-01T11:14:42+08:00 ] ::1 /coalball/img/%E8%B5%84%E6%BA%90%201.png
ERR: 无法加载模块:Img

[ 2017-04-01T11:14:42+08:00 ] ::1 /coalball/img/%E8%B5%84%E6%BA%90%201.png
ERR: 无法加载模块:Img

[ 2017-04-01T11:14:45+08:00 ] ::1 /coalball/img/lol2.png
ERR: 无法加载模块:Img

[ 2017-04-01T11:14:45+08:00 ] ::1 /coalball/img/lol1.png
ERR: 无法加载模块:Img

[ 2017-04-01T11:14:45+08:00 ] ::1 /coalball/img/lol1.png
ERR: 无法加载模块:Img

[ 2017-04-01T11:14:45+08:00 ] ::1 /coalball/img/lol2.png
ERR: 无法加载模块:Img

[ 2017-04-01T11:15:16+08:00 ] ::1 /coalball/img/%E8%B5%84%E6%BA%90%201.png
ERR: 无法加载模块:Img

[ 2017-04-01T11:15:16+08:00 ] ::1 /coalball/img/%E8%B5%84%E6%BA%90%201.png
ERR: 无法加载模块:Img

[ 2017-04-01T11:15:30+08:00 ] ::1 /coalball/img/%E8%B5%84%E6%BA%90%201.png
ERR: 无法加载模块:Img

[ 2017-04-01T11:15:30+08:00 ] ::1 /coalball/img/%E8%B5%84%E6%BA%90%201.png
ERR: 无法加载模块:Img

[ 2017-04-01T11:15:56+08:00 ] ::1 /coalball/img/%E8%B5%84%E6%BA%90%201.png
ERR: 无法加载模块:Img

[ 2017-04-01T11:15:56+08:00 ] ::1 /coalball/img/%E8%B5%84%E6%BA%90%201.png
ERR: 无法加载模块:Img

[ 2017-04-01T11:15:57+08:00 ] ::1 /coalball/2017-03-30/
ERR: 无法加载模块:2017-03-30

[ 2017-04-01T11:15:57+08:00 ] ::1 /coalball/2017-02-25/
ERR: 无法加载模块:2017-02-25

[ 2017-04-01T11:15:59+08:00 ] ::1 /coalball/2017-02-25/
ERR: 无法加载模块:2017-02-25

[ 2017-04-01T11:15:59+08:00 ] ::1 /coalball/2017-02-23/
ERR: 无法加载模块:2017-02-23

[ 2017-04-01T11:16:45+08:00 ] ::1 /coalball/img/%E8%B5%84%E6%BA%90%201.png
ERR: 无法加载模块:Img

[ 2017-04-01T11:16:45+08:00 ] ::1 /coalball/img/%E8%B5%84%E6%BA%90%201.png
ERR: 无法加载模块:Img

[ 2017-04-01T11:16:48+08:00 ] ::1 /coalball/2017-02-25/
ERR: 无法加载模块:2017-02-25

[ 2017-04-01T11:16:48+08:00 ] ::1 /coalball/2017-02-23/
ERR: 无法加载模块:2017-02-23

[ 2017-04-01T11:17:02+08:00 ] ::1 /coalball/img/%E8%B5%84%E6%BA%90%201.png
ERR: 无法加载模块:Img

[ 2017-04-01T11:17:02+08:00 ] ::1 /coalball/img/%E8%B5%84%E6%BA%90%201.png
ERR: 无法加载模块:Img

[ 2017-04-01T11:17:04+08:00 ] ::1 /coalball/2017-03-30/
ERR: 无法加载模块:2017-03-30

[ 2017-04-01T11:17:04+08:00 ] ::1 /coalball/2017-02-25/
ERR: 无法加载模块:2017-02-25

[ 2017-04-01T11:17:06+08:00 ] ::1 /coalball/2017-02-25/
ERR: 无法加载模块:2017-02-25

[ 2017-04-01T11:17:07+08:00 ] ::1 /coalball/2017-02-23/
ERR: 无法加载模块:2017-02-23

[ 2017-04-01T11:17:16+08:00 ] ::1 /coalball/img/%E8%B5%84%E6%BA%90%201.png
ERR: 无法加载模块:Img

[ 2017-04-01T11:17:16+08:00 ] ::1 /coalball/img/%E8%B5%84%E6%BA%90%201.png
ERR: 无法加载模块:Img

[ 2017-04-01T11:17:17+08:00 ] ::1 /coalball/2017-02-25/
ERR: 无法加载模块:2017-02-25

[ 2017-04-01T11:17:18+08:00 ] ::1 /coalball/2017-02-23/
ERR: 无法加载模块:2017-02-23

[ 2017-04-01T11:17:21+08:00 ] ::1 /coalball/img/%E8%B5%84%E6%BA%90%201.png
ERR: 无法加载模块:Img

[ 2017-04-01T11:17:21+08:00 ] ::1 /coalball/img/%E8%B5%84%E6%BA%90%201.png
ERR: 无法加载模块:Img

[ 2017-04-01T11:17:22+08:00 ] ::1 /coalball/2017-02-25/
ERR: 无法加载模块:2017-02-25

[ 2017-04-01T11:17:23+08:00 ] ::1 /coalball/2017-02-23/
ERR: 无法加载模块:2017-02-23

[ 2017-04-01T11:17:38+08:00 ] ::1 /coalball/2017-02-23/
ERR: 无法加载模块:2017-02-23

[ 2017-04-01T11:17:39+08:00 ] ::1 /coalball/2017-02-23/
ERR: 无法加载模块:2017-02-23

[ 2017-04-01T11:17:40+08:00 ] ::1 /coalball/2017-02-23/
ERR: 无法加载模块:2017-02-23

[ 2017-04-01T11:17:42+08:00 ] ::1 /coalball/2017-02-15/
ERR: 无法加载模块:2017-02-15

[ 2017-04-01T11:17:43+08:00 ] ::1 /coalball/2017-02-15/
ERR: 无法加载模块:2017-02-15

[ 2017-04-01T11:17:43+08:00 ] ::1 /coalball/2017-02-15/
ERR: 无法加载模块:2017-02-15

[ 2017-04-01T11:19:11+08:00 ] ::1 /coalball/2017-02-25/
ERR: 无法加载模块:2017-02-25

[ 2017-04-01T11:19:11+08:00 ] ::1 /coalball/2017-02-23/
ERR: 无法加载模块:2017-02-23

[ 2017-04-01T11:19:18+08:00 ] ::1 /coalball/2017-02-25/
ERR: 无法加载模块:2017-02-25

[ 2017-04-01T11:19:18+08:00 ] ::1 /coalball/2017-02-23/
ERR: 无法加载模块:2017-02-23

[ 2017-04-01T11:20:06+08:00 ] ::1 /coalball/img/%E8%B5%84%E6%BA%90%201.png
ERR: 无法加载模块:Img

[ 2017-04-01T11:20:06+08:00 ] ::1 /coalball/img/%E8%B5%84%E6%BA%90%201.png
ERR: 无法加载模块:Img

[ 2017-04-01T11:23:19+08:00 ] ::1 /coalball/2017-02-25/
ERR: 无法加载模块:2017-02-25

[ 2017-04-01T11:23:20+08:00 ] ::1 /coalball/2017-02-23/
ERR: 无法加载模块:2017-02-23

[ 2017-04-01T11:23:44+08:00 ] ::1 /coalball/2017-02-23/
ERR: 无法加载模块:2017-02-23

[ 2017-04-01T16:18:51+08:00 ] ::1 /coalball/img/%E8%B5%84%E6%BA%90%201.png
ERR: 无法加载模块:Img

[ 2017-04-01T16:18:52+08:00 ] ::1 /coalball/img/%E8%B5%84%E6%BA%90%201.png
ERR: 无法加载模块:Img

[ 2017-04-01T16:18:52+08:00 ] ::1 /coalball/2017-03-30/
ERR: 无法加载模块:2017-03-30

[ 2017-04-01T16:18:52+08:00 ] ::1 /coalball/2017-02-25/
ERR: 无法加载模块:2017-02-25

[ 2017-04-01T21:36:52+08:00 ] ::1 /coalball/img/%E8%B5%84%E6%BA%90%201.png
ERR: 无法加载模块:Img

[ 2017-04-01T21:36:52+08:00 ] ::1 /coalball/2017-03-30/
ERR: 无法加载模块:2017-03-30

[ 2017-04-01T21:36:52+08:00 ] ::1 /coalball/2017-02-25/
ERR: 无法加载模块:2017-02-25

