[ 2017-02-14T15:04:40+08:00 ] ::1 /coalball/css/reset.css
ERR: 无法加载模块:Css

[ 2017-02-14T15:04:40+08:00 ] ::1 /coalball/css/index.css
ERR: 无法加载模块:Css

[ 2017-02-14T15:04:40+08:00 ] ::1 /coalball/js/jquery-3.1.1.js
ERR: 无法加载模块:Js

[ 2017-02-14T15:04:40+08:00 ] ::1 /coalball/img/%E8%B5%84%E6%BA%90%205.png
ERR: 无法加载模块:Img

[ 2017-02-14T15:04:40+08:00 ] ::1 /coalball/img/lol1.png
ERR: 无法加载模块:Img

[ 2017-02-14T15:04:40+08:00 ] ::1 /coalball/img/%E8%B5%84%E6%BA%90%201.png
ERR: 无法加载模块:Img

[ 2017-02-14T15:04:40+08:00 ] ::1 /coalball/img/lol2.png
ERR: 无法加载模块:Img

[ 2017-02-14T15:06:59+08:00 ] ::1 /coalball/img/%E8%B5%84%E6%BA%90%205.png
ERR: 无法加载模块:Img

[ 2017-02-14T15:06:59+08:00 ] ::1 /coalball/img/lol1.png
ERR: 无法加载模块:Img

[ 2017-02-14T15:06:59+08:00 ] ::1 /coalball/img/lol2.png
ERR: 无法加载模块:Img

[ 2017-02-14T15:06:59+08:00 ] ::1 /coalball/img/%E8%B5%84%E6%BA%90%201.png
ERR: 无法加载模块:Img

[ 2017-02-14T15:06:59+08:00 ] ::1 /coalball/img/%E8%B5%84%E6%BA%90%205.png
ERR: 无法加载模块:Img

[ 2017-02-14T15:06:59+08:00 ] ::1 /coalball/img/lol1.png
ERR: 无法加载模块:Img

[ 2017-02-14T15:06:59+08:00 ] ::1 /coalball/img/%E8%B5%84%E6%BA%90%201.png
ERR: 无法加载模块:Img

[ 2017-02-14T15:06:59+08:00 ] ::1 /coalball/img/lol2.png
ERR: 无法加载模块:Img

[ 2017-02-14T15:07:16+08:00 ] ::1 /coalball/img/%E8%B5%84%E6%BA%90%205.png
ERR: 无法加载模块:Img

[ 2017-02-14T15:07:16+08:00 ] ::1 /coalball/img/lol1.png
ERR: 无法加载模块:Img

[ 2017-02-14T15:07:16+08:00 ] ::1 /coalball/img/lol2.png
ERR: 无法加载模块:Img

[ 2017-02-14T15:07:16+08:00 ] ::1 /coalball/img/%E8%B5%84%E6%BA%90%201.png
ERR: 无法加载模块:Img

[ 2017-02-14T15:07:16+08:00 ] ::1 /coalball/img/lol1.png
ERR: 无法加载模块:Img

[ 2017-02-14T15:07:16+08:00 ] ::1 /coalball/img/%E8%B5%84%E6%BA%90%205.png
ERR: 无法加载模块:Img

[ 2017-02-14T15:07:51+08:00 ] ::1 /coalball/img/%E8%B5%84%E6%BA%90%205.png
ERR: 无法加载模块:Img

[ 2017-02-14T15:07:51+08:00 ] ::1 /coalball/img/lol1.png
ERR: 无法加载模块:Img

[ 2017-02-14T15:07:51+08:00 ] ::1 /coalball/img/lol2.png
ERR: 无法加载模块:Img

[ 2017-02-14T15:07:51+08:00 ] ::1 /coalball/img/%E8%B5%84%E6%BA%90%201.png
ERR: 无法加载模块:Img

[ 2017-02-14T15:07:51+08:00 ] ::1 /coalball/img/lol1.png
ERR: 无法加载模块:Img

[ 2017-02-14T15:07:51+08:00 ] ::1 /coalball/img/%E8%B5%84%E6%BA%90%205.png
ERR: 无法加载模块:Img

[ 2017-02-14T15:07:51+08:00 ] ::1 /coalball/img/lol2.png
ERR: 无法加载模块:Img

[ 2017-02-14T15:12:43+08:00 ] ::1 /coalball/img/%E8%B5%84%E6%BA%90%205.png
ERR: 无法加载模块:Img

[ 2017-02-14T15:12:43+08:00 ] ::1 /coalball/img/lol1.png
ERR: 无法加载模块:Img

[ 2017-02-14T15:12:43+08:00 ] ::1 /coalball/img/lol2.png
ERR: 无法加载模块:Img

[ 2017-02-14T15:12:43+08:00 ] ::1 /coalball/img/%E8%B5%84%E6%BA%90%201.png
ERR: 无法加载模块:Img

[ 2017-02-14T15:12:43+08:00 ] ::1 /coalball/img/lol1.png
ERR: 无法加载模块:Img

[ 2017-02-14T15:12:43+08:00 ] ::1 /coalball/img/%E8%B5%84%E6%BA%90%205.png
ERR: 无法加载模块:Img

[ 2017-02-14T15:12:43+08:00 ] ::1 /coalball/img/%E8%B5%84%E6%BA%90%201.png
ERR: 无法加载模块:Img

[ 2017-02-14T15:12:43+08:00 ] ::1 /coalball/img/lol2.png
ERR: 无法加载模块:Img

[ 2017-02-14T15:16:47+08:00 ] ::1 /coalball/img/%E8%B5%84%E6%BA%90%205.png
ERR: 无法加载模块:Img

[ 2017-02-14T15:16:47+08:00 ] ::1 /coalball/img/lol1.png
ERR: 无法加载模块:Img

[ 2017-02-14T15:16:47+08:00 ] ::1 /coalball/img/lol2.png
ERR: 无法加载模块:Img

[ 2017-02-14T15:16:47+08:00 ] ::1 /coalball/img/%E8%B5%84%E6%BA%90%201.png
ERR: 无法加载模块:Img

[ 2017-02-14T15:16:47+08:00 ] ::1 /coalball/img/%E8%B5%84%E6%BA%90%205.png
ERR: 无法加载模块:Img

[ 2017-02-14T15:16:47+08:00 ] ::1 /coalball/img/%E8%B5%84%E6%BA%90%201.png
ERR: 无法加载模块:Img

[ 2017-02-14T15:16:47+08:00 ] ::1 /coalball/img/lol1.png
ERR: 无法加载模块:Img

[ 2017-02-14T15:16:47+08:00 ] ::1 /coalball/img/lol2.png
ERR: 无法加载模块:Img

[ 2017-02-14T15:17:01+08:00 ] ::1 /coalball/img/%E8%B5%84%E6%BA%90%205.png
ERR: 无法加载模块:Img

[ 2017-02-14T15:17:01+08:00 ] ::1 /coalball/img/lol1.png
ERR: 无法加载模块:Img

[ 2017-02-14T15:17:01+08:00 ] ::1 /coalball/img/lol2.png
ERR: 无法加载模块:Img

[ 2017-02-14T15:17:01+08:00 ] ::1 /coalball/img/%E8%B5%84%E6%BA%90%201.png
ERR: 无法加载模块:Img

[ 2017-02-14T15:17:01+08:00 ] ::1 /coalball/img/%E8%B5%84%E6%BA%90%205.png
ERR: 无法加载模块:Img

[ 2017-02-14T15:17:01+08:00 ] ::1 /coalball/img/lol1.png
ERR: 无法加载模块:Img

